2019-01-07 00:00:02,683 - root - INFO - ['Start NEW process!!!']
2019-01-07 00:00:02,684 - root - INFO - ['Get ids from Shutterstock...']
2019-01-07 00:00:03,351 - root - INFO - ['Get ids fron Redis...']
2019-01-07 00:00:03,352 - root - INFO - ["Didn't find new approve images..."]
2019-01-07 00:00:03,353 - root - INFO - ['Done with SUCCSESS!!!']
2019-01-07 00:00:03,353 - root - INFO - ['------------------------------------']
2019-01-07 01:00:02,775 - root - INFO - ['Start NEW process!!!']
2019-01-07 01:00:02,776 - root - INFO - ['Get ids from Shutterstock...']
2019-01-07 01:00:03,302 - root - INFO - ['Get ids fron Redis...']
2019-01-07 01:00:03,303 - root - INFO - ["Didn't find new approve images..."]
2019-01-07 01:00:03,304 - root - INFO - ['Done with SUCCSESS!!!']
2019-01-07 01:00:03,304 - root - INFO - ['------------------------------------']
2019-01-07 02:00:02,887 - root - INFO - ['Start NEW process!!!']
2019-01-07 02:00:02,887 - root - INFO - ['Get ids from Shutterstock...']
2019-01-07 02:00:03,442 - root - INFO - ['Get ids fron Redis...']
2019-01-07 02:00:03,443 - root - INFO - ["Didn't find new approve images..."]
2019-01-07 02:00:03,444 - root - INFO - ['Done with SUCCSESS!!!']
2019-01-07 02:00:03,444 - root - INFO - ['------------------------------------']
2019-01-07 03:00:02,447 - root - INFO - ['Start NEW process!!!']
2019-01-07 03:00:02,448 - root - INFO - ['Get ids from Shutterstock...']
2019-01-07 03:00:03,079 - root - INFO - ['Get ids fron Redis...']
2019-01-07 03:00:03,080 - root - INFO - ["Didn't find new approve images..."]
2019-01-07 03:00:03,080 - root - INFO - ['Done with SUCCSESS!!!']
2019-01-07 03:00:03,081 - root - INFO - ['------------------------------------']
2019-01-07 04:00:02,665 - root - INFO - ['Start NEW process!!!']
2019-01-07 04:00:02,665 - root - INFO - ['Get ids from Shutterstock...']
2019-01-07 04:00:03,693 - root - INFO - ['Get ids fron Redis...']
2019-01-07 04:00:03,694 - root - INFO - ["Didn't find new approve images..."]
2019-01-07 04:00:03,695 - root - INFO - ['Done with SUCCSESS!!!']
2019-01-07 04:00:03,695 - root - INFO - ['------------------------------------']
2019-01-07 05:00:02,528 - root - INFO - ['Start NEW process!!!']
2019-01-07 05:00:02,529 - root - INFO - ['Get ids from Shutterstock...']
2019-01-07 05:00:03,027 - root - INFO - ['Get ids fron Redis...']
2019-01-07 05:00:03,028 - root - INFO - ["Didn't find new approve images..."]
2019-01-07 05:00:03,029 - root - INFO - ['Done with SUCCSESS!!!']
2019-01-07 05:00:03,029 - root - INFO - ['------------------------------------']
2019-01-07 06:00:02,355 - root - INFO - ['Start NEW process!!!']
2019-01-07 06:00:02,355 - root - INFO - ['Get ids from Shutterstock...']
2019-01-07 06:00:03,236 - root - INFO - ['Get ids fron Redis...']
2019-01-07 06:00:03,238 - root - INFO - ["Didn't find new approve images..."]
2019-01-07 06:00:03,238 - root - INFO - ['Done with SUCCSESS!!!']
2019-01-07 06:00:03,239 - root - INFO - ['------------------------------------']
2019-01-07 07:00:03,246 - root - INFO - ['Start NEW process!!!']
2019-01-07 07:00:03,246 - root - INFO - ['Get ids from Shutterstock...']
2019-01-07 07:00:03,918 - root - INFO - ['Get ids fron Redis...']
2019-01-07 07:00:03,920 - root - INFO - ["Didn't find new approve images..."]
2019-01-07 07:00:03,920 - root - INFO - ['Done with SUCCSESS!!!']
2019-01-07 07:00:03,920 - root - INFO - ['------------------------------------']
2019-01-07 08:00:02,451 - root - INFO - ['Start NEW process!!!']
2019-01-07 08:00:02,451 - root - INFO - ['Get ids from Shutterstock...']
2019-01-07 08:00:03,669 - root - INFO - ['Get ids fron Redis...']
2019-01-07 08:00:03,670 - root - INFO - ["Didn't find new approve images..."]
2019-01-07 08:00:03,672 - root - INFO - ['Done with SUCCSESS!!!']
2019-01-07 08:00:03,672 - root - INFO - ['------------------------------------']
2019-01-07 09:00:02,539 - root - INFO - ['Start NEW process!!!']
2019-01-07 09:00:02,539 - root - INFO - ['Get ids from Shutterstock...']
2019-01-07 09:00:03,160 - root - INFO - ['Get ids fron Redis...']
2019-01-07 09:00:03,162 - root - INFO - ["Didn't find new approve images..."]
2019-01-07 09:00:03,162 - root - INFO - ['Done with SUCCSESS!!!']
2019-01-07 09:00:03,162 - root - INFO - ['------------------------------------']
2019-01-07 10:00:02,247 - root - INFO - ['Start NEW process!!!']
2019-01-07 10:00:02,247 - root - INFO - ['Get ids from Shutterstock...']
2019-01-07 10:00:03,085 - root - INFO - ['Get ids fron Redis...']
2019-01-07 10:00:03,087 - root - INFO - ["Didn't find new approve images..."]
2019-01-07 10:00:03,087 - root - INFO - ['Done with SUCCSESS!!!']
2019-01-07 10:00:03,087 - root - INFO - ['------------------------------------']
2019-01-07 11:00:02,366 - root - INFO - ['Start NEW process!!!']
2019-01-07 11:00:02,366 - root - INFO - ['Get ids from Shutterstock...']
2019-01-07 11:00:03,049 - root - INFO - ['Get ids fron Redis...']
2019-01-07 11:00:03,051 - root - INFO - ["Didn't find new approve images..."]
2019-01-07 11:00:03,052 - root - INFO - ['Done with SUCCSESS!!!']
2019-01-07 11:00:03,052 - root - INFO - ['------------------------------------']
2019-01-07 12:00:02,271 - root - INFO - ['Start NEW process!!!']
2019-01-07 12:00:02,271 - root - INFO - ['Get ids from Shutterstock...']
2019-01-07 12:00:03,622 - root - INFO - ['Get ids fron Redis...']
2019-01-07 12:00:03,623 - root - INFO - ["Didn't find new approve images..."]
2019-01-07 12:00:03,624 - root - INFO - ['Done with SUCCSESS!!!']
2019-01-07 12:00:03,624 - root - INFO - ['------------------------------------']
2019-01-07 13:00:02,593 - root - INFO - ['Start NEW process!!!']
2019-01-07 13:00:02,593 - root - INFO - ['Get ids from Shutterstock...']
2019-01-07 13:00:03,368 - root - INFO - ['Get ids fron Redis...']
2019-01-07 13:00:03,370 - root - INFO - ["Didn't find new approve images..."]
2019-01-07 13:00:03,370 - root - INFO - ['Done with SUCCSESS!!!']
2019-01-07 13:00:03,371 - root - INFO - ['------------------------------------']
2019-01-07 14:00:02,839 - root - INFO - ['Start NEW process!!!']
2019-01-07 14:00:02,839 - root - INFO - ['Get ids from Shutterstock...']
2019-01-07 14:00:03,612 - root - INFO - ['Get ids fron Redis...']
2019-01-07 14:00:03,613 - root - INFO - ["Didn't find new approve images..."]
2019-01-07 14:00:03,614 - root - INFO - ['Done with SUCCSESS!!!']
2019-01-07 14:00:03,614 - root - INFO - ['------------------------------------']
2019-01-07 15:00:03,051 - root - INFO - ['Start NEW process!!!']
2019-01-07 15:00:03,051 - root - INFO - ['Get ids from Shutterstock...']
2019-01-07 15:00:03,696 - root - INFO - ['Get ids fron Redis...']
2019-01-07 15:00:03,697 - root - INFO - ["Didn't find new approve images..."]
2019-01-07 15:00:03,698 - root - INFO - ['Done with SUCCSESS!!!']
2019-01-07 15:00:03,698 - root - INFO - ['------------------------------------']
2019-01-07 16:00:02,124 - root - INFO - ['Start NEW process!!!']
2019-01-07 16:00:02,124 - root - INFO - ['Get ids from Shutterstock...']
2019-01-07 16:00:02,757 - root - INFO - ['Get ids fron Redis...']
2019-01-07 16:00:02,759 - root - INFO - ["Didn't find new approve images..."]
2019-01-07 16:00:02,759 - root - INFO - ['Done with SUCCSESS!!!']
2019-01-07 16:00:02,759 - root - INFO - ['------------------------------------']
2019-01-07 17:00:03,905 - root - INFO - ['Start NEW process!!!']
2019-01-07 17:00:03,905 - root - INFO - ['Get ids from Shutterstock...']
2019-01-07 17:00:04,637 - root - INFO - ['Get ids fron Redis...']
2019-01-07 17:00:04,638 - root - INFO - ['NEW ids:']
2019-01-07 17:00:04,638 - root - INFO - ['1276675975', '1276675978', '1276675957', '1276675972', '1276678945', '1276678951', '1276675990', '1276678222', '1276678957', '1276675966', '1276678954', '1276678198', '1276675999', '1276678948', '1276675981', '1276678207', '1276676002', '1276678213', '1276675993', '1276675987', '1276675963', '1276675984', '1276675996', '1276678216', '1276678204', '1276675969', '1276678225', '1276678219', '1276678201']
2019-01-07 17:00:04,832 - root - INFO - ['Start push to SLACK...']
2019-01-07 17:00:05,200 - root - INFO - ['Pushed...']
2019-01-07 17:00:05,200 - root - INFO - ['2019-01-07', '1276675975', 'Vector Green leaf plant garden floral foliage. Engraved ink art. Exotic tropical hawaiian summer. Palm beach tree leaves jungle botanical. Seamless background pattern. Fabric wallpaper print texture.', 'https://image.shutterstock.com/image-vector/vector-green-leaf-plant-garden-260nw-1276675975.jpg', 'https://www.shutterstock.com/image/1276675975']
2019-01-07 17:00:05,270 - root - INFO - ['Start push to SLACK...']
2019-01-07 17:00:05,687 - root - INFO - ['Pushed...']
2019-01-07 17:00:05,687 - root - INFO - ['2019-01-07', '1276675978', 'Vector Green leaf plant botanical garden floral foliage. Engraved ink art. Exotic tropical hawaiian summer. Palm beach tree leaves jungle botanical. Frame border ornament square.', 'https://image.shutterstock.com/image-vector/vector-green-leaf-plant-botanical-260nw-1276675978.jpg', 'https://www.shutterstock.com/image/1276675978']
2019-01-07 17:00:05,739 - root - INFO - ['Start push to SLACK...']
2019-01-07 17:00:06,286 - root - INFO - ['Pushed...']
2019-01-07 17:00:06,287 - root - INFO - ['2019-01-07', '1276675957', 'Vector Exotic tropical hawaiian summer. Palm beach tree jungle botanical leaves. Green engraved ink art. Leaf plant botanical garden floral foliage. Isolated leaf illustration element.', 'https://image.shutterstock.com/image-vector/vector-exotic-tropical-hawaiian-summer-260nw-1276675957.jpg', 'https://www.shutterstock.com/image/1276675957']
2019-01-07 17:00:06,351 - root - INFO - ['Start push to SLACK...']
2019-01-07 17:00:06,754 - root - INFO - ['Pushed...']
2019-01-07 17:00:06,754 - root - INFO - ['2019-01-07', '1276675972', 'Vector Green leaf plant garden floral foliage. Engraved ink art. Exotic tropical hawaiian summer. Palm beach tree leaves jungle botanical. Seamless background pattern. Fabric wallpaper print texture.', 'https://image.shutterstock.com/image-vector/vector-green-leaf-plant-garden-260nw-1276675972.jpg', 'https://www.shutterstock.com/image/1276675972']
2019-01-07 17:00:06,816 - root - INFO - ['Start push to SLACK...']
2019-01-07 17:00:07,834 - root - INFO - ['Pushed...']
2019-01-07 17:00:07,834 - root - INFO - ['2019-01-07', '1276678945', 'Vector Exotic tropical hawaiian summer. Palm beach tree jungle botanical leaves. Black and white engraved ink art. Leaf plant botanical garden floral foliage. Isolated leaf illustration element.', 'https://image.shutterstock.com/image-vector/vector-exotic-tropical-hawaiian-summer-260nw-1276678945.jpg', 'https://www.shutterstock.com/image/1276678945']
2019-01-07 17:00:07,870 - root - INFO - ['Start push to SLACK...']
2019-01-07 17:00:08,412 - root - INFO - ['Pushed...']
2019-01-07 17:00:08,412 - root - INFO - ['2019-01-07', '1276678951', 'Vector Exotic tropical hawaiian summer. Palm beach tree jungle botanical leaves. Black and white engraved ink art. Leaf plant botanical garden floral foliage. Isolated leaf illustration element.', 'https://image.shutterstock.com/image-vector/vector-exotic-tropical-hawaiian-summer-260nw-1276678951.jpg', 'https://www.shutterstock.com/image/1276678951']
2019-01-07 17:00:08,456 - root - INFO - ['Start push to SLACK...']
2019-01-07 17:00:08,976 - root - INFO - ['Pushed...']
2019-01-07 17:00:08,976 - root - INFO - ['2019-01-07', '1276675990', 'Vector Green leaf plant garden floral foliage. Engraved ink art. Exotic tropical hawaiian summer. Palm beach tree leaves jungle botanical. Seamless background pattern. Fabric wallpaper print texture.', 'https://image.shutterstock.com/image-vector/vector-green-leaf-plant-garden-260nw-1276675990.jpg', 'https://www.shutterstock.com/image/1276675990']
2019-01-07 17:00:09,012 - root - INFO - ['Start push to SLACK...']
2019-01-07 17:00:09,351 - root - INFO - ['Pushed...']
2019-01-07 17:00:09,352 - root - INFO - ['2019-01-07', '1276678222', 'Vector Exotic tropical hawaiian summer. Palm beach tree jungle botanical leaves. Green engraved ink art. Leaf plant botanical garden floral foliage. Isolated leaf illustration element.', 'https://image.shutterstock.com/image-vector/vector-exotic-tropical-hawaiian-summer-260nw-1276678222.jpg', 'https://www.shutterstock.com/image/1276678222']
2019-01-07 17:00:09,390 - root - INFO - ['Start push to SLACK...']
2019-01-07 17:00:09,924 - root - INFO - ['Pushed...']
2019-01-07 17:00:09,924 - root - INFO - ['2019-01-07', '1276678957', 'Vector Exotic tropical hawaiian summer. Palm beach tree jungle botanical leaves. Black and white engraved ink art. Leaf plant botanical garden floral foliage. Isolated leaf illustration element.', 'https://image.shutterstock.com/image-vector/vector-exotic-tropical-hawaiian-summer-260nw-1276678957.jpg', 'https://www.shutterstock.com/image/1276678957']
2019-01-07 17:00:09,960 - root - INFO - ['Start push to SLACK...']
2019-01-07 17:00:10,414 - root - INFO - ['Pushed...']
2019-01-07 17:00:10,414 - root - INFO - ['2019-01-07', '1276675966', 'Vector Green leaf plant garden floral foliage. Engraved ink art. Exotic tropical hawaiian summer. Palm beach tree leaves jungle botanical. Seamless background pattern. Fabric wallpaper print texture.', 'https://image.shutterstock.com/image-vector/vector-green-leaf-plant-garden-260nw-1276675966.jpg', 'https://www.shutterstock.com/image/1276675966']
2019-01-07 17:00:10,454 - root - INFO - ['Start push to SLACK...']
2019-01-07 17:00:10,761 - root - INFO - ['Pushed...']
2019-01-07 17:00:10,761 - root - INFO - ['2019-01-07', '1276678954', 'Vector Exotic tropical hawaiian summer. Palm beach tree jungle botanical leaves. Black and white engraved ink art. Leaf plant botanical garden floral foliage. Isolated leaf illustration element.', 'https://image.shutterstock.com/image-vector/vector-exotic-tropical-hawaiian-summer-260nw-1276678954.jpg', 'https://www.shutterstock.com/image/1276678954']
2019-01-07 17:00:10,807 - root - INFO - ['Start push to SLACK...']
2019-01-07 17:00:11,281 - root - INFO - ['Pushed...']
2019-01-07 17:00:11,281 - root - INFO - ['2019-01-07', '1276678198', 'Vector Exotic tropical hawaiian summer. Palm beach tree jungle botanical leaves. Green engraved ink art. Leaf plant botanical garden floral foliage. Isolated leaf illustration element.', 'https://image.shutterstock.com/image-vector/vector-exotic-tropical-hawaiian-summer-260nw-1276678198.jpg', 'https://www.shutterstock.com/image/1276678198']
2019-01-07 17:00:11,435 - root - INFO - ['Start push to SLACK...']
2019-01-07 17:00:11,851 - root - INFO - ['Pushed...']
2019-01-07 17:00:11,852 - root - INFO - ['2019-01-07', '1276675999', 'Vector Strawberry fruits. Green leaf. Leaf plant botanical garden floral foliage. Red and green engraved ink art. Seamless background pattern. Fabric wallpaper print texture.', 'https://image.shutterstock.com/image-vector/vector-strawberry-fruits-green-leaf-260nw-1276675999.jpg', 'https://www.shutterstock.com/image/1276675999']
2019-01-07 17:00:11,892 - root - INFO - ['Start push to SLACK...']
2019-01-07 17:00:21,335 - root - INFO - ['Pushed...']
2019-01-07 17:00:21,335 - root - INFO - ['2019-01-07', '1276678948', 'Vector Exotic tropical hawaiian summer. Palm beach tree jungle botanical leaves. Black and white engraved ink art. Leaf plant botanical garden floral foliage. Isolated leaf illustration element.', 'https://image.shutterstock.com/image-vector/vector-exotic-tropical-hawaiian-summer-260nw-1276678948.jpg', 'https://www.shutterstock.com/image/1276678948']
2019-01-07 17:00:21,400 - root - INFO - ['Start push to SLACK...']
2019-01-07 17:00:21,908 - root - INFO - ['Pushed...']
2019-01-07 17:00:21,908 - root - INFO - ['2019-01-07', '1276675981', 'Vector Green leaf plant botanical garden floral foliage. Engraved ink art. Exotic tropical hawaiian summer. Palm beach tree leaves jungle botanical. Frame border ornament square.', 'https://image.shutterstock.com/image-vector/vector-green-leaf-plant-botanical-260nw-1276675981.jpg', 'https://www.shutterstock.com/image/1276675981']
2019-01-07 17:00:21,943 - root - INFO - ['Start push to SLACK...']
2019-01-07 17:00:22,334 - root - INFO - ['Pushed...']
2019-01-07 17:00:22,334 - root - INFO - ['2019-01-07', '1276678207', 'Vector Strawberry fruits. Green leaf. Leaf plant botanical garden floral foliage. Red and green engraved ink art. Isolated strawberry illustration element.', 'https://image.shutterstock.com/image-vector/vector-strawberry-fruits-green-leaf-260nw-1276678207.jpg', 'https://www.shutterstock.com/image/1276678207']
2019-01-07 17:00:22,397 - root - INFO - ['Start push to SLACK...']
2019-01-07 17:00:22,794 - root - INFO - ['Pushed...']
2019-01-07 17:00:22,794 - root - INFO - ['2019-01-07', '1276676002', 'Vector Strawberry fruits. Leaf plant botanical garden floral foliage. Pink engraved ink art. Seamless background pattern. Fabric wallpaper print texture.', 'https://image.shutterstock.com/image-vector/vector-strawberry-fruits-leaf-plant-260nw-1276676002.jpg', 'https://www.shutterstock.com/image/1276676002']
2019-01-07 17:00:22,829 - root - INFO - ['Start push to SLACK...']
2019-01-07 17:00:23,555 - root - INFO - ['Pushed...']
2019-01-07 17:00:23,555 - root - INFO - ['2019-01-07', '1276678213', 'Vector Exotic tropical hawaiian summer. Palm beach tree jungle botanical leaves. Green engraved ink art. Leaf plant botanical garden floral foliage. Isolated leaf illustration element.', 'https://image.shutterstock.com/image-vector/vector-exotic-tropical-hawaiian-summer-260nw-1276678213.jpg', 'https://www.shutterstock.com/image/1276678213']
2019-01-07 17:00:23,585 - root - INFO - ['Start push to SLACK...']
2019-01-07 17:00:24,473 - root - INFO - ['Pushed...']
2019-01-07 17:00:24,473 - root - INFO - ['2019-01-07', '1276675993', 'Vector Strawberry fruits. Green leaf. Leaf plant botanical garden floral foliage. Red and green engraved ink art. Frame border ornament square.', 'https://image.shutterstock.com/image-vector/vector-strawberry-fruits-green-leaf-260nw-1276675993.jpg', 'https://www.shutterstock.com/image/1276675993']
2019-01-07 17:00:24,509 - root - INFO - ['Start push to SLACK...']
2019-01-07 17:00:24,881 - root - INFO - ['Pushed...']
2019-01-07 17:00:24,881 - root - INFO - ['2019-01-07', '1276675987', 'Vector Green leaf plant botanical garden floral foliage. Engraved ink art. Exotic tropical hawaiian summer. Palm beach tree leaves jungle botanical. Frame border ornament square.', 'https://image.shutterstock.com/image-vector/vector-green-leaf-plant-botanical-260nw-1276675987.jpg', 'https://www.shutterstock.com/image/1276675987']
2019-01-07 17:00:24,932 - root - INFO - ['Start push to SLACK...']
2019-01-07 17:00:25,296 - root - INFO - ['Pushed...']
2019-01-07 17:00:25,296 - root - INFO - ['2019-01-07', '1276675963', 'Vector Green leaf plant botanical garden floral foliage. Engraved ink art. Exotic tropical hawaiian summer. Palm beach tree leaves jungle botanical. Wedding background card floral decorative border.', 'https://image.shutterstock.com/image-vector/vector-green-leaf-plant-botanical-260nw-1276675963.jpg', 'https://www.shutterstock.com/image/1276675963']
2019-01-07 17:00:25,327 - root - INFO - ['Start push to SLACK...']
2019-01-07 17:00:25,728 - root - INFO - ['Pushed...']
2019-01-07 17:00:25,728 - root - INFO - ['2019-01-07', '1276675984', 'Vector Green leaf plant garden floral foliage. Engraved ink art. Exotic tropical hawaiian summer. Palm beach tree leaves jungle botanical. Seamless background pattern. Fabric wallpaper print texture.', 'https://image.shutterstock.com/image-vector/vector-green-leaf-plant-garden-260nw-1276675984.jpg', 'https://www.shutterstock.com/image/1276675984']
2019-01-07 17:00:25,765 - root - INFO - ['Start push to SLACK...']
2019-01-07 17:00:26,166 - root - INFO - ['Pushed...']
2019-01-07 17:00:26,166 - root - INFO - ['2019-01-07', '1276675996', 'Vector Strawberry fruits. Green leaf. Leaf plant botanical garden floral foliage. Red and green engraved ink art. Frame border ornament square.', 'https://image.shutterstock.com/image-vector/vector-strawberry-fruits-green-leaf-260nw-1276675996.jpg', 'https://www.shutterstock.com/image/1276675996']
2019-01-07 17:00:26,203 - root - INFO - ['Start push to SLACK...']
2019-01-07 17:00:26,510 - root - INFO - ['Pushed...']
2019-01-07 17:00:26,510 - root - INFO - ['2019-01-07', '1276678216', 'Vector Strawberry fruits. Green leaf. Leaf plant botanical garden floral foliage. Red and green engraved ink art. Isolated strawberry illustration element.', 'https://image.shutterstock.com/image-vector/vector-strawberry-fruits-green-leaf-260nw-1276678216.jpg', 'https://www.shutterstock.com/image/1276678216']
2019-01-07 17:00:26,548 - root - INFO - ['Start push to SLACK...']
2019-01-07 17:00:26,976 - root - INFO - ['Pushed...']
2019-01-07 17:00:26,977 - root - INFO - ['2019-01-07', '1276678204', 'Vector Strawberry fruits. Leaf plant botanical garden floral foliage. Black and white engraved ink art. Isolated strawberry illustration element.', 'https://image.shutterstock.com/image-vector/vector-strawberry-fruits-leaf-plant-260nw-1276678204.jpg', 'https://www.shutterstock.com/image/1276678204']
2019-01-07 17:00:27,016 - root - INFO - ['Start push to SLACK...']
2019-01-07 17:00:27,244 - root - INFO - ['Pushed...']
2019-01-07 17:00:27,245 - root - INFO - ['2019-01-07', '1276675969', 'Vector Green leaf plant botanical garden floral foliage. Engraved ink art. Exotic tropical hawaiian summer. Palm beach tree leaves jungle botanical. Frame border ornament square.', 'https://image.shutterstock.com/image-vector/vector-green-leaf-plant-botanical-260nw-1276675969.jpg', 'https://www.shutterstock.com/image/1276675969']
2019-01-07 17:00:27,287 - root - INFO - ['Start push to SLACK...']
2019-01-07 17:00:27,739 - root - INFO - ['Pushed...']
2019-01-07 17:00:27,739 - root - INFO - ['2019-01-07', '1276678225', 'Vector Strawberry fruits. Green leaf. Leaf plant botanical garden floral foliage. Red and green engraved ink art. Isolated strawberry illustration element.', 'https://image.shutterstock.com/image-vector/vector-strawberry-fruits-green-leaf-260nw-1276678225.jpg', 'https://www.shutterstock.com/image/1276678225']
2019-01-07 17:00:27,800 - root - INFO - ['Start push to SLACK...']
2019-01-07 17:00:28,154 - root - INFO - ['Pushed...']
2019-01-07 17:00:28,154 - root - INFO - ['2019-01-07', '1276678219', 'Vector Strawberry fruits. Leaf plant botanical garden floral foliage. Black and white engraved ink art. Isolated strawberry illustration element.', 'https://image.shutterstock.com/image-vector/vector-strawberry-fruits-leaf-plant-260nw-1276678219.jpg', 'https://www.shutterstock.com/image/1276678219']
2019-01-07 17:00:28,203 - root - INFO - ['Start push to SLACK...']
2019-01-07 17:00:28,678 - root - INFO - ['Pushed...']
2019-01-07 17:00:28,678 - root - INFO - ['2019-01-07', '1276678201', 'Vector Exotic tropical hawaiian summer. Palm beach tree jungle botanical leaves. Green engraved ink art. Leaf plant botanical garden floral foliage. Isolated leaf illustration element.', 'https://image.shutterstock.com/image-vector/vector-exotic-tropical-hawaiian-summer-260nw-1276678201.jpg', 'https://www.shutterstock.com/image/1276678201']
2019-01-07 17:00:28,679 - root - INFO - ['Done with SUCCSESS!!!']
2019-01-07 17:00:28,679 - root - INFO - ['------------------------------------']
2019-01-07 18:00:02,518 - root - INFO - ['Start NEW process!!!']
2019-01-07 18:00:02,518 - root - INFO - ['Get ids from Shutterstock...']
2019-01-07 18:00:03,658 - root - INFO - ['Get ids fron Redis...']
2019-01-07 18:00:03,659 - root - INFO - ["Didn't find new approve images..."]
2019-01-07 18:00:03,660 - root - INFO - ['Done with SUCCSESS!!!']
2019-01-07 18:00:03,660 - root - INFO - ['------------------------------------']
2019-01-07 19:00:02,303 - root - INFO - ['Start NEW process!!!']
2019-01-07 19:00:02,303 - root - INFO - ['Get ids from Shutterstock...']
2019-01-07 19:00:02,781 - root - INFO - ['Get ids fron Redis...']
2019-01-07 19:00:02,782 - root - INFO - ["Didn't find new approve images..."]
2019-01-07 19:00:02,783 - root - INFO - ['Done with SUCCSESS!!!']
2019-01-07 19:00:02,783 - root - INFO - ['------------------------------------']
2019-01-07 20:00:02,268 - root - INFO - ['Start NEW process!!!']
2019-01-07 20:00:02,269 - root - INFO - ['Get ids from Shutterstock...']
2019-01-07 20:00:03,389 - root - INFO - ['Get ids fron Redis...']
2019-01-07 20:00:03,390 - root - INFO - ["Didn't find new approve images..."]
2019-01-07 20:00:03,391 - root - INFO - ['Done with SUCCSESS!!!']
2019-01-07 20:00:03,391 - root - INFO - ['------------------------------------']
2019-01-07 21:00:02,139 - root - INFO - ['Start NEW process!!!']
2019-01-07 21:00:02,140 - root - INFO - ['Get ids from Shutterstock...']
2019-01-07 21:00:02,794 - root - INFO - ['Get ids fron Redis...']
2019-01-07 21:00:02,799 - root - INFO - ['NEW ids:']
2019-01-07 21:00:02,799 - root - INFO - ['1276675990', '1276675996', '1276675963', '1276675987', '1276678951', '1276678198', '1276675999', '1276675957', '1276678225', '1276678213', '1276678945', '1276675984', '1276675969', '1276678201', '1276675981', '1276678222', '1276675966', '1276675978', '1276675993', '1276675975', '1276678219', '1276972198', '1276678948', '1276678204', '1276678957', '1276678216', '1276678207', '1276675972', '1276678954', '1276676002']
2019-01-07 21:00:02,920 - root - INFO - ['Start push to SLACK...']
2019-01-07 21:00:03,295 - root - INFO - ['Pushed...']
2019-01-07 21:00:03,296 - root - INFO - ['2019-01-07', '1276675990', 'Vector Green leaf plant garden floral foliage. Engraved ink art. Exotic tropical hawaiian summer. Palm beach tree leaves jungle botanical. Seamless background pattern. Fabric wallpaper print texture.', 'https://image.shutterstock.com/image-vector/vector-green-leaf-plant-garden-260nw-1276675990.jpg', 'https://www.shutterstock.com/image/1276675990']
2019-01-07 21:00:03,352 - root - INFO - ['Start push to SLACK...']
2019-01-07 21:00:03,711 - root - INFO - ['Pushed...']
2019-01-07 21:00:03,711 - root - INFO - ['2019-01-07', '1276675996', 'Vector Strawberry fruits. Green leaf. Leaf plant botanical garden floral foliage. Red and green engraved ink art. Frame border ornament square.', 'https://image.shutterstock.com/image-vector/vector-strawberry-fruits-green-leaf-260nw-1276675996.jpg', 'https://www.shutterstock.com/image/1276675996']
2019-01-07 21:00:03,768 - root - INFO - ['Start push to SLACK...']
2019-01-07 21:00:04,085 - root - INFO - ['Pushed...']
2019-01-07 21:00:04,085 - root - INFO - ['2019-01-07', '1276675963', 'Vector Green leaf plant botanical garden floral foliage. Engraved ink art. Exotic tropical hawaiian summer. Palm beach tree leaves jungle botanical. Wedding background card floral decorative border.', 'https://image.shutterstock.com/image-vector/vector-green-leaf-plant-botanical-260nw-1276675963.jpg', 'https://www.shutterstock.com/image/1276675963']
2019-01-07 21:00:04,161 - root - INFO - ['Start push to SLACK...']
2019-01-07 21:00:04,401 - root - INFO - ['Pushed...']
2019-01-07 21:00:04,402 - root - INFO - ['2019-01-07', '1276675987', 'Vector Green leaf plant botanical garden floral foliage. Engraved ink art. Exotic tropical hawaiian summer. Palm beach tree leaves jungle botanical. Frame border ornament square.', 'https://image.shutterstock.com/image-vector/vector-green-leaf-plant-botanical-260nw-1276675987.jpg', 'https://www.shutterstock.com/image/1276675987']
2019-01-07 21:00:04,445 - root - INFO - ['Start push to SLACK...']
2019-01-07 21:00:04,682 - root - INFO - ['Pushed...']
2019-01-07 21:00:04,682 - root - INFO - ['2019-01-07', '1276678951', 'Vector Exotic tropical hawaiian summer. Palm beach tree jungle botanical leaves. Black and white engraved ink art. Leaf plant botanical garden floral foliage. Isolated leaf illustration element.', 'https://image.shutterstock.com/image-vector/vector-exotic-tropical-hawaiian-summer-260nw-1276678951.jpg', 'https://www.shutterstock.com/image/1276678951']
2019-01-07 21:00:04,721 - root - INFO - ['Start push to SLACK...']
2019-01-07 21:00:04,971 - root - INFO - ['Pushed...']
2019-01-07 21:00:04,972 - root - INFO - ['2019-01-07', '1276678198', 'Vector Exotic tropical hawaiian summer. Palm beach tree jungle botanical leaves. Green engraved ink art. Leaf plant botanical garden floral foliage. Isolated leaf illustration element.', 'https://image.shutterstock.com/image-vector/vector-exotic-tropical-hawaiian-summer-260nw-1276678198.jpg', 'https://www.shutterstock.com/image/1276678198']
2019-01-07 21:00:05,023 - root - INFO - ['Start push to SLACK...']
2019-01-07 21:00:05,277 - root - INFO - ['Pushed...']
2019-01-07 21:00:05,277 - root - INFO - ['2019-01-07', '1276675999', 'Vector Strawberry fruits. Green leaf. Leaf plant botanical garden floral foliage. Red and green engraved ink art. Seamless background pattern. Fabric wallpaper print texture.', 'https://image.shutterstock.com/image-vector/vector-strawberry-fruits-green-leaf-260nw-1276675999.jpg', 'https://www.shutterstock.com/image/1276675999']
2019-01-07 21:00:05,317 - root - INFO - ['Start push to SLACK...']
2019-01-07 21:00:05,812 - root - INFO - ['Pushed...']
2019-01-07 21:00:05,813 - root - INFO - ['2019-01-07', '1276675957', 'Vector Exotic tropical hawaiian summer. Palm beach tree jungle botanical leaves. Green engraved ink art. Leaf plant botanical garden floral foliage. Isolated leaf illustration element.', 'https://image.shutterstock.com/image-vector/vector-exotic-tropical-hawaiian-summer-260nw-1276675957.jpg', 'https://www.shutterstock.com/image/1276675957']
2019-01-07 21:00:05,851 - root - INFO - ['Start push to SLACK...']
2019-01-07 21:00:06,226 - root - INFO - ['Pushed...']
2019-01-07 21:00:06,226 - root - INFO - ['2019-01-07', '1276678225', 'Vector Strawberry fruits. Green leaf. Leaf plant botanical garden floral foliage. Red and green engraved ink art. Isolated strawberry illustration element.', 'https://image.shutterstock.com/image-vector/vector-strawberry-fruits-green-leaf-260nw-1276678225.jpg', 'https://www.shutterstock.com/image/1276678225']
2019-01-07 21:00:06,266 - root - INFO - ['Start push to SLACK...']
2019-01-07 21:00:06,491 - root - INFO - ['Pushed...']
2019-01-07 21:00:06,491 - root - INFO - ['2019-01-07', '1276678213', 'Vector Exotic tropical hawaiian summer. Palm beach tree jungle botanical leaves. Green engraved ink art. Leaf plant botanical garden floral foliage. Isolated leaf illustration element.', 'https://image.shutterstock.com/image-vector/vector-exotic-tropical-hawaiian-summer-260nw-1276678213.jpg', 'https://www.shutterstock.com/image/1276678213']
2019-01-07 21:00:06,528 - root - INFO - ['Start push to SLACK...']
2019-01-07 21:00:06,692 - root - INFO - ['Pushed...']
2019-01-07 21:00:06,692 - root - INFO - ['2019-01-07', '1276678945', 'Vector Exotic tropical hawaiian summer. Palm beach tree jungle botanical leaves. Black and white engraved ink art. Leaf plant botanical garden floral foliage. Isolated leaf illustration element.', 'https://image.shutterstock.com/image-vector/vector-exotic-tropical-hawaiian-summer-260nw-1276678945.jpg', 'https://www.shutterstock.com/image/1276678945']
2019-01-07 21:00:06,731 - root - INFO - ['Start push to SLACK...']
2019-01-07 21:00:07,008 - root - INFO - ['Pushed...']
2019-01-07 21:00:07,008 - root - INFO - ['2019-01-07', '1276675984', 'Vector Green leaf plant garden floral foliage. Engraved ink art. Exotic tropical hawaiian summer. Palm beach tree leaves jungle botanical. Seamless background pattern. Fabric wallpaper print texture.', 'https://image.shutterstock.com/image-vector/vector-green-leaf-plant-garden-260nw-1276675984.jpg', 'https://www.shutterstock.com/image/1276675984']
2019-01-07 21:00:07,046 - root - INFO - ['Start push to SLACK...']
2019-01-07 21:00:07,440 - root - INFO - ['Pushed...']
2019-01-07 21:00:07,440 - root - INFO - ['2019-01-07', '1276675969', 'Vector Green leaf plant botanical garden floral foliage. Engraved ink art. Exotic tropical hawaiian summer. Palm beach tree leaves jungle botanical. Frame border ornament square.', 'https://image.shutterstock.com/image-vector/vector-green-leaf-plant-botanical-260nw-1276675969.jpg', 'https://www.shutterstock.com/image/1276675969']
2019-01-07 21:00:07,474 - root - INFO - ['Start push to SLACK...']
2019-01-07 21:00:07,689 - root - INFO - ['Pushed...']
2019-01-07 21:00:07,689 - root - INFO - ['2019-01-07', '1276678201', 'Vector Exotic tropical hawaiian summer. Palm beach tree jungle botanical leaves. Green engraved ink art. Leaf plant botanical garden floral foliage. Isolated leaf illustration element.', 'https://image.shutterstock.com/image-vector/vector-exotic-tropical-hawaiian-summer-260nw-1276678201.jpg', 'https://www.shutterstock.com/image/1276678201']
2019-01-07 21:00:07,998 - root - INFO - ['Start push to SLACK...']
2019-01-07 21:00:08,548 - root - INFO - ['Pushed...']
2019-01-07 21:00:08,549 - root - INFO - ['2019-01-07', '1276675981', 'Vector Green leaf plant botanical garden floral foliage. Engraved ink art. Exotic tropical hawaiian summer. Palm beach tree leaves jungle botanical. Frame border ornament square.', 'https://image.shutterstock.com/image-vector/vector-green-leaf-plant-botanical-260nw-1276675981.jpg', 'https://www.shutterstock.com/image/1276675981']
2019-01-07 21:00:08,602 - root - INFO - ['Start push to SLACK...']
2019-01-07 21:00:09,129 - root - INFO - ['Pushed...']
2019-01-07 21:00:09,129 - root - INFO - ['2019-01-07', '1276678222', 'Vector Exotic tropical hawaiian summer. Palm beach tree jungle botanical leaves. Green engraved ink art. Leaf plant botanical garden floral foliage. Isolated leaf illustration element.', 'https://image.shutterstock.com/image-vector/vector-exotic-tropical-hawaiian-summer-260nw-1276678222.jpg', 'https://www.shutterstock.com/image/1276678222']
2019-01-07 21:00:09,162 - root - INFO - ['Start push to SLACK...']
2019-01-07 21:00:09,559 - root - INFO - ['Pushed...']
2019-01-07 21:00:09,559 - root - INFO - ['2019-01-07', '1276675966', 'Vector Green leaf plant garden floral foliage. Engraved ink art. Exotic tropical hawaiian summer. Palm beach tree leaves jungle botanical. Seamless background pattern. Fabric wallpaper print texture.', 'https://image.shutterstock.com/image-vector/vector-green-leaf-plant-garden-260nw-1276675966.jpg', 'https://www.shutterstock.com/image/1276675966']
2019-01-07 21:00:09,599 - root - INFO - ['Start push to SLACK...']
2019-01-07 21:00:09,825 - root - INFO - ['Pushed...']
2019-01-07 21:00:09,825 - root - INFO - ['2019-01-07', '1276675978', 'Vector Green leaf plant botanical garden floral foliage. Engraved ink art. Exotic tropical hawaiian summer. Palm beach tree leaves jungle botanical. Frame border ornament square.', 'https://image.shutterstock.com/image-vector/vector-green-leaf-plant-botanical-260nw-1276675978.jpg', 'https://www.shutterstock.com/image/1276675978']
2019-01-07 21:00:09,861 - root - INFO - ['Start push to SLACK...']
2019-01-07 21:00:10,277 - root - INFO - ['Pushed...']
2019-01-07 21:00:10,277 - root - INFO - ['2019-01-07', '1276675993', 'Vector Strawberry fruits. Green leaf. Leaf plant botanical garden floral foliage. Red and green engraved ink art. Frame border ornament square.', 'https://image.shutterstock.com/image-vector/vector-strawberry-fruits-green-leaf-260nw-1276675993.jpg', 'https://www.shutterstock.com/image/1276675993']
2019-01-07 21:00:10,327 - root - INFO - ['Start push to SLACK...']
2019-01-07 21:00:10,565 - root - INFO - ['Pushed...']
2019-01-07 21:00:10,565 - root - INFO - ['2019-01-07', '1276675975', 'Vector Green leaf plant garden floral foliage. Engraved ink art. Exotic tropical hawaiian summer. Palm beach tree leaves jungle botanical. Seamless background pattern. Fabric wallpaper print texture.', 'https://image.shutterstock.com/image-vector/vector-green-leaf-plant-garden-260nw-1276675975.jpg', 'https://www.shutterstock.com/image/1276675975']
2019-01-07 21:00:10,605 - root - INFO - ['Start push to SLACK...']
2019-01-07 21:00:10,816 - root - INFO - ['Pushed...']
2019-01-07 21:00:10,816 - root - INFO - ['2019-01-07', '1276678219', 'Vector Strawberry fruits. Leaf plant botanical garden floral foliage. Black and white engraved ink art. Isolated strawberry illustration element.', 'https://image.shutterstock.com/image-vector/vector-strawberry-fruits-leaf-plant-260nw-1276678219.jpg', 'https://www.shutterstock.com/image/1276678219']
2019-01-07 21:00:10,852 - root - INFO - ['Start push to SLACK...']
2019-01-07 21:00:11,396 - root - INFO - ['Pushed...']
2019-01-07 21:00:11,396 - root - INFO - ['2019-01-07', '1276972198', 'Vector Strawberry fruits. Leaf plant botanical garden floral foliage. Black and white engraved ink art. Isolated strawberry illustration element.', 'https://image.shutterstock.com/image-vector/vector-strawberry-fruits-leaf-plant-260nw-1276972198.jpg', 'https://www.shutterstock.com/image/1276972198']
2019-01-07 21:00:11,442 - root - INFO - ['Start push to SLACK...']
2019-01-07 21:00:11,775 - root - INFO - ['Pushed...']
2019-01-07 21:00:11,776 - root - INFO - ['2019-01-07', '1276678948', 'Vector Exotic tropical hawaiian summer. Palm beach tree jungle botanical leaves. Black and white engraved ink art. Leaf plant botanical garden floral foliage. Isolated leaf illustration element.', 'https://image.shutterstock.com/image-vector/vector-exotic-tropical-hawaiian-summer-260nw-1276678948.jpg', 'https://www.shutterstock.com/image/1276678948']
2019-01-07 21:00:11,819 - root - INFO - ['Start push to SLACK...']
2019-01-07 21:00:12,267 - root - INFO - ['Pushed...']
2019-01-07 21:00:12,267 - root - INFO - ['2019-01-07', '1276678204', 'Vector Strawberry fruits. Leaf plant botanical garden floral foliage. Black and white engraved ink art. Isolated strawberry illustration element.', 'https://image.shutterstock.com/image-vector/vector-strawberry-fruits-leaf-plant-260nw-1276678204.jpg', 'https://www.shutterstock.com/image/1276678204']
2019-01-07 21:00:12,305 - root - INFO - ['Start push to SLACK...']
2019-01-07 21:00:12,522 - root - INFO - ['Pushed...']
2019-01-07 21:00:12,522 - root - INFO - ['2019-01-07', '1276678957', 'Vector Exotic tropical hawaiian summer. Palm beach tree jungle botanical leaves. Black and white engraved ink art. Leaf plant botanical garden floral foliage. Isolated leaf illustration element.', 'https://image.shutterstock.com/image-vector/vector-exotic-tropical-hawaiian-summer-260nw-1276678957.jpg', 'https://www.shutterstock.com/image/1276678957']
2019-01-07 21:00:12,563 - root - INFO - ['Start push to SLACK...']
2019-01-07 21:00:13,061 - root - INFO - ['Pushed...']
2019-01-07 21:00:13,061 - root - INFO - ['2019-01-07', '1276678216', 'Vector Strawberry fruits. Green leaf. Leaf plant botanical garden floral foliage. Red and green engraved ink art. Isolated strawberry illustration element.', 'https://image.shutterstock.com/image-vector/vector-strawberry-fruits-green-leaf-260nw-1276678216.jpg', 'https://www.shutterstock.com/image/1276678216']
2019-01-07 21:00:13,147 - root - INFO - ['Start push to SLACK...']
2019-01-07 21:00:13,286 - root - INFO - ['Pushed...']
2019-01-07 21:00:13,286 - root - INFO - ['2019-01-07', '1276678207', 'Vector Strawberry fruits. Green leaf. Leaf plant botanical garden floral foliage. Red and green engraved ink art. Isolated strawberry illustration element.', 'https://image.shutterstock.com/image-vector/vector-strawberry-fruits-green-leaf-260nw-1276678207.jpg', 'https://www.shutterstock.com/image/1276678207']
2019-01-07 21:00:13,331 - root - INFO - ['Start push to SLACK...']
2019-01-07 21:00:13,728 - root - INFO - ['Pushed...']
2019-01-07 21:00:13,728 - root - INFO - ['2019-01-07', '1276675972', 'Vector Green leaf plant garden floral foliage. Engraved ink art. Exotic tropical hawaiian summer. Palm beach tree leaves jungle botanical. Seamless background pattern. Fabric wallpaper print texture.', 'https://image.shutterstock.com/image-vector/vector-green-leaf-plant-garden-260nw-1276675972.jpg', 'https://www.shutterstock.com/image/1276675972']
2019-01-07 21:00:13,766 - root - INFO - ['Start push to SLACK...']
2019-01-07 21:00:13,890 - root - INFO - ['Pushed...']
2019-01-07 21:00:13,890 - root - INFO - ['2019-01-07', '1276678954', 'Vector Exotic tropical hawaiian summer. Palm beach tree jungle botanical leaves. Black and white engraved ink art. Leaf plant botanical garden floral foliage. Isolated leaf illustration element.', 'https://image.shutterstock.com/image-vector/vector-exotic-tropical-hawaiian-summer-260nw-1276678954.jpg', 'https://www.shutterstock.com/image/1276678954']
2019-01-07 21:00:13,931 - root - INFO - ['Start push to SLACK...']
2019-01-07 21:00:14,125 - root - INFO - ['Pushed...']
2019-01-07 21:00:14,125 - root - INFO - ['2019-01-07', '1276676002', 'Vector Strawberry fruits. Leaf plant botanical garden floral foliage. Pink engraved ink art. Seamless background pattern. Fabric wallpaper print texture.', 'https://image.shutterstock.com/image-vector/vector-strawberry-fruits-leaf-plant-260nw-1276676002.jpg', 'https://www.shutterstock.com/image/1276676002']
2019-01-07 21:00:14,126 - root - INFO - ['Done with SUCCSESS!!!']
2019-01-07 21:00:14,126 - root - INFO - ['------------------------------------']
2019-01-07 22:00:02,393 - root - INFO - ['Start NEW process!!!']
2019-01-07 22:00:02,393 - root - INFO - ['Get ids from Shutterstock...']
2019-01-07 22:00:03,114 - root - INFO - ['Get ids fron Redis...']
2019-01-07 22:00:03,116 - root - INFO - ["Didn't find new approve images..."]
2019-01-07 22:00:03,116 - root - INFO - ['Done with SUCCSESS!!!']
2019-01-07 22:00:03,116 - root - INFO - ['------------------------------------']
2019-01-07 23:00:02,465 - root - INFO - ['Start NEW process!!!']
2019-01-07 23:00:02,465 - root - INFO - ['Get ids from Shutterstock...']
2019-01-07 23:00:03,343 - root - INFO - ['Get ids fron Redis...']
2019-01-07 23:00:03,347 - root - INFO - ["Didn't find new approve images..."]
2019-01-07 23:00:03,348 - root - INFO - ['Done with SUCCSESS!!!']
2019-01-07 23:00:03,348 - root - INFO - ['------------------------------------']
