2019-01-12 00:00:02,996 - root - INFO - ['Start NEW process!!!']
2019-01-12 00:00:02,996 - root - INFO - ['Get ids from Shutterstock...']
2019-01-12 00:00:03,997 - root - INFO - ['Get ids fron Redis...']
2019-01-12 00:00:03,999 - root - INFO - ['NEW ids:']
2019-01-12 00:00:03,999 - root - INFO - ['1274835433', '1274835454', '1274835442', '1274835430', '1274835445', '1274835427', '1274835436', '1274835451']
2019-01-12 00:00:04,201 - root - INFO - ['Start push to SLACK...']
2019-01-12 00:00:04,488 - root - INFO - ['Pushed...']
2019-01-12 00:00:04,488 - root - INFO - ['2019-01-05', '1274835433', 'Pink lotus floral botanical flower. Wild spring leaf wildflower isolated. Watercolor background illustration set. Watercolour drawing fashion aquarelle . Isolated lotus illustration element.', 'https://image.shutterstock.com/image-illustration/pink-lotus-floral-botanical-flower-260nw-1274835433.jpg', 'https://www.shutterstock.com/image/1274835433']
2019-01-12 00:00:04,593 - root - INFO - ['Start push to SLACK...']
2019-01-12 00:00:05,111 - root - INFO - ['Pushed...']
2019-01-12 00:00:05,111 - root - INFO - ['2019-01-05', '1274835454', 'Green leaves. Floral botanical flower. Wild spring leaf wildflower isolated. Watercolor background illustration set. Watercolour drawing fashion aquarelle isolated. Isolated leaf illustration element.', 'https://image.shutterstock.com/image-illustration/green-leaves-floral-botanical-flower-260nw-1274835454.jpg', 'https://www.shutterstock.com/image/1274835454']
2019-01-12 00:00:05,195 - root - INFO - ['Start push to SLACK...']
2019-01-12 00:00:05,650 - root - INFO - ['Pushed...']
2019-01-12 00:00:05,650 - root - INFO - ['2019-01-05', '1274835442', 'Pink bouquet floral botanical flower. Wild spring leaf wildflower isolated. Watercolor background illustration set. Watercolour drawing fashion aquarelle. Isolated ornament illustration element.', 'https://image.shutterstock.com/image-illustration/pink-bouquet-floral-botanical-flower-260nw-1274835442.jpg', 'https://www.shutterstock.com/image/1274835442']
2019-01-12 00:00:05,739 - root - INFO - ['Start push to SLACK...']
2019-01-12 00:00:06,257 - root - INFO - ['Pushed...']
2019-01-12 00:00:06,257 - root - INFO - ['2019-01-05', '1274835430', 'Vector Exotic tropical hawaiian summer. Palm beach tree jungle botanical leaves. Black and white engraved ink art. Leaf plant botanical garden floral foliage. Isolated leaf illustration element.', 'https://image.shutterstock.com/image-vector/vector-exotic-tropical-hawaiian-summer-260nw-1274835430.jpg', 'https://www.shutterstock.com/image/1274835430']
2019-01-12 00:00:06,345 - root - INFO - ['Start push to SLACK...']
2019-01-12 00:00:06,677 - root - INFO - ['Pushed...']
2019-01-12 00:00:06,678 - root - INFO - ['2019-01-05', '1274835445', 'Red and blue floral botanical flowers. Wild spring leaf wildflower isolated. Watercolor background illustration set. Watercolour drawing fashion aquarelle. Isolated ornament illustration element.', 'https://image.shutterstock.com/image-illustration/red-blue-floral-botanical-flowers-260nw-1274835445.jpg', 'https://www.shutterstock.com/image/1274835445']
2019-01-12 00:00:06,872 - root - INFO - ['Start push to SLACK...']
2019-01-12 00:00:07,306 - root - INFO - ['Pushed...']
2019-01-12 00:00:07,306 - root - INFO - ['2019-01-05', '1274835427', 'Purple leaf. Floral botanical flower. Wild spring leaf wildflower isolated. Watercolor background illustration set. Watercolour drawing fashion aquarelle. Isolated leaf illustration element.', 'https://image.shutterstock.com/image-illustration/purple-leaf-floral-botanical-flower-260nw-1274835427.jpg', 'https://www.shutterstock.com/image/1274835427']
2019-01-12 00:00:07,456 - root - INFO - ['Start push to SLACK...']
2019-01-12 00:00:07,871 - root - INFO - ['Pushed...']
2019-01-12 00:00:07,871 - root - INFO - ['2019-01-05', '1274835436', 'Vector Exotic tropical hawaiian summer. Palm beach tree jungle botanical leaves. Black and white engraved ink art. Leaf plant botanical garden floral foliage. Isolated leaf illustration element.', 'https://image.shutterstock.com/image-vector/vector-exotic-tropical-hawaiian-summer-260nw-1274835436.jpg', 'https://www.shutterstock.com/image/1274835436']
2019-01-12 00:00:07,955 - root - INFO - ['Start push to SLACK...']
2019-01-12 00:00:08,567 - root - INFO - ['Pushed...']
2019-01-12 00:00:08,567 - root - INFO - ['2019-01-05', '1274835451', 'Purple leaf. Floral botanical flower. Wild spring leaf wildflower isolated. Watercolor background illustration set. Watercolour drawing fashion aquarelle. Isolated leaf illustration element.', 'https://image.shutterstock.com/image-illustration/purple-leaf-floral-botanical-flower-260nw-1274835451.jpg', 'https://www.shutterstock.com/image/1274835451']
2019-01-12 00:00:08,568 - root - INFO - ['Done with SUCCSESS!!!']
2019-01-12 00:00:08,568 - root - INFO - ['------------------------------------']
2019-01-12 01:00:02,407 - root - INFO - ['Start NEW process!!!']
2019-01-12 01:00:02,407 - root - INFO - ['Get ids from Shutterstock...']
2019-01-12 01:00:03,755 - root - INFO - ['Get ids fron Redis...']
2019-01-12 01:00:03,756 - root - INFO - ["Didn't find new approve images..."]
2019-01-12 01:00:03,757 - root - INFO - ['Done with SUCCSESS!!!']
2019-01-12 01:00:03,757 - root - INFO - ['------------------------------------']
2019-01-12 02:00:02,419 - root - INFO - ['Start NEW process!!!']
2019-01-12 02:00:02,420 - root - INFO - ['Get ids from Shutterstock...']
2019-01-12 02:00:03,559 - root - INFO - ['Get ids fron Redis...']
2019-01-12 02:00:03,563 - root - INFO - ["Didn't find new approve images..."]
2019-01-12 02:00:03,564 - root - INFO - ['Done with SUCCSESS!!!']
2019-01-12 02:00:03,565 - root - INFO - ['------------------------------------']
2019-01-12 03:00:02,629 - root - INFO - ['Start NEW process!!!']
2019-01-12 03:00:02,630 - root - INFO - ['Get ids from Shutterstock...']
2019-01-12 03:00:03,759 - root - INFO - ['Get ids fron Redis...']
2019-01-12 03:00:03,760 - root - INFO - ["Didn't find new approve images..."]
2019-01-12 03:00:03,761 - root - INFO - ['Done with SUCCSESS!!!']
2019-01-12 03:00:03,761 - root - INFO - ['------------------------------------']
2019-01-12 04:00:03,231 - root - INFO - ['Start NEW process!!!']
2019-01-12 04:00:03,231 - root - INFO - ['Get ids from Shutterstock...']
2019-01-12 04:00:04,165 - root - INFO - ['Get ids fron Redis...']
2019-01-12 04:00:04,166 - root - INFO - ["Didn't find new approve images..."]
2019-01-12 04:00:04,167 - root - INFO - ['Done with SUCCSESS!!!']
2019-01-12 04:00:04,167 - root - INFO - ['------------------------------------']
2019-01-12 05:00:02,911 - root - INFO - ['Start NEW process!!!']
2019-01-12 05:00:02,911 - root - INFO - ['Get ids from Shutterstock...']
2019-01-12 05:00:04,120 - root - INFO - ['Get ids fron Redis...']
2019-01-12 05:00:04,121 - root - INFO - ["Didn't find new approve images..."]
2019-01-12 05:00:04,122 - root - INFO - ['Done with SUCCSESS!!!']
2019-01-12 05:00:04,123 - root - INFO - ['------------------------------------']
2019-01-12 06:00:03,084 - root - INFO - ['Start NEW process!!!']
2019-01-12 06:00:03,084 - root - INFO - ['Get ids from Shutterstock...']
2019-01-12 06:00:04,004 - root - INFO - ['Get ids fron Redis...']
2019-01-12 06:00:04,005 - root - INFO - ["Didn't find new approve images..."]
2019-01-12 06:00:04,006 - root - INFO - ['Done with SUCCSESS!!!']
2019-01-12 06:00:04,006 - root - INFO - ['------------------------------------']
2019-01-12 07:00:03,880 - root - INFO - ['Start NEW process!!!']
2019-01-12 07:00:03,881 - root - INFO - ['Get ids from Shutterstock...']
2019-01-12 07:00:05,099 - root - INFO - ['Get ids fron Redis...']
2019-01-12 07:00:05,100 - root - INFO - ["Didn't find new approve images..."]
2019-01-12 07:00:05,101 - root - INFO - ['Done with SUCCSESS!!!']
2019-01-12 07:00:05,101 - root - INFO - ['------------------------------------']
2019-01-12 08:00:03,011 - root - INFO - ['Start NEW process!!!']
2019-01-12 08:00:03,011 - root - INFO - ['Get ids from Shutterstock...']
2019-01-12 08:00:04,265 - root - INFO - ['Get ids fron Redis...']
2019-01-12 08:00:04,266 - root - INFO - ["Didn't find new approve images..."]
2019-01-12 08:00:04,267 - root - INFO - ['Done with SUCCSESS!!!']
2019-01-12 08:00:04,267 - root - INFO - ['------------------------------------']
2019-01-12 09:00:03,119 - root - INFO - ['Start NEW process!!!']
2019-01-12 09:00:03,119 - root - INFO - ['Get ids from Shutterstock...']
2019-01-12 09:00:04,607 - root - INFO - ['Get ids fron Redis...']
2019-01-12 09:00:04,608 - root - INFO - ["Didn't find new approve images..."]
2019-01-12 09:00:04,609 - root - INFO - ['Done with SUCCSESS!!!']
2019-01-12 09:00:04,609 - root - INFO - ['------------------------------------']
2019-01-12 10:00:03,887 - root - INFO - ['Start NEW process!!!']
2019-01-12 10:00:03,888 - root - INFO - ['Get ids from Shutterstock...']
2019-01-12 10:00:04,809 - root - INFO - ['Get ids fron Redis...']
2019-01-12 10:00:04,811 - root - INFO - ["Didn't find new approve images..."]
2019-01-12 10:00:04,812 - root - INFO - ['Done with SUCCSESS!!!']
2019-01-12 10:00:04,812 - root - INFO - ['------------------------------------']
2019-01-12 11:00:03,155 - root - INFO - ['Start NEW process!!!']
2019-01-12 11:00:03,155 - root - INFO - ['Get ids from Shutterstock...']
2019-01-12 11:00:04,037 - root - INFO - ['Get ids fron Redis...']
2019-01-12 11:00:04,039 - root - INFO - ["Didn't find new approve images..."]
2019-01-12 11:00:04,040 - root - INFO - ['Done with SUCCSESS!!!']
2019-01-12 11:00:04,040 - root - INFO - ['------------------------------------']
2019-01-12 12:00:03,113 - root - INFO - ['Start NEW process!!!']
2019-01-12 12:00:03,114 - root - INFO - ['Get ids from Shutterstock...']
2019-01-12 12:00:03,983 - root - INFO - ['Get ids fron Redis...']
2019-01-12 12:00:03,985 - root - INFO - ["Didn't find new approve images..."]
2019-01-12 12:00:03,986 - root - INFO - ['Done with SUCCSESS!!!']
2019-01-12 12:00:03,986 - root - INFO - ['------------------------------------']
2019-01-12 13:00:02,599 - root - INFO - ['Start NEW process!!!']
2019-01-12 13:00:02,599 - root - INFO - ['Get ids from Shutterstock...']
2019-01-12 13:00:03,618 - root - INFO - ['Get ids fron Redis...']
2019-01-12 13:00:03,619 - root - INFO - ["Didn't find new approve images..."]
2019-01-12 13:00:03,620 - root - INFO - ['Done with SUCCSESS!!!']
2019-01-12 13:00:03,620 - root - INFO - ['------------------------------------']
2019-01-12 14:00:03,337 - root - INFO - ['Start NEW process!!!']
2019-01-12 14:00:03,337 - root - INFO - ['Get ids from Shutterstock...']
2019-01-12 14:00:04,833 - root - INFO - ['Get ids fron Redis...']
2019-01-12 14:00:04,834 - root - INFO - ["Didn't find new approve images..."]
2019-01-12 14:00:04,835 - root - INFO - ['Done with SUCCSESS!!!']
2019-01-12 14:00:04,836 - root - INFO - ['------------------------------------']
2019-01-12 15:00:02,983 - root - INFO - ['Start NEW process!!!']
2019-01-12 15:00:02,983 - root - INFO - ['Get ids from Shutterstock...']
2019-01-12 15:00:03,947 - root - INFO - ['Get ids fron Redis...']
2019-01-12 15:00:03,949 - root - INFO - ["Didn't find new approve images..."]
2019-01-12 15:00:03,950 - root - INFO - ['Done with SUCCSESS!!!']
2019-01-12 15:00:03,950 - root - INFO - ['------------------------------------']
2019-01-12 16:00:03,173 - root - INFO - ['Start NEW process!!!']
2019-01-12 16:00:03,173 - root - INFO - ['Get ids from Shutterstock...']
2019-01-12 16:00:04,411 - root - INFO - ['Get ids fron Redis...']
2019-01-12 16:00:04,412 - root - INFO - ['NEW ids:']
2019-01-12 16:00:04,413 - root - INFO - ['1281814255', '1281814504', '1281814501', '1281814465', '1281814258', '1281814234', '1281814222', '1281814495', '1281814492', '1281814489', '1281814480', '1281814228', '1281814459', '1273001797', '1281814243', '1281814249', '1281814507', '1281814231', '1281814486', '1281814516', '1281814498', '1281814240', '1281814237', '1281814219', '1281814513', '1281814510', '1281814261', '1281814246', '1281814252', '1281814225']
2019-01-12 16:00:04,958 - root - INFO - ['Start push to SLACK...']
2019-01-12 16:00:06,496 - root - INFO - ['Pushed...']
2019-01-12 16:00:06,496 - root - INFO - ['2019-01-12', '1281814255', 'Vector Cherry fruits on white background. Green leaf. Leaf plant botanical garden floral foliage. Red and green engraved ink art. Seamless background pattern. Fabric wallpaper print texture.', 'https://image.shutterstock.com/image-vector/vector-cherry-fruits-on-white-260nw-1281814255.jpg', 'https://www.shutterstock.com/image/1281814255']
2019-01-12 16:00:06,591 - root - INFO - ['Start push to SLACK...']
2019-01-12 16:00:08,204 - root - INFO - ['Pushed...']
2019-01-12 16:00:08,204 - root - INFO - ['2019-01-12', '1281814504', 'Vector Apple blossom floral botanical flower. Wild spring leaf wildflower isolated. Black and white engraved ink art. Isolated flowers illustration element on white background.', 'https://image.shutterstock.com/image-vector/vector-apple-blossom-floral-botanical-260nw-1281814504.jpg', 'https://www.shutterstock.com/image/1281814504']
2019-01-12 16:00:08,332 - root - INFO - ['Start push to SLACK...']
2019-01-12 16:00:08,669 - root - INFO - ['Pushed...']
2019-01-12 16:00:08,669 - root - INFO - ['2019-01-12', '1281814501', 'Vector Apple blossom floral botanical flower. Wild spring leaf wildflower isolated. Pink and green engraved ink art. Isolated flowers illustration element on white background.', 'https://image.shutterstock.com/image-vector/vector-apple-blossom-floral-botanical-260nw-1281814501.jpg', 'https://www.shutterstock.com/image/1281814501']
2019-01-12 16:00:08,841 - root - INFO - ['Start push to SLACK...']
2019-01-12 16:00:09,439 - root - INFO - ['Pushed...']
2019-01-12 16:00:09,440 - root - INFO - ['2019-01-12', '1281814465', 'Vector Apple blossom floral botanical flower. Wild spring leaf wildflower isolated. Pink and green engraved ink art. Isolated flowers illustration element on white background.', 'https://image.shutterstock.com/image-vector/vector-apple-blossom-floral-botanical-260nw-1281814465.jpg', 'https://www.shutterstock.com/image/1281814465']
2019-01-12 16:00:09,544 - root - INFO - ['Start push to SLACK...']
2019-01-12 16:00:11,517 - root - INFO - ['Pushed...']
2019-01-12 16:00:11,517 - root - INFO - ['2019-01-12', '1281814258', 'Vector Cherry fruits on white background. Green leaf. Leaf plant botanical garden floral foliage. Red and green engraved ink art. Frame border ornament square.', 'https://image.shutterstock.com/image-vector/vector-cherry-fruits-on-white-260nw-1281814258.jpg', 'https://www.shutterstock.com/image/1281814258']
2019-01-12 16:00:11,663 - root - INFO - ['Start push to SLACK...']
2019-01-12 16:00:12,468 - root - INFO - ['Pushed...']
2019-01-12 16:00:12,469 - root - INFO - ['2019-01-12', '1281814234', 'Vector Green leaf plant botanical garden floral foliage. Engraved ink art. Exotic tropical hawaiian summer. Palm beach tree leaves jungle botanical. Wedding background card floral decorative border.', 'https://image.shutterstock.com/image-vector/vector-green-leaf-plant-botanical-260nw-1281814234.jpg', 'https://www.shutterstock.com/image/1281814234']
2019-01-12 16:00:12,750 - root - INFO - ['Start push to SLACK...']
2019-01-12 16:00:13,108 - root - INFO - ['Pushed...']
2019-01-12 16:00:13,108 - root - INFO - ['2019-01-12', '1281814222', 'Vector Strawberry fruits. Green leaf. Leaf plant botanical garden floral foliage. Red and green engraved ink art. Frame border ornament square.', 'https://image.shutterstock.com/image-vector/vector-strawberry-fruits-green-leaf-260nw-1281814222.jpg', 'https://www.shutterstock.com/image/1281814222']
2019-01-12 16:00:13,373 - root - INFO - ['Start push to SLACK...']
2019-01-12 16:00:14,715 - root - INFO - ['Pushed...']
2019-01-12 16:00:14,716 - root - INFO - ['2019-01-12', '1281814495', 'Vector Strawberry fruits. Green leaf. Leaf plant botanical garden floral foliage. Red and green engraved ink art. Isolated strawberry illustration element.', 'https://image.shutterstock.com/image-vector/vector-strawberry-fruits-green-leaf-260nw-1281814495.jpg', 'https://www.shutterstock.com/image/1281814495']
2019-01-12 16:00:14,877 - root - INFO - ['Start push to SLACK...']
2019-01-12 16:00:15,246 - root - INFO - ['Pushed...']
2019-01-12 16:00:15,246 - root - INFO - ['2019-01-12', '1281814492', 'Vector Strawberry fruits. Leaf plant botanical garden floral foliage. Black and white engraved ink art. Isolated strawberry illustration element.', 'https://image.shutterstock.com/image-vector/vector-strawberry-fruits-leaf-plant-260nw-1281814492.jpg', 'https://www.shutterstock.com/image/1281814492']
2019-01-12 16:00:15,387 - root - INFO - ['Start push to SLACK...']
2019-01-12 16:00:15,717 - root - INFO - ['Pushed...']
2019-01-12 16:00:15,717 - root - INFO - ['2019-01-12', '1281814489', 'Vector Strawberry fruits. Leaf plant botanical garden floral foliage. Black and white engraved ink art. Isolated strawberry illustration element.', 'https://image.shutterstock.com/image-vector/vector-strawberry-fruits-leaf-plant-260nw-1281814489.jpg', 'https://www.shutterstock.com/image/1281814489']
2019-01-12 16:00:15,838 - root - INFO - ['Start push to SLACK...']
2019-01-12 16:00:16,152 - root - INFO - ['Pushed...']
2019-01-12 16:00:16,152 - root - INFO - ['2019-01-12', '1281814480', 'Vector Apple blossom floral botanical flower. Wild spring leaf wildflower isolated. Pink and green engraved ink art. Isolated flowers illustration element on white background.', 'https://image.shutterstock.com/image-vector/vector-apple-blossom-floral-botanical-260nw-1281814480.jpg', 'https://www.shutterstock.com/image/1281814480']
2019-01-12 16:00:16,341 - root - INFO - ['Start push to SLACK...']
2019-01-12 16:00:16,610 - root - INFO - ['Pushed...']
2019-01-12 16:00:16,610 - root - INFO - ['2019-01-12', '1281814228', 'Vector Green leaf plant garden floral foliage. Engraved ink art. Exotic tropical hawaiian summer. Palm beach tree leaves jungle botanical. Seamless background pattern. Fabric wallpaper print texture.', 'https://image.shutterstock.com/image-vector/vector-green-leaf-plant-garden-260nw-1281814228.jpg', 'https://www.shutterstock.com/image/1281814228']
2019-01-12 16:00:16,966 - root - INFO - ['Start push to SLACK...']
2019-01-12 16:00:17,283 - root - INFO - ['Pushed...']
2019-01-12 16:00:17,283 - root - INFO - ['2019-01-12', '1281814459', 'Vector Apple blossom floral botanical flower. Wild spring leaf wildflower isolated. Pink and green engraved ink art. Isolated flowers illustration element on white background.', 'https://image.shutterstock.com/image-vector/vector-apple-blossom-floral-botanical-260nw-1281814459.jpg', 'https://www.shutterstock.com/image/1281814459']
2019-01-12 16:00:17,439 - root - INFO - ['Start push to SLACK...']
2019-01-12 16:00:18,046 - root - INFO - ['Pushed...']
2019-01-12 16:00:18,046 - root - INFO - ['2019-01-03', '1273001797', 'Fern green leaf. Leaf plant botanical garden floral foliage. Watercolor illustration set. Watercolour drawing fashion aquarelle isolated. Seamless background pattern. Fabric wallpaper print texture.', 'https://image.shutterstock.com/image-illustration/fern-green-leaf-plant-botanical-260nw-1273001797.jpg', 'https://www.shutterstock.com/image/1273001797']
2019-01-12 16:00:18,234 - root - INFO - ['Start push to SLACK...']
2019-01-12 16:00:18,491 - root - INFO - ['Pushed...']
2019-01-12 16:00:18,491 - root - INFO - ['2019-01-12', '1281814243', 'Vector Green leaf plant botanical garden floral foliage. Engraved ink art. Exotic tropical hawaiian summer. Palm beach tree leaves jungle botanical. Frame border ornament square.', 'https://image.shutterstock.com/image-vector/vector-green-leaf-plant-botanical-260nw-1281814243.jpg', 'https://www.shutterstock.com/image/1281814243']
2019-01-12 16:00:18,747 - root - INFO - ['Start push to SLACK...']
2019-01-12 16:00:19,412 - root - INFO - ['Pushed...']
2019-01-12 16:00:19,412 - root - INFO - ['2019-01-12', '1281814249', 'Vector Green leaf plant botanical garden floral foliage. Engraved ink art. Exotic tropical hawaiian summer. Palm beach tree leaves jungle botanical. Frame border ornament square.', 'https://image.shutterstock.com/image-vector/vector-green-leaf-plant-botanical-260nw-1281814249.jpg', 'https://www.shutterstock.com/image/1281814249']
2019-01-12 16:00:19,648 - root - INFO - ['Start push to SLACK...']
2019-01-12 16:00:21,430 - root - INFO - ['Pushed...']
2019-01-12 16:00:21,431 - root - INFO - ['2019-01-12', '1281814507', 'Vector Apple blossom floral botanical flower. Wild spring leaf wildflower isolated. Black and white engraved ink art. Isolated flowers illustration element on white background.', 'https://image.shutterstock.com/image-vector/vector-apple-blossom-floral-botanical-260nw-1281814507.jpg', 'https://www.shutterstock.com/image/1281814507']
2019-01-12 16:00:21,590 - root - INFO - ['Start push to SLACK...']
2019-01-12 16:00:21,889 - root - INFO - ['Pushed...']
2019-01-12 16:00:21,889 - root - INFO - ['2019-01-12', '1281814231', 'Vector Green leaf plant garden floral foliage. Engraved ink art. Exotic tropical hawaiian summer. Palm beach tree leaves jungle botanical. Seamless background pattern. Fabric wallpaper print texture.', 'https://image.shutterstock.com/image-vector/vector-green-leaf-plant-garden-260nw-1281814231.jpg', 'https://www.shutterstock.com/image/1281814231']
2019-01-12 16:00:22,026 - root - INFO - ['Start push to SLACK...']
2019-01-12 16:00:22,322 - root - INFO - ['Pushed...']
2019-01-12 16:00:22,322 - root - INFO - ['2019-01-12', '1281814486', 'Vector Apple blossom floral botanical flower. Wild spring leaf wildflower isolated. Pink and green engraved ink art. Isolated flowers illustration element on white background.', 'https://image.shutterstock.com/image-vector/vector-apple-blossom-floral-botanical-260nw-1281814486.jpg', 'https://www.shutterstock.com/image/1281814486']
2019-01-12 16:00:22,486 - root - INFO - ['Start push to SLACK...']
2019-01-12 16:00:24,365 - root - INFO - ['Pushed...']
2019-01-12 16:00:24,365 - root - INFO - ['2019-01-12', '1281814516', 'Vector Apple blossom floral botanical flower. Wild spring leaf wildflower isolated. Black and white engraved ink art. Isolated flowers illustration element on white background.', 'https://image.shutterstock.com/image-vector/vector-apple-blossom-floral-botanical-260nw-1281814516.jpg', 'https://www.shutterstock.com/image/1281814516']
2019-01-12 16:00:24,467 - root - INFO - ['Start push to SLACK...']
2019-01-12 16:00:26,394 - root - INFO - ['Pushed...']
2019-01-12 16:00:26,394 - root - INFO - ['2019-01-12', '1281814498', 'Vector Strawberry fruits. Green leaf. Leaf plant botanical garden floral foliage. Red and green engraved ink art. Isolated strawberry illustration element.', 'https://image.shutterstock.com/image-vector/vector-strawberry-fruits-green-leaf-260nw-1281814498.jpg', 'https://www.shutterstock.com/image/1281814498']
2019-01-12 16:00:26,594 - root - INFO - ['Start push to SLACK...']
2019-01-12 16:00:27,042 - root - INFO - ['Pushed...']
2019-01-12 16:00:27,042 - root - INFO - ['2019-01-12', '1281814240', 'Vector Green leaf plant garden floral foliage. Engraved ink art. Exotic tropical hawaiian summer. Palm beach tree leaves jungle botanical. Seamless background pattern. Fabric wallpaper print texture.', 'https://image.shutterstock.com/image-vector/vector-green-leaf-plant-garden-260nw-1281814240.jpg', 'https://www.shutterstock.com/image/1281814240']
2019-01-12 16:00:27,139 - root - INFO - ['Start push to SLACK...']
2019-01-12 16:00:27,342 - root - INFO - ['Pushed...']
2019-01-12 16:00:27,342 - root - INFO - ['2019-01-12', '1281814237', 'Vector Green leaf plant garden floral foliage. Engraved ink art. Exotic tropical hawaiian summer. Palm beach tree leaves jungle botanical. Seamless background pattern. Fabric wallpaper print texture.', 'https://image.shutterstock.com/image-vector/vector-green-leaf-plant-garden-260nw-1281814237.jpg', 'https://www.shutterstock.com/image/1281814237']
2019-01-12 16:00:27,598 - root - INFO - ['Start push to SLACK...']
2019-01-12 16:00:27,873 - root - INFO - ['Pushed...']
2019-01-12 16:00:27,873 - root - INFO - ['2019-01-12', '1281814219', 'Vector Green leaf plant botanical garden floral foliage. Engraved ink art. Exotic tropical hawaiian summer. Palm beach tree leaves jungle botanical. Wedding background card floral decorative border.', 'https://image.shutterstock.com/image-vector/vector-green-leaf-plant-botanical-260nw-1281814219.jpg', 'https://www.shutterstock.com/image/1281814219']
2019-01-12 16:00:28,096 - root - INFO - ['Start push to SLACK...']
2019-01-12 16:00:30,080 - root - INFO - ['Pushed...']
2019-01-12 16:00:30,080 - root - INFO - ['2019-01-12', '1281814513', 'Vector Apple blossom floral botanical flower. Wild spring leaf wildflower isolated. Black and white engraved ink art. Isolated flowers illustration element on white background.', 'https://image.shutterstock.com/image-vector/vector-apple-blossom-floral-botanical-260nw-1281814513.jpg', 'https://www.shutterstock.com/image/1281814513']
2019-01-12 16:00:30,175 - root - INFO - ['Start push to SLACK...']
2019-01-12 16:00:31,369 - root - INFO - ['Pushed...']
2019-01-12 16:00:31,369 - root - INFO - ['2019-01-12', '1281814510', 'Vector Apple blossom floral botanical flower. Wild spring leaf wildflower isolated. Black and white engraved ink art. Isolated flowers illustration element on white background.', 'https://image.shutterstock.com/image-vector/vector-apple-blossom-floral-botanical-260nw-1281814510.jpg', 'https://www.shutterstock.com/image/1281814510']
2019-01-12 16:00:31,455 - root - INFO - ['Start push to SLACK...']
2019-01-12 16:00:33,173 - root - INFO - ['Pushed...']
2019-01-12 16:00:33,174 - root - INFO - ['2019-01-12', '1281814261', 'Vector Cherry fruits on white background. Green leaf. Leaf plant botanical garden floral foliage. Red and green engraved ink art. Frame border ornament square.', 'https://image.shutterstock.com/image-vector/vector-cherry-fruits-on-white-260nw-1281814261.jpg', 'https://www.shutterstock.com/image/1281814261']
2019-01-12 16:00:33,353 - root - INFO - ['Start push to SLACK...']
2019-01-12 16:00:33,735 - root - INFO - ['Pushed...']
2019-01-12 16:00:33,736 - root - INFO - ['2019-01-12', '1281814246', 'Vector Green leaf plant botanical garden floral foliage. Engraved ink art. Exotic tropical hawaiian summer. Palm beach tree leaves jungle botanical. Frame border ornament square.', 'https://image.shutterstock.com/image-vector/vector-green-leaf-plant-botanical-260nw-1281814246.jpg', 'https://www.shutterstock.com/image/1281814246']
2019-01-12 16:00:33,813 - root - INFO - ['Start push to SLACK...']
2019-01-12 16:00:36,698 - root - INFO - ['Pushed...']
2019-01-12 16:00:36,700 - root - INFO - ['2019-01-12', '1281814252', 'Vector Cherry fruits on white background. Green leaf. Leaf plant botanical garden floral foliage. Red and green engraved ink art. Seamless background pattern. Fabric wallpaper print texture.', 'https://image.shutterstock.com/image-vector/vector-cherry-fruits-on-white-260nw-1281814252.jpg', 'https://www.shutterstock.com/image/1281814252']
2019-01-12 16:00:36,804 - root - INFO - ['Start push to SLACK...']
2019-01-12 16:00:37,188 - root - INFO - ['Pushed...']
2019-01-12 16:00:37,188 - root - INFO - ['2019-01-12', '1281814225', 'Vector Green leaf plant garden floral foliage. Engraved ink art. Exotic tropical hawaiian summer. Palm beach tree leaves jungle botanical. Seamless background pattern. Fabric wallpaper print texture.', 'https://image.shutterstock.com/image-vector/vector-green-leaf-plant-garden-260nw-1281814225.jpg', 'https://www.shutterstock.com/image/1281814225']
2019-01-12 16:00:37,189 - root - INFO - ['Done with SUCCSESS!!!']
2019-01-12 16:00:37,189 - root - INFO - ['------------------------------------']
2019-01-12 17:00:02,435 - root - INFO - ['Start NEW process!!!']
2019-01-12 17:00:02,435 - root - INFO - ['Get ids from Shutterstock...']
2019-01-12 17:00:03,839 - root - INFO - ['Get ids fron Redis...']
2019-01-12 17:00:03,840 - root - INFO - ["Didn't find new approve images..."]
2019-01-12 17:00:03,841 - root - INFO - ['Done with SUCCSESS!!!']
2019-01-12 17:00:03,842 - root - INFO - ['------------------------------------']
2019-01-12 18:00:02,567 - root - INFO - ['Start NEW process!!!']
2019-01-12 18:00:02,570 - root - INFO - ['Get ids from Shutterstock...']
2019-01-12 18:00:03,837 - root - INFO - ['Get ids fron Redis...']
2019-01-12 18:00:03,838 - root - INFO - ["Didn't find new approve images..."]
2019-01-12 18:00:03,839 - root - INFO - ['Done with SUCCSESS!!!']
2019-01-12 18:00:03,839 - root - INFO - ['------------------------------------']
2019-01-12 19:00:02,808 - root - INFO - ['Start NEW process!!!']
2019-01-12 19:00:02,808 - root - INFO - ['Get ids from Shutterstock...']
2019-01-12 19:00:03,894 - root - INFO - ['Get ids fron Redis...']
2019-01-12 19:00:03,895 - root - INFO - ["Didn't find new approve images..."]
2019-01-12 19:00:03,897 - root - INFO - ['Done with SUCCSESS!!!']
2019-01-12 19:00:03,897 - root - INFO - ['------------------------------------']
2019-01-12 20:00:03,024 - root - INFO - ['Start NEW process!!!']
2019-01-12 20:00:03,025 - root - INFO - ['Get ids from Shutterstock...']
2019-01-12 20:00:04,141 - root - INFO - ['Get ids fron Redis...']
2019-01-12 20:00:04,142 - root - INFO - ["Didn't find new approve images..."]
2019-01-12 20:00:04,143 - root - INFO - ['Done with SUCCSESS!!!']
2019-01-12 20:00:04,144 - root - INFO - ['------------------------------------']
2019-01-12 21:00:03,874 - root - INFO - ['Start NEW process!!!']
2019-01-12 21:00:03,875 - root - INFO - ['Get ids from Shutterstock...']
2019-01-12 21:00:04,919 - root - INFO - ['Get ids fron Redis...']
2019-01-12 21:00:04,921 - root - INFO - ["Didn't find new approve images..."]
2019-01-12 21:00:04,922 - root - INFO - ['Done with SUCCSESS!!!']
2019-01-12 21:00:04,922 - root - INFO - ['------------------------------------']
2019-01-12 22:00:02,643 - root - INFO - ['Start NEW process!!!']
2019-01-12 22:00:02,643 - root - INFO - ['Get ids from Shutterstock...']
2019-01-12 22:00:03,774 - root - INFO - ['Get ids fron Redis...']
2019-01-12 22:00:03,776 - root - INFO - ["Didn't find new approve images..."]
2019-01-12 22:00:03,777 - root - INFO - ['Done with SUCCSESS!!!']
2019-01-12 22:00:03,777 - root - INFO - ['------------------------------------']
