2019-01-08 00:00:02,310 - root - INFO - ['Start NEW process!!!']
2019-01-08 00:00:02,310 - root - INFO - ['Get ids from Shutterstock...']
2019-01-08 00:00:03,138 - root - INFO - ['Get ids fron Redis...']
2019-01-08 00:00:03,139 - root - INFO - ["Didn't find new approve images..."]
2019-01-08 00:00:03,140 - root - INFO - ['Done with SUCCSESS!!!']
2019-01-08 00:00:03,140 - root - INFO - ['------------------------------------']
2019-01-08 01:00:02,073 - root - INFO - ['Start NEW process!!!']
2019-01-08 01:00:02,073 - root - INFO - ['Get ids from Shutterstock...']
2019-01-08 01:00:02,607 - root - INFO - ['Get ids fron Redis...']
2019-01-08 01:00:02,608 - root - INFO - ["Didn't find new approve images..."]
2019-01-08 01:00:02,609 - root - INFO - ['Done with SUCCSESS!!!']
2019-01-08 01:00:02,609 - root - INFO - ['------------------------------------']
2019-01-08 02:00:02,201 - root - INFO - ['Start NEW process!!!']
2019-01-08 02:00:02,202 - root - INFO - ['Get ids from Shutterstock...']
2019-01-08 02:00:03,000 - root - INFO - ['Get ids fron Redis...']
2019-01-08 02:00:03,002 - root - INFO - ["Didn't find new approve images..."]
2019-01-08 02:00:03,003 - root - INFO - ['Done with SUCCSESS!!!']
2019-01-08 02:00:03,003 - root - INFO - ['------------------------------------']
2019-01-08 03:00:03,706 - root - INFO - ['Start NEW process!!!']
2019-01-08 03:00:03,706 - root - INFO - ['Get ids from Shutterstock...']
2019-01-08 03:00:04,778 - root - INFO - ['Get ids fron Redis...']
2019-01-08 03:00:04,780 - root - INFO - ["Didn't find new approve images..."]
2019-01-08 03:00:04,780 - root - INFO - ['Done with SUCCSESS!!!']
2019-01-08 03:00:04,780 - root - INFO - ['------------------------------------']
2019-01-08 04:00:02,104 - root - INFO - ['Start NEW process!!!']
2019-01-08 04:00:02,104 - root - INFO - ['Get ids from Shutterstock...']
2019-01-08 04:00:02,935 - root - INFO - ['Get ids fron Redis...']
2019-01-08 04:00:02,936 - root - INFO - ["Didn't find new approve images..."]
2019-01-08 04:00:02,937 - root - INFO - ['Done with SUCCSESS!!!']
2019-01-08 04:00:02,937 - root - INFO - ['------------------------------------']
2019-01-08 05:00:02,485 - root - INFO - ['Start NEW process!!!']
2019-01-08 05:00:02,486 - root - INFO - ['Get ids from Shutterstock...']
2019-01-08 05:00:03,198 - root - INFO - ['Get ids fron Redis...']
2019-01-08 05:00:03,202 - root - INFO - ['NEW ids:']
2019-01-08 05:00:03,203 - root - INFO - ['1276678318', '1276678396', '1276678441', '1276678417', '1276678384', '1276678255', '1276678264', '1276678402', '1276678405', '1276678390', '1276678453', '1276678360', '1276678450', '1276678282', '1276678459', '1276678429', '1276678333', '1276678297', '1276678273', '1276678447', '1276678366', '1276678351', '1276678330', '1276678288', '1276678960', '1276678372', '1276678258', '1276678444', '1276678963', '1276678438', '1276678414', '1276678387', '1276678270', '1276678237', '1276678294', '1276678423', '1276678231', '1276678324', '1276678348', '1276678357', '1276678234', '1276678228', '1276678426', '1276678261', '1276678420', '1276678432', '1276678240', '1276678456', '1276678300', '1276678399', '1276678342', '1276678309', '1276678462', '1276678339', '1276678327', '1276678321', '1276678336', '1276678369', '1276678315', '1276678243', '1276678354', '1276678303', '1276678312', '1276678393', '1276678408', '1276678249', '1276678363', '1276678465', '1276678291', '1276678285', '1276678279', '1276678306', '1276678411', '1276678345', '1276678435', '1276678252', '1276678246']
2019-01-08 05:00:03,470 - root - INFO - ['Start push to SLACK...']
2019-01-08 05:00:03,727 - root - INFO - ['Pushed...']
2019-01-08 05:00:03,727 - root - INFO - ['2019-01-07', '1276678318', 'Watercolor bird feather from wing isolated. Aquarelle feather for background, texture, wrapper pattern, frame or border. Watercolour seamless background pattern. Fabric wallpaper print texture.', 'https://image.shutterstock.com/image-illustration/watercolor-bird-feather-wing-isolated-260nw-1276678318.jpg', 'https://www.shutterstock.com/image/1276678318']
2019-01-08 05:00:03,761 - root - INFO - ['Start push to SLACK...']
2019-01-08 05:00:04,190 - root - INFO - ['Pushed...']
2019-01-08 05:00:04,191 - root - INFO - ['2019-01-07', '1276678396', 'Purple iris floral botanical flower. Wild spring leaf wildflower isolated. Watercolor background illustration set. Watercolour drawing fashion aquarelle isolated. Frame border ornament square.', 'https://image.shutterstock.com/image-illustration/purple-iris-floral-botanical-flower-260nw-1276678396.jpg', 'https://www.shutterstock.com/image/1276678396']
2019-01-08 05:00:04,277 - root - INFO - ['Start push to SLACK...']
2019-01-08 05:00:04,722 - root - INFO - ['Pushed...']
2019-01-08 05:00:04,723 - root - INFO - ['2019-01-07', '1276678441', 'Purple iris floral botanical flower. Wild spring leaf isolated. Watercolor illustration set. Watercolour drawing fashion aquarelle. Seamless background pattern. Fabric wallpaper print texture.', 'https://image.shutterstock.com/image-illustration/purple-iris-floral-botanical-flower-260nw-1276678441.jpg', 'https://www.shutterstock.com/image/1276678441']
2019-01-08 05:00:04,782 - root - INFO - ['Start push to SLACK...']
2019-01-08 05:00:05,155 - root - INFO - ['Pushed...']
2019-01-08 05:00:05,155 - root - INFO - ['2019-01-07', '1276678417', 'Purple iris floral botanical flower. Wild spring leaf isolated. Watercolor illustration set. Watercolour drawing fashion aquarelle. Seamless background pattern. Fabric wallpaper print texture.', 'https://image.shutterstock.com/image-illustration/purple-iris-floral-botanical-flower-260nw-1276678417.jpg', 'https://www.shutterstock.com/image/1276678417']
2019-01-08 05:00:05,208 - root - INFO - ['Start push to SLACK...']
2019-01-08 05:00:05,933 - root - INFO - ['Pushed...']
2019-01-08 05:00:05,933 - root - INFO - ['2019-01-07', '1276678384', 'Purple iris floral botanical flower. Wild spring leaf wildflower isolated. Watercolor background illustration set. Watercolour drawing fashion aquarelle isolated. Frame border ornament square.', 'https://image.shutterstock.com/image-illustration/purple-iris-floral-botanical-flower-260nw-1276678384.jpg', 'https://www.shutterstock.com/image/1276678384']
2019-01-08 05:00:06,011 - root - INFO - ['Start push to SLACK...']
2019-01-08 05:00:06,369 - root - INFO - ['Pushed...']
2019-01-08 05:00:06,369 - root - INFO - ['2019-01-07', '1276678255', 'Purple and red aquatic underwater nature coral reef. Watercolor illustration set. Watercolour drawing fashion aquarelle isolated. Seamless background pattern. Fabric wallpaper print texture.', 'https://image.shutterstock.com/image-illustration/purple-red-aquatic-underwater-nature-260nw-1276678255.jpg', 'https://www.shutterstock.com/image/1276678255']
2019-01-08 05:00:06,425 - root - INFO - ['Start push to SLACK...']
2019-01-08 05:00:06,865 - root - INFO - ['Pushed...']
2019-01-08 05:00:06,865 - root - INFO - ['2019-01-07', '1276678264', 'Watercolor bird feather from wing isolated. Aquarelle feather for background, texture, wrapper pattern, frame or border. Frame border ornament square. Watercolour drawing fashion aquarelle isolated.', 'https://image.shutterstock.com/image-illustration/watercolor-bird-feather-wing-isolated-260nw-1276678264.jpg', 'https://www.shutterstock.com/image/1276678264']
2019-01-08 05:00:06,907 - root - INFO - ['Start push to SLACK...']
2019-01-08 05:00:07,310 - root - INFO - ['Pushed...']
2019-01-08 05:00:07,310 - root - INFO - ['2019-01-07', '1276678402', 'Purple iris floral botanical flower. Wild spring leaf wildflower isolated. Watercolor background illustration set. Watercolour drawing fashion aquarelle isolated. Frame border ornament square.', 'https://image.shutterstock.com/image-illustration/purple-iris-floral-botanical-flower-260nw-1276678402.jpg', 'https://www.shutterstock.com/image/1276678402']
2019-01-08 05:00:07,358 - root - INFO - ['Start push to SLACK...']
2019-01-08 05:00:07,953 - root - INFO - ['Pushed...']
2019-01-08 05:00:07,953 - root - INFO - ['2019-01-07', '1276678405', 'Purple iris floral botanical flower. Wild spring leaf wildflower isolated. Watercolor background illustration set. Watercolour drawing fashion aquarelle isolated. Frame border ornament square.', 'https://image.shutterstock.com/image-illustration/purple-iris-floral-botanical-flower-260nw-1276678405.jpg', 'https://www.shutterstock.com/image/1276678405']
2019-01-08 05:00:07,996 - root - INFO - ['Start push to SLACK...']
2019-01-08 05:00:08,448 - root - INFO - ['Pushed...']
2019-01-08 05:00:08,448 - root - INFO - ['2019-01-07', '1276678390', 'Purple iris floral botanical flower. Wild spring leaf wildflower isolated. Watercolor background illustration set. Watercolour drawing fashion aquarelle isolated. Frame border ornament square.', 'https://image.shutterstock.com/image-illustration/purple-iris-floral-botanical-flower-260nw-1276678390.jpg', 'https://www.shutterstock.com/image/1276678390']
2019-01-08 05:00:08,524 - root - INFO - ['Start push to SLACK...']
2019-01-08 05:00:08,898 - root - INFO - ['Pushed...']
2019-01-08 05:00:08,898 - root - INFO - ['2019-01-07', '1276678453', 'Purple iris floral botanical flower. Wild spring leaf isolated. Watercolor illustration set. Watercolour drawing fashion aquarelle. Seamless background pattern. Fabric wallpaper print texture.', 'https://image.shutterstock.com/image-illustration/purple-iris-floral-botanical-flower-260nw-1276678453.jpg', 'https://www.shutterstock.com/image/1276678453']
2019-01-08 05:00:08,937 - root - INFO - ['Start push to SLACK...']
2019-01-08 05:00:09,491 - root - INFO - ['Pushed...']
2019-01-08 05:00:09,491 - root - INFO - ['2019-01-07', '1276678360', 'Purple iris floral botanical flower. Wild spring leaf wildflower isolated. Watercolor background illustration set. Watercolour drawing fashion aquarelle isolated. Frame border ornament square.', 'https://image.shutterstock.com/image-illustration/purple-iris-floral-botanical-flower-260nw-1276678360.jpg', 'https://www.shutterstock.com/image/1276678360']
2019-01-08 05:00:09,601 - root - INFO - ['Start push to SLACK...']
2019-01-08 05:00:09,938 - root - INFO - ['Pushed...']
2019-01-08 05:00:09,938 - root - INFO - ['2019-01-07', '1276678450', 'Purple iris floral botanical flower. Wild spring leaf isolated. Watercolor illustration set. Watercolour drawing fashion aquarelle. Seamless background pattern. Fabric wallpaper print texture.', 'https://image.shutterstock.com/image-illustration/purple-iris-floral-botanical-flower-260nw-1276678450.jpg', 'https://www.shutterstock.com/image/1276678450']
2019-01-08 05:00:09,980 - root - INFO - ['Start push to SLACK...']
2019-01-08 05:00:10,700 - root - INFO - ['Pushed...']
2019-01-08 05:00:10,700 - root - INFO - ['2019-01-07', '1276678282', 'Watercolor bird feather from wing isolated. Aquarelle feather for background, texture, wrapper pattern, frame or border. Frame border ornament square. Watercolour drawing fashion aquarelle isolated.', 'https://image.shutterstock.com/image-illustration/watercolor-bird-feather-wing-isolated-260nw-1276678282.jpg', 'https://www.shutterstock.com/image/1276678282']
2019-01-08 05:00:10,739 - root - INFO - ['Start push to SLACK...']
2019-01-08 05:00:11,052 - root - INFO - ['Pushed...']
2019-01-08 05:00:11,052 - root - INFO - ['2019-01-07', '1276678459', 'Purple iris floral botanical flower. Wild spring leaf wildflower isolated. Watercolor background illustration set. Watercolour drawing fashion aquarelle. Isolated iris illustration element.', 'https://image.shutterstock.com/image-illustration/purple-iris-floral-botanical-flower-260nw-1276678459.jpg', 'https://www.shutterstock.com/image/1276678459']
2019-01-08 05:00:11,118 - root - INFO - ['Start push to SLACK...']
2019-01-08 05:00:11,377 - root - INFO - ['Pushed...']
2019-01-08 05:00:11,377 - root - INFO - ['2019-01-07', '1276678429', 'Purple iris floral botanical flower. Wild spring leaf isolated. Watercolor illustration set. Watercolour drawing fashion aquarelle. Seamless background pattern. Fabric wallpaper print texture.', 'https://image.shutterstock.com/image-illustration/purple-iris-floral-botanical-flower-260nw-1276678429.jpg', 'https://www.shutterstock.com/image/1276678429']
2019-01-08 05:00:11,420 - root - INFO - ['Start push to SLACK...']
2019-01-08 05:00:11,646 - root - INFO - ['Pushed...']
2019-01-08 05:00:11,647 - root - INFO - ['2019-01-07', '1276678333', 'Watercolor bird feather from wing isolated. Aquarelle feather for background, texture, wrapper pattern, frame or border. Watercolour seamless background pattern. Fabric wallpaper print texture.', 'https://image.shutterstock.com/image-illustration/watercolor-bird-feather-wing-isolated-260nw-1276678333.jpg', 'https://www.shutterstock.com/image/1276678333']
2019-01-08 05:00:11,687 - root - INFO - ['Start push to SLACK...']
2019-01-08 05:00:12,398 - root - INFO - ['Pushed...']
2019-01-08 05:00:12,398 - root - INFO - ['2019-01-07', '1276678297', 'Watercolor bird feather from wing isolated. Aquarelle feather for background, texture, wrapper pattern, frame or border. Frame border ornament square. Watercolour drawing fashion aquarelle isolated.', 'https://image.shutterstock.com/image-illustration/watercolor-bird-feather-wing-isolated-260nw-1276678297.jpg', 'https://www.shutterstock.com/image/1276678297']
2019-01-08 05:00:12,443 - root - INFO - ['Start push to SLACK...']
2019-01-08 05:00:12,751 - root - INFO - ['Pushed...']
2019-01-08 05:00:12,751 - root - INFO - ['2019-01-07', '1276678273', 'Purple and red aquatic underwater nature coral reef. Watercolor illustration set. Watercolour drawing fashion aquarelle isolated. Seamless background pattern. Fabric wallpaper print texture.', 'https://image.shutterstock.com/image-illustration/purple-red-aquatic-underwater-nature-260nw-1276678273.jpg', 'https://www.shutterstock.com/image/1276678273']
2019-01-08 05:00:12,823 - root - INFO - ['Start push to SLACK...']
2019-01-08 05:00:13,310 - root - INFO - ['Pushed...']
2019-01-08 05:00:13,310 - root - INFO - ['2019-01-07', '1276678447', 'Purple iris floral botanical flower. Wild spring leaf isolated. Watercolor illustration set. Watercolour drawing fashion aquarelle. Seamless background pattern. Fabric wallpaper print texture.', 'https://image.shutterstock.com/image-illustration/purple-iris-floral-botanical-flower-260nw-1276678447.jpg', 'https://www.shutterstock.com/image/1276678447']
2019-01-08 05:00:13,362 - root - INFO - ['Start push to SLACK...']
2019-01-08 05:00:14,059 - root - INFO - ['Pushed...']
2019-01-08 05:00:14,059 - root - INFO - ['2019-01-07', '1276678366', 'Watercolor bird feather from wing isolated. Aquarelle feather for background, texture, wrapper pattern, frame or border. Watercolour seamless background pattern. Fabric wallpaper print texture.', 'https://image.shutterstock.com/image-illustration/watercolor-bird-feather-wing-isolated-260nw-1276678366.jpg', 'https://www.shutterstock.com/image/1276678366']
2019-01-08 05:00:14,100 - root - INFO - ['Start push to SLACK...']
2019-01-08 05:00:14,629 - root - INFO - ['Pushed...']
2019-01-08 05:00:14,629 - root - INFO - ['2019-01-07', '1276678351', 'Watercolor orange and blue bird feather from wing isolated. Aquarelle feather for background set. Watercolour drawing isolated feathers illustration element.', 'https://image.shutterstock.com/image-illustration/watercolor-orange-blue-bird-feather-260nw-1276678351.jpg', 'https://www.shutterstock.com/image/1276678351']
2019-01-08 05:00:14,666 - root - INFO - ['Start push to SLACK...']
2019-01-08 05:00:14,947 - root - INFO - ['Pushed...']
2019-01-08 05:00:14,947 - root - INFO - ['2019-01-07', '1276678330', 'Watercolor bird feather from wing isolated. Aquarelle feather for background, texture, wrapper pattern, frame or border. Watercolour seamless background pattern. Fabric wallpaper print texture.', 'https://image.shutterstock.com/image-illustration/watercolor-bird-feather-wing-isolated-260nw-1276678330.jpg', 'https://www.shutterstock.com/image/1276678330']
2019-01-08 05:00:14,995 - root - INFO - ['Start push to SLACK...']
2019-01-08 05:00:15,381 - root - INFO - ['Pushed...']
2019-01-08 05:00:15,381 - root - INFO - ['2019-01-07', '1276678288', 'Watercolor bird feather from wing isolated. Aquarelle feather for background, texture, wrapper pattern, frame or border. Frame border ornament square. Watercolour drawing fashion aquarelle isolated.', 'https://image.shutterstock.com/image-illustration/watercolor-bird-feather-wing-isolated-260nw-1276678288.jpg', 'https://www.shutterstock.com/image/1276678288']
2019-01-08 05:00:15,460 - root - INFO - ['Start push to SLACK...']
2019-01-08 05:00:16,134 - root - INFO - ['Pushed...']
2019-01-08 05:00:16,134 - root - INFO - ['2019-01-07', '1276678960', 'Purple and red aquatic underwater nature coral reef. Watercolor illustration set. Watercolour drawing fashion aquarelle isolated. Seamless background pattern. Fabric wallpaper print texture.', 'https://image.shutterstock.com/image-illustration/purple-red-aquatic-underwater-nature-260nw-1276678960.jpg', 'https://www.shutterstock.com/image/1276678960']
2019-01-08 05:00:16,225 - root - INFO - ['Start push to SLACK...']
2019-01-08 05:00:16,548 - root - INFO - ['Pushed...']
2019-01-08 05:00:16,548 - root - INFO - ['2019-01-07', '1276678372', 'Watercolor brown and blue bird feather from wing isolated. Aquarelle feather for background set. Watercolour drawing isolated feathers illustration element.', 'https://image.shutterstock.com/image-illustration/watercolor-brown-blue-bird-feather-260nw-1276678372.jpg', 'https://www.shutterstock.com/image/1276678372']
2019-01-08 05:00:16,584 - root - INFO - ['Start push to SLACK...']
2019-01-08 05:00:17,029 - root - INFO - ['Pushed...']
2019-01-08 05:00:17,029 - root - INFO - ['2019-01-07', '1276678258', 'Purple and red aquatic underwater nature coral reef. Watercolor illustration set. Watercolour drawing fashion aquarelle isolated. Seamless background pattern. Fabric wallpaper print texture.', 'https://image.shutterstock.com/image-illustration/purple-red-aquatic-underwater-nature-260nw-1276678258.jpg', 'https://www.shutterstock.com/image/1276678258']
2019-01-08 05:00:17,144 - root - INFO - ['Start push to SLACK...']
2019-01-08 05:00:17,733 - root - INFO - ['Pushed...']
2019-01-08 05:00:17,734 - root - INFO - ['2019-01-07', '1276678444', 'Purple iris floral botanical flower. Wild spring leaf isolated. Watercolor illustration set. Watercolour drawing fashion aquarelle. Seamless background pattern. Fabric wallpaper print texture.', 'https://image.shutterstock.com/image-illustration/purple-iris-floral-botanical-flower-260nw-1276678444.jpg', 'https://www.shutterstock.com/image/1276678444']
2019-01-08 05:00:17,871 - root - INFO - ['Start push to SLACK...']
2019-01-08 05:00:18,095 - root - INFO - ['Pushed...']
2019-01-08 05:00:18,096 - root - INFO - ['2019-01-07', '1276678963', 'Purple and red aquatic underwater nature coral reef. Watercolor illustration set. Watercolour drawing fashion aquarelle isolated. Seamless background pattern. Fabric wallpaper print texture.', 'https://image.shutterstock.com/image-illustration/purple-red-aquatic-underwater-nature-260nw-1276678963.jpg', 'https://www.shutterstock.com/image/1276678963']
2019-01-08 05:00:18,466 - root - INFO - ['Start push to SLACK...']
2019-01-08 05:00:18,937 - root - INFO - ['Pushed...']
2019-01-08 05:00:18,937 - root - INFO - ['2019-01-07', '1276678438', 'Purple iris floral botanical flower. Wild spring leaf isolated. Watercolor illustration set. Watercolour drawing fashion aquarelle. Seamless background pattern. Fabric wallpaper print texture.', 'https://image.shutterstock.com/image-illustration/purple-iris-floral-botanical-flower-260nw-1276678438.jpg', 'https://www.shutterstock.com/image/1276678438']
2019-01-08 05:00:18,980 - root - INFO - ['Start push to SLACK...']
2019-01-08 05:00:19,544 - root - INFO - ['Pushed...']
2019-01-08 05:00:19,544 - root - INFO - ['2019-01-07', '1276678414', 'Purple iris floral botanical flower. Wild spring leaf wildflower isolated. Watercolor background illustration set. Watercolour drawing fashion aquarelle isolated. Frame border ornament square.', 'https://image.shutterstock.com/image-illustration/purple-iris-floral-botanical-flower-260nw-1276678414.jpg', 'https://www.shutterstock.com/image/1276678414']
2019-01-08 05:00:19,577 - root - INFO - ['Start push to SLACK...']
2019-01-08 05:00:19,861 - root - INFO - ['Pushed...']
2019-01-08 05:00:19,861 - root - INFO - ['2019-01-07', '1276678387', 'Purple iris floral botanical flower. Wild spring leaf wildflower isolated. Watercolor background illustration set. Watercolour drawing fashion aquarelle isolated. Frame border ornament square.', 'https://image.shutterstock.com/image-illustration/purple-iris-floral-botanical-flower-260nw-1276678387.jpg', 'https://www.shutterstock.com/image/1276678387']
2019-01-08 05:00:19,897 - root - INFO - ['Start push to SLACK...']
2019-01-08 05:00:20,370 - root - INFO - ['Pushed...']
2019-01-08 05:00:20,370 - root - INFO - ['2019-01-07', '1276678270', 'Purple and red aquatic nature coral reef. Tropical plant sea and ocean water life element. Watercolor background set. Watercolour drawing fashion aquarelle. Isolated coral illustration element.', 'https://image.shutterstock.com/image-illustration/purple-red-aquatic-nature-coral-260nw-1276678270.jpg', 'https://www.shutterstock.com/image/1276678270']
2019-01-08 05:00:20,414 - root - INFO - ['Start push to SLACK...']
2019-01-08 05:00:20,680 - root - INFO - ['Pushed...']
2019-01-08 05:00:20,680 - root - INFO - ['2019-01-07', '1276678237', 'Purple and red aquatic underwater nature coral reef. Watercolor illustration set. Watercolour drawing fashion aquarelle isolated. Seamless background pattern. Fabric wallpaper print texture.', 'https://image.shutterstock.com/image-illustration/purple-red-aquatic-underwater-nature-260nw-1276678237.jpg', 'https://www.shutterstock.com/image/1276678237']
2019-01-08 05:00:20,709 - root - INFO - ['Start push to SLACK...']
2019-01-08 05:00:21,208 - root - INFO - ['Pushed...']
2019-01-08 05:00:21,208 - root - INFO - ['2019-01-07', '1276678294', 'Watercolor bird feather from wing isolated. Aquarelle feather for background, texture, wrapper pattern, frame or border. Frame border ornament square. Watercolour drawing fashion aquarelle isolated.', 'https://image.shutterstock.com/image-illustration/watercolor-bird-feather-wing-isolated-260nw-1276678294.jpg', 'https://www.shutterstock.com/image/1276678294']
2019-01-08 05:00:21,240 - root - INFO - ['Start push to SLACK...']
2019-01-08 05:00:21,841 - root - INFO - ['Pushed...']
2019-01-08 05:00:21,841 - root - INFO - ['2019-01-07', '1276678423', 'Purple iris floral botanical flower. Wild spring leaf isolated. Watercolor illustration set. Watercolour drawing fashion aquarelle. Seamless background pattern. Fabric wallpaper print texture.', 'https://image.shutterstock.com/image-illustration/purple-iris-floral-botanical-flower-260nw-1276678423.jpg', 'https://www.shutterstock.com/image/1276678423']
2019-01-08 05:00:21,971 - root - INFO - ['Start push to SLACK...']
2019-01-08 05:00:22,565 - root - INFO - ['Pushed...']
2019-01-08 05:00:22,565 - root - INFO - ['2019-01-07', '1276678231', 'Purple and red aquatic underwater nature coral reef. Watercolor illustration set. Watercolour drawing fashion aquarelle isolated. Seamless background pattern. Fabric wallpaper print texture.', 'https://image.shutterstock.com/image-illustration/purple-red-aquatic-underwater-nature-260nw-1276678231.jpg', 'https://www.shutterstock.com/image/1276678231']
2019-01-08 05:00:22,597 - root - INFO - ['Start push to SLACK...']
2019-01-08 05:00:23,004 - root - INFO - ['Pushed...']
2019-01-08 05:00:23,004 - root - INFO - ['2019-01-07', '1276678324', 'Watercolor bird feather from wing isolated. Aquarelle feather for background, texture, wrapper pattern, frame or border. Watercolour seamless background pattern. Fabric wallpaper print texture.', 'https://image.shutterstock.com/image-illustration/watercolor-bird-feather-wing-isolated-260nw-1276678324.jpg', 'https://www.shutterstock.com/image/1276678324']
2019-01-08 05:00:23,037 - root - INFO - ['Start push to SLACK...']
2019-01-08 05:00:23,558 - root - INFO - ['Pushed...']
2019-01-08 05:00:23,559 - root - INFO - ['2019-01-07', '1276678348', 'Watercolor bird feather from wing isolated. Aquarelle feather for background, texture, wrapper pattern, frame or border. Watercolour seamless background pattern. Fabric wallpaper print texture.', 'https://image.shutterstock.com/image-illustration/watercolor-bird-feather-wing-isolated-260nw-1276678348.jpg', 'https://www.shutterstock.com/image/1276678348']
2019-01-08 05:00:23,600 - root - INFO - ['Start push to SLACK...']
2019-01-08 05:00:24,174 - root - INFO - ['Pushed...']
2019-01-08 05:00:24,174 - root - INFO - ['2019-01-07', '1276678357', 'Watercolor brown, red, orange and blue bird feather from wing isolated. Aquarelle feather for background set. Watercolour drawing isolated feathers illustration element.', 'https://image.shutterstock.com/image-illustration/watercolor-brown-red-orange-blue-260nw-1276678357.jpg', 'https://www.shutterstock.com/image/1276678357']
2019-01-08 05:00:24,209 - root - INFO - ['Start push to SLACK...']
2019-01-08 05:00:24,467 - root - INFO - ['Pushed...']
2019-01-08 05:00:24,467 - root - INFO - ['2019-01-07', '1276678234', 'Purple and red aquatic underwater nature coral reef. Watercolor illustration set. Watercolour drawing fashion aquarelle isolated. Seamless background pattern. Fabric wallpaper print texture.', 'https://image.shutterstock.com/image-illustration/purple-red-aquatic-underwater-nature-260nw-1276678234.jpg', 'https://www.shutterstock.com/image/1276678234']
2019-01-08 05:00:24,499 - root - INFO - ['Start push to SLACK...']
2019-01-08 05:00:24,807 - root - INFO - ['Pushed...']
2019-01-08 05:00:24,807 - root - INFO - ['2019-01-07', '1276678228', 'Purple and red aquatic underwater nature coral reef. Watercolor illustration set. Watercolour drawing fashion aquarelle isolated. Seamless background pattern. Fabric wallpaper print texture.', 'https://image.shutterstock.com/image-illustration/purple-red-aquatic-underwater-nature-260nw-1276678228.jpg', 'https://www.shutterstock.com/image/1276678228']
2019-01-08 05:00:24,863 - root - INFO - ['Start push to SLACK...']
2019-01-08 05:00:25,180 - root - INFO - ['Pushed...']
2019-01-08 05:00:25,180 - root - INFO - ['2019-01-07', '1276678426', 'Purple iris floral botanical flower. Wild spring leaf isolated. Watercolor illustration set. Watercolour drawing fashion aquarelle. Seamless background pattern. Fabric wallpaper print texture.', 'https://image.shutterstock.com/image-illustration/purple-iris-floral-botanical-flower-260nw-1276678426.jpg', 'https://www.shutterstock.com/image/1276678426']
2019-01-08 05:00:25,211 - root - INFO - ['Start push to SLACK...']
2019-01-08 05:00:25,600 - root - INFO - ['Pushed...']
2019-01-08 05:00:25,600 - root - INFO - ['2019-01-07', '1276678261', 'Purple and red aquatic nature coral reef. Tropical plant sea and ocean water life element. Watercolor background set. Watercolour drawing fashion aquarelle. Isolated coral illustration element.', 'https://image.shutterstock.com/image-illustration/purple-red-aquatic-nature-coral-260nw-1276678261.jpg', 'https://www.shutterstock.com/image/1276678261']
2019-01-08 05:00:25,732 - root - INFO - ['Start push to SLACK...']
2019-01-08 05:00:26,091 - root - INFO - ['Pushed...']
2019-01-08 05:00:26,091 - root - INFO - ['2019-01-07', '1276678420', 'Purple iris floral botanical flower. Wild spring leaf isolated. Watercolor illustration set. Watercolour drawing fashion aquarelle. Seamless background pattern. Fabric wallpaper print texture.', 'https://image.shutterstock.com/image-illustration/purple-iris-floral-botanical-flower-260nw-1276678420.jpg', 'https://www.shutterstock.com/image/1276678420']
2019-01-08 05:00:26,196 - root - INFO - ['Start push to SLACK...']
2019-01-08 05:00:26,916 - root - INFO - ['Pushed...']
2019-01-08 05:00:26,916 - root - INFO - ['2019-01-07', '1276678432', 'Purple iris floral botanical flower. Wild spring leaf isolated. Watercolor illustration set. Watercolour drawing fashion aquarelle. Seamless background pattern. Fabric wallpaper print texture.', 'https://image.shutterstock.com/image-illustration/purple-iris-floral-botanical-flower-260nw-1276678432.jpg', 'https://www.shutterstock.com/image/1276678432']
2019-01-08 05:00:26,987 - root - INFO - ['Start push to SLACK...']
2019-01-08 05:00:27,550 - root - INFO - ['Pushed...']
2019-01-08 05:00:27,550 - root - INFO - ['2019-01-07', '1276678240', 'Purple and red aquatic underwater nature coral reef. Watercolor illustration set. Watercolour drawing fashion aquarelle isolated. Seamless background pattern. Fabric wallpaper print texture.', 'https://image.shutterstock.com/image-illustration/purple-red-aquatic-underwater-nature-260nw-1276678240.jpg', 'https://www.shutterstock.com/image/1276678240']
2019-01-08 05:00:27,608 - root - INFO - ['Start push to SLACK...']
2019-01-08 05:00:28,299 - root - INFO - ['Pushed...']
2019-01-08 05:00:28,299 - root - INFO - ['2019-01-07', '1276678456', 'Purple iris floral botanical flower. Wild spring leaf isolated. Watercolor illustration set. Watercolour drawing fashion aquarelle. Seamless background pattern. Fabric wallpaper print texture.', 'https://image.shutterstock.com/image-illustration/purple-iris-floral-botanical-flower-260nw-1276678456.jpg', 'https://www.shutterstock.com/image/1276678456']
2019-01-08 05:00:28,364 - root - INFO - ['Start push to SLACK...']
2019-01-08 05:00:28,676 - root - INFO - ['Pushed...']
2019-01-08 05:00:28,676 - root - INFO - ['2019-01-07', '1276678300', 'Watercolor bird feather from wing isolated. Aquarelle feather for background, texture, wrapper pattern, frame or border. Frame border ornament square. Watercolour drawing fashion aquarelle isolated.', 'https://image.shutterstock.com/image-illustration/watercolor-bird-feather-wing-isolated-260nw-1276678300.jpg', 'https://www.shutterstock.com/image/1276678300']
2019-01-08 05:00:28,708 - root - INFO - ['Start push to SLACK...']
2019-01-08 05:00:29,153 - root - INFO - ['Pushed...']
2019-01-08 05:00:29,153 - root - INFO - ['2019-01-07', '1276678399', 'Purple iris floral botanical flower. Wild spring leaf wildflower isolated. Watercolor background illustration set. Watercolour drawing fashion aquarelle isolated. Frame border ornament square.', 'https://image.shutterstock.com/image-illustration/purple-iris-floral-botanical-flower-260nw-1276678399.jpg', 'https://www.shutterstock.com/image/1276678399']
2019-01-08 05:00:29,190 - root - INFO - ['Start push to SLACK...']
2019-01-08 05:00:29,486 - root - INFO - ['Pushed...']
2019-01-08 05:00:29,486 - root - INFO - ['2019-01-07', '1276678342', 'Watercolor bird feather from wing isolated. Aquarelle feather for background, texture, wrapper pattern, frame or border. Watercolour seamless background pattern. Fabric wallpaper print texture.', 'https://image.shutterstock.com/image-illustration/watercolor-bird-feather-wing-isolated-260nw-1276678342.jpg', 'https://www.shutterstock.com/image/1276678342']
2019-01-08 05:00:29,523 - root - INFO - ['Start push to SLACK...']
2019-01-08 05:00:29,785 - root - INFO - ['Pushed...']
2019-01-08 05:00:29,785 - root - INFO - ['2019-01-07', '1276678309', 'Watercolor bird feather from wing isolated. Aquarelle feather for background, texture, wrapper pattern, frame or border. Watercolour seamless background pattern. Fabric wallpaper print texture.', 'https://image.shutterstock.com/image-illustration/watercolor-bird-feather-wing-isolated-260nw-1276678309.jpg', 'https://www.shutterstock.com/image/1276678309']
2019-01-08 05:00:29,818 - root - INFO - ['Start push to SLACK...']
2019-01-08 05:00:30,160 - root - INFO - ['Pushed...']
2019-01-08 05:00:30,160 - root - INFO - ['2019-01-07', '1276678462', 'Purple iris floral botanical flower. Wild spring leaf wildflower isolated. Watercolor background illustration set. Watercolour drawing fashion aquarelle. Isolated iris illustration element.', 'https://image.shutterstock.com/image-illustration/purple-iris-floral-botanical-flower-260nw-1276678462.jpg', 'https://www.shutterstock.com/image/1276678462']
2019-01-08 05:00:30,194 - root - INFO - ['Start push to SLACK...']
2019-01-08 05:00:30,622 - root - INFO - ['Pushed...']
2019-01-08 05:00:30,622 - root - INFO - ['2019-01-07', '1276678339', 'Watercolor bird feather from wing isolated. Aquarelle feather for background, texture, wrapper pattern, frame or border. Watercolour seamless background pattern. Fabric wallpaper print texture.', 'https://image.shutterstock.com/image-illustration/watercolor-bird-feather-wing-isolated-260nw-1276678339.jpg', 'https://www.shutterstock.com/image/1276678339']
2019-01-08 05:00:30,659 - root - INFO - ['Start push to SLACK...']
2019-01-08 05:00:30,904 - root - INFO - ['Pushed...']
2019-01-08 05:00:30,904 - root - INFO - ['2019-01-07', '1276678327', 'Watercolor bird feather from wing isolated. Aquarelle feather for background, texture, wrapper pattern, frame or border. Watercolour seamless background pattern. Fabric wallpaper print texture.', 'https://image.shutterstock.com/image-illustration/watercolor-bird-feather-wing-isolated-260nw-1276678327.jpg', 'https://www.shutterstock.com/image/1276678327']
2019-01-08 05:00:30,975 - root - INFO - ['Start push to SLACK...']
2019-01-08 05:00:31,406 - root - INFO - ['Pushed...']
2019-01-08 05:00:31,406 - root - INFO - ['2019-01-07', '1276678321', 'Watercolor bird feather from wing isolated. Aquarelle feather for background, texture, wrapper pattern, frame or border. Watercolour seamless background pattern. Fabric wallpaper print texture.', 'https://image.shutterstock.com/image-illustration/watercolor-bird-feather-wing-isolated-260nw-1276678321.jpg', 'https://www.shutterstock.com/image/1276678321']
2019-01-08 05:00:31,445 - root - INFO - ['Start push to SLACK...']
2019-01-08 05:00:31,883 - root - INFO - ['Pushed...']
2019-01-08 05:00:31,883 - root - INFO - ['2019-01-07', '1276678336', 'Watercolor bird feather from wing isolated. Aquarelle feather for background, texture, wrapper pattern, frame or border. Watercolour seamless background pattern. Fabric wallpaper print texture.', 'https://image.shutterstock.com/image-illustration/watercolor-bird-feather-wing-isolated-260nw-1276678336.jpg', 'https://www.shutterstock.com/image/1276678336']
2019-01-08 05:00:31,926 - root - INFO - ['Start push to SLACK...']
2019-01-08 05:00:33,031 - root - INFO - ['Pushed...']
2019-01-08 05:00:33,032 - root - INFO - ['2019-01-07', '1276678369', 'Purple iris floral botanical flower. Wild spring leaf wildflower isolated. Watercolor background illustration set. Watercolour drawing fashion aquarelle isolated. Frame border ornament square.', 'https://image.shutterstock.com/image-illustration/purple-iris-floral-botanical-flower-260nw-1276678369.jpg', 'https://www.shutterstock.com/image/1276678369']
2019-01-08 05:00:33,105 - root - INFO - ['Start push to SLACK...']
2019-01-08 05:00:33,320 - root - INFO - ['Pushed...']
2019-01-08 05:00:33,322 - root - INFO - ['2019-01-07', '1276678315', 'Watercolor bird feather from wing isolated. Aquarelle feather for background, texture, wrapper pattern, frame or border. Frame border ornament square. Watercolour drawing fashion aquarelle isolated.', 'https://image.shutterstock.com/image-illustration/watercolor-bird-feather-wing-isolated-260nw-1276678315.jpg', 'https://www.shutterstock.com/image/1276678315']
2019-01-08 05:00:33,506 - root - INFO - ['Start push to SLACK...']
2019-01-08 05:00:33,728 - root - INFO - ['Pushed...']
2019-01-08 05:00:33,728 - root - INFO - ['2019-01-07', '1276678243', 'Purple and red aquatic underwater nature coral reef. Watercolor illustration set. Watercolour drawing fashion aquarelle isolated. Seamless background pattern. Fabric wallpaper print texture.', 'https://image.shutterstock.com/image-illustration/purple-red-aquatic-underwater-nature-260nw-1276678243.jpg', 'https://www.shutterstock.com/image/1276678243']
2019-01-08 05:00:33,760 - root - INFO - ['Start push to SLACK...']
2019-01-08 05:00:34,113 - root - INFO - ['Pushed...']
2019-01-08 05:00:34,113 - root - INFO - ['2019-01-07', '1276678354', 'Watercolor orange and red bird feather from wing isolated. Aquarelle feather for background set. Watercolour drawing isolated feathers illustration element.', 'https://image.shutterstock.com/image-illustration/watercolor-orange-red-bird-feather-260nw-1276678354.jpg', 'https://www.shutterstock.com/image/1276678354']
2019-01-08 05:00:34,159 - root - INFO - ['Start push to SLACK...']
2019-01-08 05:00:34,434 - root - INFO - ['Pushed...']
2019-01-08 05:00:34,434 - root - INFO - ['2019-01-07', '1276678303', 'Watercolor bird feather from wing isolated. Aquarelle feather for background, texture, wrapper pattern, frame or border. Frame border ornament square. Watercolour drawing fashion aquarelle isolated.', 'https://image.shutterstock.com/image-illustration/watercolor-bird-feather-wing-isolated-260nw-1276678303.jpg', 'https://www.shutterstock.com/image/1276678303']
2019-01-08 05:00:34,466 - root - INFO - ['Start push to SLACK...']
2019-01-08 05:00:34,736 - root - INFO - ['Pushed...']
2019-01-08 05:00:34,736 - root - INFO - ['2019-01-07', '1276678312', 'Watercolor bird feather from wing isolated. Aquarelle feather for background, texture, wrapper pattern, frame or border. Watercolour seamless background pattern. Fabric wallpaper print texture.', 'https://image.shutterstock.com/image-illustration/watercolor-bird-feather-wing-isolated-260nw-1276678312.jpg', 'https://www.shutterstock.com/image/1276678312']
2019-01-08 05:00:34,775 - root - INFO - ['Start push to SLACK...']
2019-01-08 05:00:35,078 - root - INFO - ['Pushed...']
2019-01-08 05:00:35,078 - root - INFO - ['2019-01-07', '1276678393', 'Purple iris floral botanical flower. Wild spring leaf wildflower isolated. Watercolor background illustration set. Watercolour drawing fashion aquarelle isolated. Frame border ornament square.', 'https://image.shutterstock.com/image-illustration/purple-iris-floral-botanical-flower-260nw-1276678393.jpg', 'https://www.shutterstock.com/image/1276678393']
2019-01-08 05:00:35,128 - root - INFO - ['Start push to SLACK...']
2019-01-08 05:00:35,704 - root - INFO - ['Pushed...']
2019-01-08 05:00:35,704 - root - INFO - ['2019-01-07', '1276678408', 'Purple iris floral botanical flower. Wild spring leaf wildflower isolated. Watercolor background illustration set. Watercolour drawing fashion aquarelle isolated. Frame border ornament square.', 'https://image.shutterstock.com/image-illustration/purple-iris-floral-botanical-flower-260nw-1276678408.jpg', 'https://www.shutterstock.com/image/1276678408']
2019-01-08 05:00:35,745 - root - INFO - ['Start push to SLACK...']
2019-01-08 05:00:36,526 - root - INFO - ['Pushed...']
2019-01-08 05:00:36,526 - root - INFO - ['2019-01-07', '1276678249', 'Purple and red aquatic underwater nature coral reef. Watercolor illustration set. Watercolour drawing fashion aquarelle isolated. Seamless background pattern. Fabric wallpaper print texture.', 'https://image.shutterstock.com/image-illustration/purple-red-aquatic-underwater-nature-260nw-1276678249.jpg', 'https://www.shutterstock.com/image/1276678249']
2019-01-08 05:00:36,562 - root - INFO - ['Start push to SLACK...']
2019-01-08 05:00:37,051 - root - INFO - ['Pushed...']
2019-01-08 05:00:37,051 - root - INFO - ['2019-01-07', '1276678363', 'Watercolor bird feather from wing isolated. Aquarelle feather for background, texture, wrapper pattern, frame or border. Watercolour seamless background pattern. Fabric wallpaper print texture.', 'https://image.shutterstock.com/image-illustration/watercolor-bird-feather-wing-isolated-260nw-1276678363.jpg', 'https://www.shutterstock.com/image/1276678363']
2019-01-08 05:00:37,086 - root - INFO - ['Start push to SLACK...']
2019-01-08 05:00:37,318 - root - INFO - ['Pushed...']
2019-01-08 05:00:37,318 - root - INFO - ['2019-01-07', '1276678465', 'Purple iris floral botanical flower. Wild spring leaf wildflower isolated. Watercolor background illustration set. Watercolour drawing fashion aquarelle. Isolated iris illustration element.', 'https://image.shutterstock.com/image-illustration/purple-iris-floral-botanical-flower-260nw-1276678465.jpg', 'https://www.shutterstock.com/image/1276678465']
2019-01-08 05:00:37,390 - root - INFO - ['Start push to SLACK...']
2019-01-08 05:00:37,876 - root - INFO - ['Pushed...']
2019-01-08 05:00:37,876 - root - INFO - ['2019-01-07', '1276678291', 'Watercolor bird feather from wing isolated. Aquarelle feather for background, texture, wrapper pattern, frame or border. Frame border ornament square. Watercolour drawing fashion aquarelle isolated.', 'https://image.shutterstock.com/image-illustration/watercolor-bird-feather-wing-isolated-260nw-1276678291.jpg', 'https://www.shutterstock.com/image/1276678291']
2019-01-08 05:00:37,914 - root - INFO - ['Start push to SLACK...']
2019-01-08 05:00:38,414 - root - INFO - ['Pushed...']
2019-01-08 05:00:38,414 - root - INFO - ['2019-01-07', '1276678285', 'Purple and red aquatic nature coral reef. Tropical plant sea and ocean water life element. Watercolor background set. Watercolour drawing fashion aquarelle. Isolated coral illustration element.', 'https://image.shutterstock.com/image-illustration/purple-red-aquatic-nature-coral-260nw-1276678285.jpg', 'https://www.shutterstock.com/image/1276678285']
2019-01-08 05:00:38,448 - root - INFO - ['Start push to SLACK...']
2019-01-08 05:00:38,821 - root - INFO - ['Pushed...']
2019-01-08 05:00:38,821 - root - INFO - ['2019-01-07', '1276678279', 'Watercolor bird feather from wing isolated. Aquarelle feather for background, texture, wrapper pattern, frame or border. Frame border ornament square. Watercolour drawing fashion aquarelle isolated.', 'https://image.shutterstock.com/image-illustration/watercolor-bird-feather-wing-isolated-260nw-1276678279.jpg', 'https://www.shutterstock.com/image/1276678279']
2019-01-08 05:00:38,855 - root - INFO - ['Start push to SLACK...']
2019-01-08 05:00:39,426 - root - INFO - ['Pushed...']
2019-01-08 05:00:39,426 - root - INFO - ['2019-01-07', '1276678306', 'Watercolor bird feather from wing isolated. Aquarelle feather for background, texture, wrapper pattern, frame or border. Frame border ornament square. Watercolour drawing fashion aquarelle isolated.', 'https://image.shutterstock.com/image-illustration/watercolor-bird-feather-wing-isolated-260nw-1276678306.jpg', 'https://www.shutterstock.com/image/1276678306']
2019-01-08 05:00:39,496 - root - INFO - ['Start push to SLACK...']
2019-01-08 05:00:39,749 - root - INFO - ['Pushed...']
2019-01-08 05:00:39,749 - root - INFO - ['2019-01-07', '1276678411', 'Purple iris floral botanical flower. Wild spring leaf isolated. Watercolor illustration set. Watercolour drawing fashion aquarelle. Seamless background pattern. Fabric wallpaper print texture.', 'https://image.shutterstock.com/image-illustration/purple-iris-floral-botanical-flower-260nw-1276678411.jpg', 'https://www.shutterstock.com/image/1276678411']
2019-01-08 05:00:39,786 - root - INFO - ['Start push to SLACK...']
2019-01-08 05:00:40,180 - root - INFO - ['Pushed...']
2019-01-08 05:00:40,180 - root - INFO - ['2019-01-07', '1276678345', 'Watercolor bird feather from wing isolated. Aquarelle feather for background, texture, wrapper pattern, frame or border. Watercolour seamless background pattern. Fabric wallpaper print texture.', 'https://image.shutterstock.com/image-illustration/watercolor-bird-feather-wing-isolated-260nw-1276678345.jpg', 'https://www.shutterstock.com/image/1276678345']
2019-01-08 05:00:40,414 - root - INFO - ['Start push to SLACK...']
2019-01-08 05:00:40,990 - root - INFO - ['Pushed...']
2019-01-08 05:00:40,990 - root - INFO - ['2019-01-07', '1276678435', 'Purple iris floral botanical flower. Wild spring leaf isolated. Watercolor illustration set. Watercolour drawing fashion aquarelle. Seamless background pattern. Fabric wallpaper print texture.', 'https://image.shutterstock.com/image-illustration/purple-iris-floral-botanical-flower-260nw-1276678435.jpg', 'https://www.shutterstock.com/image/1276678435']
2019-01-08 05:00:41,027 - root - INFO - ['Start push to SLACK...']
2019-01-08 05:00:41,592 - root - INFO - ['Pushed...']
2019-01-08 05:00:41,593 - root - INFO - ['2019-01-07', '1276678252', 'Purple and red aquatic underwater nature coral reef. Watercolor illustration set. Watercolour drawing fashion aquarelle isolated. Seamless background pattern. Fabric wallpaper print texture.', 'https://image.shutterstock.com/image-illustration/purple-red-aquatic-underwater-nature-260nw-1276678252.jpg', 'https://www.shutterstock.com/image/1276678252']
2019-01-08 05:00:41,644 - root - INFO - ['Start push to SLACK...']
2019-01-08 05:00:42,152 - root - INFO - ['Pushed...']
2019-01-08 05:00:42,152 - root - INFO - ['2019-01-07', '1276678246', 'Purple and red aquatic underwater nature coral reef. Watercolor illustration set. Watercolour drawing fashion aquarelle isolated. Seamless background pattern. Fabric wallpaper print texture.', 'https://image.shutterstock.com/image-illustration/purple-red-aquatic-underwater-nature-260nw-1276678246.jpg', 'https://www.shutterstock.com/image/1276678246']
2019-01-08 05:00:42,153 - root - INFO - ['Done with SUCCSESS!!!']
2019-01-08 05:00:42,153 - root - INFO - ['------------------------------------']
2019-01-08 06:00:02,595 - root - INFO - ['Start NEW process!!!']
2019-01-08 06:00:02,595 - root - INFO - ['Get ids from Shutterstock...']
2019-01-08 06:00:03,251 - root - INFO - ['Get ids fron Redis...']
2019-01-08 06:00:03,252 - root - INFO - ["Didn't find new approve images..."]
2019-01-08 06:00:03,253 - root - INFO - ['Done with SUCCSESS!!!']
2019-01-08 06:00:03,253 - root - INFO - ['------------------------------------']
2019-01-08 07:00:02,820 - root - INFO - ['Start NEW process!!!']
2019-01-08 07:00:02,820 - root - INFO - ['Get ids from Shutterstock...']
2019-01-08 07:00:03,491 - root - INFO - ['Get ids fron Redis...']
2019-01-08 07:00:03,492 - root - INFO - ["Didn't find new approve images..."]
2019-01-08 07:00:03,493 - root - INFO - ['Done with SUCCSESS!!!']
2019-01-08 07:00:03,493 - root - INFO - ['------------------------------------']
2019-01-08 08:00:02,899 - root - INFO - ['Start NEW process!!!']
2019-01-08 08:00:02,899 - root - INFO - ['Get ids from Shutterstock...']
2019-01-08 08:00:03,555 - root - INFO - ['Get ids fron Redis...']
2019-01-08 08:00:03,557 - root - INFO - ["Didn't find new approve images..."]
2019-01-08 08:00:03,557 - root - INFO - ['Done with SUCCSESS!!!']
2019-01-08 08:00:03,557 - root - INFO - ['------------------------------------']
2019-01-08 09:00:02,227 - root - INFO - ['Start NEW process!!!']
2019-01-08 09:00:02,227 - root - INFO - ['Get ids from Shutterstock...']
2019-01-08 09:00:03,000 - root - INFO - ['Get ids fron Redis...']
2019-01-08 09:00:03,001 - root - INFO - ["Didn't find new approve images..."]
2019-01-08 09:00:03,002 - root - INFO - ['Done with SUCCSESS!!!']
2019-01-08 09:00:03,002 - root - INFO - ['------------------------------------']
2019-01-08 10:00:03,011 - root - INFO - ['Start NEW process!!!']
2019-01-08 10:00:03,011 - root - INFO - ['Get ids from Shutterstock...']
2019-01-08 10:00:03,618 - root - INFO - ['Get ids fron Redis...']
2019-01-08 10:00:03,626 - root - INFO - ["Didn't find new approve images..."]
2019-01-08 10:00:03,626 - root - INFO - ['Done with SUCCSESS!!!']
2019-01-08 10:00:03,627 - root - INFO - ['------------------------------------']
2019-01-08 11:00:02,716 - root - INFO - ['Start NEW process!!!']
2019-01-08 11:00:02,716 - root - INFO - ['Get ids from Shutterstock...']
2019-01-08 11:00:04,510 - root - INFO - ['Get ids fron Redis...']
2019-01-08 11:00:04,511 - root - INFO - ["Didn't find new approve images..."]
2019-01-08 11:00:04,512 - root - INFO - ['Done with SUCCSESS!!!']
2019-01-08 11:00:04,512 - root - INFO - ['------------------------------------']
2019-01-08 12:00:02,934 - root - INFO - ['Start NEW process!!!']
2019-01-08 12:00:02,935 - root - INFO - ['Get ids from Shutterstock...']
2019-01-08 12:00:03,544 - root - INFO - ['Get ids fron Redis...']
2019-01-08 12:00:03,545 - root - INFO - ["Didn't find new approve images..."]
2019-01-08 12:00:03,546 - root - INFO - ['Done with SUCCSESS!!!']
2019-01-08 12:00:03,546 - root - INFO - ['------------------------------------']
2019-01-08 13:00:02,723 - root - INFO - ['Start NEW process!!!']
2019-01-08 13:00:02,723 - root - INFO - ['Get ids from Shutterstock...']
2019-01-08 13:00:03,908 - root - INFO - ['Get ids fron Redis...']
2019-01-08 13:00:03,909 - root - INFO - ["Didn't find new approve images..."]
2019-01-08 13:00:03,910 - root - INFO - ['Done with SUCCSESS!!!']
2019-01-08 13:00:03,910 - root - INFO - ['------------------------------------']
2019-01-08 14:00:02,820 - root - INFO - ['Start NEW process!!!']
2019-01-08 14:00:02,820 - root - INFO - ['Get ids from Shutterstock...']
2019-01-08 14:00:03,403 - root - INFO - ['Get ids fron Redis...']
2019-01-08 14:00:03,405 - root - INFO - ["Didn't find new approve images..."]
2019-01-08 14:00:03,406 - root - INFO - ['Done with SUCCSESS!!!']
2019-01-08 14:00:03,406 - root - INFO - ['------------------------------------']
2019-01-08 15:00:03,079 - root - INFO - ['Start NEW process!!!']
2019-01-08 15:00:03,079 - root - INFO - ['Get ids from Shutterstock...']
2019-01-08 15:00:03,662 - root - INFO - ['Get ids fron Redis...']
2019-01-08 15:00:03,663 - root - INFO - ["Didn't find new approve images..."]
2019-01-08 15:00:03,664 - root - INFO - ['Done with SUCCSESS!!!']
2019-01-08 15:00:03,664 - root - INFO - ['------------------------------------']
2019-01-08 16:00:02,555 - root - INFO - ['Start NEW process!!!']
2019-01-08 16:00:02,561 - root - INFO - ['Get ids from Shutterstock...']
2019-01-08 16:00:03,309 - root - INFO - ['Get ids fron Redis...']
2019-01-08 16:00:03,311 - root - INFO - ["Didn't find new approve images..."]
2019-01-08 16:00:03,312 - root - INFO - ['Done with SUCCSESS!!!']
2019-01-08 16:00:03,312 - root - INFO - ['------------------------------------']
2019-01-08 17:00:03,031 - root - INFO - ['Start NEW process!!!']
2019-01-08 17:00:03,031 - root - INFO - ['Get ids from Shutterstock...']
2019-01-08 17:00:03,907 - root - INFO - ['Get ids fron Redis...']
2019-01-08 17:00:03,908 - root - INFO - ["Didn't find new approve images..."]
2019-01-08 17:00:03,909 - root - INFO - ['Done with SUCCSESS!!!']
2019-01-08 17:00:03,909 - root - INFO - ['------------------------------------']
2019-01-08 18:00:02,843 - root - INFO - ['Start NEW process!!!']
2019-01-08 18:00:02,843 - root - INFO - ['Get ids from Shutterstock...']
2019-01-08 18:00:03,737 - root - INFO - ['Get ids fron Redis...']
2019-01-08 18:00:03,738 - root - INFO - ["Didn't find new approve images..."]
2019-01-08 18:00:03,739 - root - INFO - ['Done with SUCCSESS!!!']
2019-01-08 18:00:03,739 - root - INFO - ['------------------------------------']
2019-01-08 19:00:02,571 - root - INFO - ['Start NEW process!!!']
2019-01-08 19:00:02,572 - root - INFO - ['Get ids from Shutterstock...']
2019-01-08 19:00:03,161 - root - INFO - ['Get ids fron Redis...']
2019-01-08 19:00:03,163 - root - INFO - ["Didn't find new approve images..."]
2019-01-08 19:00:03,164 - root - INFO - ['Done with SUCCSESS!!!']
2019-01-08 19:00:03,164 - root - INFO - ['------------------------------------']
2019-01-08 20:00:02,483 - root - INFO - ['Start NEW process!!!']
2019-01-08 20:00:02,483 - root - INFO - ['Get ids from Shutterstock...']
2019-01-08 20:00:03,444 - root - INFO - ['Get ids fron Redis...']
2019-01-08 20:00:03,447 - root - INFO - ["Didn't find new approve images..."]
2019-01-08 20:00:03,448 - root - INFO - ['Done with SUCCSESS!!!']
2019-01-08 20:00:03,448 - root - INFO - ['------------------------------------']
2019-01-08 21:00:03,245 - root - INFO - ['Start NEW process!!!']
2019-01-08 21:00:03,245 - root - INFO - ['Get ids from Shutterstock...']
2019-01-08 21:00:04,164 - root - INFO - ['Get ids fron Redis...']
2019-01-08 21:00:04,167 - root - INFO - ['NEW ids:']
2019-01-08 21:00:04,167 - root - INFO - ['1277680495', '1277679997', '1277680015', '1277680018', '1277680522', '1277680573', '1277680615', '1277680531', '1277680471', '1277680672', '1277680582', '1277680012', '1277680591', '1277680555', '1277680534', '1277680516', '1277680669', '1277680585', '1277680507', '1277680654', '1277680543', '1277680561', '1277680666', '1277680567', '1277680603', '1277679994', '1277680552', '1277680675', '1277680657', '1277680642', '1277680624', '1277680009', '1277680537', '1277680558', '1277680528', '1277680021', '1277680477', '1277680006', '1277680588', '1277680606', '1277680546', '1277680570', '1277680600', '1277680633', '1277680627', '1277680597', '1277680000', '1277679991', '1277680630', '1277680525', '1277680513', '1277680519', '1277680612', '1277680576', '1277680003', '1277680639', '1277680486', '1277680621', '1277680498', '1277680480', '1277680474', '1277680579', '1277680609', '1277680636', '1277680648', '1277680489', '1277680510', '1277679985', '1277680564', '1277680618', '1277680651', '1277680540', '1277680660', '1277680483', '1277680645', '1277679988', '1277680594', '1277680492', '1277679982', '1277680549']
2019-01-08 21:00:04,405 - root - INFO - ['Start push to SLACK...']
2019-01-08 21:00:04,684 - root - INFO - ['Pushed...']
2019-01-08 21:00:04,684 - root - INFO - ['2019-01-08', '1277680495', 'Fern green leaf. Leaf plant botanical garden floral foliage. Watercolor illustration set. Watercolour drawing fashion aquarelle isolated. Seamless background pattern. Fabric wallpaper print texture.', 'https://image.shutterstock.com/image-illustration/fern-green-leaf-plant-botanical-260nw-1277680495.jpg', 'https://www.shutterstock.com/image/1277680495']
2019-01-08 21:00:04,798 - root - INFO - ['Start push to SLACK...']
2019-01-08 21:00:05,241 - root - INFO - ['Pushed...']
2019-01-08 21:00:05,241 - root - INFO - ['2019-01-08', '1277679997', 'Vector Pink apple blossom floral botanical flower. Wild spring leaf wildflower isolated. Engraved ink art. Frame border ornament square.', 'https://image.shutterstock.com/image-vector/vector-pink-apple-blossom-floral-260nw-1277679997.jpg', 'https://www.shutterstock.com/image/1277679997']
2019-01-08 21:00:05,417 - root - INFO - ['Start push to SLACK...']
2019-01-08 21:00:05,906 - root - INFO - ['Pushed...']
2019-01-08 21:00:05,906 - root - INFO - ['2019-01-08', '1277680015', 'Vector Strawberry fruits. Green leaf. Leaf plant botanical garden floral foliage. Red and green engraved ink art. Seamless background pattern. Fabric wallpaper print texture.', 'https://image.shutterstock.com/image-vector/vector-strawberry-fruits-green-leaf-260nw-1277680015.jpg', 'https://www.shutterstock.com/image/1277680015']
2019-01-08 21:00:06,045 - root - INFO - ['Start push to SLACK...']
2019-01-08 21:00:07,444 - root - INFO - ['Pushed...']
2019-01-08 21:00:07,444 - root - INFO - ['2019-01-08', '1277680018', 'Vector Strawberry fruits. Green leaf. Leaf plant botanical garden floral foliage. Red and green engraved ink art. Seamless background pattern. Fabric wallpaper print texture.', 'https://image.shutterstock.com/image-vector/vector-strawberry-fruits-green-leaf-260nw-1277680018.jpg', 'https://www.shutterstock.com/image/1277680018']
2019-01-08 21:00:07,625 - root - INFO - ['Start push to SLACK...']
2019-01-08 21:00:08,016 - root - INFO - ['Pushed...']
2019-01-08 21:00:08,016 - root - INFO - ['2019-01-08', '1277680522', 'Vector Strawberry fruits. Green leaf. Leaf plant botanical garden floral foliage. Red and green engraved ink art. Isolated strawberry illustration element.', 'https://image.shutterstock.com/image-vector/vector-strawberry-fruits-green-leaf-260nw-1277680522.jpg', 'https://www.shutterstock.com/image/1277680522']
2019-01-08 21:00:08,115 - root - INFO - ['Start push to SLACK...']
2019-01-08 21:00:08,343 - root - INFO - ['Pushed...']
2019-01-08 21:00:08,343 - root - INFO - ['2019-01-08', '1277680573', 'Bouquet floral botanical flowers. Wild spring leaf wildflower isolated. Watercolor illustration set. Watercolour drawing fashion aquarelle. Seamless background pattern. Fabric wallpaper print texture.', 'https://image.shutterstock.com/image-illustration/bouquet-floral-botanical-flowers-wild-260nw-1277680573.jpg', 'https://www.shutterstock.com/image/1277680573']
2019-01-08 21:00:08,434 - root - INFO - ['Start push to SLACK...']
2019-01-08 21:00:08,994 - root - INFO - ['Pushed...']
2019-01-08 21:00:08,995 - root - INFO - ['2019-01-08', '1277680615', 'Bouquet floral botanical flowers. Wild spring leaf wildflower isolated. Watercolor illustration set. Watercolour drawing fashion aquarelle. Seamless background pattern. Fabric wallpaper print texture.', 'https://image.shutterstock.com/image-illustration/bouquet-floral-botanical-flowers-wild-260nw-1277680615.jpg', 'https://www.shutterstock.com/image/1277680615']
2019-01-08 21:00:09,150 - root - INFO - ['Start push to SLACK...']
2019-01-08 21:00:09,739 - root - INFO - ['Pushed...']
2019-01-08 21:00:09,739 - root - INFO - ['2019-01-08', '1277680531', 'Vector Exotic tropical hawaiian summer. Palm beach tree jungle botanical leaves. Green engraved ink art. Leaf plant botanical garden floral foliage. Isolated leaf illustration element.', 'https://image.shutterstock.com/image-vector/vector-exotic-tropical-hawaiian-summer-260nw-1277680531.jpg', 'https://www.shutterstock.com/image/1277680531']
2019-01-08 21:00:09,927 - root - INFO - ['Start push to SLACK...']
2019-01-08 21:00:10,450 - root - INFO - ['Pushed...']
2019-01-08 21:00:10,450 - root - INFO - ['2019-01-08', '1277680471', 'Fern green leaf. Leaf plant botanical garden floral foliage. Watercolor background illustration set. Watercolour drawing fashion aquarelle isolated. Frame border ornament square.', 'https://image.shutterstock.com/image-illustration/fern-green-leaf-plant-botanical-260nw-1277680471.jpg', 'https://www.shutterstock.com/image/1277680471']
2019-01-08 21:00:10,669 - root - INFO - ['Start push to SLACK...']
2019-01-08 21:00:12,837 - root - INFO - ['Pushed...']
2019-01-08 21:00:12,837 - root - INFO - ['2019-01-08', '1277680672', 'Fern green leaf. Leaf plant botanical garden floral foliage. Watercolor background illustration set. Watercolour drawing fashion aquarelle isolated. Frame border ornament square.', 'https://image.shutterstock.com/image-illustration/fern-green-leaf-plant-botanical-260nw-1277680672.jpg', 'https://www.shutterstock.com/image/1277680672']
2019-01-08 21:00:13,040 - root - INFO - ['Start push to SLACK...']
2019-01-08 21:00:13,439 - root - INFO - ['Pushed...']
2019-01-08 21:00:13,439 - root - INFO - ['2019-01-08', '1277680582', 'Bouquet floral botanical flowers. Wild spring leaf wildflower isolated. Watercolor illustration set. Watercolour drawing fashion aquarelle. Seamless background pattern. Fabric wallpaper print texture.', 'https://image.shutterstock.com/image-illustration/bouquet-floral-botanical-flowers-wild-260nw-1277680582.jpg', 'https://www.shutterstock.com/image/1277680582']
2019-01-08 21:00:13,593 - root - INFO - ['Start push to SLACK...']
2019-01-08 21:00:14,205 - root - INFO - ['Pushed...']
2019-01-08 21:00:14,206 - root - INFO - ['2019-01-08', '1277680012', 'Vector Strawberry fruits. Green leaf. Leaf plant botanical garden floral foliage. Red and green engraved ink art. Frame border ornament square.', 'https://image.shutterstock.com/image-vector/vector-strawberry-fruits-green-leaf-260nw-1277680012.jpg', 'https://www.shutterstock.com/image/1277680012']
2019-01-08 21:00:14,422 - root - INFO - ['Start push to SLACK...']
2019-01-08 21:00:14,879 - root - INFO - ['Pushed...']
2019-01-08 21:00:14,879 - root - INFO - ['2019-01-08', '1277680591', 'Bouquet floral botanical flowers. Wild spring leaf wildflower isolated. Watercolor illustration set. Watercolour drawing fashion aquarelle. Seamless background pattern. Fabric wallpaper print texture.', 'https://image.shutterstock.com/image-illustration/bouquet-floral-botanical-flowers-wild-260nw-1277680591.jpg', 'https://www.shutterstock.com/image/1277680591']
2019-01-08 21:00:15,000 - root - INFO - ['Start push to SLACK...']
2019-01-08 21:00:16,852 - root - INFO - ['Pushed...']
2019-01-08 21:00:16,852 - root - INFO - ['2019-01-08', '1277680555', 'Bouquet floral botanical flowers. Wild spring leaf wildflower isolated. Watercolor background illustration set. Watercolour drawing fashion aquarelle isolated. Isolated flower illustration element.', 'https://image.shutterstock.com/image-illustration/bouquet-floral-botanical-flowers-wild-260nw-1277680555.jpg', 'https://www.shutterstock.com/image/1277680555']
2019-01-08 21:00:16,966 - root - INFO - ['Start push to SLACK...']
2019-01-08 21:00:17,394 - root - INFO - ['Pushed...']
2019-01-08 21:00:17,394 - root - INFO - ['2019-01-08', '1277680534', 'Vector Strawberry fruits. Green leaf. Leaf plant botanical garden floral foliage. Red and green engraved ink art. Isolated strawberry illustration element.', 'https://image.shutterstock.com/image-vector/vector-strawberry-fruits-green-leaf-260nw-1277680534.jpg', 'https://www.shutterstock.com/image/1277680534']
2019-01-08 21:00:17,658 - root - INFO - ['Start push to SLACK...']
2019-01-08 21:00:18,144 - root - INFO - ['Pushed...']
2019-01-08 21:00:18,144 - root - INFO - ['2019-01-08', '1277680516', 'Vector Strawberry fruits. Leaf plant botanical garden floral foliage. Black and white engraved ink art. Isolated strawberry illustration element.', 'https://image.shutterstock.com/image-vector/vector-strawberry-fruits-leaf-plant-260nw-1277680516.jpg', 'https://www.shutterstock.com/image/1277680516']
2019-01-08 21:00:18,236 - root - INFO - ['Start push to SLACK...']
2019-01-08 21:00:28,345 - root - INFO - ['Pushed...']
2019-01-08 21:00:28,345 - root - INFO - ['2019-01-08', '1277680669', 'Fern green leaf. Leaf plant botanical garden floral foliage. Watercolor background illustration set. Watercolour drawing fashion aquarelle isolated. Frame border ornament square.', 'https://image.shutterstock.com/image-illustration/fern-green-leaf-plant-botanical-260nw-1277680669.jpg', 'https://www.shutterstock.com/image/1277680669']
2019-01-08 21:00:28,571 - root - INFO - ['Start push to SLACK...']
2019-01-08 21:00:29,161 - root - INFO - ['Pushed...']
2019-01-08 21:00:29,161 - root - INFO - ['2019-01-08', '1277680585', 'Bouquet floral botanical flowers. Wild spring leaf wildflower isolated. Watercolor illustration set. Watercolour drawing fashion aquarelle. Seamless background pattern. Fabric wallpaper print texture.', 'https://image.shutterstock.com/image-illustration/bouquet-floral-botanical-flowers-wild-260nw-1277680585.jpg', 'https://www.shutterstock.com/image/1277680585']
2019-01-08 21:00:29,294 - root - INFO - ['Start push to SLACK...']
2019-01-08 21:00:29,606 - root - INFO - ['Pushed...']
2019-01-08 21:00:29,606 - root - INFO - ['2019-01-08', '1277680507', 'Vector Pink apple blossom botanical flower. Wild spring leaf isolated. Engraved ink art. Wedding background card floral decorative border. Invitation elegant card illustration graphic set banner.', 'https://image.shutterstock.com/image-vector/vector-pink-apple-blossom-botanical-260nw-1277680507.jpg', 'https://www.shutterstock.com/image/1277680507']
2019-01-08 21:00:29,662 - root - INFO - ['Start push to SLACK...']
2019-01-08 21:00:33,162 - root - INFO - ['Pushed...']
2019-01-08 21:00:33,163 - root - INFO - ['2019-01-08', '1277680654', 'Fern green leaf. Leaf plant botanical garden floral foliage. Watercolor background illustration set. Watercolour drawing fashion aquarelle isolated. Frame border ornament square.', 'https://image.shutterstock.com/image-illustration/fern-green-leaf-plant-botanical-260nw-1277680654.jpg', 'https://www.shutterstock.com/image/1277680654']
2019-01-08 21:00:33,291 - root - INFO - ['Start push to SLACK...']
2019-01-08 21:00:33,777 - root - INFO - ['Pushed...']
2019-01-08 21:00:33,778 - root - INFO - ['2019-01-08', '1277680543', 'Vector Exotic tropical hawaiian summer. Palm beach tree jungle botanical leaves. Black and white engraved ink art. Leaf plant botanical garden floral foliage. Isolated leaf illustration element.', 'https://image.shutterstock.com/image-vector/vector-exotic-tropical-hawaiian-summer-260nw-1277680543.jpg', 'https://www.shutterstock.com/image/1277680543']
2019-01-08 21:00:33,829 - root - INFO - ['Start push to SLACK...']
2019-01-08 21:00:34,330 - root - INFO - ['Pushed...']
2019-01-08 21:00:34,331 - root - INFO - ['2019-01-08', '1277680561', 'Bouquet floral botanical flowers. Wild spring leaf wildflower isolated. Watercolor background illustration set. Watercolour drawing fashion aquarelle isolated. Frame border ornament square.', 'https://image.shutterstock.com/image-illustration/bouquet-floral-botanical-flowers-wild-260nw-1277680561.jpg', 'https://www.shutterstock.com/image/1277680561']
2019-01-08 21:00:34,421 - root - INFO - ['Start push to SLACK...']
2019-01-08 21:00:39,501 - root - INFO - ['Pushed...']
2019-01-08 21:00:39,501 - root - INFO - ['2019-01-08', '1277680666', 'Fern green leaf. Leaf plant botanical garden floral foliage. Watercolor background illustration set. Watercolour drawing fashion aquarelle isolated. Frame border ornament square.', 'https://image.shutterstock.com/image-illustration/fern-green-leaf-plant-botanical-260nw-1277680666.jpg', 'https://www.shutterstock.com/image/1277680666']
2019-01-08 21:00:39,558 - root - INFO - ['Start push to SLACK...']
2019-01-08 21:00:40,076 - root - INFO - ['Pushed...']
2019-01-08 21:00:40,076 - root - INFO - ['2019-01-08', '1277680567', 'Bouquet floral botanical flowers. Wild spring leaf wildflower isolated. Watercolor illustration set. Watercolour drawing fashion aquarelle. Seamless background pattern. Fabric wallpaper print texture.', 'https://image.shutterstock.com/image-illustration/bouquet-floral-botanical-flowers-wild-260nw-1277680567.jpg', 'https://www.shutterstock.com/image/1277680567']
2019-01-08 21:00:40,174 - root - INFO - ['Start push to SLACK...']
2019-01-08 21:00:40,558 - root - INFO - ['Pushed...']
2019-01-08 21:00:40,558 - root - INFO - ['2019-01-08', '1277680603', 'Bouquet floral botanical flowers. Wild spring leaf wildflower isolated. Watercolor illustration set. Watercolour drawing fashion aquarelle. Seamless background pattern. Fabric wallpaper print texture.', 'https://image.shutterstock.com/image-illustration/bouquet-floral-botanical-flowers-wild-260nw-1277680603.jpg', 'https://www.shutterstock.com/image/1277680603']
2019-01-08 21:00:40,652 - root - INFO - ['Start push to SLACK...']
2019-01-08 21:00:41,065 - root - INFO - ['Pushed...']
2019-01-08 21:00:41,065 - root - INFO - ['2019-01-08', '1277679994', 'Vector Chalkboard phrase handwriting monogram calligraphy. Black and white engraved ink art. Hand lettering graphic desing. Isolated quotes illustration element.', 'https://image.shutterstock.com/image-vector/vector-chalkboard-phrase-handwriting-monogram-260nw-1277679994.jpg', 'https://www.shutterstock.com/image/1277679994']
2019-01-08 21:00:41,190 - root - INFO - ['Start push to SLACK...']
2019-01-08 21:00:41,543 - root - INFO - ['Pushed...']
2019-01-08 21:00:41,543 - root - INFO - ['2019-01-08', '1277680552', 'Vector Exotic tropical hawaiian summer. Palm beach tree jungle botanical leaves. Black and white engraved ink art. Leaf plant botanical garden floral foliage. Isolated leaf illustration element.', 'https://image.shutterstock.com/image-vector/vector-exotic-tropical-hawaiian-summer-260nw-1277680552.jpg', 'https://www.shutterstock.com/image/1277680552']
2019-01-08 21:00:41,591 - root - INFO - ['Start push to SLACK...']
2019-01-08 21:00:41,887 - root - INFO - ['Pushed...']
2019-01-08 21:00:41,887 - root - INFO - ['2019-01-08', '1277680675', 'Bouquet floral botanical flowers. Wild spring leaf wildflower isolated. Watercolor background illustration set. Watercolour drawing fashion aquarelle isolated. Frame border ornament square.', 'https://image.shutterstock.com/image-illustration/bouquet-floral-botanical-flowers-wild-260nw-1277680675.jpg', 'https://www.shutterstock.com/image/1277680675']
2019-01-08 21:00:41,957 - root - INFO - ['Start push to SLACK...']
2019-01-08 21:00:43,909 - root - INFO - ['Pushed...']
2019-01-08 21:00:43,909 - root - INFO - ['2019-01-08', '1277680657', 'Fern green leaf. Leaf plant botanical garden floral foliage. Watercolor background illustration set. Watercolour drawing fashion aquarelle isolated. Frame border ornament square.', 'https://image.shutterstock.com/image-illustration/fern-green-leaf-plant-botanical-260nw-1277680657.jpg', 'https://www.shutterstock.com/image/1277680657']
2019-01-08 21:00:43,959 - root - INFO - ['Start push to SLACK...']
2019-01-08 21:00:45,985 - root - INFO - ['Pushed...']
2019-01-08 21:00:45,985 - root - INFO - ['2019-01-08', '1277680642', 'Fern green leaf. Leaf plant botanical garden floral foliage. Watercolor background illustration set. Watercolour drawing fashion aquarelle isolated. Frame border ornament square.', 'https://image.shutterstock.com/image-illustration/fern-green-leaf-plant-botanical-260nw-1277680642.jpg', 'https://www.shutterstock.com/image/1277680642']
2019-01-08 21:00:46,042 - root - INFO - ['Start push to SLACK...']
2019-01-08 21:00:46,453 - root - INFO - ['Pushed...']
2019-01-08 21:00:46,453 - root - INFO - ['2019-01-08', '1277680624', 'Bouquet floral botanical flowers. Wild spring leaf wildflower isolated. Watercolor illustration set. Watercolour drawing fashion aquarelle. Seamless background pattern. Fabric wallpaper print texture.', 'https://image.shutterstock.com/image-illustration/bouquet-floral-botanical-flowers-wild-260nw-1277680624.jpg', 'https://www.shutterstock.com/image/1277680624']
2019-01-08 21:00:46,540 - root - INFO - ['Start push to SLACK...']
2019-01-08 21:00:46,946 - root - INFO - ['Pushed...']
2019-01-08 21:00:46,946 - root - INFO - ['2019-01-08', '1277680009', 'Vector Strawberry fruits. Green leaf. Leaf plant botanical garden floral foliage. Red and green engraved ink art. Frame border ornament square.', 'https://image.shutterstock.com/image-vector/vector-strawberry-fruits-green-leaf-260nw-1277680009.jpg', 'https://www.shutterstock.com/image/1277680009']
2019-01-08 21:00:47,023 - root - INFO - ['Start push to SLACK...']
2019-01-08 21:00:47,085 - root - INFO - ['Start push to SLACK...']
2019-01-08 21:00:50,496 - root - INFO - ['Pushed...']
2019-01-08 21:00:50,497 - root - INFO - ['2019-01-08', '1277680558', 'Bouquet floral botanical flowers. Wild spring leaf wildflower isolated. Watercolor background illustration set. Watercolour drawing fashion aquarelle isolated. Isolated flower illustration element.', 'https://image.shutterstock.com/image-illustration/bouquet-floral-botanical-flowers-wild-260nw-1277680558.jpg', 'https://www.shutterstock.com/image/1277680558']
2019-01-08 21:00:50,598 - root - INFO - ['Start push to SLACK...']
2019-01-08 21:00:50,975 - root - INFO - ['Pushed...']
2019-01-08 21:00:50,975 - root - INFO - ['2019-01-08', '1277680528', 'Vector Exotic tropical hawaiian summer. Palm beach tree jungle botanical leaves. Green engraved ink art. Leaf plant botanical garden floral foliage. Isolated leaf illustration element.', 'https://image.shutterstock.com/image-vector/vector-exotic-tropical-hawaiian-summer-260nw-1277680528.jpg', 'https://www.shutterstock.com/image/1277680528']
2019-01-08 21:00:51,050 - root - INFO - ['Start push to SLACK...']
2019-01-08 21:00:51,321 - root - INFO - ['Pushed...']
2019-01-08 21:00:51,321 - root - INFO - ['2019-01-08', '1277680021', 'Vector Exotic tropical hawaiian summer. Palm beach tree jungle botanical leaves. Green engraved ink art. Leaf plant botanical garden floral foliage. Isolated leaf illustration element.', 'https://image.shutterstock.com/image-vector/vector-exotic-tropical-hawaiian-summer-260nw-1277680021.jpg', 'https://www.shutterstock.com/image/1277680021']
2019-01-08 21:00:51,392 - root - INFO - ['Start push to SLACK...']
2019-01-08 21:00:53,840 - root - INFO - ['Pushed...']
2019-01-08 21:00:53,840 - root - INFO - ['2019-01-08', '1277680477', 'Fern green leaf. Leaf plant botanical garden floral foliage. Watercolor background illustration set. Watercolour drawing fashion aquarelle isolated. Frame border ornament square.', 'https://image.shutterstock.com/image-illustration/fern-green-leaf-plant-botanical-260nw-1277680477.jpg', 'https://www.shutterstock.com/image/1277680477']
2019-01-08 21:00:53,948 - root - INFO - ['Start push to SLACK...']
2019-01-08 21:00:54,250 - root - INFO - ['Pushed...']
2019-01-08 21:00:54,250 - root - INFO - ['2019-01-08', '1277680006', 'Vector Pink apple blossom floral botanical flower. Wild spring leaf wildflower isolated. Engraved ink art. Frame border ornament square.', 'https://image.shutterstock.com/image-vector/vector-pink-apple-blossom-floral-260nw-1277680006.jpg', 'https://www.shutterstock.com/image/1277680006']
2019-01-08 21:00:54,391 - root - INFO - ['Start push to SLACK...']
2019-01-08 21:00:54,717 - root - INFO - ['Pushed...']
2019-01-08 21:00:54,717 - root - INFO - ['2019-01-08', '1277680588', 'Bouquet floral botanical flowers. Wild spring leaf wildflower isolated. Watercolor illustration set. Watercolour drawing fashion aquarelle. Seamless background pattern. Fabric wallpaper print texture.', 'https://image.shutterstock.com/image-illustration/bouquet-floral-botanical-flowers-wild-260nw-1277680588.jpg', 'https://www.shutterstock.com/image/1277680588']
2019-01-08 21:00:54,829 - root - INFO - ['Start push to SLACK...']
2019-01-08 21:00:55,454 - root - INFO - ['Pushed...']
2019-01-08 21:00:55,455 - root - INFO - ['2019-01-08', '1277680606', 'Bouquet floral botanical flowers. Wild spring leaf wildflower isolated. Watercolor illustration set. Watercolour drawing fashion aquarelle. Seamless background pattern. Fabric wallpaper print texture.', 'https://image.shutterstock.com/image-illustration/bouquet-floral-botanical-flowers-wild-260nw-1277680606.jpg', 'https://www.shutterstock.com/image/1277680606']
2019-01-08 21:00:55,513 - root - INFO - ['Start push to SLACK...']
2019-01-08 21:00:55,858 - root - INFO - ['Pushed...']
2019-01-08 21:00:55,858 - root - INFO - ['2019-01-08', '1277680546', 'Vector Exotic tropical hawaiian summer. Palm beach tree jungle botanical leaves. Black and white engraved ink art. Leaf plant botanical garden floral foliage. Isolated leaf illustration element.', 'https://image.shutterstock.com/image-vector/vector-exotic-tropical-hawaiian-summer-260nw-1277680546.jpg', 'https://www.shutterstock.com/image/1277680546']
2019-01-08 21:00:55,916 - root - INFO - ['Start push to SLACK...']
2019-01-08 21:00:56,341 - root - INFO - ['Pushed...']
2019-01-08 21:00:56,341 - root - INFO - ['2019-01-08', '1277680570', 'Bouquet floral botanical flowers. Wild spring leaf wildflower isolated. Watercolor illustration set. Watercolour drawing fashion aquarelle. Seamless background pattern. Fabric wallpaper print texture.', 'https://image.shutterstock.com/image-illustration/bouquet-floral-botanical-flowers-wild-260nw-1277680570.jpg', 'https://www.shutterstock.com/image/1277680570']
2019-01-08 21:00:56,393 - root - INFO - ['Start push to SLACK...']
2019-01-08 21:00:56,956 - root - INFO - ['Pushed...']
2019-01-08 21:00:56,956 - root - INFO - ['2019-01-08', '1277680600', 'Bouquet floral botanical flowers. Wild spring leaf wildflower isolated. Watercolor illustration set. Watercolour drawing fashion aquarelle. Seamless background pattern. Fabric wallpaper print texture.', 'https://image.shutterstock.com/image-illustration/bouquet-floral-botanical-flowers-wild-260nw-1277680600.jpg', 'https://www.shutterstock.com/image/1277680600']
2019-01-08 21:00:57,013 - root - INFO - ['Start push to SLACK...']
2019-01-08 21:00:57,360 - root - INFO - ['Pushed...']
2019-01-08 21:00:57,360 - root - INFO - ['2019-01-08', '1277680633', 'Bouquet floral botanical flowers. Wild spring leaf wildflower isolated. Watercolor background illustration set. Watercolour drawing fashion aquarelle isolated. Frame border ornament square.', 'https://image.shutterstock.com/image-illustration/bouquet-floral-botanical-flowers-wild-260nw-1277680633.jpg', 'https://www.shutterstock.com/image/1277680633']
2019-01-08 21:00:57,411 - root - INFO - ['Start push to SLACK...']
2019-01-08 21:00:57,841 - root - INFO - ['Pushed...']
2019-01-08 21:00:57,841 - root - INFO - ['2019-01-08', '1277680627', 'Bouquet floral botanical flowers. Wild spring leaf wildflower isolated. Watercolor illustration set. Watercolour drawing fashion aquarelle. Seamless background pattern. Fabric wallpaper print texture.', 'https://image.shutterstock.com/image-illustration/bouquet-floral-botanical-flowers-wild-260nw-1277680627.jpg', 'https://www.shutterstock.com/image/1277680627']
2019-01-08 21:00:57,894 - root - INFO - ['Start push to SLACK...']
2019-01-08 21:00:58,148 - root - INFO - ['Pushed...']
2019-01-08 21:00:58,148 - root - INFO - ['2019-01-08', '1277680597', 'Bouquet floral botanical flowers. Wild spring leaf wildflower isolated. Watercolor illustration set. Watercolour drawing fashion aquarelle. Seamless background pattern. Fabric wallpaper print texture.', 'https://image.shutterstock.com/image-illustration/bouquet-floral-botanical-flowers-wild-260nw-1277680597.jpg', 'https://www.shutterstock.com/image/1277680597']
2019-01-08 21:00:58,226 - root - INFO - ['Start push to SLACK...']
2019-01-08 21:00:58,541 - root - INFO - ['Pushed...']
2019-01-08 21:00:58,541 - root - INFO - ['2019-01-08', '1277680000', 'Vector Green leaf plant botanical garden floral foliage. Engraved ink art. Exotic tropical hawaiian summer. Palm beach tree leaves jungle botanical. Frame border ornament square.', 'https://image.shutterstock.com/image-vector/vector-green-leaf-plant-botanical-260nw-1277680000.jpg', 'https://www.shutterstock.com/image/1277680000']
2019-01-08 21:00:58,691 - root - INFO - ['Start push to SLACK...']
2019-01-08 21:00:59,017 - root - INFO - ['Pushed...']
2019-01-08 21:00:59,017 - root - INFO - ['2019-01-08', '1277679991', 'Vector Green leaf plant garden floral foliage. Engraved ink art. Exotic tropical hawaiian summer. Palm beach tree leaves jungle botanical. Seamless background pattern. Fabric wallpaper print texture.', 'https://image.shutterstock.com/image-vector/vector-green-leaf-plant-garden-260nw-1277679991.jpg', 'https://www.shutterstock.com/image/1277679991']
2019-01-08 21:00:59,068 - root - INFO - ['Start push to SLACK...']
2019-01-08 21:00:59,454 - root - INFO - ['Pushed...']
2019-01-08 21:00:59,454 - root - INFO - ['2019-01-08', '1277680630', 'Bouquet floral botanical flowers. Wild spring leaf wildflower isolated. Watercolor illustration set. Watercolour drawing fashion aquarelle. Seamless background pattern. Fabric wallpaper print texture.', 'https://image.shutterstock.com/image-illustration/bouquet-floral-botanical-flowers-wild-260nw-1277680630.jpg', 'https://www.shutterstock.com/image/1277680630']
2019-01-08 21:00:59,545 - root - INFO - ['Start push to SLACK...']
2019-01-08 21:01:00,142 - root - INFO - ['Pushed...']
2019-01-08 21:01:00,142 - root - INFO - ['2019-01-08', '1277680525', 'Vector Exotic tropical hawaiian summer. Palm beach tree jungle botanical leaves. Green engraved ink art. Leaf plant botanical garden floral foliage. Isolated leaf illustration element.', 'https://image.shutterstock.com/image-vector/vector-exotic-tropical-hawaiian-summer-260nw-1277680525.jpg', 'https://www.shutterstock.com/image/1277680525']
2019-01-08 21:01:00,254 - root - INFO - ['Start push to SLACK...']
2019-01-08 21:01:00,863 - root - INFO - ['Pushed...']
2019-01-08 21:01:00,863 - root - INFO - ['2019-01-08', '1277680513', 'Vector Strawberry fruits. Leaf plant botanical garden floral foliage. Black and white engraved ink art. Isolated strawberry illustration element.', 'https://image.shutterstock.com/image-vector/vector-strawberry-fruits-leaf-plant-260nw-1277680513.jpg', 'https://www.shutterstock.com/image/1277680513']
2019-01-08 21:01:00,956 - root - INFO - ['Start push to SLACK...']
2019-01-08 21:01:01,337 - root - INFO - ['Pushed...']
2019-01-08 21:01:01,337 - root - INFO - ['2019-01-08', '1277680519', 'Vector Strawberry fruits. Green leaf. Leaf plant botanical garden floral foliage. Red and green engraved ink art. Isolated strawberry illustration element.', 'https://image.shutterstock.com/image-vector/vector-strawberry-fruits-green-leaf-260nw-1277680519.jpg', 'https://www.shutterstock.com/image/1277680519']
2019-01-08 21:01:01,413 - root - INFO - ['Start push to SLACK...']
2019-01-08 21:01:01,862 - root - INFO - ['Pushed...']
2019-01-08 21:01:01,862 - root - INFO - ['2019-01-08', '1277680612', 'Bouquet floral botanical flowers. Wild spring leaf wildflower isolated. Watercolor illustration set. Watercolour drawing fashion aquarelle. Seamless background pattern. Fabric wallpaper print texture.', 'https://image.shutterstock.com/image-illustration/bouquet-floral-botanical-flowers-wild-260nw-1277680612.jpg', 'https://www.shutterstock.com/image/1277680612']
2019-01-08 21:01:01,951 - root - INFO - ['Start push to SLACK...']
2019-01-08 21:01:02,493 - root - INFO - ['Pushed...']
2019-01-08 21:01:02,493 - root - INFO - ['2019-01-08', '1277680576', 'Bouquet floral botanical flowers. Wild spring leaf wildflower isolated. Watercolor illustration set. Watercolour drawing fashion aquarelle. Seamless background pattern. Fabric wallpaper print texture.', 'https://image.shutterstock.com/image-illustration/bouquet-floral-botanical-flowers-wild-260nw-1277680576.jpg', 'https://www.shutterstock.com/image/1277680576']
2019-01-08 21:01:02,580 - root - INFO - ['Start push to SLACK...']
2019-01-08 21:01:02,887 - root - INFO - ['Pushed...']
2019-01-08 21:01:02,887 - root - INFO - ['2019-01-08', '1277680003', 'Vector Pink apple blossom botanical flower. Wild spring leaf isolated. Engraved ink art. Wedding background card floral decorative border. Invitation elegant card illustration graphic set banner.', 'https://image.shutterstock.com/image-vector/vector-pink-apple-blossom-botanical-260nw-1277680003.jpg', 'https://www.shutterstock.com/image/1277680003']
2019-01-08 21:01:02,965 - root - INFO - ['Start push to SLACK...']
2019-01-08 21:01:03,422 - root - INFO - ['Pushed...']
2019-01-08 21:01:03,424 - root - INFO - ['2019-01-08', '1277680639', 'Bouquet floral botanical flowers. Wild spring leaf wildflower isolated. Watercolor background illustration set. Watercolour drawing fashion aquarelle isolated. Frame border ornament square.', 'https://image.shutterstock.com/image-illustration/bouquet-floral-botanical-flowers-wild-260nw-1277680639.jpg', 'https://www.shutterstock.com/image/1277680639']
2019-01-08 21:01:03,529 - root - INFO - ['Start push to SLACK...']
2019-01-08 21:01:04,019 - root - INFO - ['Pushed...']
2019-01-08 21:01:04,019 - root - INFO - ['2019-01-08', '1277680486', 'Fern green leaf. Leaf plant botanical garden floral foliage. Watercolor illustration set. Watercolour drawing fashion aquarelle isolated. Seamless background pattern. Fabric wallpaper print texture.', 'https://image.shutterstock.com/image-illustration/fern-green-leaf-plant-botanical-260nw-1277680486.jpg', 'https://www.shutterstock.com/image/1277680486']
2019-01-08 21:01:04,097 - root - INFO - ['Start push to SLACK...']
2019-01-08 21:01:04,546 - root - INFO - ['Pushed...']
2019-01-08 21:01:04,546 - root - INFO - ['2019-01-08', '1277680621', 'Bouquet floral botanical flowers. Wild spring leaf wildflower isolated. Watercolor illustration set. Watercolour drawing fashion aquarelle. Seamless background pattern. Fabric wallpaper print texture.', 'https://image.shutterstock.com/image-illustration/bouquet-floral-botanical-flowers-wild-260nw-1277680621.jpg', 'https://www.shutterstock.com/image/1277680621']
2019-01-08 21:01:04,608 - root - INFO - ['Start push to SLACK...']
2019-01-08 21:01:05,300 - root - INFO - ['Pushed...']
2019-01-08 21:01:05,300 - root - INFO - ['2019-01-08', '1277680498', 'Fern green leaf. Leaf plant botanical garden floral foliage. Watercolor illustration set. Watercolour drawing fashion aquarelle isolated. Seamless background pattern. Fabric wallpaper print texture.', 'https://image.shutterstock.com/image-illustration/fern-green-leaf-plant-botanical-260nw-1277680498.jpg', 'https://www.shutterstock.com/image/1277680498']
2019-01-08 21:01:05,350 - root - INFO - ['Start push to SLACK...']
2019-01-08 21:01:07,656 - root - INFO - ['Pushed...']
2019-01-08 21:01:07,657 - root - INFO - ['2019-01-08', '1277680480', 'Fern green leaf. Leaf plant botanical garden floral foliage. Watercolor background illustration set. Watercolour drawing fashion aquarelle isolated. Frame border ornament square.', 'https://image.shutterstock.com/image-illustration/fern-green-leaf-plant-botanical-260nw-1277680480.jpg', 'https://www.shutterstock.com/image/1277680480']
2019-01-08 21:01:07,735 - root - INFO - ['Start push to SLACK...']
2019-01-08 21:01:09,755 - root - INFO - ['Pushed...']
2019-01-08 21:01:09,755 - root - INFO - ['2019-01-08', '1277680474', 'Fern green leaf. Leaf plant botanical garden floral foliage. Watercolor illustration set. Watercolour drawing fashion aquarelle isolated. Seamless background pattern. Fabric wallpaper print texture.', 'https://image.shutterstock.com/image-illustration/fern-green-leaf-plant-botanical-260nw-1277680474.jpg', 'https://www.shutterstock.com/image/1277680474']
2019-01-08 21:01:09,821 - root - INFO - ['Start push to SLACK...']
2019-01-08 21:01:10,169 - root - INFO - ['Pushed...']
2019-01-08 21:01:10,169 - root - INFO - ['2019-01-08', '1277680579', 'Bouquet floral botanical flowers. Wild spring leaf wildflower isolated. Watercolor background illustration set. Watercolour drawing fashion aquarelle isolated. Frame border ornament square.', 'https://image.shutterstock.com/image-illustration/bouquet-floral-botanical-flowers-wild-260nw-1277680579.jpg', 'https://www.shutterstock.com/image/1277680579']
2019-01-08 21:01:10,227 - root - INFO - ['Start push to SLACK...']
2019-01-08 21:01:10,806 - root - INFO - ['Pushed...']
2019-01-08 21:01:10,806 - root - INFO - ['2019-01-08', '1277680609', 'Bouquet floral botanical flowers. Wild spring leaf wildflower isolated. Watercolor illustration set. Watercolour drawing fashion aquarelle. Seamless background pattern. Fabric wallpaper print texture.', 'https://image.shutterstock.com/image-illustration/bouquet-floral-botanical-flowers-wild-260nw-1277680609.jpg', 'https://www.shutterstock.com/image/1277680609']
2019-01-08 21:01:10,902 - root - INFO - ['Start push to SLACK...']
2019-01-08 21:01:11,341 - root - INFO - ['Pushed...']
2019-01-08 21:01:11,341 - root - INFO - ['2019-01-08', '1277680636', 'Bouquet floral botanical flowers. Wild spring leaf wildflower isolated. Watercolor background illustration set. Watercolour drawing fashion aquarelle isolated. Frame border ornament square.', 'https://image.shutterstock.com/image-illustration/bouquet-floral-botanical-flowers-wild-260nw-1277680636.jpg', 'https://www.shutterstock.com/image/1277680636']
2019-01-08 21:01:11,528 - root - INFO - ['Start push to SLACK...']
2019-01-08 21:01:13,845 - root - INFO - ['Pushed...']
2019-01-08 21:01:13,846 - root - INFO - ['2019-01-08', '1277680648', 'Fern green leaf. Leaf plant botanical garden floral foliage. Watercolor background illustration set. Watercolour drawing fashion aquarelle isolated. Frame border ornament square.', 'https://image.shutterstock.com/image-illustration/fern-green-leaf-plant-botanical-260nw-1277680648.jpg', 'https://www.shutterstock.com/image/1277680648']
2019-01-08 21:01:13,910 - root - INFO - ['Start push to SLACK...']
2019-01-08 21:01:14,461 - root - INFO - ['Pushed...']
2019-01-08 21:01:14,461 - root - INFO - ['2019-01-08', '1277680489', 'Fern green leaf. Leaf plant botanical garden floral foliage. Watercolor illustration set. Watercolour drawing fashion aquarelle isolated. Seamless background pattern. Fabric wallpaper print texture.', 'https://image.shutterstock.com/image-illustration/fern-green-leaf-plant-botanical-260nw-1277680489.jpg', 'https://www.shutterstock.com/image/1277680489']
2019-01-08 21:01:14,820 - root - INFO - ['Start push to SLACK...']
2019-01-08 21:01:15,254 - root - INFO - ['Pushed...']
2019-01-08 21:01:15,254 - root - INFO - ['2019-01-08', '1277680510', 'Vector Strawberry fruits. Leaf plant botanical garden floral foliage. Black and white engraved ink art. Isolated strawberry illustration element.', 'https://image.shutterstock.com/image-vector/vector-strawberry-fruits-leaf-plant-260nw-1277680510.jpg', 'https://www.shutterstock.com/image/1277680510']
2019-01-08 21:01:15,382 - root - INFO - ['Start push to SLACK...']
2019-01-08 21:01:16,569 - root - INFO - ['Pushed...']
2019-01-08 21:01:16,569 - root - INFO - ['2019-01-08', '1277679985', 'Vector Green leaf plant garden floral foliage. Engraved ink art. Exotic tropical hawaiian summer. Palm beach tree leaves jungle botanical. Seamless background pattern. Fabric wallpaper print texture.', 'https://image.shutterstock.com/image-vector/vector-green-leaf-plant-garden-260nw-1277679985.jpg', 'https://www.shutterstock.com/image/1277679985']
2019-01-08 21:01:16,639 - root - INFO - ['Start push to SLACK...']
2019-01-08 21:01:18,049 - root - INFO - ['Pushed...']
2019-01-08 21:01:18,049 - root - INFO - ['2019-01-08', '1277680564', 'Bouquet floral botanical flowers. Wild spring leaf wildflower isolated. Watercolor illustration set. Watercolour drawing fashion aquarelle. Seamless background pattern. Fabric wallpaper print texture.', 'https://image.shutterstock.com/image-illustration/bouquet-floral-botanical-flowers-wild-260nw-1277680564.jpg', 'https://www.shutterstock.com/image/1277680564']
2019-01-08 21:01:18,136 - root - INFO - ['Start push to SLACK...']
2019-01-08 21:01:18,530 - root - INFO - ['Pushed...']
2019-01-08 21:01:18,530 - root - INFO - ['2019-01-08', '1277680618', 'Bouquet floral botanical flowers. Wild spring leaf wildflower isolated. Watercolor illustration set. Watercolour drawing fashion aquarelle. Seamless background pattern. Fabric wallpaper print texture.', 'https://image.shutterstock.com/image-illustration/bouquet-floral-botanical-flowers-wild-260nw-1277680618.jpg', 'https://www.shutterstock.com/image/1277680618']
2019-01-08 21:01:18,602 - root - INFO - ['Start push to SLACK...']
2019-01-08 21:01:18,983 - root - INFO - ['Pushed...']
2019-01-08 21:01:18,983 - root - INFO - ['2019-01-08', '1277680651', 'Fern green leaf. Leaf plant botanical garden floral foliage. Watercolor background illustration set. Watercolour drawing fashion aquarelle isolated. Frame border ornament square.', 'https://image.shutterstock.com/image-illustration/fern-green-leaf-plant-botanical-260nw-1277680651.jpg', 'https://www.shutterstock.com/image/1277680651']
2019-01-08 21:01:19,191 - root - INFO - ['Start push to SLACK...']
2019-01-08 21:01:19,868 - root - INFO - ['Pushed...']
2019-01-08 21:01:19,868 - root - INFO - ['2019-01-08', '1277680540', 'Vector Exotic tropical hawaiian summer. Palm beach tree jungle botanical leaves. Black and white engraved ink art. Leaf plant botanical garden floral foliage. Isolated leaf illustration element.', 'https://image.shutterstock.com/image-vector/vector-exotic-tropical-hawaiian-summer-260nw-1277680540.jpg', 'https://www.shutterstock.com/image/1277680540']
2019-01-08 21:01:19,939 - root - INFO - ['Start push to SLACK...']
2019-01-08 21:01:22,402 - root - INFO - ['Pushed...']
2019-01-08 21:01:22,402 - root - INFO - ['2019-01-08', '1277680660', 'Fern green leaf. Leaf plant botanical garden floral foliage. Watercolor background illustration set. Watercolour drawing fashion aquarelle isolated. Frame border ornament square.', 'https://image.shutterstock.com/image-illustration/fern-green-leaf-plant-botanical-260nw-1277680660.jpg', 'https://www.shutterstock.com/image/1277680660']
2019-01-08 21:01:22,482 - root - INFO - ['Start push to SLACK...']
2019-01-08 21:01:22,842 - root - INFO - ['Pushed...']
2019-01-08 21:01:22,842 - root - INFO - ['2019-01-08', '1277680483', 'Fern green leaf. Leaf plant botanical garden floral foliage. Watercolor illustration set. Watercolour drawing fashion aquarelle isolated. Seamless background pattern. Fabric wallpaper print texture.', 'https://image.shutterstock.com/image-illustration/fern-green-leaf-plant-botanical-260nw-1277680483.jpg', 'https://www.shutterstock.com/image/1277680483']
2019-01-08 21:01:22,929 - root - INFO - ['Start push to SLACK...']
2019-01-08 21:01:24,675 - root - INFO - ['Pushed...']
2019-01-08 21:01:24,675 - root - INFO - ['2019-01-08', '1277680645', 'Fern green leaf. Leaf plant botanical garden floral foliage. Watercolor background illustration set. Watercolour drawing fashion aquarelle isolated. Frame border ornament square.', 'https://image.shutterstock.com/image-illustration/fern-green-leaf-plant-botanical-260nw-1277680645.jpg', 'https://www.shutterstock.com/image/1277680645']
2019-01-08 21:01:24,798 - root - INFO - ['Start push to SLACK...']
2019-01-08 21:01:25,157 - root - INFO - ['Pushed...']
2019-01-08 21:01:25,157 - root - INFO - ['2019-01-08', '1277679988', 'Vector Green leaf plant botanical garden floral foliage. Engraved ink art. Exotic tropical hawaiian summer. Palm beach tree leaves jungle botanical. Frame border ornament square.', 'https://image.shutterstock.com/image-vector/vector-green-leaf-plant-botanical-260nw-1277679988.jpg', 'https://www.shutterstock.com/image/1277679988']
2019-01-08 21:01:25,229 - root - INFO - ['Start push to SLACK...']
2019-01-08 21:01:25,619 - root - INFO - ['Pushed...']
2019-01-08 21:01:25,620 - root - INFO - ['2019-01-08', '1277680594', 'Bouquet floral botanical flowers. Wild spring leaf wildflower isolated. Watercolor illustration set. Watercolour drawing fashion aquarelle. Seamless background pattern. Fabric wallpaper print texture.', 'https://image.shutterstock.com/image-illustration/bouquet-floral-botanical-flowers-wild-260nw-1277680594.jpg', 'https://www.shutterstock.com/image/1277680594']
2019-01-08 21:01:25,679 - root - INFO - ['Start push to SLACK...']
2019-01-08 21:01:26,288 - root - INFO - ['Pushed...']
2019-01-08 21:01:26,288 - root - INFO - ['2019-01-08', '1277680492', 'Fern green leaf. Leaf plant botanical garden floral foliage. Watercolor illustration set. Watercolour drawing fashion aquarelle isolated. Seamless background pattern. Fabric wallpaper print texture.', 'https://image.shutterstock.com/image-illustration/fern-green-leaf-plant-botanical-260nw-1277680492.jpg', 'https://www.shutterstock.com/image/1277680492']
2019-01-08 21:01:26,376 - root - INFO - ['Start push to SLACK...']
2019-01-08 21:01:26,918 - root - INFO - ['Pushed...']
2019-01-08 21:01:26,918 - root - INFO - ['2019-01-08', '1277679982', 'Vector Green leaf plant garden floral foliage. Engraved ink art. Exotic tropical hawaiian summer. Palm beach tree leaves jungle botanical. Seamless background pattern. Fabric wallpaper print texture.', 'https://image.shutterstock.com/image-vector/vector-green-leaf-plant-garden-260nw-1277679982.jpg', 'https://www.shutterstock.com/image/1277679982']
2019-01-08 21:01:27,013 - root - INFO - ['Start push to SLACK...']
2019-01-08 21:01:27,376 - root - INFO - ['Pushed...']
2019-01-08 21:01:27,376 - root - INFO - ['2019-01-08', '1277680549', 'Vector Exotic tropical hawaiian summer. Palm beach tree jungle botanical leaves. Black and white engraved ink art. Leaf plant botanical garden floral foliage. Isolated leaf illustration element.', 'https://image.shutterstock.com/image-vector/vector-exotic-tropical-hawaiian-summer-260nw-1277680549.jpg', 'https://www.shutterstock.com/image/1277680549']
2019-01-08 21:01:27,377 - root - INFO - ['Done with SUCCSESS!!!']
2019-01-08 21:01:27,377 - root - INFO - ['------------------------------------']
2019-01-08 22:00:02,293 - root - INFO - ['Start NEW process!!!']
2019-01-08 22:00:02,293 - root - INFO - ['Get ids from Shutterstock...']
2019-01-08 22:00:03,242 - root - INFO - ['Get ids fron Redis...']
2019-01-08 22:00:03,247 - root - INFO - ["Didn't find new approve images..."]
2019-01-08 22:00:03,249 - root - INFO - ['Done with SUCCSESS!!!']
2019-01-08 22:00:03,249 - root - INFO - ['------------------------------------']
2019-01-08 23:00:02,872 - root - INFO - ['Start NEW process!!!']
2019-01-08 23:00:02,872 - root - INFO - ['Get ids from Shutterstock...']
2019-01-08 23:00:03,777 - root - INFO - ['Get ids fron Redis...']
2019-01-08 23:00:03,778 - root - INFO - ["Didn't find new approve images..."]
2019-01-08 23:00:03,779 - root - INFO - ['Done with SUCCSESS!!!']
2019-01-08 23:00:03,779 - root - INFO - ['------------------------------------']
