2019-01-05 13:00:02,390 - root - INFO - ['Start NEW process!!!']
2019-01-05 13:00:02,390 - root - INFO - ['Get ids from Shutterstock...']
2019-01-05 13:00:02,884 - root - INFO - ['Get ids fron Redis...']
2019-01-05 13:00:02,885 - root - INFO - ["Didn't find new approve images..."]
2019-01-05 13:00:02,885 - root - INFO - ['Done with SUCCSESS!!!']
2019-01-05 13:00:02,885 - root - INFO - ['------------------------------------']
2019-01-05 14:00:02,735 - root - INFO - ['Start NEW process!!!']
2019-01-05 14:00:02,735 - root - INFO - ['Get ids from Shutterstock...']
2019-01-05 14:00:03,125 - root - INFO - ['Get ids fron Redis...']
2019-01-05 14:00:03,126 - root - INFO - ["Didn't find new approve images..."]
2019-01-05 14:00:03,126 - root - INFO - ['Done with SUCCSESS!!!']
2019-01-05 14:00:03,126 - root - INFO - ['------------------------------------']
2019-01-05 15:00:02,986 - root - INFO - ['Start NEW process!!!']
2019-01-05 15:00:02,987 - root - INFO - ['Get ids from Shutterstock...']
2019-01-05 15:00:03,604 - root - INFO - ['Get ids fron Redis...']
2019-01-05 15:00:03,605 - root - INFO - ["Didn't find new approve images..."]
2019-01-05 15:00:03,605 - root - INFO - ['Done with SUCCSESS!!!']
2019-01-05 15:00:03,605 - root - INFO - ['------------------------------------']
2019-01-05 16:00:02,231 - root - INFO - ['Start NEW process!!!']
2019-01-05 16:00:02,231 - root - INFO - ['Get ids from Shutterstock...']
2019-01-05 16:00:02,922 - root - INFO - ['Get ids fron Redis...']
2019-01-05 16:00:02,923 - root - INFO - ["Didn't find new approve images..."]
2019-01-05 16:00:02,924 - root - INFO - ['Done with SUCCSESS!!!']
2019-01-05 16:00:02,924 - root - INFO - ['------------------------------------']
2019-01-05 17:00:02,599 - root - INFO - ['Start NEW process!!!']
2019-01-05 17:00:02,599 - root - INFO - ['Get ids from Shutterstock...']
2019-01-05 17:00:03,360 - root - INFO - ['Get ids fron Redis...']
2019-01-05 17:00:03,362 - root - INFO - ['NEW ids:']
2019-01-05 17:00:03,362 - root - INFO - ['1274835529', '1274835490', '1274835523', '1274835481', '1274835433', '1274835463', '1274798182', '1274835526', '1274835469', '1274835106', '1274835505', '1274835460', '1274798164', '1274835520', '1274835517', '1274835451', '1274835478', '1274798176', '1274835442', '1274835472', '1274835493', '1274835103', '1274835109', '1274835466', '1274835427', '1274835436', '1274835457', '1274798167', '1274835430', '1275057871', '1274835487', '1274835454', '1274835445', '1274798173', '1274835100', '1274835448', '1274835499', '1275057874', '1274835496', '1274835484', '1274835502', '1274798158', '1274835475', '1274835439']
2019-01-05 17:00:03,518 - root - INFO - ['Start push to SLACK...']
2019-01-05 17:00:03,890 - root - INFO - ['Pushed...']
2019-01-05 17:00:03,890 - root - INFO - ['2019-01-05', '1274835529', 'Vector Exotic tropical hawaiian summer. Palm beach tree jungle botanical leaves. Black and white engraved ink art. Leaf plant botanical garden floral foliage. Isolated leaf illustration element.', 'https://image.shutterstock.com/image-vector/vector-exotic-tropical-hawaiian-summer-260nw-1274835529.jpg', 'https://www.shutterstock.com/image/1274835529']
2019-01-05 17:00:03,928 - root - INFO - ['Start push to SLACK...']
2019-01-05 17:00:04,291 - root - INFO - ['Pushed...']
2019-01-05 17:00:04,292 - root - INFO - ['2019-01-05', '1274835490', 'Vector Exotic tropical hawaiian summer. Palm beach tree jungle botanical leaves. Green engraved ink art. Leaf plant botanical garden floral foliage. Isolated leaf illustration element.', 'https://image.shutterstock.com/image-vector/vector-exotic-tropical-hawaiian-summer-260nw-1274835490.jpg', 'https://www.shutterstock.com/image/1274835490']
2019-01-05 17:00:04,336 - root - INFO - ['Start push to SLACK...']
2019-01-05 17:00:04,604 - root - INFO - ['Pushed...']
2019-01-05 17:00:04,605 - root - INFO - ['2019-01-05', '1274835523', 'Vector Strawberry fruits. Green leaf. Leaf plant botanical garden floral foliage. Red and green engraved ink art. Isolated strawberry illustration element.', 'https://image.shutterstock.com/image-vector/vector-strawberry-fruits-green-leaf-260nw-1274835523.jpg', 'https://www.shutterstock.com/image/1274835523']
2019-01-05 17:00:04,643 - root - INFO - ['Start push to SLACK...']
2019-01-05 17:00:05,057 - root - INFO - ['Pushed...']
2019-01-05 17:00:05,057 - root - INFO - ['2019-01-05', '1274835481', 'Vector Cherry fruit. Leaf plant botanical garden floral foliage. Black and white engraved ink art. Isolated berry illustration element on white background.', 'https://image.shutterstock.com/image-vector/vector-cherry-fruit-leaf-plant-260nw-1274835481.jpg', 'https://www.shutterstock.com/image/1274835481']
2019-01-05 17:00:05,133 - root - INFO - ['Start push to SLACK...']
2019-01-05 17:00:05,758 - root - INFO - ['Pushed...']
2019-01-05 17:00:05,758 - root - INFO - ['2019-01-05', '1274835433', 'Pink lotus floral botanical flower. Wild spring leaf wildflower isolated. Watercolor background illustration set. Watercolour drawing fashion aquarelle . Isolated lotus illustration element.', 'https://image.shutterstock.com/image-illustration/pink-lotus-floral-botanical-flower-260nw-1274835433.jpg', 'https://www.shutterstock.com/image/1274835433']
2019-01-05 17:00:05,792 - root - INFO - ['Start push to SLACK...']
2019-01-05 17:00:06,091 - root - INFO - ['Pushed...']
2019-01-05 17:00:06,091 - root - INFO - ['2019-01-05', '1274835463', 'Vector Cherry fruit. Leaf plant botanical garden floral foliage. Red and green engraved ink art. Isolated berry illustration element on white background.', 'https://image.shutterstock.com/image-vector/vector-cherry-fruit-leaf-plant-260nw-1274835463.jpg', 'https://www.shutterstock.com/image/1274835463']
2019-01-05 17:00:06,182 - root - INFO - ['Start push to SLACK...']
2019-01-05 17:00:06,652 - root - INFO - ['Pushed...']
2019-01-05 17:00:06,652 - root - INFO - ['2019-01-05', '1274798182', 'Purple and red daylily bouquet. Floral botanical flowers. Wild spring leaf wildflower isolated. Watercolor background set. Watercolour drawing fashion aquarelle. Isolated bouquet illustration element.', 'https://image.shutterstock.com/image-illustration/purple-red-daylily-bouquet-floral-260nw-1274798182.jpg', 'https://www.shutterstock.com/image/1274798182']
2019-01-05 17:00:06,701 - root - INFO - ['Start push to SLACK...']
2019-01-05 17:00:07,115 - root - INFO - ['Pushed...']
2019-01-05 17:00:07,115 - root - INFO - ['2019-01-05', '1274835526', 'Vector Exotic tropical hawaiian summer. Palm beach tree jungle botanical leaves. Green engraved ink art. Leaf plant botanical garden floral foliage. Isolated leaf illustration element.', 'https://image.shutterstock.com/image-vector/vector-exotic-tropical-hawaiian-summer-260nw-1274835526.jpg', 'https://www.shutterstock.com/image/1274835526']
2019-01-05 17:00:07,152 - root - INFO - ['Start push to SLACK...']
2019-01-05 17:00:07,541 - root - INFO - ['Pushed...']
2019-01-05 17:00:07,541 - root - INFO - ['2019-01-05', '1274835469', 'Vector Cherry fruit. Leaf plant botanical garden floral foliage. Black and white engraved ink art. Isolated berry illustration element on white background.', 'https://image.shutterstock.com/image-vector/vector-cherry-fruit-leaf-plant-260nw-1274835469.jpg', 'https://www.shutterstock.com/image/1274835469']
2019-01-05 17:00:07,577 - root - INFO - ['Start push to SLACK...']
2019-01-05 17:00:07,869 - root - INFO - ['Pushed...']
2019-01-05 17:00:07,870 - root - INFO - ['2019-01-05', '1274835106', 'Vector Strawberry fruits. Green leaf. Leaf plant botanical garden floral foliage. Red and green engraved ink art. Frame border ornament square.', 'https://image.shutterstock.com/image-vector/vector-strawberry-fruits-green-leaf-260nw-1274835106.jpg', 'https://www.shutterstock.com/image/1274835106']
2019-01-05 17:00:07,913 - root - INFO - ['Start push to SLACK...']
2019-01-05 17:00:08,336 - root - INFO - ['Pushed...']
2019-01-05 17:00:08,337 - root - INFO - ['2019-01-05', '1274835505', 'Vector Strawberry fruits. Leaf plant botanical garden floral foliage. Black and white engraved ink art. Isolated strawberry illustration element.', 'https://image.shutterstock.com/image-vector/vector-strawberry-fruits-leaf-plant-260nw-1274835505.jpg', 'https://www.shutterstock.com/image/1274835505']
2019-01-05 17:00:08,395 - root - INFO - ['Start push to SLACK...']
2019-01-05 17:00:08,796 - root - INFO - ['Pushed...']
2019-01-05 17:00:08,796 - root - INFO - ['2019-01-05', '1274835460', 'Vector Cherry fruit. Leaf plant botanical garden floral foliage. Red and green engraved ink art. Isolated berry illustration element on white background.', 'https://image.shutterstock.com/image-vector/vector-cherry-fruit-leaf-plant-260nw-1274835460.jpg', 'https://www.shutterstock.com/image/1274835460']
2019-01-05 17:00:08,870 - root - INFO - ['Start push to SLACK...']
2019-01-05 17:00:09,350 - root - INFO - ['Pushed...']
2019-01-05 17:00:09,350 - root - INFO - ['2019-01-05', '1274798164', 'Blue floral botanical flower. Wild spring leaf wildflower isolated. Watercolor background illustration set. Watercolour drawing fashion aquarelle isolated. Isolated ornament illustration element.', 'https://image.shutterstock.com/image-illustration/blue-floral-botanical-flower-wild-260nw-1274798164.jpg', 'https://www.shutterstock.com/image/1274798164']
2019-01-05 17:00:09,392 - root - INFO - ['Start push to SLACK...']
2019-01-05 17:00:09,777 - root - INFO - ['Pushed...']
2019-01-05 17:00:09,777 - root - INFO - ['2019-01-05', '1274835520', 'Vector Exotic tropical hawaiian summer. Palm beach tree jungle botanical leaves. Green engraved ink art. Leaf plant botanical garden floral foliage. Isolated leaf illustration element.', 'https://image.shutterstock.com/image-vector/vector-exotic-tropical-hawaiian-summer-260nw-1274835520.jpg', 'https://www.shutterstock.com/image/1274835520']
2019-01-05 17:00:09,818 - root - INFO - ['Start push to SLACK...']
2019-01-05 17:00:10,332 - root - INFO - ['Pushed...']
2019-01-05 17:00:10,333 - root - INFO - ['2019-01-05', '1274835517', 'Vector Strawberry fruits. Green leaf. Leaf plant botanical garden floral foliage. Red and green engraved ink art. Isolated strawberry illustration element.', 'https://image.shutterstock.com/image-vector/vector-strawberry-fruits-green-leaf-260nw-1274835517.jpg', 'https://www.shutterstock.com/image/1274835517']
2019-01-05 17:00:10,392 - root - INFO - ['Start push to SLACK...']
2019-01-05 17:00:10,858 - root - INFO - ['Pushed...']
2019-01-05 17:00:10,858 - root - INFO - ['2019-01-05', '1274835451', 'Purple leaf. Floral botanical flower. Wild spring leaf wildflower isolated. Watercolor background illustration set. Watercolour drawing fashion aquarelle. Isolated leaf illustration element.', 'https://image.shutterstock.com/image-illustration/purple-leaf-floral-botanical-flower-260nw-1274835451.jpg', 'https://www.shutterstock.com/image/1274835451']
2019-01-05 17:00:10,947 - root - INFO - ['Start push to SLACK...']
2019-01-05 17:00:11,422 - root - INFO - ['Pushed...']
2019-01-05 17:00:11,422 - root - INFO - ['2019-01-05', '1274835478', 'Vector Cherry fruit. Leaf plant botanical garden floral foliage. Red and green engraved ink art. Isolated berry illustration element on white background.', 'https://image.shutterstock.com/image-vector/vector-cherry-fruit-leaf-plant-260nw-1274835478.jpg', 'https://www.shutterstock.com/image/1274835478']
2019-01-05 17:00:11,516 - root - INFO - ['Start push to SLACK...']
2019-01-05 17:00:11,895 - root - INFO - ['Pushed...']
2019-01-05 17:00:11,895 - root - INFO - ['2019-01-05', '1274798176', 'Green leaf. Floral botanical flower. Wild spring leaf wildflower isolated. Watercolor background illustration set. Watercolour drawing fashion aquarelle isolated. Isolated leaf illustration element.', 'https://image.shutterstock.com/image-illustration/green-leaf-floral-botanical-flower-260nw-1274798176.jpg', 'https://www.shutterstock.com/image/1274798176']
2019-01-05 17:00:11,972 - root - INFO - ['Start push to SLACK...']
2019-01-05 17:00:12,362 - root - INFO - ['Pushed...']
2019-01-05 17:00:12,362 - root - INFO - ['2019-01-05', '1274835442', 'Pink bouquet floral botanical flower. Wild spring leaf wildflower isolated. Watercolor background illustration set. Watercolour drawing fashion aquarelle. Isolated ornament illustration element.', 'https://image.shutterstock.com/image-illustration/pink-bouquet-floral-botanical-flower-260nw-1274835442.jpg', 'https://www.shutterstock.com/image/1274835442']
2019-01-05 17:00:12,405 - root - INFO - ['Start push to SLACK...']
2019-01-05 17:00:12,828 - root - INFO - ['Pushed...']
2019-01-05 17:00:12,829 - root - INFO - ['2019-01-05', '1274835472', 'Vector Cherry fruit. Leaf plant botanical garden floral foliage. Black and white engraved ink art. Isolated berry illustration element on white background.', 'https://image.shutterstock.com/image-vector/vector-cherry-fruit-leaf-plant-260nw-1274835472.jpg', 'https://www.shutterstock.com/image/1274835472']
2019-01-05 17:00:12,873 - root - INFO - ['Start push to SLACK...']
2019-01-05 17:00:13,420 - root - INFO - ['Pushed...']
2019-01-05 17:00:13,420 - root - INFO - ['2019-01-05', '1274835493', 'Vector Exotic tropical hawaiian summer. Palm beach tree jungle botanical leaves. Green engraved ink art. Leaf plant botanical garden floral foliage. Isolated leaf illustration element.', 'https://image.shutterstock.com/image-vector/vector-exotic-tropical-hawaiian-summer-260nw-1274835493.jpg', 'https://www.shutterstock.com/image/1274835493']
2019-01-05 17:00:13,495 - root - INFO - ['Start push to SLACK...']
2019-01-05 17:00:13,853 - root - INFO - ['Pushed...']
2019-01-05 17:00:13,853 - root - INFO - ['2019-01-05', '1274835103', 'Vector Strawberry fruits. Green leaf. Leaf plant botanical garden floral foliage. Red and green engraved ink art. Frame border ornament square.', 'https://image.shutterstock.com/image-vector/vector-strawberry-fruits-green-leaf-260nw-1274835103.jpg', 'https://www.shutterstock.com/image/1274835103']
2019-01-05 17:00:13,898 - root - INFO - ['Start push to SLACK...']
2019-01-05 17:00:14,306 - root - INFO - ['Pushed...']
2019-01-05 17:00:14,306 - root - INFO - ['2019-01-05', '1274835109', 'Vector Strawberry fruits. Green leaf. Leaf plant botanical garden floral foliage. Red and green engraved ink art. Seamless background pattern. Fabric wallpaper print texture.', 'https://image.shutterstock.com/image-vector/vector-strawberry-fruits-green-leaf-260nw-1274835109.jpg', 'https://www.shutterstock.com/image/1274835109']
2019-01-05 17:00:14,344 - root - INFO - ['Start push to SLACK...']
2019-01-05 17:00:14,658 - root - INFO - ['Pushed...']
2019-01-05 17:00:14,658 - root - INFO - ['2019-01-05', '1274835466', 'Vector Cherry fruit. Leaf plant botanical garden floral foliage. Black and white engraved ink art. Isolated berry illustration element on white background.', 'https://image.shutterstock.com/image-vector/vector-cherry-fruit-leaf-plant-260nw-1274835466.jpg', 'https://www.shutterstock.com/image/1274835466']
2019-01-05 17:00:14,957 - root - INFO - ['Start push to SLACK...']
2019-01-05 17:00:15,314 - root - INFO - ['Pushed...']
2019-01-05 17:00:15,314 - root - INFO - ['2019-01-05', '1274835427', 'Purple leaf. Floral botanical flower. Wild spring leaf wildflower isolated. Watercolor background illustration set. Watercolour drawing fashion aquarelle. Isolated leaf illustration element.', 'https://image.shutterstock.com/image-illustration/purple-leaf-floral-botanical-flower-260nw-1274835427.jpg', 'https://www.shutterstock.com/image/1274835427']
2019-01-05 17:00:15,352 - root - INFO - ['Start push to SLACK...']
2019-01-05 17:00:15,583 - root - INFO - ['Pushed...']
2019-01-05 17:00:15,583 - root - INFO - ['2019-01-05', '1274835436', 'Vector Exotic tropical hawaiian summer. Palm beach tree jungle botanical leaves. Black and white engraved ink art. Leaf plant botanical garden floral foliage. Isolated leaf illustration element.', 'https://image.shutterstock.com/image-vector/vector-exotic-tropical-hawaiian-summer-260nw-1274835436.jpg', 'https://www.shutterstock.com/image/1274835436']
2019-01-05 17:00:15,616 - root - INFO - ['Start push to SLACK...']
2019-01-05 17:00:15,930 - root - INFO - ['Pushed...']
2019-01-05 17:00:15,931 - root - INFO - ['2019-01-05', '1274835457', 'Vector Cherry fruit. Leaf plant botanical garden floral foliage. Red and green engraved ink art. Isolated berry illustration element on white background.', 'https://image.shutterstock.com/image-vector/vector-cherry-fruit-leaf-plant-260nw-1274835457.jpg', 'https://www.shutterstock.com/image/1274835457']
2019-01-05 17:00:16,217 - root - INFO - ['Start push to SLACK...']
2019-01-05 17:00:16,720 - root - INFO - ['Pushed...']
2019-01-05 17:00:16,720 - root - INFO - ['2019-01-05', '1274798167', 'Red peony and rose floral botanical flowers. Wild spring leaf wildflower. Watercolor background illustration set. Watercolour drawing fashion aquarelle. Isolated ornament illustration element.', 'https://image.shutterstock.com/image-illustration/red-peony-rose-floral-botanical-260nw-1274798167.jpg', 'https://www.shutterstock.com/image/1274798167']
2019-01-05 17:00:16,756 - root - INFO - ['Start push to SLACK...']
2019-01-05 17:00:17,191 - root - INFO - ['Pushed...']
2019-01-05 17:00:17,191 - root - INFO - ['2019-01-05', '1274835430', 'Vector Exotic tropical hawaiian summer. Palm beach tree jungle botanical leaves. Black and white engraved ink art. Leaf plant botanical garden floral foliage. Isolated leaf illustration element.', 'https://image.shutterstock.com/image-vector/vector-exotic-tropical-hawaiian-summer-260nw-1274835430.jpg', 'https://www.shutterstock.com/image/1274835430']
2019-01-05 17:00:17,221 - root - INFO - ['Start push to SLACK...']
2019-01-05 17:00:17,568 - root - INFO - ['Pushed...']
2019-01-05 17:00:17,568 - root - INFO - ['2019-01-05', '1275057871', 'Vector Cherry fruit. Leaf plant botanical garden floral foliage. Red and green engraved ink art. Isolated berry illustration element on white background.', 'https://image.shutterstock.com/image-vector/vector-cherry-fruit-leaf-plant-260nw-1275057871.jpg', 'https://www.shutterstock.com/image/1275057871']
2019-01-05 17:00:17,604 - root - INFO - ['Start push to SLACK...']
2019-01-05 17:00:18,030 - root - INFO - ['Pushed...']
2019-01-05 17:00:18,030 - root - INFO - ['2019-01-05', '1274835487', 'Vector Strawberry fruits. Leaf plant botanical garden floral foliage. Black and white engraved ink art. Isolated strawberry illustration element.', 'https://image.shutterstock.com/image-vector/vector-strawberry-fruits-leaf-plant-260nw-1274835487.jpg', 'https://www.shutterstock.com/image/1274835487']
2019-01-05 17:00:18,099 - root - INFO - ['Start push to SLACK...']
2019-01-05 17:00:18,374 - root - INFO - ['Pushed...']
2019-01-05 17:00:18,374 - root - INFO - ['2019-01-05', '1274835454', 'Green leaves. Floral botanical flower. Wild spring leaf wildflower isolated. Watercolor background illustration set. Watercolour drawing fashion aquarelle isolated. Isolated leaf illustration element.', 'https://image.shutterstock.com/image-illustration/green-leaves-floral-botanical-flower-260nw-1274835454.jpg', 'https://www.shutterstock.com/image/1274835454']
2019-01-05 17:00:18,606 - root - INFO - ['Start push to SLACK...']
2019-01-05 17:00:19,108 - root - INFO - ['Pushed...']
2019-01-05 17:00:19,108 - root - INFO - ['2019-01-05', '1274835445', 'Red and blue floral botanical flowers. Wild spring leaf wildflower isolated. Watercolor background illustration set. Watercolour drawing fashion aquarelle. Isolated ornament illustration element.', 'https://image.shutterstock.com/image-illustration/red-blue-floral-botanical-flowers-260nw-1274835445.jpg', 'https://www.shutterstock.com/image/1274835445']
2019-01-05 17:00:19,172 - root - INFO - ['Start push to SLACK...']
2019-01-05 17:00:19,679 - root - INFO - ['Pushed...']
2019-01-05 17:00:19,680 - root - INFO - ['2019-01-05', '1274798173', 'Blue floral botanical flower. Wild spring leaf wildflower isolated. Watercolor background illustration set. Watercolour drawing fashion aquarelle isolated. Isolated ornament illustration element.', 'https://image.shutterstock.com/image-illustration/blue-floral-botanical-flower-wild-260nw-1274798173.jpg', 'https://www.shutterstock.com/image/1274798173']
2019-01-05 17:00:19,778 - root - INFO - ['Start push to SLACK...']
2019-01-05 17:00:20,154 - root - INFO - ['Pushed...']
2019-01-05 17:00:20,154 - root - INFO - ['2019-01-05', '1274835100', 'Vector Strawberry fruits. Leaf plant botanical garden floral foliage. Blue engraved ink art. Seamless background pattern. Fabric wallpaper print texture.', 'https://image.shutterstock.com/image-vector/vector-strawberry-fruits-leaf-plant-260nw-1274835100.jpg', 'https://www.shutterstock.com/image/1274835100']
2019-01-05 17:00:20,189 - root - INFO - ['Start push to SLACK...']
2019-01-05 17:00:20,505 - root - INFO - ['Pushed...']
2019-01-05 17:00:20,505 - root - INFO - ['2019-01-05', '1274835448', 'Vector Exotic tropical hawaiian summer. Palm beach tree jungle botanical leaves. Black and white engraved ink art. Leaf plant botanical garden floral foliage. Isolated leaf illustration element.', 'https://image.shutterstock.com/image-vector/vector-exotic-tropical-hawaiian-summer-260nw-1274835448.jpg', 'https://www.shutterstock.com/image/1274835448']
2019-01-05 17:00:20,536 - root - INFO - ['Start push to SLACK...']
2019-01-05 17:00:20,794 - root - INFO - ['Pushed...']
2019-01-05 17:00:20,794 - root - INFO - ['2019-01-05', '1274835499', 'Vector Strawberry fruits. Green leaf. Leaf plant botanical garden floral foliage. Red and green engraved ink art. Isolated strawberry illustration element.', 'https://image.shutterstock.com/image-vector/vector-strawberry-fruits-green-leaf-260nw-1274835499.jpg', 'https://www.shutterstock.com/image/1274835499']
2019-01-05 17:00:20,829 - root - INFO - ['Start push to SLACK...']
2019-01-05 17:00:21,020 - root - INFO - ['Pushed...']
2019-01-05 17:00:21,020 - root - INFO - ['2019-01-05', '1275057874', 'Vector Cherry fruit. Leaf plant botanical garden floral foliage. Red and green engraved ink art. Isolated berry illustration element on white background.', 'https://image.shutterstock.com/image-vector/vector-cherry-fruit-leaf-plant-260nw-1275057874.jpg', 'https://www.shutterstock.com/image/1275057874']
2019-01-05 17:00:21,052 - root - INFO - ['Start push to SLACK...']
2019-01-05 17:00:21,435 - root - INFO - ['Pushed...']
2019-01-05 17:00:21,435 - root - INFO - ['2019-01-05', '1274835496', 'Vector Exotic tropical hawaiian summer. Palm beach tree jungle botanical leaves. Green engraved ink art. Leaf plant botanical garden floral foliage. Isolated leaf illustration element.', 'https://image.shutterstock.com/image-vector/vector-exotic-tropical-hawaiian-summer-260nw-1274835496.jpg', 'https://www.shutterstock.com/image/1274835496']
2019-01-05 17:00:21,475 - root - INFO - ['Start push to SLACK...']
2019-01-05 17:00:21,709 - root - INFO - ['Pushed...']
2019-01-05 17:00:21,709 - root - INFO - ['2019-01-05', '1274835484', 'Vector Cherry fruit. Leaf plant botanical garden floral foliage. Black and white engraved ink art. Isolated berry illustration element on white background.', 'https://image.shutterstock.com/image-vector/vector-cherry-fruit-leaf-plant-260nw-1274835484.jpg', 'https://www.shutterstock.com/image/1274835484']
2019-01-05 17:00:21,746 - root - INFO - ['Start push to SLACK...']
2019-01-05 17:00:22,086 - root - INFO - ['Pushed...']
2019-01-05 17:00:22,086 - root - INFO - ['2019-01-05', '1274835502', 'Vector Strawberry fruits. Leaf plant botanical garden floral foliage. Black and white engraved ink art. Isolated strawberry illustration element.', 'https://image.shutterstock.com/image-vector/vector-strawberry-fruits-leaf-plant-260nw-1274835502.jpg', 'https://www.shutterstock.com/image/1274835502']
2019-01-05 17:00:22,154 - root - INFO - ['Start push to SLACK...']
2019-01-05 17:00:22,598 - root - INFO - ['Pushed...']
2019-01-05 17:00:22,599 - root - INFO - ['2019-01-05', '1274798158', 'Pink floral botanical flowers. Wild spring leaf wildflower isolated. Watercolor background illustration set. Watercolour drawing fashion aquarelle isolated. Isolated ornament illustration element.', 'https://image.shutterstock.com/image-illustration/pink-floral-botanical-flowers-wild-260nw-1274798158.jpg', 'https://www.shutterstock.com/image/1274798158']
2019-01-05 17:00:22,630 - root - INFO - ['Start push to SLACK...']
2019-01-05 17:00:23,068 - root - INFO - ['Pushed...']
2019-01-05 17:00:23,069 - root - INFO - ['2019-01-05', '1274835475', 'Vector Cherry fruit. Leaf plant botanical garden floral foliage. Black and white engraved ink art. Isolated berry illustration element on white background.', 'https://image.shutterstock.com/image-vector/vector-cherry-fruit-leaf-plant-260nw-1274835475.jpg', 'https://www.shutterstock.com/image/1274835475']
2019-01-05 17:00:23,113 - root - INFO - ['Start push to SLACK...']
2019-01-05 17:00:23,615 - root - INFO - ['Pushed...']
2019-01-05 17:00:23,615 - root - INFO - ['2019-01-05', '1274835439', 'Vector Exotic tropical hawaiian summer. Palm beach tree jungle botanical leaves. Black and white engraved ink art. Leaf plant botanical garden floral foliage. Isolated leaf illustration element.', 'https://image.shutterstock.com/image-vector/vector-exotic-tropical-hawaiian-summer-260nw-1274835439.jpg', 'https://www.shutterstock.com/image/1274835439']
2019-01-05 17:00:23,616 - root - INFO - ['Done with SUCCSESS!!!']
2019-01-05 17:00:23,616 - root - INFO - ['------------------------------------']
2019-01-05 18:00:02,544 - root - INFO - ['Start NEW process!!!']
2019-01-05 18:00:02,544 - root - INFO - ['Get ids from Shutterstock...']
2019-01-05 18:00:03,204 - root - INFO - ['Get ids fron Redis...']
2019-01-05 18:00:03,205 - root - INFO - ["Didn't find new approve images..."]
2019-01-05 18:00:03,206 - root - INFO - ['Done with SUCCSESS!!!']
2019-01-05 18:00:03,206 - root - INFO - ['------------------------------------']
2019-01-05 19:00:02,466 - root - INFO - ['Start NEW process!!!']
2019-01-05 19:00:02,466 - root - INFO - ['Get ids from Shutterstock...']
2019-01-05 19:00:03,102 - root - INFO - ['Get ids fron Redis...']
2019-01-05 19:00:03,104 - root - INFO - ["Didn't find new approve images..."]
2019-01-05 19:00:03,104 - root - INFO - ['Done with SUCCSESS!!!']
2019-01-05 19:00:03,104 - root - INFO - ['------------------------------------']
2019-01-05 20:00:02,980 - root - INFO - ['Start NEW process!!!']
2019-01-05 20:00:02,981 - root - INFO - ['Get ids from Shutterstock...']
2019-01-05 20:00:03,440 - root - INFO - ['Get ids fron Redis...']
2019-01-05 20:00:03,442 - root - INFO - ["Didn't find new approve images..."]
2019-01-05 20:00:03,442 - root - INFO - ['Done with SUCCSESS!!!']
2019-01-05 20:00:03,442 - root - INFO - ['------------------------------------']
2019-01-05 21:00:02,531 - root - INFO - ['Start NEW process!!!']
2019-01-05 21:00:02,532 - root - INFO - ['Get ids from Shutterstock...']
2019-01-05 21:00:03,108 - root - INFO - ['Get ids fron Redis...']
2019-01-05 21:00:03,111 - root - INFO - ["Didn't find new approve images..."]
2019-01-05 21:00:03,112 - root - INFO - ['Done with SUCCSESS!!!']
2019-01-05 21:00:03,112 - root - INFO - ['------------------------------------']
2019-01-05 22:00:02,905 - root - INFO - ['Start NEW process!!!']
2019-01-05 22:00:02,905 - root - INFO - ['Get ids from Shutterstock...']
2019-01-05 22:00:03,672 - root - INFO - ['Get ids fron Redis...']
2019-01-05 22:00:03,674 - root - INFO - ["Didn't find new approve images..."]
2019-01-05 22:00:03,674 - root - INFO - ['Done with SUCCSESS!!!']
2019-01-05 22:00:03,674 - root - INFO - ['------------------------------------']
2019-01-05 23:00:02,964 - root - INFO - ['Start NEW process!!!']
2019-01-05 23:00:02,965 - root - INFO - ['Get ids from Shutterstock...']
2019-01-05 23:00:03,572 - root - INFO - ['Get ids fron Redis...']
2019-01-05 23:00:03,573 - root - INFO - ["Didn't find new approve images..."]
2019-01-05 23:00:03,574 - root - INFO - ['Done with SUCCSESS!!!']
2019-01-05 23:00:03,574 - root - INFO - ['------------------------------------']
