2019-01-09 00:00:02,632 - root - INFO - ['Start NEW process!!!']
2019-01-09 00:00:02,632 - root - INFO - ['Get ids from Shutterstock...']
2019-01-09 00:00:03,354 - root - INFO - ['Get ids fron Redis...']
2019-01-09 00:00:03,356 - root - INFO - ["Didn't find new approve images..."]
2019-01-09 00:00:03,357 - root - INFO - ['Done with SUCCSESS!!!']
2019-01-09 00:00:03,357 - root - INFO - ['------------------------------------']
2019-01-09 01:00:02,754 - root - INFO - ['Start NEW process!!!']
2019-01-09 01:00:02,755 - root - INFO - ['Get ids from Shutterstock...']
2019-01-09 01:00:03,694 - root - INFO - ['Get ids fron Redis...']
2019-01-09 01:00:03,695 - root - INFO - ["Didn't find new approve images..."]
2019-01-09 01:00:03,696 - root - INFO - ['Done with SUCCSESS!!!']
2019-01-09 01:00:03,696 - root - INFO - ['------------------------------------']
2019-01-09 02:00:02,538 - root - INFO - ['Start NEW process!!!']
2019-01-09 02:00:02,538 - root - INFO - ['Get ids from Shutterstock...']
2019-01-09 02:00:03,300 - root - INFO - ['Get ids fron Redis...']
2019-01-09 02:00:03,302 - root - INFO - ["Didn't find new approve images..."]
2019-01-09 02:00:03,303 - root - INFO - ['Done with SUCCSESS!!!']
2019-01-09 02:00:03,303 - root - INFO - ['------------------------------------']
2019-01-09 03:00:02,489 - root - INFO - ['Start NEW process!!!']
2019-01-09 03:00:02,489 - root - INFO - ['Get ids from Shutterstock...']
2019-01-09 03:00:03,219 - root - INFO - ['Get ids fron Redis...']
2019-01-09 03:00:03,224 - root - INFO - ["Didn't find new approve images..."]
2019-01-09 03:00:03,225 - root - INFO - ['Done with SUCCSESS!!!']
2019-01-09 03:00:03,226 - root - INFO - ['------------------------------------']
2019-01-09 04:00:02,759 - root - INFO - ['Start NEW process!!!']
2019-01-09 04:00:02,760 - root - INFO - ['Get ids from Shutterstock...']
2019-01-09 04:00:03,766 - root - INFO - ['Get ids fron Redis...']
2019-01-09 04:00:03,767 - root - INFO - ["Didn't find new approve images..."]
2019-01-09 04:00:03,769 - root - INFO - ['Done with SUCCSESS!!!']
2019-01-09 04:00:03,769 - root - INFO - ['------------------------------------']
2019-01-09 05:00:02,694 - root - INFO - ['Start NEW process!!!']
2019-01-09 05:00:02,695 - root - INFO - ['Get ids from Shutterstock...']
2019-01-09 05:00:03,711 - root - INFO - ['Get ids fron Redis...']
2019-01-09 05:00:03,713 - root - INFO - ["Didn't find new approve images..."]
2019-01-09 05:00:03,714 - root - INFO - ['Done with SUCCSESS!!!']
2019-01-09 05:00:03,714 - root - INFO - ['------------------------------------']
2019-01-09 06:00:02,811 - root - INFO - ['Start NEW process!!!']
2019-01-09 06:00:02,811 - root - INFO - ['Get ids from Shutterstock...']
2019-01-09 06:00:03,574 - root - INFO - ['Get ids fron Redis...']
2019-01-09 06:00:03,575 - root - INFO - ["Didn't find new approve images..."]
2019-01-09 06:00:03,576 - root - INFO - ['Done with SUCCSESS!!!']
2019-01-09 06:00:03,576 - root - INFO - ['------------------------------------']
2019-01-09 07:00:02,654 - root - INFO - ['Start NEW process!!!']
2019-01-09 07:00:02,654 - root - INFO - ['Get ids from Shutterstock...']
2019-01-09 07:00:03,927 - root - INFO - ['Get ids fron Redis...']
2019-01-09 07:00:03,929 - root - INFO - ["Didn't find new approve images..."]
2019-01-09 07:00:03,930 - root - INFO - ['Done with SUCCSESS!!!']
2019-01-09 07:00:03,930 - root - INFO - ['------------------------------------']
2019-01-09 08:00:02,943 - root - INFO - ['Start NEW process!!!']
2019-01-09 08:00:02,943 - root - INFO - ['Get ids from Shutterstock...']
2019-01-09 08:00:04,079 - root - INFO - ['Get ids fron Redis...']
2019-01-09 08:00:04,080 - root - INFO - ["Didn't find new approve images..."]
2019-01-09 08:00:04,081 - root - INFO - ['Done with SUCCSESS!!!']
2019-01-09 08:00:04,081 - root - INFO - ['------------------------------------']
2019-01-09 09:00:02,515 - root - INFO - ['Start NEW process!!!']
2019-01-09 09:00:02,515 - root - INFO - ['Get ids from Shutterstock...']
2019-01-09 09:00:03,637 - root - INFO - ['Get ids fron Redis...']
2019-01-09 09:00:03,639 - root - INFO - ["Didn't find new approve images..."]
2019-01-09 09:00:03,640 - root - INFO - ['Done with SUCCSESS!!!']
2019-01-09 09:00:03,640 - root - INFO - ['------------------------------------']
2019-01-09 10:00:02,448 - root - INFO - ['Start NEW process!!!']
2019-01-09 10:00:02,449 - root - INFO - ['Get ids from Shutterstock...']
2019-01-09 10:00:03,612 - root - INFO - ['Get ids fron Redis...']
2019-01-09 10:00:03,615 - root - INFO - ["Didn't find new approve images..."]
2019-01-09 10:00:03,616 - root - INFO - ['Done with SUCCSESS!!!']
2019-01-09 10:00:03,616 - root - INFO - ['------------------------------------']
2019-01-09 11:00:04,088 - root - INFO - ['Start NEW process!!!']
2019-01-09 11:00:04,089 - root - INFO - ['Get ids from Shutterstock...']
2019-01-09 11:00:05,858 - root - INFO - ['Get ids fron Redis...']
2019-01-09 11:00:05,859 - root - INFO - ["Didn't find new approve images..."]
2019-01-09 11:00:05,860 - root - INFO - ['Done with SUCCSESS!!!']
2019-01-09 11:00:05,860 - root - INFO - ['------------------------------------']
2019-01-09 12:00:02,239 - root - INFO - ['Start NEW process!!!']
2019-01-09 12:00:02,240 - root - INFO - ['Get ids from Shutterstock...']
2019-01-09 12:00:03,175 - root - INFO - ['Get ids fron Redis...']
2019-01-09 12:00:03,176 - root - INFO - ["Didn't find new approve images..."]
2019-01-09 12:00:03,177 - root - INFO - ['Done with SUCCSESS!!!']
2019-01-09 12:00:03,177 - root - INFO - ['------------------------------------']
2019-01-09 13:00:02,899 - root - INFO - ['Start NEW process!!!']
2019-01-09 13:00:02,899 - root - INFO - ['Get ids from Shutterstock...']
2019-01-09 13:00:04,351 - root - INFO - ['Get ids fron Redis...']
2019-01-09 13:00:04,352 - root - INFO - ['NEW ids:']
2019-01-09 13:00:04,353 - root - INFO - ['1272048049', '1272048052', '1272048058', '1272048055']
2019-01-09 13:00:04,584 - root - INFO - ['Start push to SLACK...']
2019-01-09 13:00:05,150 - root - INFO - ['Pushed...']
2019-01-09 13:00:05,150 - root - INFO - ['2019-01-02', '1272048049', 'Vector Exotic tropical hawaiian summer. Palm beach tree jungle botanical leaves. Green engraved ink art. Leaf plant botanical garden floral foliage. Isolated leaf illustration element.', 'https://image.shutterstock.com/image-vector/vector-exotic-tropical-hawaiian-summer-260nw-1272048049.jpg', 'https://www.shutterstock.com/image/1272048049']
2019-01-09 13:00:05,354 - root - INFO - ['Start push to SLACK...']
2019-01-09 13:00:06,769 - root - INFO - ['Pushed...']
2019-01-09 13:00:06,769 - root - INFO - ['2019-01-02', '1272048052', 'Vector Exotic tropical hawaiian summer. Palm beach tree jungle botanical leaves. Green engraved ink art. Leaf plant botanical garden floral foliage. Isolated leaf illustration element.', 'https://image.shutterstock.com/image-vector/vector-exotic-tropical-hawaiian-summer-260nw-1272048052.jpg', 'https://www.shutterstock.com/image/1272048052']
2019-01-09 13:00:07,136 - root - INFO - ['Start push to SLACK...']
2019-01-09 13:00:07,622 - root - INFO - ['Pushed...']
2019-01-09 13:00:07,622 - root - INFO - ['2019-01-02', '1272048058', 'Vector Exotic tropical hawaiian summer. Palm beach tree jungle botanical leaves. Black and white engraved ink art. Leaf plant botanical garden floral foliage. Isolated leaf illustration element.', 'https://image.shutterstock.com/image-vector/vector-exotic-tropical-hawaiian-summer-260nw-1272048058.jpg', 'https://www.shutterstock.com/image/1272048058']
2019-01-09 13:00:07,929 - root - INFO - ['Start push to SLACK...']
2019-01-09 13:00:08,321 - root - INFO - ['Pushed...']
2019-01-09 13:00:08,322 - root - INFO - ['2019-01-02', '1272048055', 'Vector Exotic tropical hawaiian summer. Palm beach tree jungle botanical leaves. Black and white engraved ink art. Leaf plant botanical garden floral foliage. Isolated leaf illustration element.', 'https://image.shutterstock.com/image-vector/vector-exotic-tropical-hawaiian-summer-260nw-1272048055.jpg', 'https://www.shutterstock.com/image/1272048055']
2019-01-09 13:00:08,323 - root - INFO - ['Done with SUCCSESS!!!']
2019-01-09 13:00:08,323 - root - INFO - ['------------------------------------']
2019-01-09 14:00:02,516 - root - INFO - ['Start NEW process!!!']
2019-01-09 14:00:02,517 - root - INFO - ['Get ids from Shutterstock...']
2019-01-09 14:00:03,620 - root - INFO - ['Get ids fron Redis...']
2019-01-09 14:00:03,759 - root - INFO - ['Done with SUCCSESS!!!']
2019-01-09 14:00:03,759 - root - INFO - ['------------------------------------']
2019-01-09 15:00:02,667 - root - INFO - ['Start NEW process!!!']
2019-01-09 15:00:02,668 - root - INFO - ['Get ids from Shutterstock...']
2019-01-09 15:00:03,545 - root - INFO - ['Get ids fron Redis...']
2019-01-09 15:00:03,546 - root - INFO - ["Didn't find new approve images..."]
2019-01-09 15:00:03,547 - root - INFO - ['Done with SUCCSESS!!!']
2019-01-09 15:00:03,547 - root - INFO - ['------------------------------------']
2019-01-09 16:00:03,518 - root - INFO - ['Start NEW process!!!']
2019-01-09 16:00:03,525 - root - INFO - ['Get ids from Shutterstock...']
2019-01-09 16:00:05,653 - root - INFO - ['Get ids fron Redis...']
2019-01-09 16:00:06,112 - root - INFO - ['Done with SUCCSESS!!!']
2019-01-09 16:00:06,112 - root - INFO - ['------------------------------------']
2019-01-09 17:00:03,093 - root - INFO - ['Start NEW process!!!']
2019-01-09 17:00:03,093 - root - INFO - ['Get ids from Shutterstock...']
2019-01-09 17:00:04,111 - root - INFO - ['Get ids fron Redis...']
2019-01-09 17:00:04,113 - root - INFO - ["Didn't find new approve images..."]
2019-01-09 17:00:04,114 - root - INFO - ['Done with SUCCSESS!!!']
2019-01-09 17:00:04,114 - root - INFO - ['------------------------------------']
2019-01-09 18:00:02,234 - root - INFO - ['Start NEW process!!!']
2019-01-09 18:00:02,235 - root - INFO - ['Get ids from Shutterstock...']
2019-01-09 18:00:03,281 - root - INFO - ['Get ids fron Redis...']
2019-01-09 18:00:03,282 - root - INFO - ["Didn't find new approve images..."]
2019-01-09 18:00:03,283 - root - INFO - ['Done with SUCCSESS!!!']
2019-01-09 18:00:03,283 - root - INFO - ['------------------------------------']
2019-01-09 19:00:01,806 - root - INFO - ['Start NEW process!!!']
2019-01-09 19:00:01,806 - root - INFO - ['Get ids from Shutterstock...']
2019-01-09 19:00:03,103 - root - INFO - ['Get ids fron Redis...']
2019-01-09 19:00:03,104 - root - INFO - ["Didn't find new approve images..."]
2019-01-09 19:00:03,105 - root - INFO - ['Done with SUCCSESS!!!']
2019-01-09 19:00:03,105 - root - INFO - ['------------------------------------']
2019-01-09 20:00:02,426 - root - INFO - ['Start NEW process!!!']
2019-01-09 20:00:02,426 - root - INFO - ['Get ids from Shutterstock...']
2019-01-09 20:00:03,597 - root - INFO - ['Get ids fron Redis...']
2019-01-09 20:00:03,598 - root - INFO - ["Didn't find new approve images..."]
2019-01-09 20:00:03,599 - root - INFO - ['Done with SUCCSESS!!!']
2019-01-09 20:00:03,599 - root - INFO - ['------------------------------------']
2019-01-09 21:00:02,051 - root - INFO - ['Start NEW process!!!']
2019-01-09 21:00:02,051 - root - INFO - ['Get ids from Shutterstock...']
2019-01-09 21:00:03,268 - root - INFO - ['Get ids fron Redis...']
2019-01-09 21:00:03,269 - root - INFO - ['NEW ids:']
2019-01-09 21:00:03,269 - root - INFO - ['1272047998', '1272047977', '1272048001', '1272047989', '1272048007', '1272047956', '1272048031', '1272047959', '1272048019', '1272047968', '1272048016', '1272047986', '1272048028', '1272048013', '1272047971', '1272047965', '1272048043', '1272048022', '1272048037', '1272047992', '1272047995', '1272047983', '1272048004', '1272047962', '1272048025', '1272048010', '1272048034', '1272047953', '1272047974', '1272047980']
2019-01-09 21:00:03,567 - root - INFO - ['Start push to SLACK...']
2019-01-09 21:00:03,863 - root - INFO - ['Pushed...']
2019-01-09 21:00:03,863 - root - INFO - ['2019-01-02', '1272047998', 'Watercolor aquatic underwater colorful tropical fish set. Watercolor illustration set. Watercolour drawing fashion aquarelle isolated. Seamless background pattern. Fabric wallpaper print texture.', 'https://image.shutterstock.com/image-illustration/watercolor-aquatic-underwater-colorful-tropical-260nw-1272047998.jpg', 'https://www.shutterstock.com/image/1272047998']
2019-01-09 21:00:04,047 - root - INFO - ['Start push to SLACK...']
2019-01-09 21:00:04,686 - root - INFO - ['Pushed...']
2019-01-09 21:00:04,686 - root - INFO - ['2019-01-02', '1272047977', 'Abstract watercolor paper splash shapes isolated drawing. Illustration aquarelle for background, texture, wrapper pattern, frame or border. Watercolour drawing stain for design.', 'https://image.shutterstock.com/image-illustration/abstract-watercolor-paper-splash-shapes-260nw-1272047977.jpg', 'https://www.shutterstock.com/image/1272047977']
2019-01-09 21:00:04,994 - root - INFO - ['Start push to SLACK...']
2019-01-09 21:00:05,365 - root - INFO - ['Pushed...']
2019-01-09 21:00:05,365 - root - INFO - ['2019-01-02', '1272048001', 'Watercolor aquatic underwater colorful tropical fish set. Watercolor illustration set. Watercolour drawing fashion aquarelle isolated. Seamless background pattern. Fabric wallpaper print texture.', 'https://image.shutterstock.com/image-illustration/watercolor-aquatic-underwater-colorful-tropical-260nw-1272048001.jpg', 'https://www.shutterstock.com/image/1272048001']
2019-01-09 21:00:05,473 - root - INFO - ['Start push to SLACK...']
2019-01-09 21:00:05,698 - root - INFO - ['Pushed...']
2019-01-09 21:00:05,698 - root - INFO - ['2019-01-02', '1272047989', 'Watercolor aquatic underwater colorful tropical fish set. Watercolor illustration set. Watercolour drawing fashion aquarelle isolated. Seamless background pattern. Fabric wallpaper print texture.', 'https://image.shutterstock.com/image-illustration/watercolor-aquatic-underwater-colorful-tropical-260nw-1272047989.jpg', 'https://www.shutterstock.com/image/1272047989']
2019-01-09 21:00:05,883 - root - INFO - ['Start push to SLACK...']
2019-01-09 21:00:06,146 - root - INFO - ['Pushed...']
2019-01-09 21:00:06,146 - root - INFO - ['2019-01-02', '1272048007', 'Watercolor aquatic underwater colorful tropical fish set. Watercolor illustration set. Watercolour drawing fashion aquarelle isolated. Seamless background pattern. Fabric wallpaper print texture.', 'https://image.shutterstock.com/image-illustration/watercolor-aquatic-underwater-colorful-tropical-260nw-1272048007.jpg', 'https://www.shutterstock.com/image/1272048007']
2019-01-09 21:00:06,271 - root - INFO - ['Start push to SLACK...']
2019-01-09 21:00:06,598 - root - INFO - ['Pushed...']
2019-01-09 21:00:06,598 - root - INFO - ['2019-01-02', '1272047956', 'Abstract watercolor paper splash shapes isolated drawing. Illustration aquarelle for background, texture, wrapper pattern, frame or border. Watercolour drawing stain for design.', 'https://image.shutterstock.com/image-illustration/abstract-watercolor-paper-splash-shapes-260nw-1272047956.jpg', 'https://www.shutterstock.com/image/1272047956']
2019-01-09 21:00:06,794 - root - INFO - ['Start push to SLACK...']
2019-01-09 21:00:07,277 - root - INFO - ['Pushed...']
2019-01-09 21:00:07,277 - root - INFO - ['2019-01-02', '1272048031', 'Vector Cherry fruit. Leaf plant botanical garden floral foliage. Black and white engraved ink art. Isolated berry illustration element on white background.', 'https://image.shutterstock.com/image-vector/vector-cherry-fruit-leaf-plant-260nw-1272048031.jpg', 'https://www.shutterstock.com/image/1272048031']
2019-01-09 21:00:07,389 - root - INFO - ['Start push to SLACK...']
2019-01-09 21:00:07,976 - root - INFO - ['Pushed...']
2019-01-09 21:00:07,976 - root - INFO - ['2019-01-02', '1272047959', 'Abstract watercolor paper splash shapes isolated drawing. Illustration aquarelle for background, texture, wrapper pattern, frame or border. Watercolour drawing stain for design.', 'https://image.shutterstock.com/image-illustration/abstract-watercolor-paper-splash-shapes-260nw-1272047959.jpg', 'https://www.shutterstock.com/image/1272047959']
2019-01-09 21:00:08,198 - root - INFO - ['Start push to SLACK...']
2019-01-09 21:00:08,438 - root - INFO - ['Pushed...']
2019-01-09 21:00:08,439 - root - INFO - ['2019-01-02', '1272048019', 'Vector Cherry fruit. Leaf plant botanical garden floral foliage. Red and green engraved ink art. Isolated berry illustration element on white background.', 'https://image.shutterstock.com/image-vector/vector-cherry-fruit-leaf-plant-260nw-1272048019.jpg', 'https://www.shutterstock.com/image/1272048019']
2019-01-09 21:00:08,626 - root - INFO - ['Start push to SLACK...']
2019-01-09 21:00:09,217 - root - INFO - ['Pushed...']
2019-01-09 21:00:09,217 - root - INFO - ['2019-01-02', '1272047968', 'Abstract watercolor paper splash shapes isolated drawing. Illustration aquarelle for background, texture, wrapper pattern, frame or border. Watercolour drawing stain for design.', 'https://image.shutterstock.com/image-illustration/abstract-watercolor-paper-splash-shapes-260nw-1272047968.jpg', 'https://www.shutterstock.com/image/1272047968']
2019-01-09 21:00:09,357 - root - INFO - ['Start push to SLACK...']
2019-01-09 21:00:09,784 - root - INFO - ['Pushed...']
2019-01-09 21:00:09,784 - root - INFO - ['2019-01-02', '1272048016', 'Watercolor aquatic underwater colorful tropical fish set. Watercolor illustration set. Watercolour drawing fashion aquarelle isolated. Seamless background pattern. Fabric wallpaper print texture.', 'https://image.shutterstock.com/image-illustration/watercolor-aquatic-underwater-colorful-tropical-260nw-1272048016.jpg', 'https://www.shutterstock.com/image/1272048016']
2019-01-09 21:00:09,917 - root - INFO - ['Start push to SLACK...']
2019-01-09 21:00:10,249 - root - INFO - ['Pushed...']
2019-01-09 21:00:10,249 - root - INFO - ['2019-01-02', '1272047986', 'Watercolor aquatic underwater colorful tropical fish set. Watercolor illustration set. Watercolour drawing fashion aquarelle isolated. Seamless background pattern. Fabric wallpaper print texture.', 'https://image.shutterstock.com/image-illustration/watercolor-aquatic-underwater-colorful-tropical-260nw-1272047986.jpg', 'https://www.shutterstock.com/image/1272047986']
2019-01-09 21:00:10,429 - root - INFO - ['Start push to SLACK...']
2019-01-09 21:00:10,691 - root - INFO - ['Pushed...']
2019-01-09 21:00:10,691 - root - INFO - ['2019-01-02', '1272048028', 'Vector Cherry fruit. Leaf plant botanical garden floral foliage. Black and white engraved ink art. Isolated berry illustration element on white background.', 'https://image.shutterstock.com/image-vector/vector-cherry-fruit-leaf-plant-260nw-1272048028.jpg', 'https://www.shutterstock.com/image/1272048028']
2019-01-09 21:00:10,785 - root - INFO - ['Start push to SLACK...']
2019-01-09 21:00:10,945 - root - INFO - ['Pushed...']
2019-01-09 21:00:10,945 - root - INFO - ['2019-01-02', '1272048013', 'Vector Cherry fruit. Leaf plant botanical garden floral foliage. Red and green engraved ink art. Isolated berry illustration element on white background.', 'https://image.shutterstock.com/image-vector/vector-cherry-fruit-leaf-plant-260nw-1272048013.jpg', 'https://www.shutterstock.com/image/1272048013']
2019-01-09 21:00:11,094 - root - INFO - ['Start push to SLACK...']
2019-01-09 21:00:11,465 - root - INFO - ['Pushed...']
2019-01-09 21:00:11,465 - root - INFO - ['2019-01-02', '1272047971', 'Abstract watercolor paper splash shapes isolated drawing. Illustration aquarelle for background, texture, wrapper pattern, frame or border. Watercolour drawing stain for design.', 'https://image.shutterstock.com/image-illustration/abstract-watercolor-paper-splash-shapes-260nw-1272047971.jpg', 'https://www.shutterstock.com/image/1272047971']
2019-01-09 21:00:11,598 - root - INFO - ['Start push to SLACK...']
2019-01-09 21:00:11,896 - root - INFO - ['Pushed...']
2019-01-09 21:00:11,896 - root - INFO - ['2019-01-02', '1272047965', 'Abstract watercolor paper splash shapes isolated drawing. Illustration aquarelle for background, texture, wrapper pattern, frame or border. Watercolour drawing stain for design.', 'https://image.shutterstock.com/image-illustration/abstract-watercolor-paper-splash-shapes-260nw-1272047965.jpg', 'https://www.shutterstock.com/image/1272047965']
2019-01-09 21:00:12,127 - root - INFO - ['Start push to SLACK...']
2019-01-09 21:00:13,136 - root - INFO - ['Pushed...']
2019-01-09 21:00:13,136 - root - INFO - ['2019-01-02', '1272048043', 'Vector Exotic tropical hawaiian summer. Palm beach tree jungle botanical leaves. Green engraved ink art. Leaf plant botanical garden floral foliage. Isolated leaf illustration element.', 'https://image.shutterstock.com/image-vector/vector-exotic-tropical-hawaiian-summer-260nw-1272048043.jpg', 'https://www.shutterstock.com/image/1272048043']
2019-01-09 21:00:13,261 - root - INFO - ['Start push to SLACK...']
2019-01-09 21:00:13,528 - root - INFO - ['Pushed...']
2019-01-09 21:00:13,528 - root - INFO - ['2019-01-02', '1272048022', 'Watercolor aquatic underwater colorful tropical fish set. Watercolor illustration set. Watercolour drawing fashion aquarelle isolated. Seamless background pattern. Fabric wallpaper print texture.', 'https://image.shutterstock.com/image-illustration/watercolor-aquatic-underwater-colorful-tropical-260nw-1272048022.jpg', 'https://www.shutterstock.com/image/1272048022']
2019-01-09 21:00:13,737 - root - INFO - ['Start push to SLACK...']
2019-01-09 21:00:14,179 - root - INFO - ['Pushed...']
2019-01-09 21:00:14,179 - root - INFO - ['2019-01-02', '1272048037', 'Vector Exotic tropical hawaiian summer. Palm beach tree jungle botanical leaves. Green engraved ink art. Leaf plant botanical garden floral foliage. Isolated leaf illustration element.', 'https://image.shutterstock.com/image-vector/vector-exotic-tropical-hawaiian-summer-260nw-1272048037.jpg', 'https://www.shutterstock.com/image/1272048037']
2019-01-09 21:00:14,566 - root - INFO - ['Start push to SLACK...']
2019-01-09 21:00:14,820 - root - INFO - ['Pushed...']
2019-01-09 21:00:14,820 - root - INFO - ['2019-01-02', '1272047992', 'Watercolor aquatic underwater colorful tropical fish set. Watercolor illustration set. Watercolour drawing fashion aquarelle isolated. Seamless background pattern. Fabric wallpaper print texture.', 'https://image.shutterstock.com/image-illustration/watercolor-aquatic-underwater-colorful-tropical-260nw-1272047992.jpg', 'https://www.shutterstock.com/image/1272047992']
2019-01-09 21:00:15,054 - root - INFO - ['Start push to SLACK...']
2019-01-09 21:00:15,462 - root - INFO - ['Pushed...']
2019-01-09 21:00:15,462 - root - INFO - ['2019-01-02', '1272047995', 'Watercolor aquatic underwater colorful tropical fish set. Watercolor illustration set. Watercolour drawing fashion aquarelle isolated. Seamless background pattern. Fabric wallpaper print texture.', 'https://image.shutterstock.com/image-illustration/watercolor-aquatic-underwater-colorful-tropical-260nw-1272047995.jpg', 'https://www.shutterstock.com/image/1272047995']
2019-01-09 21:00:15,673 - root - INFO - ['Start push to SLACK...']
2019-01-09 21:00:16,368 - root - INFO - ['Pushed...']
2019-01-09 21:00:16,368 - root - INFO - ['2019-01-02', '1272047983', 'Abstract watercolor paper splash shapes isolated drawing. Illustration aquarelle for background, texture, wrapper pattern, frame or border. Watercolour drawing stain for design.', 'https://image.shutterstock.com/image-illustration/abstract-watercolor-paper-splash-shapes-260nw-1272047983.jpg', 'https://www.shutterstock.com/image/1272047983']
2019-01-09 21:00:16,586 - root - INFO - ['Start push to SLACK...']
2019-01-09 21:00:16,918 - root - INFO - ['Pushed...']
2019-01-09 21:00:16,918 - root - INFO - ['2019-01-02', '1272048004', 'Watercolor aquatic underwater colorful tropical fish set. Watercolor illustration set. Watercolour drawing fashion aquarelle isolated. Seamless background pattern. Fabric wallpaper print texture.', 'https://image.shutterstock.com/image-illustration/watercolor-aquatic-underwater-colorful-tropical-260nw-1272048004.jpg', 'https://www.shutterstock.com/image/1272048004']
2019-01-09 21:00:17,066 - root - INFO - ['Start push to SLACK...']
2019-01-09 21:00:17,572 - root - INFO - ['Pushed...']
2019-01-09 21:00:17,572 - root - INFO - ['2019-01-02', '1272047962', 'Abstract watercolor paper splash shapes isolated drawing. Illustration aquarelle for background, texture, wrapper pattern, frame or border. Watercolour drawing stain for design.', 'https://image.shutterstock.com/image-illustration/abstract-watercolor-paper-splash-shapes-260nw-1272047962.jpg', 'https://www.shutterstock.com/image/1272047962']
2019-01-09 21:00:18,670 - root - INFO - ['Start push to SLACK...']
2019-01-09 21:00:18,957 - root - INFO - ['Pushed...']
2019-01-09 21:00:18,957 - root - INFO - ['2019-01-02', '1272048025', 'Vector Cherry fruit. Leaf plant botanical garden floral foliage. Red and green engraved ink art. Isolated berry illustration element on white background.', 'https://image.shutterstock.com/image-vector/vector-cherry-fruit-leaf-plant-260nw-1272048025.jpg', 'https://www.shutterstock.com/image/1272048025']
2019-01-09 21:00:19,255 - root - INFO - ['Start push to SLACK...']
2019-01-09 21:00:19,733 - root - INFO - ['Pushed...']
2019-01-09 21:00:19,733 - root - INFO - ['2019-01-02', '1272048010', 'Watercolor aquatic underwater colorful tropical fish set. Watercolor illustration set. Watercolour drawing fashion aquarelle isolated. Seamless background pattern. Fabric wallpaper print texture.', 'https://image.shutterstock.com/image-illustration/watercolor-aquatic-underwater-colorful-tropical-260nw-1272048010.jpg', 'https://www.shutterstock.com/image/1272048010']
2019-01-09 21:00:19,881 - root - INFO - ['Start push to SLACK...']
2019-01-09 21:00:20,071 - root - INFO - ['Pushed...']
2019-01-09 21:00:20,071 - root - INFO - ['2019-01-02', '1272048034', 'Vector Cherry fruit. Leaf plant botanical garden floral foliage. Black and white engraved ink art. Isolated berry illustration element on white background.', 'https://image.shutterstock.com/image-vector/vector-cherry-fruit-leaf-plant-260nw-1272048034.jpg', 'https://www.shutterstock.com/image/1272048034']
2019-01-09 21:00:20,286 - root - INFO - ['Start push to SLACK...']
2019-01-09 21:00:20,679 - root - INFO - ['Pushed...']
2019-01-09 21:00:20,679 - root - INFO - ['2019-01-02', '1272047953', 'Abstract watercolor paper splash shapes isolated drawing. Illustration aquarelle for background, texture, wrapper pattern, frame or border. Watercolour drawing stain for design.', 'https://image.shutterstock.com/image-illustration/abstract-watercolor-paper-splash-shapes-260nw-1272047953.jpg', 'https://www.shutterstock.com/image/1272047953']
2019-01-09 21:00:20,821 - root - INFO - ['Start push to SLACK...']
2019-01-09 21:00:21,110 - root - INFO - ['Pushed...']
2019-01-09 21:00:21,110 - root - INFO - ['2019-01-02', '1272047974', 'Abstract watercolor paper splash shapes isolated drawing. Illustration aquarelle for background, texture, wrapper pattern, frame or border. Watercolour drawing stain for design.', 'https://image.shutterstock.com/image-illustration/abstract-watercolor-paper-splash-shapes-260nw-1272047974.jpg', 'https://www.shutterstock.com/image/1272047974']
2019-01-09 21:00:21,418 - root - INFO - ['Start push to SLACK...']
2019-01-09 21:00:21,818 - root - INFO - ['Pushed...']
2019-01-09 21:00:21,819 - root - INFO - ['2019-01-02', '1272047980', 'Abstract watercolor paper splash shapes isolated drawing. Illustration aquarelle for background, texture, wrapper pattern, frame or border. Watercolour drawing stain for design.', 'https://image.shutterstock.com/image-illustration/abstract-watercolor-paper-splash-shapes-260nw-1272047980.jpg', 'https://www.shutterstock.com/image/1272047980']
2019-01-09 21:00:21,820 - root - INFO - ['Done with SUCCSESS!!!']
2019-01-09 21:00:21,820 - root - INFO - ['------------------------------------']
2019-01-09 22:00:03,063 - root - INFO - ['Start NEW process!!!']
2019-01-09 22:00:03,064 - root - INFO - ['Get ids from Shutterstock...']
2019-01-09 22:00:04,749 - root - INFO - ['Get ids fron Redis...']
2019-01-09 22:00:04,751 - root - INFO - ['NEW ids:']
2019-01-09 22:00:04,751 - root - INFO - ['1278800515', '1278800503', '1278800476', '1278800500', '1278800509', '1278800512', '1278800416', '1278800506', '1278800425', '1278800491', '1278800419', '1278800518', '1278800428', '1278800437', '1278800494', '1278800488', '1278800434', '1278800479', '1278800482', '1278800431', '1278800485', '1278800422', '1278800410', '1278800497', '1278800413']
2019-01-09 22:00:05,034 - root - INFO - ['Start push to SLACK...']
2019-01-09 22:00:05,781 - root - INFO - ['Pushed...']
2019-01-09 22:00:05,781 - root - INFO - ['2019-01-09', '1278800515', 'Purple and red aquatic underwater nature coral reef. Watercolor background tropical plant illustration set. Watercolour drawing fashion aquarelle isolated. Frame border ornament square.', 'https://image.shutterstock.com/image-illustration/purple-red-aquatic-underwater-nature-260nw-1278800515.jpg', 'https://www.shutterstock.com/image/1278800515']
2019-01-09 22:00:05,936 - root - INFO - ['Start push to SLACK...']
2019-01-09 22:00:06,290 - root - INFO - ['Pushed...']
2019-01-09 22:00:06,291 - root - INFO - ['2019-01-09', '1278800503', 'Bouquet floral botanical flowers. Wild spring leaf wildflower isolated. Watercolor illustration set. Watercolour drawing fashion aquarelle. Seamless background pattern. Fabric wallpaper print texture.', 'https://image.shutterstock.com/image-illustration/bouquet-floral-botanical-flowers-wild-260nw-1278800503.jpg', 'https://www.shutterstock.com/image/1278800503']
2019-01-09 22:00:06,451 - root - INFO - ['Start push to SLACK...']
2019-01-09 22:00:06,907 - root - INFO - ['Pushed...']
2019-01-09 22:00:06,908 - root - INFO - ['2019-01-09', '1278800476', 'Bouquet floral botanical flowers. Wild spring leaf wildflower isolated. Watercolor illustration set. Watercolour drawing fashion aquarelle. Seamless background pattern. Fabric wallpaper print texture.', 'https://image.shutterstock.com/image-illustration/bouquet-floral-botanical-flowers-wild-260nw-1278800476.jpg', 'https://www.shutterstock.com/image/1278800476']
2019-01-09 22:00:07,062 - root - INFO - ['Start push to SLACK...']
2019-01-09 22:00:07,828 - root - INFO - ['Pushed...']
2019-01-09 22:00:07,828 - root - INFO - ['2019-01-09', '1278800500', 'Bouquet floral botanical flowers. Wild spring leaf wildflower isolated. Watercolor illustration set. Watercolour drawing fashion aquarelle. Seamless background pattern. Fabric wallpaper print texture.', 'https://image.shutterstock.com/image-illustration/bouquet-floral-botanical-flowers-wild-260nw-1278800500.jpg', 'https://www.shutterstock.com/image/1278800500']
2019-01-09 22:00:07,922 - root - INFO - ['Start push to SLACK...']
2019-01-09 22:00:08,549 - root - INFO - ['Pushed...']
2019-01-09 22:00:08,549 - root - INFO - ['2019-01-09', '1278800509', 'Purple and red aquatic underwater nature coral reef. Watercolor background tropical plant illustration set. Watercolour drawing fashion aquarelle isolated. Frame border ornament square.', 'https://image.shutterstock.com/image-illustration/purple-red-aquatic-underwater-nature-260nw-1278800509.jpg', 'https://www.shutterstock.com/image/1278800509']
2019-01-09 22:00:08,704 - root - INFO - ['Start push to SLACK...']
2019-01-09 22:00:09,047 - root - INFO - ['Pushed...']
2019-01-09 22:00:09,047 - root - INFO - ['2019-01-09', '1278800512', 'Purple and red aquatic underwater nature coral reef. Watercolor background tropical plant illustration set. Watercolour drawing fashion aquarelle isolated. Frame border ornament square.', 'https://image.shutterstock.com/image-illustration/purple-red-aquatic-underwater-nature-260nw-1278800512.jpg', 'https://www.shutterstock.com/image/1278800512']
2019-01-09 22:00:09,148 - root - INFO - ['Start push to SLACK...']
2019-01-09 22:00:09,543 - root - INFO - ['Pushed...']
2019-01-09 22:00:09,544 - root - INFO - ['2019-01-09', '1278800416', 'Purple and red aquatic underwater nature coral reef. Watercolor illustration set. Watercolour drawing fashion aquarelle isolated. Seamless background pattern. Fabric wallpaper print texture.', 'https://image.shutterstock.com/image-illustration/purple-red-aquatic-underwater-nature-260nw-1278800416.jpg', 'https://www.shutterstock.com/image/1278800416']
2019-01-09 22:00:09,661 - root - INFO - ['Start push to SLACK...']
2019-01-09 22:00:10,301 - root - INFO - ['Pushed...']
2019-01-09 22:00:10,301 - root - INFO - ['2019-01-09', '1278800506', 'Purple and red aquatic underwater nature coral reef. Watercolor background tropical plant illustration set. Watercolour drawing fashion aquarelle isolated. Frame border ornament square.', 'https://image.shutterstock.com/image-illustration/purple-red-aquatic-underwater-nature-260nw-1278800506.jpg', 'https://www.shutterstock.com/image/1278800506']
2019-01-09 22:00:10,419 - root - INFO - ['Start push to SLACK...']
2019-01-09 22:00:11,219 - root - INFO - ['Pushed...']
2019-01-09 22:00:11,219 - root - INFO - ['2019-01-09', '1278800425', 'Purple and red aquatic underwater nature coral reef. Watercolor illustration set. Watercolour drawing fashion aquarelle isolated. Seamless background pattern. Fabric wallpaper print texture.', 'https://image.shutterstock.com/image-illustration/purple-red-aquatic-underwater-nature-260nw-1278800425.jpg', 'https://www.shutterstock.com/image/1278800425']
2019-01-09 22:00:11,392 - root - INFO - ['Start push to SLACK...']
2019-01-09 22:00:12,517 - root - INFO - ['Pushed...']
2019-01-09 22:00:12,518 - root - INFO - ['2019-01-09', '1278800491', 'Bouquet floral botanical flowers. Wild spring leaf wildflower isolated. Watercolor illustration set. Watercolour drawing fashion aquarelle. Seamless background pattern. Fabric wallpaper print texture.', 'https://image.shutterstock.com/image-illustration/bouquet-floral-botanical-flowers-wild-260nw-1278800491.jpg', 'https://www.shutterstock.com/image/1278800491']
2019-01-09 22:00:12,663 - root - INFO - ['Start push to SLACK...']
2019-01-09 22:00:13,148 - root - INFO - ['Pushed...']
2019-01-09 22:00:13,148 - root - INFO - ['2019-01-09', '1278800419', 'Purple and red aquatic underwater nature coral reef. Watercolor illustration set. Watercolour drawing fashion aquarelle isolated. Seamless background pattern. Fabric wallpaper print texture.', 'https://image.shutterstock.com/image-illustration/purple-red-aquatic-underwater-nature-260nw-1278800419.jpg', 'https://www.shutterstock.com/image/1278800419']
2019-01-09 22:00:13,374 - root - INFO - ['Start push to SLACK...']
2019-01-09 22:00:13,635 - root - INFO - ['Pushed...']
2019-01-09 22:00:13,635 - root - INFO - ['2019-01-09', '1278800518', 'Purple and red aquatic underwater nature coral reef. Watercolor background tropical plant illustration set. Watercolour drawing fashion aquarelle isolated. Frame border ornament square.', 'https://image.shutterstock.com/image-illustration/purple-red-aquatic-underwater-nature-260nw-1278800518.jpg', 'https://www.shutterstock.com/image/1278800518']
2019-01-09 22:00:13,875 - root - INFO - ['Start push to SLACK...']
2019-01-09 22:00:14,453 - root - INFO - ['Pushed...']
2019-01-09 22:00:14,453 - root - INFO - ['2019-01-09', '1278800428', 'Purple and red aquatic underwater nature coral reef. Watercolor illustration set. Watercolour drawing fashion aquarelle isolated. Seamless background pattern. Fabric wallpaper print texture.', 'https://image.shutterstock.com/image-illustration/purple-red-aquatic-underwater-nature-260nw-1278800428.jpg', 'https://www.shutterstock.com/image/1278800428']
2019-01-09 22:00:14,580 - root - INFO - ['Start push to SLACK...']
2019-01-09 22:00:15,226 - root - INFO - ['Pushed...']
2019-01-09 22:00:15,226 - root - INFO - ['2019-01-09', '1278800437', 'Purple and red aquatic underwater nature coral reef. Watercolor illustration set. Watercolour drawing fashion aquarelle isolated. Seamless background pattern. Fabric wallpaper print texture.', 'https://image.shutterstock.com/image-illustration/purple-red-aquatic-underwater-nature-260nw-1278800437.jpg', 'https://www.shutterstock.com/image/1278800437']
2019-01-09 22:00:15,371 - root - INFO - ['Start push to SLACK...']
2019-01-09 22:00:15,784 - root - INFO - ['Pushed...']
2019-01-09 22:00:15,785 - root - INFO - ['2019-01-09', '1278800494', 'Bouquet floral botanical flowers. Wild spring leaf wildflower isolated. Watercolor illustration set. Watercolour drawing fashion aquarelle. Seamless background pattern. Fabric wallpaper print texture.', 'https://image.shutterstock.com/image-illustration/bouquet-floral-botanical-flowers-wild-260nw-1278800494.jpg', 'https://www.shutterstock.com/image/1278800494']
2019-01-09 22:00:15,924 - root - INFO - ['Start push to SLACK...']
2019-01-09 22:00:16,588 - root - INFO - ['Pushed...']
2019-01-09 22:00:16,588 - root - INFO - ['2019-01-09', '1278800488', 'Bouquet floral botanical flowers. Wild spring leaf wildflower isolated. Watercolor illustration set. Watercolour drawing fashion aquarelle. Seamless background pattern. Fabric wallpaper print texture.', 'https://image.shutterstock.com/image-illustration/bouquet-floral-botanical-flowers-wild-260nw-1278800488.jpg', 'https://www.shutterstock.com/image/1278800488']
2019-01-09 22:00:17,039 - root - INFO - ['Start push to SLACK...']
2019-01-09 22:00:17,586 - root - INFO - ['Pushed...']
2019-01-09 22:00:17,586 - root - INFO - ['2019-01-09', '1278800434', 'Purple and red aquatic underwater nature coral reef. Watercolor illustration set. Watercolour drawing fashion aquarelle isolated. Seamless background pattern. Fabric wallpaper print texture.', 'https://image.shutterstock.com/image-illustration/purple-red-aquatic-underwater-nature-260nw-1278800434.jpg', 'https://www.shutterstock.com/image/1278800434']
2019-01-09 22:00:17,714 - root - INFO - ['Start push to SLACK...']
2019-01-09 22:00:18,092 - root - INFO - ['Pushed...']
2019-01-09 22:00:18,092 - root - INFO - ['2019-01-09', '1278800479', 'Bouquet floral botanical flowers. Wild spring leaf wildflower isolated. Watercolor illustration set. Watercolour drawing fashion aquarelle. Seamless background pattern. Fabric wallpaper print texture.', 'https://image.shutterstock.com/image-illustration/bouquet-floral-botanical-flowers-wild-260nw-1278800479.jpg', 'https://www.shutterstock.com/image/1278800479']
2019-01-09 22:00:18,319 - root - INFO - ['Start push to SLACK...']
2019-01-09 22:00:18,597 - root - INFO - ['Pushed...']
2019-01-09 22:00:18,597 - root - INFO - ['2019-01-09', '1278800482', 'Bouquet floral botanical flowers. Wild spring leaf wildflower isolated. Watercolor illustration set. Watercolour drawing fashion aquarelle. Seamless background pattern. Fabric wallpaper print texture.', 'https://image.shutterstock.com/image-illustration/bouquet-floral-botanical-flowers-wild-260nw-1278800482.jpg', 'https://www.shutterstock.com/image/1278800482']
2019-01-09 22:00:18,730 - root - INFO - ['Start push to SLACK...']
2019-01-09 22:00:19,208 - root - INFO - ['Pushed...']
2019-01-09 22:00:19,208 - root - INFO - ['2019-01-09', '1278800431', 'Purple and red aquatic underwater nature coral reef. Watercolor illustration set. Watercolour drawing fashion aquarelle isolated. Seamless background pattern. Fabric wallpaper print texture.', 'https://image.shutterstock.com/image-illustration/purple-red-aquatic-underwater-nature-260nw-1278800431.jpg', 'https://www.shutterstock.com/image/1278800431']
2019-01-09 22:00:19,354 - root - INFO - ['Start push to SLACK...']
2019-01-09 22:00:19,981 - root - INFO - ['Pushed...']
2019-01-09 22:00:19,981 - root - INFO - ['2019-01-09', '1278800485', 'Bouquet floral botanical flowers. Wild spring leaf wildflower isolated. Watercolor illustration set. Watercolour drawing fashion aquarelle. Seamless background pattern. Fabric wallpaper print texture.', 'https://image.shutterstock.com/image-illustration/bouquet-floral-botanical-flowers-wild-260nw-1278800485.jpg', 'https://www.shutterstock.com/image/1278800485']
2019-01-09 22:00:20,264 - root - INFO - ['Start push to SLACK...']
2019-01-09 22:00:20,784 - root - INFO - ['Pushed...']
2019-01-09 22:00:20,784 - root - INFO - ['2019-01-09', '1278800422', 'Purple and red aquatic underwater nature coral reef. Watercolor illustration set. Watercolour drawing fashion aquarelle isolated. Seamless background pattern. Fabric wallpaper print texture.', 'https://image.shutterstock.com/image-illustration/purple-red-aquatic-underwater-nature-260nw-1278800422.jpg', 'https://www.shutterstock.com/image/1278800422']
2019-01-09 22:00:20,908 - root - INFO - ['Start push to SLACK...']
2019-01-09 22:00:21,481 - root - INFO - ['Pushed...']
2019-01-09 22:00:21,481 - root - INFO - ['2019-01-09', '1278800410', 'Purple and red aquatic underwater nature coral reef. Watercolor illustration set. Watercolour drawing fashion aquarelle isolated. Seamless background pattern. Fabric wallpaper print texture.', 'https://image.shutterstock.com/image-illustration/purple-red-aquatic-underwater-nature-260nw-1278800410.jpg', 'https://www.shutterstock.com/image/1278800410']
2019-01-09 22:00:21,562 - root - INFO - ['Start push to SLACK...']
2019-01-09 22:00:22,059 - root - INFO - ['Pushed...']
2019-01-09 22:00:22,060 - root - INFO - ['2019-01-09', '1278800497', 'Bouquet floral botanical flowers. Wild spring leaf wildflower isolated. Watercolor illustration set. Watercolour drawing fashion aquarelle. Seamless background pattern. Fabric wallpaper print texture.', 'https://image.shutterstock.com/image-illustration/bouquet-floral-botanical-flowers-wild-260nw-1278800497.jpg', 'https://www.shutterstock.com/image/1278800497']
2019-01-09 22:00:22,681 - root - INFO - ['Start push to SLACK...']
2019-01-09 22:00:23,183 - root - INFO - ['Pushed...']
2019-01-09 22:00:23,184 - root - INFO - ['2019-01-09', '1278800413', 'Purple and red aquatic underwater nature coral reef. Watercolor illustration set. Watercolour drawing fashion aquarelle isolated. Seamless background pattern. Fabric wallpaper print texture.', 'https://image.shutterstock.com/image-illustration/purple-red-aquatic-underwater-nature-260nw-1278800413.jpg', 'https://www.shutterstock.com/image/1278800413']
2019-01-09 22:00:23,185 - root - INFO - ['Done with SUCCSESS!!!']
2019-01-09 22:00:23,185 - root - INFO - ['------------------------------------']
2019-01-09 23:00:02,483 - root - INFO - ['Start NEW process!!!']
2019-01-09 23:00:02,483 - root - INFO - ['Get ids from Shutterstock...']
2019-01-09 23:00:04,026 - root - INFO - ['Get ids fron Redis...']
2019-01-09 23:00:04,027 - root - INFO - ["Didn't find new approve images..."]
2019-01-09 23:00:04,028 - root - INFO - ['Done with SUCCSESS!!!']
2019-01-09 23:00:04,028 - root - INFO - ['------------------------------------']
