2019-01-11 00:00:03,059 - root - INFO - ['Start NEW process!!!']
2019-01-11 00:00:03,059 - root - INFO - ['Get ids from Shutterstock...']
2019-01-11 00:00:04,165 - root - INFO - ['Get ids fron Redis...']
2019-01-11 00:00:04,167 - root - INFO - ["Didn't find new approve images..."]
2019-01-11 00:00:04,168 - root - INFO - ['Done with SUCCSESS!!!']
2019-01-11 00:00:04,168 - root - INFO - ['------------------------------------']
2019-01-11 01:00:03,119 - root - INFO - ['Start NEW process!!!']
2019-01-11 01:00:03,119 - root - INFO - ['Get ids from Shutterstock...']
2019-01-11 01:00:04,206 - root - INFO - ['Get ids fron Redis...']
2019-01-11 01:00:04,207 - root - INFO - ["Didn't find new approve images..."]
2019-01-11 01:00:04,208 - root - INFO - ['Done with SUCCSESS!!!']
2019-01-11 01:00:04,208 - root - INFO - ['------------------------------------']
2019-01-11 02:00:02,923 - root - INFO - ['Start NEW process!!!']
2019-01-11 02:00:02,923 - root - INFO - ['Get ids from Shutterstock...']
2019-01-11 02:00:04,247 - root - INFO - ['Get ids fron Redis...']
2019-01-11 02:00:04,248 - root - INFO - ["Didn't find new approve images..."]
2019-01-11 02:00:04,249 - root - INFO - ['Done with SUCCSESS!!!']
2019-01-11 02:00:04,249 - root - INFO - ['------------------------------------']
2019-01-11 03:00:03,876 - root - INFO - ['Start NEW process!!!']
2019-01-11 03:00:03,876 - root - INFO - ['Get ids from Shutterstock...']
2019-01-11 03:00:05,245 - root - INFO - ['Get ids fron Redis...']
2019-01-11 03:00:05,246 - root - INFO - ["Didn't find new approve images..."]
2019-01-11 03:00:05,247 - root - INFO - ['Done with SUCCSESS!!!']
2019-01-11 03:00:05,247 - root - INFO - ['------------------------------------']
2019-01-11 04:00:03,167 - root - INFO - ['Start NEW process!!!']
2019-01-11 04:00:03,167 - root - INFO - ['Get ids from Shutterstock...']
2019-01-11 04:00:04,619 - root - INFO - ['Get ids fron Redis...']
2019-01-11 04:00:04,621 - root - INFO - ["Didn't find new approve images..."]
2019-01-11 04:00:04,622 - root - INFO - ['Done with SUCCSESS!!!']
2019-01-11 04:00:04,622 - root - INFO - ['------------------------------------']
2019-01-11 05:00:02,984 - root - INFO - ['Start NEW process!!!']
2019-01-11 05:00:02,984 - root - INFO - ['Get ids from Shutterstock...']
2019-01-11 05:00:04,268 - root - INFO - ['Get ids fron Redis...']
2019-01-11 05:00:04,275 - root - INFO - ["Didn't find new approve images..."]
2019-01-11 05:00:04,276 - root - INFO - ['Done with SUCCSESS!!!']
2019-01-11 05:00:04,276 - root - INFO - ['------------------------------------']
2019-01-11 06:00:03,139 - root - INFO - ['Start NEW process!!!']
2019-01-11 06:00:03,139 - root - INFO - ['Get ids from Shutterstock...']
2019-01-11 06:00:04,257 - root - INFO - ['Get ids fron Redis...']
2019-01-11 06:00:04,258 - root - INFO - ["Didn't find new approve images..."]
2019-01-11 06:00:04,259 - root - INFO - ['Done with SUCCSESS!!!']
2019-01-11 06:00:04,260 - root - INFO - ['------------------------------------']
2019-01-11 07:00:02,731 - root - INFO - ['Start NEW process!!!']
2019-01-11 07:00:02,732 - root - INFO - ['Get ids from Shutterstock...']
2019-01-11 07:00:04,294 - root - INFO - ['Get ids fron Redis...']
2019-01-11 07:00:04,297 - root - INFO - ["Didn't find new approve images..."]
2019-01-11 07:00:04,298 - root - INFO - ['Done with SUCCSESS!!!']
2019-01-11 07:00:04,298 - root - INFO - ['------------------------------------']
2019-01-11 08:00:02,651 - root - INFO - ['Start NEW process!!!']
2019-01-11 08:00:02,651 - root - INFO - ['Get ids from Shutterstock...']
2019-01-11 08:00:04,190 - root - INFO - ['Get ids fron Redis...']
2019-01-11 08:00:04,191 - root - INFO - ['NEW ids:']
2019-01-11 08:00:04,191 - root - INFO - ['1274798131', '1274798137', '1274798143', '1274798149', '1274798146', '1274798158', '1274798140', '1274798128', '1274798152']
2019-01-11 08:00:04,443 - root - INFO - ['Start push to SLACK...']
2019-01-11 08:00:04,689 - root - INFO - ['Pushed...']
2019-01-11 08:00:04,689 - root - INFO - ['2019-01-05', '1274798131', 'Vector Cherry fruit. Leaf plant botanical garden floral foliage. Black and white engraved ink art. Isolated berry illustration element on white background.', 'https://image.shutterstock.com/image-vector/vector-cherry-fruit-leaf-plant-260nw-1274798131.jpg', 'https://www.shutterstock.com/image/1274798131']
2019-01-11 08:00:04,917 - root - INFO - ['Start push to SLACK...']
2019-01-11 08:00:05,209 - root - INFO - ['Pushed...']
2019-01-11 08:00:05,209 - root - INFO - ['2019-01-05', '1274798137', 'Vector Cherry fruit. Leaf plant botanical garden floral foliage. Black and white engraved ink art. Isolated berry illustration element on white background.', 'https://image.shutterstock.com/image-vector/vector-cherry-fruit-leaf-plant-260nw-1274798137.jpg', 'https://www.shutterstock.com/image/1274798137']
2019-01-11 08:00:05,351 - root - INFO - ['Start push to SLACK...']
2019-01-11 08:00:05,589 - root - INFO - ['Pushed...']
2019-01-11 08:00:05,589 - root - INFO - ['2019-01-05', '1274798143', 'Vector Cherry fruit. Leaf plant botanical garden floral foliage. Red and green engraved ink art. Isolated berry illustration element on white background.', 'https://image.shutterstock.com/image-vector/vector-cherry-fruit-leaf-plant-260nw-1274798143.jpg', 'https://www.shutterstock.com/image/1274798143']
2019-01-11 08:00:05,670 - root - INFO - ['Start push to SLACK...']
2019-01-11 08:00:05,857 - root - INFO - ['Pushed...']
2019-01-11 08:00:05,857 - root - INFO - ['2019-01-05', '1274798149', 'Vector Cherry fruit. Leaf plant botanical garden floral foliage. Black and white engraved ink art. Isolated berry illustration element on white background.', 'https://image.shutterstock.com/image-vector/vector-cherry-fruit-leaf-plant-260nw-1274798149.jpg', 'https://www.shutterstock.com/image/1274798149']
2019-01-11 08:00:05,926 - root - INFO - ['Start push to SLACK...']
2019-01-11 08:00:06,303 - root - INFO - ['Pushed...']
2019-01-11 08:00:06,303 - root - INFO - ['2019-01-05', '1274798146', 'Vector Cherry fruit. Leaf plant botanical garden floral foliage. Red and green engraved ink art. Isolated berry illustration element on white background.', 'https://image.shutterstock.com/image-vector/vector-cherry-fruit-leaf-plant-260nw-1274798146.jpg', 'https://www.shutterstock.com/image/1274798146']
2019-01-11 08:00:06,384 - root - INFO - ['Start push to SLACK...']
2019-01-11 08:00:06,886 - root - INFO - ['Pushed...']
2019-01-11 08:00:06,886 - root - INFO - ['2019-01-05', '1274798158', 'Pink floral botanical flowers. Wild spring leaf wildflower isolated. Watercolor background illustration set. Watercolour drawing fashion aquarelle isolated. Isolated ornament illustration element.', 'https://image.shutterstock.com/image-illustration/pink-floral-botanical-flowers-wild-260nw-1274798158.jpg', 'https://www.shutterstock.com/image/1274798158']
2019-01-11 08:00:06,951 - root - INFO - ['Start push to SLACK...']
2019-01-11 08:00:07,299 - root - INFO - ['Pushed...']
2019-01-11 08:00:07,299 - root - INFO - ['2019-01-05', '1274798140', 'Vector Cherry fruit. Leaf plant botanical garden floral foliage. Black and white engraved ink art. Isolated berry illustration element on white background.', 'https://image.shutterstock.com/image-vector/vector-cherry-fruit-leaf-plant-260nw-1274798140.jpg', 'https://www.shutterstock.com/image/1274798140']
2019-01-11 08:00:07,385 - root - INFO - ['Start push to SLACK...']
2019-01-11 08:00:07,624 - root - INFO - ['Pushed...']
2019-01-11 08:00:07,624 - root - INFO - ['2019-01-05', '1274798128', 'Vector Cherry fruit. Leaf plant botanical garden floral foliage. Red and green engraved ink art. Isolated berry illustration element on white background.', 'https://image.shutterstock.com/image-vector/vector-cherry-fruit-leaf-plant-260nw-1274798128.jpg', 'https://www.shutterstock.com/image/1274798128']
2019-01-11 08:00:07,723 - root - INFO - ['Start push to SLACK...']
2019-01-11 08:00:07,882 - root - INFO - ['Pushed...']
2019-01-11 08:00:07,882 - root - INFO - ['2019-01-05', '1274798152', 'Vector Cherry fruit. Leaf plant botanical garden floral foliage. Red and green engraved ink art. Isolated berry illustration element on white background.', 'https://image.shutterstock.com/image-vector/vector-cherry-fruit-leaf-plant-260nw-1274798152.jpg', 'https://www.shutterstock.com/image/1274798152']
2019-01-11 08:00:07,884 - root - INFO - ['Done with SUCCSESS!!!']
2019-01-11 08:00:07,884 - root - INFO - ['------------------------------------']
2019-01-11 09:00:02,684 - root - INFO - ['Start NEW process!!!']
2019-01-11 09:00:02,685 - root - INFO - ['Get ids from Shutterstock...']
2019-01-11 09:00:03,915 - root - INFO - ['Get ids fron Redis...']
2019-01-11 09:00:03,917 - root - INFO - ["Didn't find new approve images..."]
2019-01-11 09:00:03,918 - root - INFO - ['Done with SUCCSESS!!!']
2019-01-11 09:00:03,918 - root - INFO - ['------------------------------------']
2019-01-11 10:00:02,923 - root - INFO - ['Start NEW process!!!']
2019-01-11 10:00:02,923 - root - INFO - ['Get ids from Shutterstock...']
2019-01-11 10:00:03,935 - root - INFO - ['Get ids fron Redis...']
2019-01-11 10:00:03,936 - root - INFO - ["Didn't find new approve images..."]
2019-01-11 10:00:03,937 - root - INFO - ['Done with SUCCSESS!!!']
2019-01-11 10:00:03,937 - root - INFO - ['------------------------------------']
2019-01-11 11:00:03,283 - root - INFO - ['Start NEW process!!!']
2019-01-11 11:00:03,283 - root - INFO - ['Get ids from Shutterstock...']
2019-01-11 11:00:04,445 - root - INFO - ['Get ids fron Redis...']
2019-01-11 11:00:04,446 - root - INFO - ["Didn't find new approve images..."]
2019-01-11 11:00:04,447 - root - INFO - ['Done with SUCCSESS!!!']
2019-01-11 11:00:04,447 - root - INFO - ['------------------------------------']
2019-01-11 12:00:02,798 - root - INFO - ['Start NEW process!!!']
2019-01-11 12:00:02,798 - root - INFO - ['Get ids from Shutterstock...']
2019-01-11 12:00:03,904 - root - INFO - ['Get ids fron Redis...']
2019-01-11 12:00:03,906 - root - INFO - ["Didn't find new approve images..."]
2019-01-11 12:00:03,907 - root - INFO - ['Done with SUCCSESS!!!']
2019-01-11 12:00:03,907 - root - INFO - ['------------------------------------']
2019-01-11 13:00:02,965 - root - INFO - ['Start NEW process!!!']
2019-01-11 13:00:02,965 - root - INFO - ['Get ids from Shutterstock...']
2019-01-11 13:00:04,013 - root - INFO - ['Get ids fron Redis...']
2019-01-11 13:00:04,015 - root - INFO - ["Didn't find new approve images..."]
2019-01-11 13:00:04,016 - root - INFO - ['Done with SUCCSESS!!!']
2019-01-11 13:00:04,016 - root - INFO - ['------------------------------------']
2019-01-11 14:00:02,676 - root - INFO - ['Start NEW process!!!']
2019-01-11 14:00:02,676 - root - INFO - ['Get ids from Shutterstock...']
2019-01-11 14:00:03,863 - root - INFO - ['Get ids fron Redis...']
2019-01-11 14:00:03,865 - root - INFO - ["Didn't find new approve images..."]
2019-01-11 14:00:03,866 - root - INFO - ['Done with SUCCSESS!!!']
2019-01-11 14:00:03,866 - root - INFO - ['------------------------------------']
2019-01-11 15:00:02,815 - root - INFO - ['Start NEW process!!!']
2019-01-11 15:00:02,815 - root - INFO - ['Get ids from Shutterstock...']
2019-01-11 15:00:04,146 - root - INFO - ['Get ids fron Redis...']
2019-01-11 15:00:04,149 - root - INFO - ["Didn't find new approve images..."]
2019-01-11 15:00:04,150 - root - INFO - ['Done with SUCCSESS!!!']
2019-01-11 15:00:04,150 - root - INFO - ['------------------------------------']
2019-01-11 16:00:02,992 - root - INFO - ['Start NEW process!!!']
2019-01-11 16:00:02,992 - root - INFO - ['Get ids from Shutterstock...']
2019-01-11 16:00:03,908 - root - INFO - ['Get ids fron Redis...']
2019-01-11 16:00:03,909 - root - INFO - ['NEW ids:']
2019-01-11 16:00:03,909 - root - INFO - ['1280859625', '1280859655', '1280507038', '1280859361', '1280930725', '1280859376', '1280507044', '1280859658', '1280507053', '1280859643', '1280859364', '1280507050', '1280507047', '1280930734', '1280930608', '1280930602', '1280859649', '1280859637', '1280859370', '1280930746', '1280930728', '1280930614', '1280930737', '1280859373', '1280859358', '1280507041', '1280859628', '1280859355', '1280930743', '1280930740', '1280859631', '1280930611', '1280859661', '1280930617', '1280859664', '1280930749', '1280930731', '1280859367', '1280930722', '1280859640', '1280859634', '1280859646']
2019-01-11 16:00:04,118 - root - INFO - ['Start push to SLACK...']
2019-01-11 16:00:04,441 - root - INFO - ['Pushed...']
2019-01-11 16:00:04,441 - root - INFO - ['2019-01-11', '1280859625', 'Green hops. Leaf plant botanical garden floral foliage. Watercolor background illustration set. Watercolour drawing fashion aquarelle isolated. Frame border ornament square.', 'https://image.shutterstock.com/image-illustration/green-hops-leaf-plant-botanical-260nw-1280859625.jpg', 'https://www.shutterstock.com/image/1280859625']
2019-01-11 16:00:04,581 - root - INFO - ['Start push to SLACK...']
2019-01-11 16:00:07,220 - root - INFO - ['Pushed...']
2019-01-11 16:00:07,220 - root - INFO - ['2019-01-11', '1280859655', 'Vector Strawberry fruits. Green leaf. Leaf plant botanical garden floral foliage. Red and green engraved ink art. Isolated strawberry illustration element.', 'https://image.shutterstock.com/image-vector/vector-strawberry-fruits-green-leaf-260nw-1280859655.jpg', 'https://www.shutterstock.com/image/1280859655']
2019-01-11 16:00:07,365 - root - INFO - ['Start push to SLACK...']
2019-01-11 16:00:07,647 - root - INFO - ['Pushed...']
2019-01-11 16:00:07,647 - root - INFO - ['2019-01-10', '1280507038', 'Green leaf loral botanical flower. Wild spring leaf wildflower isolated. Watercolor background illustration set. Watercolour drawing fashion aquarelle isolated. Isolated leaf illustration element.', 'https://image.shutterstock.com/image-illustration/green-leaf-loral-botanical-flower-260nw-1280507038.jpg', 'https://www.shutterstock.com/image/1280507038']
2019-01-11 16:00:07,760 - root - INFO - ['Start push to SLACK...']
2019-01-11 16:00:08,385 - root - INFO - ['Pushed...']
2019-01-11 16:00:08,385 - root - INFO - ['2019-01-11', '1280859361', 'Vector Green leaf plant garden floral foliage. Engraved ink art. Exotic tropical hawaiian summer. Palm beach tree leaves jungle botanical. Seamless background pattern. Fabric wallpaper print texture.', 'https://image.shutterstock.com/image-vector/vector-green-leaf-plant-garden-260nw-1280859361.jpg', 'https://www.shutterstock.com/image/1280859361']
2019-01-11 16:00:08,526 - root - INFO - ['Start push to SLACK...']
2019-01-11 16:00:09,130 - root - INFO - ['Pushed...']
2019-01-11 16:00:09,130 - root - INFO - ['2019-01-11', '1280930725', 'Vector Apple blossom floral botanical flower. Wild spring leaf wildflower isolated. Black and white engraved ink art. Isolated flowers illustration element on white background.', 'https://image.shutterstock.com/image-vector/vector-apple-blossom-floral-botanical-260nw-1280930725.jpg', 'https://www.shutterstock.com/image/1280930725']
2019-01-11 16:00:09,276 - root - INFO - ['Start push to SLACK...']
2019-01-11 16:00:09,562 - root - INFO - ['Pushed...']
2019-01-11 16:00:09,562 - root - INFO - ['2019-01-11', '1280859376', 'Vector Chalkboard phrase handwriting monogram calligraphy. Black and white engraved ink art. Hand lettering graphic desing. Isolated quotes illustration element.', 'https://image.shutterstock.com/image-vector/vector-chalkboard-phrase-handwriting-monogram-260nw-1280859376.jpg', 'https://www.shutterstock.com/image/1280859376']
2019-01-11 16:00:09,659 - root - INFO - ['Start push to SLACK...']
2019-01-11 16:00:09,962 - root - INFO - ['Pushed...']
2019-01-11 16:00:09,963 - root - INFO - ['2019-01-10', '1280507044', 'Green leaf loral botanical flower. Wild spring leaf wildflower isolated. Watercolor background illustration set. Watercolour drawing fashion aquarelle isolated. Isolated leaf illustration element.', 'https://image.shutterstock.com/image-illustration/green-leaf-loral-botanical-flower-260nw-1280507044.jpg', 'https://www.shutterstock.com/image/1280507044']
2019-01-11 16:00:10,072 - root - INFO - ['Start push to SLACK...']
2019-01-11 16:00:12,125 - root - INFO - ['Pushed...']
2019-01-11 16:00:12,125 - root - INFO - ['2019-01-11', '1280859658', 'Vector Strawberry fruits. Leaf plant botanical garden floral foliage. Black and white engraved ink art. Isolated strawberry illustration element.', 'https://image.shutterstock.com/image-vector/vector-strawberry-fruits-leaf-plant-260nw-1280859658.jpg', 'https://www.shutterstock.com/image/1280859658']
2019-01-11 16:00:12,270 - root - INFO - ['Start push to SLACK...']
2019-01-11 16:00:12,805 - root - INFO - ['Pushed...']
2019-01-11 16:00:12,805 - root - INFO - ['2019-01-10', '1280507053', 'Isolated Lily of the valley illustration element. Floral botanical flower. Wild spring leaf wildflower isolated. Watercolor background illustration set. Watercolour drawing fashion aquarelle isolated.', 'https://image.shutterstock.com/image-illustration/isolated-lily-valley-illustration-element-260nw-1280507053.jpg', 'https://www.shutterstock.com/image/1280507053']
2019-01-11 16:00:12,944 - root - INFO - ['Start push to SLACK...']
2019-01-11 16:00:13,480 - root - INFO - ['Pushed...']
2019-01-11 16:00:13,480 - root - INFO - ['2019-01-11', '1280859643', 'Pink and purple amaryllis flower. Wild spring leaf wildflower isolated. Watercolor illustration set. Watercolour drawing fashion aquarelle. Seamless background pattern. Fabric wallpaper print texture.', 'https://image.shutterstock.com/image-illustration/pink-purple-amaryllis-flower-wild-260nw-1280859643.jpg', 'https://www.shutterstock.com/image/1280859643']
2019-01-11 16:00:13,674 - root - INFO - ['Start push to SLACK...']
2019-01-11 16:00:14,095 - root - INFO - ['Pushed...']
2019-01-11 16:00:14,095 - root - INFO - ['2019-01-11', '1280859364', 'Vector Green leaf plant botanical garden floral foliage. Engraved ink art. Exotic tropical hawaiian summer. Palm beach tree leaves jungle botanical. Frame border ornament square.', 'https://image.shutterstock.com/image-vector/vector-green-leaf-plant-botanical-260nw-1280859364.jpg', 'https://www.shutterstock.com/image/1280859364']
2019-01-11 16:00:14,247 - root - INFO - ['Start push to SLACK...']
2019-01-11 16:00:14,826 - root - INFO - ['Pushed...']
2019-01-11 16:00:14,826 - root - INFO - ['2019-01-10', '1280507050', 'Isolated Forget me not illustration element. Floral botanical flower. Wild spring leaf wildflower isolated. Watercolor background illustration set. Watercolour drawing fashion aquarelle isolated.', 'https://image.shutterstock.com/image-illustration/isolated-forget-me-not-illustration-260nw-1280507050.jpg', 'https://www.shutterstock.com/image/1280507050']
2019-01-11 16:00:14,929 - root - INFO - ['Start push to SLACK...']
2019-01-11 16:00:15,360 - root - INFO - ['Pushed...']
2019-01-11 16:00:15,360 - root - INFO - ['2019-01-10', '1280507047', 'Green leaf loral botanical flower. Wild spring leaf wildflower isolated. Watercolor background illustration set. Watercolour drawing fashion aquarelle isolated. Isolated leaf illustration element.', 'https://image.shutterstock.com/image-illustration/green-leaf-loral-botanical-flower-260nw-1280507047.jpg', 'https://www.shutterstock.com/image/1280507047']
2019-01-11 16:00:15,480 - root - INFO - ['Start push to SLACK...']
2019-01-11 16:00:15,915 - root - INFO - ['Pushed...']
2019-01-11 16:00:15,916 - root - INFO - ['2019-01-11', '1280930734', 'Vector Apple blossom floral botanical flower. Wild spring leaf wildflower isolated. Black and white engraved ink art. Isolated flowers illustration element on white background.', 'https://image.shutterstock.com/image-vector/vector-apple-blossom-floral-botanical-260nw-1280930734.jpg', 'https://www.shutterstock.com/image/1280930734']
2019-01-11 16:00:16,114 - root - INFO - ['Start push to SLACK...']
2019-01-11 16:00:16,389 - root - INFO - ['Pushed...']
2019-01-11 16:00:16,389 - root - INFO - ['2019-01-11', '1280930608', 'Vector Cherry fruits on white background. Green leaf. Leaf plant botanical garden floral foliage. Red and green engraved ink art. Seamless background pattern. Fabric wallpaper print texture.', 'https://image.shutterstock.com/image-vector/vector-cherry-fruits-on-white-260nw-1280930608.jpg', 'https://www.shutterstock.com/image/1280930608']
2019-01-11 16:00:16,622 - root - INFO - ['Start push to SLACK...']
2019-01-11 16:00:17,341 - root - INFO - ['Pushed...']
2019-01-11 16:00:17,342 - root - INFO - ['2019-01-11', '1280930602', 'Vector Cherry fruits on white background. Green leaf. Leaf plant botanical garden floral foliage. Red and green engraved ink art. Seamless background pattern. Fabric wallpaper print texture.', 'https://image.shutterstock.com/image-vector/vector-cherry-fruits-on-white-260nw-1280930602.jpg', 'https://www.shutterstock.com/image/1280930602']
2019-01-11 16:00:17,439 - root - INFO - ['Start push to SLACK...']
2019-01-11 16:00:19,131 - root - INFO - ['Pushed...']
2019-01-11 16:00:19,131 - root - INFO - ['2019-01-11', '1280859649', 'Vector Strawberry fruits. Green leaf. Leaf plant botanical garden floral foliage. Red and green engraved ink art. Isolated strawberry illustration element.', 'https://image.shutterstock.com/image-vector/vector-strawberry-fruits-green-leaf-260nw-1280859649.jpg', 'https://www.shutterstock.com/image/1280859649']
2019-01-11 16:00:19,273 - root - INFO - ['Start push to SLACK...']
2019-01-11 16:00:21,416 - root - INFO - ['Pushed...']
2019-01-11 16:00:21,416 - root - INFO - ['2019-01-11', '1280859637', 'Vector Strawberry fruits. Green leaf. Leaf plant botanical garden floral foliage. Red and green engraved ink art. Isolated strawberry illustration element.', 'https://image.shutterstock.com/image-vector/vector-strawberry-fruits-green-leaf-260nw-1280859637.jpg', 'https://www.shutterstock.com/image/1280859637']
2019-01-11 16:00:21,515 - root - INFO - ['Start push to SLACK...']
2019-01-11 16:00:22,019 - root - INFO - ['Pushed...']
2019-01-11 16:00:22,019 - root - INFO - ['2019-01-11', '1280859370', 'Vector Strawberry fruits. Green leaf. Leaf plant botanical garden floral foliage. Red and green engraved ink art. Seamless background pattern. Fabric wallpaper print texture.', 'https://image.shutterstock.com/image-vector/vector-strawberry-fruits-green-leaf-260nw-1280859370.jpg', 'https://www.shutterstock.com/image/1280859370']
2019-01-11 16:00:22,276 - root - INFO - ['Start push to SLACK...']
2019-01-11 16:00:22,757 - root - INFO - ['Pushed...']
2019-01-11 16:00:22,757 - root - INFO - ['2019-01-11', '1280930746', 'Vector Apple blossom floral botanical flower. Wild spring leaf wildflower isolated. Pink and green engraved ink art. Isolated flowers illustration element on white background.', 'https://image.shutterstock.com/image-vector/vector-apple-blossom-floral-botanical-260nw-1280930746.jpg', 'https://www.shutterstock.com/image/1280930746']
2019-01-11 16:00:22,843 - root - INFO - ['Start push to SLACK...']
2019-01-11 16:00:23,390 - root - INFO - ['Pushed...']
2019-01-11 16:00:23,390 - root - INFO - ['2019-01-11', '1280930728', 'Vector Apple blossom floral botanical flower. Wild spring leaf wildflower isolated. Pink and green engraved ink art. Isolated flowers illustration element on white background.', 'https://image.shutterstock.com/image-vector/vector-apple-blossom-floral-botanical-260nw-1280930728.jpg', 'https://www.shutterstock.com/image/1280930728']
2019-01-11 16:00:23,479 - root - INFO - ['Start push to SLACK...']
2019-01-11 16:00:23,815 - root - INFO - ['Pushed...']
2019-01-11 16:00:23,815 - root - INFO - ['2019-01-11', '1280930614', 'Vector Cherry fruits on white background. Green leaf. Leaf plant botanical garden floral foliage. Red and green engraved ink art. Frame border ornament square.', 'https://image.shutterstock.com/image-vector/vector-cherry-fruits-on-white-260nw-1280930614.jpg', 'https://www.shutterstock.com/image/1280930614']
2019-01-11 16:00:23,910 - root - INFO - ['Start push to SLACK...']
2019-01-11 16:00:24,154 - root - INFO - ['Pushed...']
2019-01-11 16:00:24,154 - root - INFO - ['2019-01-11', '1280930737', 'Vector Apple blossom floral botanical flower. Wild spring leaf wildflower isolated. Black and white engraved ink art. Isolated flowers illustration element on white background.', 'https://image.shutterstock.com/image-vector/vector-apple-blossom-floral-botanical-260nw-1280930737.jpg', 'https://www.shutterstock.com/image/1280930737']
2019-01-11 16:00:24,316 - root - INFO - ['Start push to SLACK...']
2019-01-11 16:00:24,609 - root - INFO - ['Pushed...']
2019-01-11 16:00:24,609 - root - INFO - ['2019-01-11', '1280859373', 'Vector Strawberry fruits. Leaf plant botanical garden floral foliage. Blue engraved ink art. Seamless background pattern. Fabric wallpaper print texture.', 'https://image.shutterstock.com/image-vector/vector-strawberry-fruits-leaf-plant-260nw-1280859373.jpg', 'https://www.shutterstock.com/image/1280859373']
2019-01-11 16:00:24,686 - root - INFO - ['Start push to SLACK...']
2019-01-11 16:00:25,248 - root - INFO - ['Pushed...']
2019-01-11 16:00:25,248 - root - INFO - ['2019-01-11', '1280859358', 'Vector Green leaf plant garden floral foliage. Engraved ink art. Exotic tropical hawaiian summer. Palm beach tree leaves jungle botanical. Seamless background pattern. Fabric wallpaper print texture.', 'https://image.shutterstock.com/image-vector/vector-green-leaf-plant-garden-260nw-1280859358.jpg', 'https://www.shutterstock.com/image/1280859358']
2019-01-11 16:00:25,399 - root - INFO - ['Start push to SLACK...']
2019-01-11 16:00:25,793 - root - INFO - ['Pushed...']
2019-01-11 16:00:25,794 - root - INFO - ['2019-01-10', '1280507041', 'Lily of the valley bouquet. Floral botanical flower. Wild spring leaf wildflower. Watercolor background set. Watercolour drawing fashion aquarelle. Isolated forget me not illustration element.', 'https://image.shutterstock.com/image-illustration/lily-valley-bouquet-floral-botanical-260nw-1280507041.jpg', 'https://www.shutterstock.com/image/1280507041']
2019-01-11 16:00:25,868 - root - INFO - ['Start push to SLACK...']
2019-01-11 16:00:26,269 - root - INFO - ['Pushed...']
2019-01-11 16:00:26,270 - root - INFO - ['2019-01-11', '1280859628', 'Pink and purple amaryllis flower. Wild spring leaf wildflower isolated. Watercolor illustration set. Watercolour drawing fashion aquarelle. Seamless background pattern. Fabric wallpaper print texture.', 'https://image.shutterstock.com/image-illustration/pink-purple-amaryllis-flower-wild-260nw-1280859628.jpg', 'https://www.shutterstock.com/image/1280859628']
2019-01-11 16:00:26,372 - root - INFO - ['Start push to SLACK...']
2019-01-11 16:00:26,991 - root - INFO - ['Pushed...']
2019-01-11 16:00:26,991 - root - INFO - ['2019-01-11', '1280859355', 'Vector Green leaf plant garden floral foliage. Engraved ink art. Exotic tropical hawaiian summer. Palm beach tree leaves jungle botanical. Seamless background pattern. Fabric wallpaper print texture.', 'https://image.shutterstock.com/image-vector/vector-green-leaf-plant-garden-260nw-1280859355.jpg', 'https://www.shutterstock.com/image/1280859355']
2019-01-11 16:00:27,093 - root - INFO - ['Start push to SLACK...']
2019-01-11 16:00:27,559 - root - INFO - ['Pushed...']
2019-01-11 16:00:27,559 - root - INFO - ['2019-01-11', '1280930743', 'Vector Apple blossom floral botanical flower. Wild spring leaf wildflower isolated. Pink and green engraved ink art. Isolated flowers illustration element on white background.', 'https://image.shutterstock.com/image-vector/vector-apple-blossom-floral-botanical-260nw-1280930743.jpg', 'https://www.shutterstock.com/image/1280930743']
2019-01-11 16:00:27,633 - root - INFO - ['Start push to SLACK...']
2019-01-11 16:00:27,954 - root - INFO - ['Pushed...']
2019-01-11 16:00:27,954 - root - INFO - ['2019-01-11', '1280930740', 'Vector Apple blossom floral botanical flower. Wild spring leaf wildflower isolated. Pink and green engraved ink art. Isolated flowers illustration element on white background.', 'https://image.shutterstock.com/image-vector/vector-apple-blossom-floral-botanical-260nw-1280930740.jpg', 'https://www.shutterstock.com/image/1280930740']
2019-01-11 16:00:28,070 - root - INFO - ['Start push to SLACK...']
2019-01-11 16:00:30,015 - root - INFO - ['Pushed...']
2019-01-11 16:00:30,015 - root - INFO - ['2019-01-11', '1280859631', 'Vector Strawberry fruits. Green leaf. Leaf plant botanical garden floral foliage. Red and green engraved ink art. Isolated strawberry illustration element.', 'https://image.shutterstock.com/image-vector/vector-strawberry-fruits-green-leaf-260nw-1280859631.jpg', 'https://www.shutterstock.com/image/1280859631']
2019-01-11 16:00:30,095 - root - INFO - ['Start push to SLACK...']
2019-01-11 16:00:30,389 - root - INFO - ['Pushed...']
2019-01-11 16:00:30,389 - root - INFO - ['2019-01-11', '1280930611', 'Vector Cherry fruits on white background. Green leaf. Leaf plant botanical garden floral foliage. Red and green engraved ink art. Seamless background pattern. Fabric wallpaper print texture.', 'https://image.shutterstock.com/image-vector/vector-cherry-fruits-on-white-260nw-1280930611.jpg', 'https://www.shutterstock.com/image/1280930611']
2019-01-11 16:00:30,461 - root - INFO - ['Start push to SLACK...']
2019-01-11 16:00:32,769 - root - INFO - ['Pushed...']
2019-01-11 16:00:32,769 - root - INFO - ['2019-01-11', '1280859661', 'Vector Strawberry fruits. Leaf plant botanical garden floral foliage. Black and white engraved ink art. Isolated strawberry illustration element.', 'https://image.shutterstock.com/image-vector/vector-strawberry-fruits-leaf-plant-260nw-1280859661.jpg', 'https://www.shutterstock.com/image/1280859661']
2019-01-11 16:00:32,847 - root - INFO - ['Start push to SLACK...']
2019-01-11 16:00:33,319 - root - INFO - ['Pushed...']
2019-01-11 16:00:33,320 - root - INFO - ['2019-01-11', '1280930617', 'Vector Cherry fruits on white background. Green leaf. Leaf plant botanical garden floral foliage. Red and green engraved ink art. Frame border ornament square.', 'https://image.shutterstock.com/image-vector/vector-cherry-fruits-on-white-260nw-1280930617.jpg', 'https://www.shutterstock.com/image/1280930617']
2019-01-11 16:00:33,394 - root - INFO - ['Start push to SLACK...']
2019-01-11 16:00:35,377 - root - INFO - ['Pushed...']
2019-01-11 16:00:35,377 - root - INFO - ['2019-01-11', '1280859664', 'Vector Strawberry fruits. Leaf plant botanical garden floral foliage. Black and white engraved ink art. Isolated strawberry illustration element.', 'https://image.shutterstock.com/image-vector/vector-strawberry-fruits-leaf-plant-260nw-1280859664.jpg', 'https://www.shutterstock.com/image/1280859664']
2019-01-11 16:00:35,540 - root - INFO - ['Start push to SLACK...']
2019-01-11 16:00:35,907 - root - INFO - ['Pushed...']
2019-01-11 16:00:35,907 - root - INFO - ['2019-01-11', '1280930749', 'Vector Apple blossom floral botanical flower. Wild spring leaf wildflower isolated. Pink and green engraved ink art. Isolated flowers illustration element on white background.', 'https://image.shutterstock.com/image-vector/vector-apple-blossom-floral-botanical-260nw-1280930749.jpg', 'https://www.shutterstock.com/image/1280930749']
2019-01-11 16:00:36,049 - root - INFO - ['Start push to SLACK...']
2019-01-11 16:00:36,331 - root - INFO - ['Pushed...']
2019-01-11 16:00:36,331 - root - INFO - ['2019-01-11', '1280930731', 'Vector Apple blossom floral botanical flower. Wild spring leaf wildflower isolated. Pink and green engraved ink art. Isolated flowers illustration element on white background.', 'https://image.shutterstock.com/image-vector/vector-apple-blossom-floral-botanical-260nw-1280930731.jpg', 'https://www.shutterstock.com/image/1280930731']
2019-01-11 16:00:36,408 - root - INFO - ['Start push to SLACK...']
2019-01-11 16:00:36,790 - root - INFO - ['Pushed...']
2019-01-11 16:00:36,790 - root - INFO - ['2019-01-11', '1280859367', 'Vector Strawberry fruits. Green leaf. Leaf plant botanical garden floral foliage. Red and green engraved ink art. Frame border ornament square.', 'https://image.shutterstock.com/image-vector/vector-strawberry-fruits-green-leaf-260nw-1280859367.jpg', 'https://www.shutterstock.com/image/1280859367']
2019-01-11 16:00:36,890 - root - INFO - ['Start push to SLACK...']
2019-01-11 16:00:37,433 - root - INFO - ['Pushed...']
2019-01-11 16:00:37,433 - root - INFO - ['2019-01-11', '1280930722', 'Vector Apple blossom floral botanical flower. Wild spring leaf wildflower isolated. Black and white engraved ink art. Isolated flowers illustration element on white background.', 'https://image.shutterstock.com/image-vector/vector-apple-blossom-floral-botanical-260nw-1280930722.jpg', 'https://www.shutterstock.com/image/1280930722']
2019-01-11 16:00:37,508 - root - INFO - ['Start push to SLACK...']
2019-01-11 16:00:37,734 - root - INFO - ['Pushed...']
2019-01-11 16:00:37,735 - root - INFO - ['2019-01-11', '1280859640', 'Green hops. Leaf plant botanical garden floral foliage. Watercolor background illustration set. Watercolour drawing fashion aquarelle isolated. Frame border ornament square.', 'https://image.shutterstock.com/image-illustration/green-hops-leaf-plant-botanical-260nw-1280859640.jpg', 'https://www.shutterstock.com/image/1280859640']
2019-01-11 16:00:37,845 - root - INFO - ['Start push to SLACK...']
2019-01-11 16:00:38,165 - root - INFO - ['Pushed...']
2019-01-11 16:00:38,165 - root - INFO - ['2019-01-11', '1280859634', 'Pink amaryllis floral botanical flower. Wild spring leaf wildflower isolated. Watercolor background illustration set. Watercolour drawing fashion aquarelle. Isolated amaryllis illustration element.', 'https://image.shutterstock.com/image-illustration/pink-amaryllis-floral-botanical-flower-260nw-1280859634.jpg', 'https://www.shutterstock.com/image/1280859634']
2019-01-11 16:00:38,306 - root - INFO - ['Start push to SLACK...']
2019-01-11 16:00:38,620 - root - INFO - ['Pushed...']
2019-01-11 16:00:38,620 - root - INFO - ['2019-01-11', '1280859646', 'Pink and purple amaryllis floral botanical flower. Wild spring leaf wildflower isolated. Watercolor background illustration set. Watercolour drawing fashion aquarelle. Frame border ornament square.', 'https://image.shutterstock.com/image-illustration/pink-purple-amaryllis-floral-botanical-260nw-1280859646.jpg', 'https://www.shutterstock.com/image/1280859646']
2019-01-11 16:00:38,621 - root - INFO - ['Done with SUCCSESS!!!']
2019-01-11 16:00:38,621 - root - INFO - ['------------------------------------']
2019-01-11 17:00:03,144 - root - INFO - ['Start NEW process!!!']
2019-01-11 17:00:03,144 - root - INFO - ['Get ids from Shutterstock...']
2019-01-11 17:00:04,129 - root - INFO - ['Get ids fron Redis...']
2019-01-11 17:00:04,130 - root - INFO - ["Didn't find new approve images..."]
2019-01-11 17:00:04,131 - root - INFO - ['Done with SUCCSESS!!!']
2019-01-11 17:00:04,131 - root - INFO - ['------------------------------------']
2019-01-11 18:00:02,647 - root - INFO - ['Start NEW process!!!']
2019-01-11 18:00:02,648 - root - INFO - ['Get ids from Shutterstock...']
2019-01-11 18:00:03,772 - root - INFO - ['Get ids fron Redis...']
2019-01-11 18:00:03,773 - root - INFO - ["Didn't find new approve images..."]
2019-01-11 18:00:03,774 - root - INFO - ['Done with SUCCSESS!!!']
2019-01-11 18:00:03,774 - root - INFO - ['------------------------------------']
2019-01-11 19:00:02,608 - root - INFO - ['Start NEW process!!!']
2019-01-11 19:00:02,611 - root - INFO - ['Get ids from Shutterstock...']
2019-01-11 19:00:04,205 - root - INFO - ['Get ids fron Redis...']
2019-01-11 19:00:04,206 - root - INFO - ["Didn't find new approve images..."]
2019-01-11 19:00:04,207 - root - INFO - ['Done with SUCCSESS!!!']
2019-01-11 19:00:04,207 - root - INFO - ['------------------------------------']
2019-01-11 20:00:03,228 - root - INFO - ['Start NEW process!!!']
2019-01-11 20:00:03,228 - root - INFO - ['Get ids from Shutterstock...']
2019-01-11 20:00:04,403 - root - INFO - ['Get ids fron Redis...']
2019-01-11 20:00:04,406 - root - INFO - ["Didn't find new approve images..."]
2019-01-11 20:00:04,410 - root - INFO - ['Done with SUCCSESS!!!']
2019-01-11 20:00:04,410 - root - INFO - ['------------------------------------']
2019-01-11 21:00:03,375 - root - INFO - ['Start NEW process!!!']
2019-01-11 21:00:03,375 - root - INFO - ['Get ids from Shutterstock...']
2019-01-11 21:00:04,464 - root - INFO - ['Get ids fron Redis...']
2019-01-11 21:00:04,465 - root - INFO - ["Didn't find new approve images..."]
2019-01-11 21:00:04,466 - root - INFO - ['Done with SUCCSESS!!!']
2019-01-11 21:00:04,466 - root - INFO - ['------------------------------------']
2019-01-11 22:00:02,386 - root - INFO - ['Start NEW process!!!']
2019-01-11 22:00:02,386 - root - INFO - ['Get ids from Shutterstock...']
2019-01-11 22:00:03,708 - root - INFO - ['Get ids fron Redis...']
2019-01-11 22:00:03,709 - root - INFO - ['NEW ids:']
2019-01-11 22:00:03,709 - root - INFO - ['1274835517', '1274798140', '1274835499', '1274835109', '1274835106', '1274798137', '1274835502', '1274835520', '1274835100', '1274835496', '1274798146', '1274835523', '1274798125', '1274798143', '1274798128', '1274835526', '1274798131', '1274835505', '1274835103', '1274798152', '1274835529', '1274798149']
2019-01-11 22:00:03,855 - root - INFO - ['Start push to SLACK...']
2019-01-11 22:00:04,218 - root - INFO - ['Pushed...']
2019-01-11 22:00:04,218 - root - INFO - ['2019-01-05', '1274835517', 'Vector Strawberry fruits. Green leaf. Leaf plant botanical garden floral foliage. Red and green engraved ink art. Isolated strawberry illustration element.', 'https://image.shutterstock.com/image-vector/vector-strawberry-fruits-green-leaf-260nw-1274835517.jpg', 'https://www.shutterstock.com/image/1274835517']
2019-01-11 22:00:04,312 - root - INFO - ['Start push to SLACK...']
2019-01-11 22:00:05,956 - root - INFO - ['Pushed...']
2019-01-11 22:00:05,956 - root - INFO - ['2019-01-05', '1274798140', 'Vector Cherry fruit. Leaf plant botanical garden floral foliage. Black and white engraved ink art. Isolated berry illustration element on white background.', 'https://image.shutterstock.com/image-vector/vector-cherry-fruit-leaf-plant-260nw-1274798140.jpg', 'https://www.shutterstock.com/image/1274798140']
2019-01-11 22:00:06,078 - root - INFO - ['Start push to SLACK...']
2019-01-11 22:00:06,524 - root - INFO - ['Pushed...']
2019-01-11 22:00:06,524 - root - INFO - ['2019-01-05', '1274835499', 'Vector Strawberry fruits. Green leaf. Leaf plant botanical garden floral foliage. Red and green engraved ink art. Isolated strawberry illustration element.', 'https://image.shutterstock.com/image-vector/vector-strawberry-fruits-green-leaf-260nw-1274835499.jpg', 'https://www.shutterstock.com/image/1274835499']
2019-01-11 22:00:06,659 - root - INFO - ['Start push to SLACK...']
2019-01-11 22:00:07,205 - root - INFO - ['Pushed...']
2019-01-11 22:00:07,205 - root - INFO - ['2019-01-05', '1274835109', 'Vector Strawberry fruits. Green leaf. Leaf plant botanical garden floral foliage. Red and green engraved ink art. Seamless background pattern. Fabric wallpaper print texture.', 'https://image.shutterstock.com/image-vector/vector-strawberry-fruits-green-leaf-260nw-1274835109.jpg', 'https://www.shutterstock.com/image/1274835109']
2019-01-11 22:00:07,321 - root - INFO - ['Start push to SLACK...']
2019-01-11 22:00:07,833 - root - INFO - ['Pushed...']
2019-01-11 22:00:07,833 - root - INFO - ['2019-01-05', '1274835106', 'Vector Strawberry fruits. Green leaf. Leaf plant botanical garden floral foliage. Red and green engraved ink art. Frame border ornament square.', 'https://image.shutterstock.com/image-vector/vector-strawberry-fruits-green-leaf-260nw-1274835106.jpg', 'https://www.shutterstock.com/image/1274835106']
2019-01-11 22:00:07,941 - root - INFO - ['Start push to SLACK...']
2019-01-11 22:00:08,171 - root - INFO - ['Pushed...']
2019-01-11 22:00:08,171 - root - INFO - ['2019-01-05', '1274798137', 'Vector Cherry fruit. Leaf plant botanical garden floral foliage. Black and white engraved ink art. Isolated berry illustration element on white background.', 'https://image.shutterstock.com/image-vector/vector-cherry-fruit-leaf-plant-260nw-1274798137.jpg', 'https://www.shutterstock.com/image/1274798137']
2019-01-11 22:00:08,268 - root - INFO - ['Start push to SLACK...']
2019-01-11 22:00:08,541 - root - INFO - ['Pushed...']
2019-01-11 22:00:08,541 - root - INFO - ['2019-01-05', '1274835502', 'Vector Strawberry fruits. Leaf plant botanical garden floral foliage. Black and white engraved ink art. Isolated strawberry illustration element.', 'https://image.shutterstock.com/image-vector/vector-strawberry-fruits-leaf-plant-260nw-1274835502.jpg', 'https://www.shutterstock.com/image/1274835502']
2019-01-11 22:00:08,665 - root - INFO - ['Start push to SLACK...']
2019-01-11 22:00:08,966 - root - INFO - ['Pushed...']
2019-01-11 22:00:08,966 - root - INFO - ['2019-01-05', '1274835520', 'Vector Exotic tropical hawaiian summer. Palm beach tree jungle botanical leaves. Green engraved ink art. Leaf plant botanical garden floral foliage. Isolated leaf illustration element.', 'https://image.shutterstock.com/image-vector/vector-exotic-tropical-hawaiian-summer-260nw-1274835520.jpg', 'https://www.shutterstock.com/image/1274835520']
2019-01-11 22:00:09,144 - root - INFO - ['Start push to SLACK...']
2019-01-11 22:00:09,613 - root - INFO - ['Pushed...']
2019-01-11 22:00:09,614 - root - INFO - ['2019-01-05', '1274835100', 'Vector Strawberry fruits. Leaf plant botanical garden floral foliage. Blue engraved ink art. Seamless background pattern. Fabric wallpaper print texture.', 'https://image.shutterstock.com/image-vector/vector-strawberry-fruits-leaf-plant-260nw-1274835100.jpg', 'https://www.shutterstock.com/image/1274835100']
2019-01-11 22:00:09,720 - root - INFO - ['Start push to SLACK...']
2019-01-11 22:00:09,988 - root - INFO - ['Pushed...']
2019-01-11 22:00:09,989 - root - INFO - ['2019-01-05', '1274835496', 'Vector Exotic tropical hawaiian summer. Palm beach tree jungle botanical leaves. Green engraved ink art. Leaf plant botanical garden floral foliage. Isolated leaf illustration element.', 'https://image.shutterstock.com/image-vector/vector-exotic-tropical-hawaiian-summer-260nw-1274835496.jpg', 'https://www.shutterstock.com/image/1274835496']
2019-01-11 22:00:10,072 - root - INFO - ['Start push to SLACK...']
2019-01-11 22:00:10,252 - root - INFO - ['Pushed...']
2019-01-11 22:00:10,252 - root - INFO - ['2019-01-05', '1274798146', 'Vector Cherry fruit. Leaf plant botanical garden floral foliage. Red and green engraved ink art. Isolated berry illustration element on white background.', 'https://image.shutterstock.com/image-vector/vector-cherry-fruit-leaf-plant-260nw-1274798146.jpg', 'https://www.shutterstock.com/image/1274798146']
2019-01-11 22:00:10,383 - root - INFO - ['Start push to SLACK...']
2019-01-11 22:00:10,631 - root - INFO - ['Pushed...']
2019-01-11 22:00:10,631 - root - INFO - ['2019-01-05', '1274835523', 'Vector Strawberry fruits. Green leaf. Leaf plant botanical garden floral foliage. Red and green engraved ink art. Isolated strawberry illustration element.', 'https://image.shutterstock.com/image-vector/vector-strawberry-fruits-green-leaf-260nw-1274835523.jpg', 'https://www.shutterstock.com/image/1274835523']
2019-01-11 22:00:10,796 - root - INFO - ['Start push to SLACK...']
2019-01-11 22:00:12,537 - root - INFO - ['Pushed...']
2019-01-11 22:00:12,537 - root - INFO - ['2019-01-05', '1274798125', 'Vector Cherry fruit. Leaf plant botanical garden floral foliage. Black and white engraved ink art. Isolated berry illustration element on white background.', 'https://image.shutterstock.com/image-vector/vector-cherry-fruit-leaf-plant-260nw-1274798125.jpg', 'https://www.shutterstock.com/image/1274798125']
2019-01-11 22:00:12,742 - root - INFO - ['Start push to SLACK...']
2019-01-11 22:00:12,916 - root - INFO - ['Pushed...']
2019-01-11 22:00:12,916 - root - INFO - ['2019-01-05', '1274798143', 'Vector Cherry fruit. Leaf plant botanical garden floral foliage. Red and green engraved ink art. Isolated berry illustration element on white background.', 'https://image.shutterstock.com/image-vector/vector-cherry-fruit-leaf-plant-260nw-1274798143.jpg', 'https://www.shutterstock.com/image/1274798143']
2019-01-11 22:00:13,025 - root - INFO - ['Start push to SLACK...']
2019-01-11 22:00:13,338 - root - INFO - ['Pushed...']
2019-01-11 22:00:13,338 - root - INFO - ['2019-01-05', '1274798128', 'Vector Cherry fruit. Leaf plant botanical garden floral foliage. Red and green engraved ink art. Isolated berry illustration element on white background.', 'https://image.shutterstock.com/image-vector/vector-cherry-fruit-leaf-plant-260nw-1274798128.jpg', 'https://www.shutterstock.com/image/1274798128']
2019-01-11 22:00:13,463 - root - INFO - ['Start push to SLACK...']
2019-01-11 22:00:13,959 - root - INFO - ['Pushed...']
2019-01-11 22:00:13,959 - root - INFO - ['2019-01-05', '1274835526', 'Vector Exotic tropical hawaiian summer. Palm beach tree jungle botanical leaves. Green engraved ink art. Leaf plant botanical garden floral foliage. Isolated leaf illustration element.', 'https://image.shutterstock.com/image-vector/vector-exotic-tropical-hawaiian-summer-260nw-1274835526.jpg', 'https://www.shutterstock.com/image/1274835526']
2019-01-11 22:00:14,067 - root - INFO - ['Start push to SLACK...']
2019-01-11 22:00:14,393 - root - INFO - ['Pushed...']
2019-01-11 22:00:14,394 - root - INFO - ['2019-01-05', '1274798131', 'Vector Cherry fruit. Leaf plant botanical garden floral foliage. Black and white engraved ink art. Isolated berry illustration element on white background.', 'https://image.shutterstock.com/image-vector/vector-cherry-fruit-leaf-plant-260nw-1274798131.jpg', 'https://www.shutterstock.com/image/1274798131']
2019-01-11 22:00:14,516 - root - INFO - ['Start push to SLACK...']
2019-01-11 22:00:14,762 - root - INFO - ['Pushed...']
2019-01-11 22:00:14,763 - root - INFO - ['2019-01-05', '1274835505', 'Vector Strawberry fruits. Leaf plant botanical garden floral foliage. Black and white engraved ink art. Isolated strawberry illustration element.', 'https://image.shutterstock.com/image-vector/vector-strawberry-fruits-leaf-plant-260nw-1274835505.jpg', 'https://www.shutterstock.com/image/1274835505']
2019-01-11 22:00:14,865 - root - INFO - ['Start push to SLACK...']
2019-01-11 22:00:15,124 - root - INFO - ['Pushed...']
2019-01-11 22:00:15,124 - root - INFO - ['2019-01-05', '1274835103', 'Vector Strawberry fruits. Green leaf. Leaf plant botanical garden floral foliage. Red and green engraved ink art. Frame border ornament square.', 'https://image.shutterstock.com/image-vector/vector-strawberry-fruits-green-leaf-260nw-1274835103.jpg', 'https://www.shutterstock.com/image/1274835103']
2019-01-11 22:00:15,307 - root - INFO - ['Start push to SLACK...']
2019-01-11 22:00:15,902 - root - INFO - ['Pushed...']
2019-01-11 22:00:15,902 - root - INFO - ['2019-01-05', '1274798152', 'Vector Cherry fruit. Leaf plant botanical garden floral foliage. Red and green engraved ink art. Isolated berry illustration element on white background.', 'https://image.shutterstock.com/image-vector/vector-cherry-fruit-leaf-plant-260nw-1274798152.jpg', 'https://www.shutterstock.com/image/1274798152']
2019-01-11 22:00:16,080 - root - INFO - ['Start push to SLACK...']
2019-01-11 22:00:16,718 - root - INFO - ['Pushed...']
2019-01-11 22:00:16,718 - root - INFO - ['2019-01-05', '1274835529', 'Vector Exotic tropical hawaiian summer. Palm beach tree jungle botanical leaves. Black and white engraved ink art. Leaf plant botanical garden floral foliage. Isolated leaf illustration element.', 'https://image.shutterstock.com/image-vector/vector-exotic-tropical-hawaiian-summer-260nw-1274835529.jpg', 'https://www.shutterstock.com/image/1274835529']
2019-01-11 22:00:16,814 - root - INFO - ['Start push to SLACK...']
2019-01-11 22:00:17,350 - root - INFO - ['Pushed...']
2019-01-11 22:00:17,350 - root - INFO - ['2019-01-05', '1274798149', 'Vector Cherry fruit. Leaf plant botanical garden floral foliage. Black and white engraved ink art. Isolated berry illustration element on white background.', 'https://image.shutterstock.com/image-vector/vector-cherry-fruit-leaf-plant-260nw-1274798149.jpg', 'https://www.shutterstock.com/image/1274798149']
2019-01-11 22:00:17,352 - root - INFO - ['Done with SUCCSESS!!!']
2019-01-11 22:00:17,352 - root - INFO - ['------------------------------------']
2019-01-11 23:00:02,691 - root - INFO - ['Start NEW process!!!']
2019-01-11 23:00:02,691 - root - INFO - ['Get ids from Shutterstock...']
2019-01-11 23:00:03,568 - root - INFO - ['Get ids fron Redis...']
2019-01-11 23:00:03,570 - root - INFO - ["Didn't find new approve images..."]
2019-01-11 23:00:03,571 - root - INFO - ['Done with SUCCSESS!!!']
2019-01-11 23:00:03,571 - root - INFO - ['------------------------------------']
