2019-01-10 00:00:02,946 - root - INFO - ['Start NEW process!!!']
2019-01-10 00:00:02,946 - root - INFO - ['Get ids from Shutterstock...']
2019-01-10 00:00:04,091 - root - INFO - ['Get ids fron Redis...']
2019-01-10 00:00:04,095 - root - INFO - ["Didn't find new approve images..."]
2019-01-10 00:00:04,096 - root - INFO - ['Done with SUCCSESS!!!']
2019-01-10 00:00:04,096 - root - INFO - ['------------------------------------']
2019-01-10 01:00:03,091 - root - INFO - ['Start NEW process!!!']
2019-01-10 01:00:03,091 - root - INFO - ['Get ids from Shutterstock...']
2019-01-10 01:00:04,201 - root - INFO - ['Get ids fron Redis...']
2019-01-10 01:00:04,202 - root - INFO - ["Didn't find new approve images..."]
2019-01-10 01:00:04,204 - root - INFO - ['Done with SUCCSESS!!!']
2019-01-10 01:00:04,204 - root - INFO - ['------------------------------------']
2019-01-10 02:00:03,021 - root - INFO - ['Start NEW process!!!']
2019-01-10 02:00:03,021 - root - INFO - ['Get ids from Shutterstock...']
2019-01-10 02:00:04,559 - root - INFO - ['Get ids fron Redis...']
2019-01-10 02:00:04,561 - root - INFO - ["Didn't find new approve images..."]
2019-01-10 02:00:04,562 - root - INFO - ['Done with SUCCSESS!!!']
2019-01-10 02:00:04,563 - root - INFO - ['------------------------------------']
2019-01-10 03:00:02,767 - root - INFO - ['Start NEW process!!!']
2019-01-10 03:00:02,767 - root - INFO - ['Get ids from Shutterstock...']
2019-01-10 03:00:04,156 - root - INFO - ['Get ids fron Redis...']
2019-01-10 03:00:04,158 - root - INFO - ["Didn't find new approve images..."]
2019-01-10 03:00:04,159 - root - INFO - ['Done with SUCCSESS!!!']
2019-01-10 03:00:04,159 - root - INFO - ['------------------------------------']
2019-01-10 04:00:02,639 - root - INFO - ['Start NEW process!!!']
2019-01-10 04:00:02,639 - root - INFO - ['Get ids from Shutterstock...']
2019-01-10 04:00:03,724 - root - INFO - ['Get ids fron Redis...']
2019-01-10 04:00:03,726 - root - INFO - ["Didn't find new approve images..."]
2019-01-10 04:00:03,727 - root - INFO - ['Done with SUCCSESS!!!']
2019-01-10 04:00:03,727 - root - INFO - ['------------------------------------']
2019-01-10 05:00:02,698 - root - INFO - ['Start NEW process!!!']
2019-01-10 05:00:02,698 - root - INFO - ['Get ids from Shutterstock...']
2019-01-10 05:00:04,180 - root - INFO - ['Get ids fron Redis...']
2019-01-10 05:00:04,182 - root - INFO - ["Didn't find new approve images..."]
2019-01-10 05:00:04,183 - root - INFO - ['Done with SUCCSESS!!!']
2019-01-10 05:00:04,183 - root - INFO - ['------------------------------------']
2019-01-10 06:00:03,203 - root - INFO - ['Start NEW process!!!']
2019-01-10 06:00:03,203 - root - INFO - ['Get ids from Shutterstock...']
2019-01-10 06:00:04,412 - root - INFO - ['Get ids fron Redis...']
2019-01-10 06:00:04,413 - root - INFO - ["Didn't find new approve images..."]
2019-01-10 06:00:04,414 - root - INFO - ['Done with SUCCSESS!!!']
2019-01-10 06:00:04,414 - root - INFO - ['------------------------------------']
2019-01-10 07:00:04,185 - root - INFO - ['Start NEW process!!!']
2019-01-10 07:00:04,185 - root - INFO - ['Get ids from Shutterstock...']
2019-01-10 07:00:04,997 - root - INFO - ['Get ids fron Redis...']
2019-01-10 07:00:04,999 - root - INFO - ["Didn't find new approve images..."]
2019-01-10 07:00:05,003 - root - INFO - ['Done with SUCCSESS!!!']
2019-01-10 07:00:05,003 - root - INFO - ['------------------------------------']
2019-01-10 08:00:03,239 - root - INFO - ['Start NEW process!!!']
2019-01-10 08:00:03,239 - root - INFO - ['Get ids from Shutterstock...']
2019-01-10 08:00:04,600 - root - INFO - ['Get ids fron Redis...']
2019-01-10 08:00:04,601 - root - INFO - ["Didn't find new approve images..."]
2019-01-10 08:00:04,602 - root - INFO - ['Done with SUCCSESS!!!']
2019-01-10 08:00:04,602 - root - INFO - ['------------------------------------']
2019-01-10 09:00:02,977 - root - INFO - ['Start NEW process!!!']
2019-01-10 09:00:02,977 - root - INFO - ['Get ids from Shutterstock...']
2019-01-10 09:00:04,411 - root - INFO - ['Get ids fron Redis...']
2019-01-10 09:00:04,412 - root - INFO - ["Didn't find new approve images..."]
2019-01-10 09:00:04,413 - root - INFO - ['Done with SUCCSESS!!!']
2019-01-10 09:00:04,414 - root - INFO - ['------------------------------------']
2019-01-10 10:00:03,334 - root - INFO - ['Start NEW process!!!']
2019-01-10 10:00:03,338 - root - INFO - ['Get ids from Shutterstock...']
2019-01-10 10:00:04,685 - root - INFO - ['Get ids fron Redis...']
2019-01-10 10:00:04,686 - root - INFO - ["Didn't find new approve images..."]
2019-01-10 10:00:04,687 - root - INFO - ['Done with SUCCSESS!!!']
2019-01-10 10:00:04,687 - root - INFO - ['------------------------------------']
2019-01-10 11:00:02,469 - root - INFO - ['Start NEW process!!!']
2019-01-10 11:00:02,470 - root - INFO - ['Get ids from Shutterstock...']
2019-01-10 11:00:03,739 - root - INFO - ['Get ids fron Redis...']
2019-01-10 11:00:03,741 - root - INFO - ["Didn't find new approve images..."]
2019-01-10 11:00:03,742 - root - INFO - ['Done with SUCCSESS!!!']
2019-01-10 11:00:03,742 - root - INFO - ['------------------------------------']
2019-01-10 12:00:02,479 - root - INFO - ['Start NEW process!!!']
2019-01-10 12:00:02,479 - root - INFO - ['Get ids from Shutterstock...']
2019-01-10 12:00:03,530 - root - INFO - ['Get ids fron Redis...']
2019-01-10 12:00:03,531 - root - INFO - ["Didn't find new approve images..."]
2019-01-10 12:00:03,532 - root - INFO - ['Done with SUCCSESS!!!']
2019-01-10 12:00:03,532 - root - INFO - ['------------------------------------']
2019-01-10 13:00:02,857 - root - INFO - ['Start NEW process!!!']
2019-01-10 13:00:02,857 - root - INFO - ['Get ids from Shutterstock...']
2019-01-10 13:00:03,873 - root - INFO - ['Get ids fron Redis...']
2019-01-10 13:00:03,874 - root - INFO - ['NEW ids:']
2019-01-10 13:00:03,874 - root - INFO - ['1279811260', '1279811053', '1279758697', '1279811263', '1279811251', '1279811032', '1279758694', '1279811047', '1279758706', '1279811065', '1279758709', '1279810969', '1279810987', '1279811266', '1279811035', '1279811257', '1279810978', '1279811071', '1279811254', '1279810990', '1279811074', '1279811248', '1279758718', '1279758700', '1279811062', '1279811059', '1279810999', '1279810984', '1279758682', '1279758715', '1279758688', '1279758703', '1279811056', '1279758712', '1279810996', '1279758691', '1279810981', '1279810975', '1279811068', '1279811050', '1279810972', '1279758685']
2019-01-10 13:00:04,263 - root - INFO - ['Start push to SLACK...']
2019-01-10 13:00:04,664 - root - INFO - ['Pushed...']
2019-01-10 13:00:04,664 - root - INFO - ['2019-01-10', '1279811260', 'Vector Strawberry fruits. Leaf plant botanical garden floral foliage. Black and white engraved ink art. Isolated strawberry illustration element.', 'https://image.shutterstock.com/image-vector/vector-strawberry-fruits-leaf-plant-260nw-1279811260.jpg', 'https://www.shutterstock.com/image/1279811260']
2019-01-10 13:00:04,840 - root - INFO - ['Start push to SLACK...']
2019-01-10 13:00:05,210 - root - INFO - ['Pushed...']
2019-01-10 13:00:05,210 - root - INFO - ['2019-01-10', '1279811053', 'Vector Pink apple blossom botanical flower. Wild spring leaf isolated. Engraved ink art. Wedding background card floral decorative border. Invitation elegant card illustration graphic set banner.', 'https://image.shutterstock.com/image-vector/vector-pink-apple-blossom-botanical-260nw-1279811053.jpg', 'https://www.shutterstock.com/image/1279811053']
2019-01-10 13:00:05,322 - root - INFO - ['Start push to SLACK...']
2019-01-10 13:00:05,692 - root - INFO - ['Pushed...']
2019-01-10 13:00:05,692 - root - INFO - ['2019-01-10', '1279758697', 'Bouquet floral botanical flowers. Wild spring leaf wildflower isolated. Watercolor illustration set. Watercolour drawing fashion aquarelle. Seamless background pattern. Fabric wallpaper print texture.', 'https://image.shutterstock.com/image-illustration/bouquet-floral-botanical-flowers-wild-260nw-1279758697.jpg', 'https://www.shutterstock.com/image/1279758697']
2019-01-10 13:00:05,869 - root - INFO - ['Start push to SLACK...']
2019-01-10 13:00:06,500 - root - INFO - ['Pushed...']
2019-01-10 13:00:06,500 - root - INFO - ['2019-01-10', '1279811263', 'Vector Strawberry fruits. Green leaf. Leaf plant botanical garden floral foliage. Red and green engraved ink art. Isolated strawberry illustration element.', 'https://image.shutterstock.com/image-vector/vector-strawberry-fruits-green-leaf-260nw-1279811263.jpg', 'https://www.shutterstock.com/image/1279811263']
2019-01-10 13:00:06,632 - root - INFO - ['Start push to SLACK...']
2019-01-10 13:00:07,120 - root - INFO - ['Pushed...']
2019-01-10 13:00:07,120 - root - INFO - ['2019-01-10', '1279811251', 'Vector Strawberry fruits. Leaf plant botanical garden floral foliage. Black and white engraved ink art. Isolated strawberry illustration element.', 'https://image.shutterstock.com/image-vector/vector-strawberry-fruits-leaf-plant-260nw-1279811251.jpg', 'https://www.shutterstock.com/image/1279811251']
2019-01-10 13:00:07,771 - root - INFO - ['Start push to SLACK...']
2019-01-10 13:00:08,433 - root - INFO - ['Pushed...']
2019-01-10 13:00:08,433 - root - INFO - ['2019-01-10', '1279811032', 'Vector Pink apple blossom floral botanical flower. Wild spring leaf wildflower isolated. Engraved ink art. Frame border ornament square.', 'https://image.shutterstock.com/image-vector/vector-pink-apple-blossom-floral-260nw-1279811032.jpg', 'https://www.shutterstock.com/image/1279811032']
2019-01-10 13:00:08,535 - root - INFO - ['Start push to SLACK...']
2019-01-10 13:00:10,001 - root - INFO - ['Pushed...']
2019-01-10 13:00:10,001 - root - INFO - ['2019-01-10', '1279758694', 'Bouquet floral botanical flowers. Wild spring leaf wildflower isolated. Watercolor illustration set. Watercolour drawing fashion aquarelle. Seamless background pattern. Fabric wallpaper print texture.', 'https://image.shutterstock.com/image-illustration/bouquet-floral-botanical-flowers-wild-260nw-1279758694.jpg', 'https://www.shutterstock.com/image/1279758694']
2019-01-10 13:00:10,187 - root - INFO - ['Start push to SLACK...']
2019-01-10 13:00:10,395 - root - INFO - ['Pushed...']
2019-01-10 13:00:10,395 - root - INFO - ['2019-01-10', '1279811047', 'Vector Pink apple blossom botanical flower. Wild spring leaf isolated. Engraved ink art. Wedding background card floral decorative border. Invitation elegant card illustration graphic set banner.', 'https://image.shutterstock.com/image-vector/vector-pink-apple-blossom-botanical-260nw-1279811047.jpg', 'https://www.shutterstock.com/image/1279811047']
2019-01-10 13:00:10,532 - root - INFO - ['Start push to SLACK...']
2019-01-10 13:00:11,062 - root - INFO - ['Pushed...']
2019-01-10 13:00:11,062 - root - INFO - ['2019-01-10', '1279758706', 'Bouquet floral botanical flowers. Wild spring leaf wildflower isolated. Watercolor background illustration set. Watercolour drawing fashion aquarelle isolated. Frame border ornament square.', 'https://image.shutterstock.com/image-illustration/bouquet-floral-botanical-flowers-wild-260nw-1279758706.jpg', 'https://www.shutterstock.com/image/1279758706']
2019-01-10 13:00:11,258 - root - INFO - ['Start push to SLACK...']
2019-01-10 13:00:11,657 - root - INFO - ['Pushed...']
2019-01-10 13:00:11,657 - root - INFO - ['2019-01-10', '1279811065', 'Vector Strawberry fruits. Green leaf. Leaf plant botanical garden floral foliage. Red and green engraved ink art. Seamless background pattern. Fabric wallpaper print texture.', 'https://image.shutterstock.com/image-vector/vector-strawberry-fruits-green-leaf-260nw-1279811065.jpg', 'https://www.shutterstock.com/image/1279811065']
2019-01-10 13:00:11,801 - root - INFO - ['Start push to SLACK...']
2019-01-10 13:00:12,231 - root - INFO - ['Pushed...']
2019-01-10 13:00:12,231 - root - INFO - ['2019-01-10', '1279758709', 'Bouquet floral botanical flowers. Wild spring leaf wildflower isolated. Watercolor background illustration set. Watercolour drawing fashion aquarelle isolated. Frame border ornament square.', 'https://image.shutterstock.com/image-illustration/bouquet-floral-botanical-flowers-wild-260nw-1279758709.jpg', 'https://www.shutterstock.com/image/1279758709']
2019-01-10 13:00:12,375 - root - INFO - ['Start push to SLACK...']
2019-01-10 13:00:12,597 - root - INFO - ['Pushed...']
2019-01-10 13:00:12,598 - root - INFO - ['2019-01-10', '1279810969', 'Vector Green leaf plant garden floral foliage. Engraved ink art. Exotic tropical hawaiian summer. Palm beach tree leaves jungle botanical. Seamless background pattern. Fabric wallpaper print texture.', 'https://image.shutterstock.com/image-vector/vector-green-leaf-plant-garden-260nw-1279810969.jpg', 'https://www.shutterstock.com/image/1279810969']
2019-01-10 13:00:12,797 - root - INFO - ['Start push to SLACK...']
2019-01-10 13:00:13,373 - root - INFO - ['Pushed...']
2019-01-10 13:00:13,373 - root - INFO - ['2019-01-10', '1279810987', 'Vector Green leaf plant garden floral foliage. Engraved ink art. Exotic tropical hawaiian summer. Palm beach tree leaves jungle botanical. Seamless background pattern. Fabric wallpaper print texture.', 'https://image.shutterstock.com/image-vector/vector-green-leaf-plant-garden-260nw-1279810987.jpg', 'https://www.shutterstock.com/image/1279810987']
2019-01-10 13:00:13,548 - root - INFO - ['Start push to SLACK...']
2019-01-10 13:00:14,022 - root - INFO - ['Pushed...']
2019-01-10 13:00:14,022 - root - INFO - ['2019-01-10', '1279811266', 'Vector Strawberry fruits. Green leaf. Leaf plant botanical garden floral foliage. Red and green engraved ink art. Isolated strawberry illustration element.', 'https://image.shutterstock.com/image-vector/vector-strawberry-fruits-green-leaf-260nw-1279811266.jpg', 'https://www.shutterstock.com/image/1279811266']
2019-01-10 13:00:14,194 - root - INFO - ['Start push to SLACK...']
2019-01-10 13:00:14,750 - root - INFO - ['Pushed...']
2019-01-10 13:00:14,750 - root - INFO - ['2019-01-10', '1279811035', 'Vector Pink apple blossom floral botanical flower. Wild spring leaf wildflower isolated. Engraved ink art. Frame border ornament square.', 'https://image.shutterstock.com/image-vector/vector-pink-apple-blossom-floral-260nw-1279811035.jpg', 'https://www.shutterstock.com/image/1279811035']
2019-01-10 13:00:14,924 - root - INFO - ['Start push to SLACK...']
2019-01-10 13:00:15,476 - root - INFO - ['Pushed...']
2019-01-10 13:00:15,476 - root - INFO - ['2019-01-10', '1279811257', 'Vector Strawberry fruits. Leaf plant botanical garden floral foliage. Black and white engraved ink art. Isolated strawberry illustration element.', 'https://image.shutterstock.com/image-vector/vector-strawberry-fruits-leaf-plant-260nw-1279811257.jpg', 'https://www.shutterstock.com/image/1279811257']
2019-01-10 13:00:15,604 - root - INFO - ['Start push to SLACK...']
2019-01-10 13:00:15,829 - root - INFO - ['Pushed...']
2019-01-10 13:00:15,829 - root - INFO - ['2019-01-10', '1279810978', 'Vector Green leaf plant botanical garden floral foliage. Engraved ink art. Exotic tropical hawaiian summer. Palm beach tree leaves jungle botanical. Wedding background card floral decorative border.', 'https://image.shutterstock.com/image-vector/vector-green-leaf-plant-botanical-260nw-1279810978.jpg', 'https://www.shutterstock.com/image/1279810978']
2019-01-10 13:00:15,940 - root - INFO - ['Start push to SLACK...']
2019-01-10 13:00:16,194 - root - INFO - ['Pushed...']
2019-01-10 13:00:16,194 - root - INFO - ['2019-01-10', '1279811071', 'Vector Pink apple blossom floral botanical flower. Wild spring leaf wildflower isolated. Engraved ink art. Frame border ornament square.', 'https://image.shutterstock.com/image-vector/vector-pink-apple-blossom-floral-260nw-1279811071.jpg', 'https://www.shutterstock.com/image/1279811071']
2019-01-10 13:00:16,304 - root - INFO - ['Start push to SLACK...']
2019-01-10 13:00:16,731 - root - INFO - ['Pushed...']
2019-01-10 13:00:16,732 - root - INFO - ['2019-01-10', '1279811254', 'Vector Strawberry fruits. Green leaf. Leaf plant botanical garden floral foliage. Red and green engraved ink art. Isolated strawberry illustration element.', 'https://image.shutterstock.com/image-vector/vector-strawberry-fruits-green-leaf-260nw-1279811254.jpg', 'https://www.shutterstock.com/image/1279811254']
2019-01-10 13:00:16,870 - root - INFO - ['Start push to SLACK...']
2019-01-10 13:00:17,211 - root - INFO - ['Pushed...']
2019-01-10 13:00:17,211 - root - INFO - ['2019-01-10', '1279810990', 'Vector Green leaf plant botanical garden floral foliage. Engraved ink art. Exotic tropical hawaiian summer. Palm beach tree leaves jungle botanical. Frame border ornament square.', 'https://image.shutterstock.com/image-vector/vector-green-leaf-plant-botanical-260nw-1279810990.jpg', 'https://www.shutterstock.com/image/1279810990']
2019-01-10 13:00:17,340 - root - INFO - ['Start push to SLACK...']
2019-01-10 13:00:17,981 - root - INFO - ['Pushed...']
2019-01-10 13:00:17,981 - root - INFO - ['2019-01-10', '1279811074', 'Vector Strawberry fruits. Leaf plant botanical garden floral foliage. Red engraved ink art. Seamless background pattern. Fabric wallpaper print texture.', 'https://image.shutterstock.com/image-vector/vector-strawberry-fruits-leaf-plant-260nw-1279811074.jpg', 'https://www.shutterstock.com/image/1279811074']
2019-01-10 13:00:18,165 - root - INFO - ['Start push to SLACK...']
2019-01-10 13:00:18,693 - root - INFO - ['Pushed...']
2019-01-10 13:00:18,693 - root - INFO - ['2019-01-10', '1279811248', 'Vector Pink apple blossom botanical flower. Wild spring leaf isolated. Engraved ink art. Wedding background card floral decorative border. Invitation elegant card illustration graphic set banner.', 'https://image.shutterstock.com/image-vector/vector-pink-apple-blossom-botanical-260nw-1279811248.jpg', 'https://www.shutterstock.com/image/1279811248']
2019-01-10 13:00:18,858 - root - INFO - ['Start push to SLACK...']
2019-01-10 13:00:19,269 - root - INFO - ['Pushed...']
2019-01-10 13:00:19,269 - root - INFO - ['2019-01-10', '1279758718', 'Pink and purple amaryllis flower. Wild spring leaf wildflower isolated. Watercolor illustration set. Watercolour drawing fashion aquarelle. Seamless background pattern. Fabric wallpaper print texture.', 'https://image.shutterstock.com/image-illustration/pink-purple-amaryllis-flower-wild-260nw-1279758718.jpg', 'https://www.shutterstock.com/image/1279758718']
2019-01-10 13:00:19,402 - root - INFO - ['Start push to SLACK...']
2019-01-10 13:00:19,674 - root - INFO - ['Pushed...']
2019-01-10 13:00:19,674 - root - INFO - ['2019-01-10', '1279758700', 'Bouquet floral botanical flowers. Wild spring leaf wildflower isolated. Watercolor background illustration set. Watercolour drawing fashion aquarelle isolated. Frame border ornament square.', 'https://image.shutterstock.com/image-illustration/bouquet-floral-botanical-flowers-wild-260nw-1279758700.jpg', 'https://www.shutterstock.com/image/1279758700']
2019-01-10 13:00:19,907 - root - INFO - ['Start push to SLACK...']
2019-01-10 13:00:20,380 - root - INFO - ['Pushed...']
2019-01-10 13:00:20,380 - root - INFO - ['2019-01-10', '1279811062', 'Vector Strawberry fruits. Green leaf. Leaf plant botanical garden floral foliage. Red and green engraved ink art. Frame border ornament square.', 'https://image.shutterstock.com/image-vector/vector-strawberry-fruits-green-leaf-260nw-1279811062.jpg', 'https://www.shutterstock.com/image/1279811062']
2019-01-10 13:00:20,526 - root - INFO - ['Start push to SLACK...']
2019-01-10 13:00:21,147 - root - INFO - ['Pushed...']
2019-01-10 13:00:21,148 - root - INFO - ['2019-01-10', '1279811059', 'Vector Pink apple blossom floral botanical flower. Wild spring leaf wildflower isolated. Engraved ink art. Frame border ornament square.', 'https://image.shutterstock.com/image-vector/vector-pink-apple-blossom-floral-260nw-1279811059.jpg', 'https://www.shutterstock.com/image/1279811059']
2019-01-10 13:00:21,258 - root - INFO - ['Start push to SLACK...']
2019-01-10 13:00:21,823 - root - INFO - ['Pushed...']
2019-01-10 13:00:21,823 - root - INFO - ['2019-01-10', '1279810999', 'Vector Green leaf plant botanical garden floral foliage. Engraved ink art. Exotic tropical hawaiian summer. Palm beach tree leaves jungle botanical. Frame border ornament square.', 'https://image.shutterstock.com/image-vector/vector-green-leaf-plant-botanical-260nw-1279810999.jpg', 'https://www.shutterstock.com/image/1279810999']
2019-01-10 13:00:21,992 - root - INFO - ['Start push to SLACK...']
2019-01-10 13:00:22,677 - root - INFO - ['Pushed...']
2019-01-10 13:00:22,677 - root - INFO - ['2019-01-10', '1279810984', 'Vector Green leaf plant botanical garden floral foliage. Engraved ink art. Exotic tropical hawaiian summer. Palm beach tree leaves jungle botanical. Frame border ornament square.', 'https://image.shutterstock.com/image-vector/vector-green-leaf-plant-botanical-260nw-1279810984.jpg', 'https://www.shutterstock.com/image/1279810984']
2019-01-10 13:00:22,816 - root - INFO - ['Start push to SLACK...']
2019-01-10 13:00:23,457 - root - INFO - ['Pushed...']
2019-01-10 13:00:23,457 - root - INFO - ['2019-01-10', '1279758682', 'Bouquet floral botanical flowers. Wild spring leaf wildflower isolated. Watercolor background illustration set. Watercolour drawing fashion aquarelle isolated. Isolated flower illustration element.', 'https://image.shutterstock.com/image-illustration/bouquet-floral-botanical-flowers-wild-260nw-1279758682.jpg', 'https://www.shutterstock.com/image/1279758682']
2019-01-10 13:00:23,581 - root - INFO - ['Start push to SLACK...']
2019-01-10 13:00:24,965 - root - INFO - ['Pushed...']
2019-01-10 13:00:24,965 - root - INFO - ['2019-01-10', '1279758715', 'Pink and purple amaryllis floral botanical flower. Wild spring leaf wildflower isolated. Watercolor background illustration set. Watercolour drawing fashion aquarelle. Frame border ornament square.', 'https://image.shutterstock.com/image-illustration/pink-purple-amaryllis-floral-botanical-260nw-1279758715.jpg', 'https://www.shutterstock.com/image/1279758715']
2019-01-10 13:00:25,059 - root - INFO - ['Start push to SLACK...']
2019-01-10 13:00:25,715 - root - INFO - ['Pushed...']
2019-01-10 13:00:25,715 - root - INFO - ['2019-01-10', '1279758688', 'Bouquet floral botanical flowers. Wild spring leaf wildflower isolated. Watercolor background illustration set. Watercolour drawing fashion aquarelle isolated. Frame border ornament square.', 'https://image.shutterstock.com/image-illustration/bouquet-floral-botanical-flowers-wild-260nw-1279758688.jpg', 'https://www.shutterstock.com/image/1279758688']
2019-01-10 13:00:25,860 - root - INFO - ['Start push to SLACK...']
2019-01-10 13:00:26,185 - root - INFO - ['Pushed...']
2019-01-10 13:00:26,185 - root - INFO - ['2019-01-10', '1279758703', 'Pink and purple amaryllis flower. Wild spring leaf wildflower isolated. Watercolor illustration set. Watercolour drawing fashion aquarelle. Seamless background pattern. Fabric wallpaper print texture.', 'https://image.shutterstock.com/image-illustration/pink-purple-amaryllis-flower-wild-260nw-1279758703.jpg', 'https://www.shutterstock.com/image/1279758703']
2019-01-10 13:00:26,264 - root - INFO - ['Start push to SLACK...']
2019-01-10 13:00:26,588 - root - INFO - ['Pushed...']
2019-01-10 13:00:26,588 - root - INFO - ['2019-01-10', '1279811056', 'Vector Pink apple blossom botanical flower. Wild spring leaf isolated. Engraved ink art. Wedding background card floral decorative border. Invitation elegant card illustration graphic set banner.', 'https://image.shutterstock.com/image-vector/vector-pink-apple-blossom-botanical-260nw-1279811056.jpg', 'https://www.shutterstock.com/image/1279811056']
2019-01-10 13:00:26,667 - root - INFO - ['Start push to SLACK...']
2019-01-10 13:00:27,339 - root - INFO - ['Pushed...']
2019-01-10 13:00:27,339 - root - INFO - ['2019-01-10', '1279758712', 'Pink and purple amaryllis flower. Wild spring leaf wildflower isolated. Watercolor illustration set. Watercolour drawing fashion aquarelle. Seamless background pattern. Fabric wallpaper print texture.', 'https://image.shutterstock.com/image-illustration/pink-purple-amaryllis-flower-wild-260nw-1279758712.jpg', 'https://www.shutterstock.com/image/1279758712']
2019-01-10 13:00:27,475 - root - INFO - ['Start push to SLACK...']
2019-01-10 13:00:27,906 - root - INFO - ['Pushed...']
2019-01-10 13:00:27,907 - root - INFO - ['2019-01-10', '1279810996', 'Vector Green leaf plant garden floral foliage. Engraved ink art. Exotic tropical hawaiian summer. Palm beach tree leaves jungle botanical. Seamless background pattern. Fabric wallpaper print texture.', 'https://image.shutterstock.com/image-vector/vector-green-leaf-plant-garden-260nw-1279810996.jpg', 'https://www.shutterstock.com/image/1279810996']
2019-01-10 13:00:28,030 - root - INFO - ['Start push to SLACK...']
2019-01-10 13:00:28,679 - root - INFO - ['Pushed...']
2019-01-10 13:00:28,679 - root - INFO - ['2019-01-10', '1279758691', 'Bouquet floral botanical flowers. Wild spring leaf wildflower isolated. Watercolor illustration set. Watercolour drawing fashion aquarelle. Seamless background pattern. Fabric wallpaper print texture.', 'https://image.shutterstock.com/image-illustration/bouquet-floral-botanical-flowers-wild-260nw-1279758691.jpg', 'https://www.shutterstock.com/image/1279758691']
2019-01-10 13:00:28,783 - root - INFO - ['Start push to SLACK...']
2019-01-10 13:00:29,092 - root - INFO - ['Pushed...']
2019-01-10 13:00:29,092 - root - INFO - ['2019-01-10', '1279810981', 'Vector Green leaf plant garden floral foliage. Engraved ink art. Exotic tropical hawaiian summer. Palm beach tree leaves jungle botanical. Seamless background pattern. Fabric wallpaper print texture.', 'https://image.shutterstock.com/image-vector/vector-green-leaf-plant-garden-260nw-1279810981.jpg', 'https://www.shutterstock.com/image/1279810981']
2019-01-10 13:00:29,179 - root - INFO - ['Start push to SLACK...']
2019-01-10 13:00:29,518 - root - INFO - ['Pushed...']
2019-01-10 13:00:29,519 - root - INFO - ['2019-01-10', '1279810975', 'Vector Green leaf plant garden floral foliage. Engraved ink art. Exotic tropical hawaiian summer. Palm beach tree leaves jungle botanical. Seamless background pattern. Fabric wallpaper print texture.', 'https://image.shutterstock.com/image-vector/vector-green-leaf-plant-garden-260nw-1279810975.jpg', 'https://www.shutterstock.com/image/1279810975']
2019-01-10 13:00:29,598 - root - INFO - ['Start push to SLACK...']
2019-01-10 13:00:30,164 - root - INFO - ['Pushed...']
2019-01-10 13:00:30,164 - root - INFO - ['2019-01-10', '1279811068', 'Vector Strawberry fruits. Green leaf. Leaf plant botanical garden floral foliage. Red and green engraved ink art. Frame border ornament square.', 'https://image.shutterstock.com/image-vector/vector-strawberry-fruits-green-leaf-260nw-1279811068.jpg', 'https://www.shutterstock.com/image/1279811068']
2019-01-10 13:00:30,303 - root - INFO - ['Start push to SLACK...']
2019-01-10 13:00:31,413 - root - INFO - ['Pushed...']
2019-01-10 13:00:31,413 - root - INFO - ['2019-01-10', '1279811050', 'Vector Pink apple blossom floral botanical flower. Wild spring leaf wildflower isolated. Engraved ink art. Frame border ornament square.', 'https://image.shutterstock.com/image-vector/vector-pink-apple-blossom-floral-260nw-1279811050.jpg', 'https://www.shutterstock.com/image/1279811050']
2019-01-10 13:00:31,761 - root - INFO - ['Start push to SLACK...']
2019-01-10 13:00:32,137 - root - INFO - ['Pushed...']
2019-01-10 13:00:32,137 - root - INFO - ['2019-01-10', '1279810972', 'Vector Green leaf plant botanical garden floral foliage. Engraved ink art. Exotic tropical hawaiian summer. Palm beach tree leaves jungle botanical. Frame border ornament square.', 'https://image.shutterstock.com/image-vector/vector-green-leaf-plant-botanical-260nw-1279810972.jpg', 'https://www.shutterstock.com/image/1279810972']
2019-01-10 13:00:32,218 - root - INFO - ['Start push to SLACK...']
2019-01-10 13:00:32,486 - root - INFO - ['Pushed...']
2019-01-10 13:00:32,486 - root - INFO - ['2019-01-10', '1279758685', 'Bouquet floral botanical flowers. Wild spring leaf wildflower isolated. Watercolor background illustration set. Watercolour drawing fashion aquarelle isolated. Isolated flower illustration element.', 'https://image.shutterstock.com/image-illustration/bouquet-floral-botanical-flowers-wild-260nw-1279758685.jpg', 'https://www.shutterstock.com/image/1279758685']
2019-01-10 13:00:32,488 - root - INFO - ['Done with SUCCSESS!!!']
2019-01-10 13:00:32,488 - root - INFO - ['------------------------------------']
2019-01-10 14:00:02,260 - root - INFO - ['Start NEW process!!!']
2019-01-10 14:00:02,260 - root - INFO - ['Get ids from Shutterstock...']
2019-01-10 14:00:03,842 - root - INFO - ['Get ids fron Redis...']
2019-01-10 14:00:03,843 - root - INFO - ['NEW ids:']
2019-01-10 14:00:03,843 - root - INFO - ['1273001842', '1273001809', '1273001764', '1274798140', '1273001821', '1273001797', '1273001839', '1274798131', '1273001848', '1274797885', '1273001785', '1273001779', '1274798158', '1274798137', '1273001770', '1274798149', '1273001827', '1274798146', '1274798152', '1273001836', '1274797873', '1273001761', '1273001788', '1274797879', '1273001824', '1273001791', '1273001806', '1273001815', '1273001812', '1273001800', '1273001845', '1273001830', '1274798143', '1273001818', '1274798128', '1273001767', '1273001776', '1273001782', '1273001773', '1273001833', '1273001794', '1273001803']
2019-01-10 14:00:04,084 - root - INFO - ['Start push to SLACK...']
2019-01-10 14:00:04,618 - root - INFO - ['Pushed...']
2019-01-10 14:00:04,618 - root - INFO - ['2019-01-03', '1273001842', 'Vector Cherry fruit. Leaf plant botanical garden floral foliage. Black and white engraved ink art. Isolated berry illustration element on white background.', 'https://image.shutterstock.com/image-vector/vector-cherry-fruit-leaf-plant-260nw-1273001842.jpg', 'https://www.shutterstock.com/image/1273001842']
2019-01-10 14:00:04,868 - root - INFO - ['Start push to SLACK...']
2019-01-10 14:00:05,432 - root - INFO - ['Pushed...']
2019-01-10 14:00:05,432 - root - INFO - ['2019-01-03', '1273001809', 'Fern green leaf. Leaf plant botanical garden floral foliage. Watercolor background illustration set. Watercolour drawing fashion aquarelle isolated. Isolated fern illustration element.', 'https://image.shutterstock.com/image-illustration/fern-green-leaf-plant-botanical-260nw-1273001809.jpg', 'https://www.shutterstock.com/image/1273001809']
2019-01-10 14:00:05,584 - root - INFO - ['Start push to SLACK...']
2019-01-10 14:00:05,854 - root - INFO - ['Pushed...']
2019-01-10 14:00:05,855 - root - INFO - ['2019-01-03', '1273001764', 'Vector Strawberry fruits. Leaf plant botanical garden floral foliage. Black and white engraved ink art. Isolated strawberry illustration element.', 'https://image.shutterstock.com/image-vector/vector-strawberry-fruits-leaf-plant-260nw-1273001764.jpg', 'https://www.shutterstock.com/image/1273001764']
2019-01-10 14:00:05,957 - root - INFO - ['Start push to SLACK...']
2019-01-10 14:00:06,369 - root - INFO - ['Pushed...']
2019-01-10 14:00:06,369 - root - INFO - ['2019-01-05', '1274798140', 'Vector Cherry fruit. Leaf plant botanical garden floral foliage. Black and white engraved ink art. Isolated berry illustration element on white background.', 'https://image.shutterstock.com/image-vector/vector-cherry-fruit-leaf-plant-260nw-1274798140.jpg', 'https://www.shutterstock.com/image/1274798140']
2019-01-10 14:00:06,455 - root - INFO - ['Start push to SLACK...']
2019-01-10 14:00:07,085 - root - INFO - ['Pushed...']
2019-01-10 14:00:07,085 - root - INFO - ['2019-01-03', '1273001821', 'Abstract watercolor paper splash shapes isolated drawing. Illustration aquarelle for background, texture, wrapper pattern, frame or border. Watercolour drawing stain for design.', 'https://image.shutterstock.com/image-illustration/abstract-watercolor-paper-splash-shapes-260nw-1273001821.jpg', 'https://www.shutterstock.com/image/1273001821']
2019-01-10 14:00:07,196 - root - INFO - ['Start push to SLACK...']
2019-01-10 14:00:07,567 - root - INFO - ['Pushed...']
2019-01-10 14:00:07,567 - root - INFO - ['2019-01-03', '1273001797', 'Fern green leaf. Leaf plant botanical garden floral foliage. Watercolor illustration set. Watercolour drawing fashion aquarelle isolated. Seamless background pattern. Fabric wallpaper print texture.', 'https://image.shutterstock.com/image-illustration/fern-green-leaf-plant-botanical-260nw-1273001797.jpg', 'https://www.shutterstock.com/image/1273001797']
2019-01-10 14:00:07,805 - root - INFO - ['Start push to SLACK...']
2019-01-10 14:00:08,124 - root - INFO - ['Pushed...']
2019-01-10 14:00:08,124 - root - INFO - ['2019-01-03', '1273001839', 'Vector Cherry fruit. Leaf plant botanical garden floral foliage. Black and white engraved ink art. Isolated berry illustration element on white background.', 'https://image.shutterstock.com/image-vector/vector-cherry-fruit-leaf-plant-260nw-1273001839.jpg', 'https://www.shutterstock.com/image/1273001839']
2019-01-10 14:00:08,225 - root - INFO - ['Start push to SLACK...']
2019-01-10 14:00:08,646 - root - INFO - ['Pushed...']
2019-01-10 14:00:08,646 - root - INFO - ['2019-01-05', '1274798131', 'Vector Cherry fruit. Leaf plant botanical garden floral foliage. Black and white engraved ink art. Isolated berry illustration element on white background.', 'https://image.shutterstock.com/image-vector/vector-cherry-fruit-leaf-plant-260nw-1274798131.jpg', 'https://www.shutterstock.com/image/1274798131']
2019-01-10 14:00:08,733 - root - INFO - ['Start push to SLACK...']
2019-01-10 14:00:09,313 - root - INFO - ['Pushed...']
2019-01-10 14:00:09,313 - root - INFO - ['2019-01-03', '1273001848', 'Vector Exotic tropical hawaiian summer. Palm beach tree jungle botanical leaves. Green engraved ink art. Leaf plant botanical garden floral foliage. Isolated leaf illustration element.', 'https://image.shutterstock.com/image-vector/vector-exotic-tropical-hawaiian-summer-260nw-1273001848.jpg', 'https://www.shutterstock.com/image/1273001848']
2019-01-10 14:00:09,557 - root - INFO - ['Start push to SLACK...']
2019-01-10 14:00:10,181 - root - INFO - ['Pushed...']
2019-01-10 14:00:10,181 - root - INFO - ['2019-01-05', '1274797885', 'Vector Strawberry fruits. Green leaf. Leaf plant botanical garden floral foliage. Red and green engraved ink art. Seamless background pattern. Fabric wallpaper print texture.', 'https://image.shutterstock.com/image-vector/vector-strawberry-fruits-green-leaf-260nw-1274797885.jpg', 'https://www.shutterstock.com/image/1274797885']
2019-01-10 14:00:10,325 - root - INFO - ['Start push to SLACK...']
2019-01-10 14:00:10,811 - root - INFO - ['Pushed...']
2019-01-10 14:00:10,811 - root - INFO - ['2019-01-03', '1273001785', 'Vector Strawberry fruits. Green leaf. Leaf plant botanical garden floral foliage. Red and green engraved ink art. Isolated strawberry illustration element.', 'https://image.shutterstock.com/image-vector/vector-strawberry-fruits-green-leaf-260nw-1273001785.jpg', 'https://www.shutterstock.com/image/1273001785']
2019-01-10 14:00:10,972 - root - INFO - ['Start push to SLACK...']
2019-01-10 14:00:11,477 - root - INFO - ['Pushed...']
2019-01-10 14:00:11,477 - root - INFO - ['2019-01-03', '1273001779', 'Vector Exotic tropical hawaiian summer. Palm beach tree jungle botanical leaves. Black and white engraved ink art. Leaf plant botanical garden floral foliage. Isolated leaf illustration element.', 'https://image.shutterstock.com/image-vector/vector-exotic-tropical-hawaiian-summer-260nw-1273001779.jpg', 'https://www.shutterstock.com/image/1273001779']
2019-01-10 14:00:11,564 - root - INFO - ['Start push to SLACK...']
2019-01-10 14:00:11,955 - root - INFO - ['Pushed...']
2019-01-10 14:00:11,955 - root - INFO - ['2019-01-05', '1274798158', 'Pink floral botanical flowers. Wild spring leaf wildflower isolated. Watercolor background illustration set. Watercolour drawing fashion aquarelle isolated. Isolated ornament illustration element.', 'https://image.shutterstock.com/image-illustration/pink-floral-botanical-flowers-wild-260nw-1274798158.jpg', 'https://www.shutterstock.com/image/1274798158']
2019-01-10 14:00:12,051 - root - INFO - ['Start push to SLACK...']
2019-01-10 14:00:12,435 - root - INFO - ['Pushed...']
2019-01-10 14:00:12,435 - root - INFO - ['2019-01-05', '1274798137', 'Vector Cherry fruit. Leaf plant botanical garden floral foliage. Black and white engraved ink art. Isolated berry illustration element on white background.', 'https://image.shutterstock.com/image-vector/vector-cherry-fruit-leaf-plant-260nw-1274798137.jpg', 'https://www.shutterstock.com/image/1274798137']
2019-01-10 14:00:12,564 - root - INFO - ['Start push to SLACK...']
2019-01-10 14:00:12,825 - root - INFO - ['Pushed...']
2019-01-10 14:00:12,825 - root - INFO - ['2019-01-03', '1273001770', 'Vector Exotic tropical hawaiian summer. Palm beach tree jungle botanical leaves. Black and white engraved ink art. Leaf plant botanical garden floral foliage. Isolated leaf illustration element.', 'https://image.shutterstock.com/image-vector/vector-exotic-tropical-hawaiian-summer-260nw-1273001770.jpg', 'https://www.shutterstock.com/image/1273001770']
2019-01-10 14:00:12,933 - root - INFO - ['Start push to SLACK...']
2019-01-10 14:00:13,215 - root - INFO - ['Pushed...']
2019-01-10 14:00:13,215 - root - INFO - ['2019-01-05', '1274798149', 'Vector Cherry fruit. Leaf plant botanical garden floral foliage. Black and white engraved ink art. Isolated berry illustration element on white background.', 'https://image.shutterstock.com/image-vector/vector-cherry-fruit-leaf-plant-260nw-1274798149.jpg', 'https://www.shutterstock.com/image/1274798149']
2019-01-10 14:00:13,352 - root - INFO - ['Start push to SLACK...']
2019-01-10 14:00:14,371 - root - INFO - ['Pushed...']
2019-01-10 14:00:14,371 - root - INFO - ['2019-01-03', '1273001827', 'Vector Cherry fruit. Leaf plant botanical garden floral foliage. Red and green engraved ink art. Isolated berry illustration element on white background.', 'https://image.shutterstock.com/image-vector/vector-cherry-fruit-leaf-plant-260nw-1273001827.jpg', 'https://www.shutterstock.com/image/1273001827']
2019-01-10 14:00:14,540 - root - INFO - ['Start push to SLACK...']
2019-01-10 14:00:14,923 - root - INFO - ['Pushed...']
2019-01-10 14:00:14,923 - root - INFO - ['2019-01-05', '1274798146', 'Vector Cherry fruit. Leaf plant botanical garden floral foliage. Red and green engraved ink art. Isolated berry illustration element on white background.', 'https://image.shutterstock.com/image-vector/vector-cherry-fruit-leaf-plant-260nw-1274798146.jpg', 'https://www.shutterstock.com/image/1274798146']
2019-01-10 14:00:15,112 - root - INFO - ['Start push to SLACK...']
2019-01-10 14:00:15,727 - root - INFO - ['Pushed...']
2019-01-10 14:00:15,728 - root - INFO - ['2019-01-05', '1274798152', 'Vector Cherry fruit. Leaf plant botanical garden floral foliage. Red and green engraved ink art. Isolated berry illustration element on white background.', 'https://image.shutterstock.com/image-vector/vector-cherry-fruit-leaf-plant-260nw-1274798152.jpg', 'https://www.shutterstock.com/image/1274798152']
2019-01-10 14:00:15,821 - root - INFO - ['Start push to SLACK...']
2019-01-10 14:00:16,480 - root - INFO - ['Pushed...']
2019-01-10 14:00:16,480 - root - INFO - ['2019-01-03', '1273001836', 'Vector Cherry fruit. Leaf plant botanical garden floral foliage. Black and white engraved ink art. Isolated berry illustration element on white background.', 'https://image.shutterstock.com/image-vector/vector-cherry-fruit-leaf-plant-260nw-1273001836.jpg', 'https://www.shutterstock.com/image/1273001836']
2019-01-10 14:00:16,708 - root - INFO - ['Start push to SLACK...']
2019-01-10 14:00:17,005 - root - INFO - ['Pushed...']
2019-01-10 14:00:17,005 - root - INFO - ['2019-01-05', '1274797873', 'Vector Exotic tropical hawaiian summer. Palm beach tree jungle botanical leaves. Green engraved ink art. Leaf plant botanical garden floral foliage. Isolated leaf illustration element.', 'https://image.shutterstock.com/image-vector/vector-exotic-tropical-hawaiian-summer-260nw-1274797873.jpg', 'https://www.shutterstock.com/image/1274797873']
2019-01-10 14:00:17,091 - root - INFO - ['Start push to SLACK...']
2019-01-10 14:00:17,425 - root - INFO - ['Pushed...']
2019-01-10 14:00:17,425 - root - INFO - ['2019-01-03', '1273001761', 'Vector Strawberry fruits. Leaf plant botanical garden floral foliage. Black and white engraved ink art. Isolated strawberry illustration element.', 'https://image.shutterstock.com/image-vector/vector-strawberry-fruits-leaf-plant-260nw-1273001761.jpg', 'https://www.shutterstock.com/image/1273001761']
2019-01-10 14:00:17,593 - root - INFO - ['Start push to SLACK...']
2019-01-10 14:00:18,142 - root - INFO - ['Pushed...']
2019-01-10 14:00:18,142 - root - INFO - ['2019-01-03', '1273001788', 'Vector Exotic tropical hawaiian summer. Palm beach tree jungle botanical leaves. Black and white engraved ink art. Leaf plant botanical garden floral foliage. Isolated leaf illustration element.', 'https://image.shutterstock.com/image-vector/vector-exotic-tropical-hawaiian-summer-260nw-1273001788.jpg', 'https://www.shutterstock.com/image/1273001788']
2019-01-10 14:00:18,497 - root - INFO - ['Start push to SLACK...']
2019-01-10 14:00:18,860 - root - INFO - ['Pushed...']
2019-01-10 14:00:18,860 - root - INFO - ['2019-01-05', '1274797879', 'Vector Strawberry fruits. Green leaf. Leaf plant botanical garden floral foliage. Red and green engraved ink art. Frame border ornament square.', 'https://image.shutterstock.com/image-vector/vector-strawberry-fruits-green-leaf-260nw-1274797879.jpg', 'https://www.shutterstock.com/image/1274797879']
2019-01-10 14:00:19,014 - root - INFO - ['Start push to SLACK...']
2019-01-10 14:00:19,338 - root - INFO - ['Pushed...']
2019-01-10 14:00:19,338 - root - INFO - ['2019-01-03', '1273001824', 'Abstract watercolor paper splash shapes isolated drawing. Illustration aquarelle for background, texture, wrapper pattern, frame or border. Watercolour drawing stain for design.', 'https://image.shutterstock.com/image-illustration/abstract-watercolor-paper-splash-shapes-260nw-1273001824.jpg', 'https://www.shutterstock.com/image/1273001824']
2019-01-10 14:00:19,441 - root - INFO - ['Start push to SLACK...']
2019-01-10 14:00:19,987 - root - INFO - ['Pushed...']
2019-01-10 14:00:19,987 - root - INFO - ['2019-01-03', '1273001791', 'Fern green leaf. Leaf plant botanical garden floral foliage. Watercolor illustration set. Watercolour drawing fashion aquarelle isolated. Seamless background pattern. Fabric wallpaper print texture.', 'https://image.shutterstock.com/image-illustration/fern-green-leaf-plant-botanical-260nw-1273001791.jpg', 'https://www.shutterstock.com/image/1273001791']
2019-01-10 14:00:20,072 - root - INFO - ['Start push to SLACK...']
2019-01-10 14:00:20,333 - root - INFO - ['Pushed...']
2019-01-10 14:00:20,333 - root - INFO - ['2019-01-03', '1273001806', 'Fern green leaf. Leaf plant botanical garden floral foliage. Watercolor background illustration set. Watercolour drawing fashion aquarelle isolated. Isolated fern illustration element.', 'https://image.shutterstock.com/image-illustration/fern-green-leaf-plant-botanical-260nw-1273001806.jpg', 'https://www.shutterstock.com/image/1273001806']
2019-01-10 14:00:20,452 - root - INFO - ['Start push to SLACK...']
2019-01-10 14:00:20,796 - root - INFO - ['Pushed...']
2019-01-10 14:00:20,796 - root - INFO - ['2019-01-03', '1273001815', 'Fern green leaf. Leaf plant botanical garden floral foliage. Watercolor illustration set. Watercolour drawing fashion aquarelle isolated. Seamless background pattern. Fabric wallpaper print texture.', 'https://image.shutterstock.com/image-illustration/fern-green-leaf-plant-botanical-260nw-1273001815.jpg', 'https://www.shutterstock.com/image/1273001815']
2019-01-10 14:00:20,960 - root - INFO - ['Start push to SLACK...']
2019-01-10 14:00:21,445 - root - INFO - ['Pushed...']
2019-01-10 14:00:21,445 - root - INFO - ['2019-01-03', '1273001812', 'Fern green leaf. Leaf plant botanical garden floral foliage. Watercolor background illustration set. Watercolour drawing fashion aquarelle isolated. Isolated fern illustration element.', 'https://image.shutterstock.com/image-illustration/fern-green-leaf-plant-botanical-260nw-1273001812.jpg', 'https://www.shutterstock.com/image/1273001812']
2019-01-10 14:00:21,560 - root - INFO - ['Start push to SLACK...']
2019-01-10 14:00:22,007 - root - INFO - ['Pushed...']
2019-01-10 14:00:22,008 - root - INFO - ['2019-01-03', '1273001800', 'Fern green leaf. Leaf plant botanical garden floral foliage. Watercolor illustration set. Watercolour drawing fashion aquarelle isolated. Seamless background pattern. Fabric wallpaper print texture.', 'https://image.shutterstock.com/image-illustration/fern-green-leaf-plant-botanical-260nw-1273001800.jpg', 'https://www.shutterstock.com/image/1273001800']
2019-01-10 14:00:22,346 - root - INFO - ['Start push to SLACK...']
2019-01-10 14:00:22,509 - root - INFO - ['Pushed...']
2019-01-10 14:00:22,509 - root - INFO - ['2019-01-03', '1273001845', 'Vector Cherry fruit. Leaf plant botanical garden floral foliage. Black and white engraved ink art. Isolated berry illustration element on white background.', 'https://image.shutterstock.com/image-vector/vector-cherry-fruit-leaf-plant-260nw-1273001845.jpg', 'https://www.shutterstock.com/image/1273001845']
2019-01-10 14:00:22,639 - root - INFO - ['Start push to SLACK...']
2019-01-10 14:00:23,225 - root - INFO - ['Pushed...']
2019-01-10 14:00:23,225 - root - INFO - ['2019-01-03', '1273001830', 'Abstract watercolor paper splash shapes isolated drawing. Illustration aquarelle for background, texture, wrapper pattern, frame or border. Watercolour drawing stain for design.', 'https://image.shutterstock.com/image-illustration/abstract-watercolor-paper-splash-shapes-260nw-1273001830.jpg', 'https://www.shutterstock.com/image/1273001830']
2019-01-10 14:00:23,403 - root - INFO - ['Start push to SLACK...']
2019-01-10 14:00:23,966 - root - INFO - ['Pushed...']
2019-01-10 14:00:23,966 - root - INFO - ['2019-01-05', '1274798143', 'Vector Cherry fruit. Leaf plant botanical garden floral foliage. Red and green engraved ink art. Isolated berry illustration element on white background.', 'https://image.shutterstock.com/image-vector/vector-cherry-fruit-leaf-plant-260nw-1274798143.jpg', 'https://www.shutterstock.com/image/1274798143']
2019-01-10 14:00:24,055 - root - INFO - ['Start push to SLACK...']
2019-01-10 14:00:24,329 - root - INFO - ['Pushed...']
2019-01-10 14:00:24,329 - root - INFO - ['2019-01-03', '1273001818', 'Fern green leaf. Leaf plant botanical garden floral foliage. Watercolor illustration set. Watercolour drawing fashion aquarelle isolated. Seamless background pattern. Fabric wallpaper print texture.', 'https://image.shutterstock.com/image-illustration/fern-green-leaf-plant-botanical-260nw-1273001818.jpg', 'https://www.shutterstock.com/image/1273001818']
2019-01-10 14:00:24,430 - root - INFO - ['Start push to SLACK...']
2019-01-10 14:00:24,948 - root - INFO - ['Pushed...']
2019-01-10 14:00:24,948 - root - INFO - ['2019-01-05', '1274798128', 'Vector Cherry fruit. Leaf plant botanical garden floral foliage. Red and green engraved ink art. Isolated berry illustration element on white background.', 'https://image.shutterstock.com/image-vector/vector-cherry-fruit-leaf-plant-260nw-1274798128.jpg', 'https://www.shutterstock.com/image/1274798128']
2019-01-10 14:00:25,128 - root - INFO - ['Start push to SLACK...']
2019-01-10 14:00:25,352 - root - INFO - ['Pushed...']
2019-01-10 14:00:25,352 - root - INFO - ['2019-01-03', '1273001767', 'Vector Strawberry fruits. Leaf plant botanical garden floral foliage. Black and white engraved ink art. Isolated strawberry illustration element.', 'https://image.shutterstock.com/image-vector/vector-strawberry-fruits-leaf-plant-260nw-1273001767.jpg', 'https://www.shutterstock.com/image/1273001767']
2019-01-10 14:00:25,476 - root - INFO - ['Start push to SLACK...']
2019-01-10 14:00:25,984 - root - INFO - ['Pushed...']
2019-01-10 14:00:25,984 - root - INFO - ['2019-01-03', '1273001776', 'Vector Strawberry fruits. Green leaf. Leaf plant botanical garden floral foliage. Red and green engraved ink art. Isolated strawberry illustration element.', 'https://image.shutterstock.com/image-vector/vector-strawberry-fruits-green-leaf-260nw-1273001776.jpg', 'https://www.shutterstock.com/image/1273001776']
2019-01-10 14:00:26,220 - root - INFO - ['Start push to SLACK...']
2019-01-10 14:00:26,489 - root - INFO - ['Pushed...']
2019-01-10 14:00:26,489 - root - INFO - ['2019-01-03', '1273001782', 'Vector Exotic tropical hawaiian summer. Palm beach tree jungle botanical leaves. Black and white engraved ink art. Leaf plant botanical garden floral foliage. Isolated leaf illustration element.', 'https://image.shutterstock.com/image-vector/vector-exotic-tropical-hawaiian-summer-260nw-1273001782.jpg', 'https://www.shutterstock.com/image/1273001782']
2019-01-10 14:00:26,845 - root - INFO - ['Start push to SLACK...']
2019-01-10 14:00:27,097 - root - INFO - ['Pushed...']
2019-01-10 14:00:27,097 - root - INFO - ['2019-01-03', '1273001773', 'Vector Strawberry fruits. Green leaf. Leaf plant botanical garden floral foliage. Red and green engraved ink art. Isolated strawberry illustration element.', 'https://image.shutterstock.com/image-vector/vector-strawberry-fruits-green-leaf-260nw-1273001773.jpg', 'https://www.shutterstock.com/image/1273001773']
2019-01-10 14:00:27,226 - root - INFO - ['Start push to SLACK...']
2019-01-10 14:00:27,491 - root - INFO - ['Pushed...']
2019-01-10 14:00:27,491 - root - INFO - ['2019-01-03', '1273001833', 'Vector Cherry fruit. Leaf plant botanical garden floral foliage. Red and green engraved ink art. Isolated berry illustration element on white background.', 'https://image.shutterstock.com/image-vector/vector-cherry-fruit-leaf-plant-260nw-1273001833.jpg', 'https://www.shutterstock.com/image/1273001833']
2019-01-10 14:00:27,593 - root - INFO - ['Start push to SLACK...']
2019-01-10 14:00:27,923 - root - INFO - ['Pushed...']
2019-01-10 14:00:27,923 - root - INFO - ['2019-01-03', '1273001794', 'Fern green leaf. Leaf plant botanical garden floral foliage. Watercolor illustration set. Watercolour drawing fashion aquarelle isolated. Seamless background pattern. Fabric wallpaper print texture.', 'https://image.shutterstock.com/image-illustration/fern-green-leaf-plant-botanical-260nw-1273001794.jpg', 'https://www.shutterstock.com/image/1273001794']
2019-01-10 14:00:28,101 - root - INFO - ['Start push to SLACK...']
2019-01-10 14:00:28,747 - root - INFO - ['Pushed...']
2019-01-10 14:00:28,747 - root - INFO - ['2019-01-03', '1273001803', 'Fern green leaf. Leaf plant botanical garden floral foliage. Watercolor illustration set. Watercolour drawing fashion aquarelle isolated. Seamless background pattern. Fabric wallpaper print texture.', 'https://image.shutterstock.com/image-illustration/fern-green-leaf-plant-botanical-260nw-1273001803.jpg', 'https://www.shutterstock.com/image/1273001803']
2019-01-10 14:00:28,749 - root - INFO - ['Done with SUCCSESS!!!']
2019-01-10 14:00:28,749 - root - INFO - ['------------------------------------']
2019-01-10 15:00:02,467 - root - INFO - ['Start NEW process!!!']
2019-01-10 15:00:02,467 - root - INFO - ['Get ids from Shutterstock...']
2019-01-10 15:00:04,201 - root - INFO - ['Get ids fron Redis...']
2019-01-10 15:00:04,203 - root - INFO - ["Didn't find new approve images..."]
2019-01-10 15:00:04,204 - root - INFO - ['Done with SUCCSESS!!!']
2019-01-10 15:00:04,204 - root - INFO - ['------------------------------------']
2019-01-10 16:00:03,283 - root - INFO - ['Start NEW process!!!']
2019-01-10 16:00:03,283 - root - INFO - ['Get ids from Shutterstock...']
2019-01-10 16:00:04,529 - root - INFO - ['Get ids fron Redis...']
2019-01-10 16:00:04,530 - root - INFO - ["Didn't find new approve images..."]
2019-01-10 16:00:04,531 - root - INFO - ['Done with SUCCSESS!!!']
2019-01-10 16:00:04,532 - root - INFO - ['------------------------------------']
2019-01-10 17:00:02,595 - root - INFO - ['Start NEW process!!!']
2019-01-10 17:00:02,595 - root - INFO - ['Get ids from Shutterstock...']
2019-01-10 17:00:03,475 - root - INFO - ['Get ids fron Redis...']
2019-01-10 17:00:03,477 - root - INFO - ["Didn't find new approve images..."]
2019-01-10 17:00:03,478 - root - INFO - ['Done with SUCCSESS!!!']
2019-01-10 17:00:03,478 - root - INFO - ['------------------------------------']
2019-01-10 18:00:02,631 - root - INFO - ['Start NEW process!!!']
2019-01-10 18:00:02,631 - root - INFO - ['Get ids from Shutterstock...']
2019-01-10 18:00:03,555 - root - INFO - ['Get ids fron Redis...']
2019-01-10 18:00:03,557 - root - INFO - ["Didn't find new approve images..."]
2019-01-10 18:00:03,558 - root - INFO - ['Done with SUCCSESS!!!']
2019-01-10 18:00:03,558 - root - INFO - ['------------------------------------']
2019-01-10 19:00:02,655 - root - INFO - ['Start NEW process!!!']
2019-01-10 19:00:02,655 - root - INFO - ['Get ids from Shutterstock...']
2019-01-10 19:00:05,015 - root - INFO - ['Get ids fron Redis...']
2019-01-10 19:00:05,016 - root - INFO - ["Didn't find new approve images..."]
2019-01-10 19:00:05,017 - root - INFO - ['Done with SUCCSESS!!!']
2019-01-10 19:00:05,017 - root - INFO - ['------------------------------------']
2019-01-10 20:00:02,795 - root - INFO - ['Start NEW process!!!']
2019-01-10 20:00:02,795 - root - INFO - ['Get ids from Shutterstock...']
2019-01-10 20:00:04,152 - root - INFO - ['Get ids fron Redis...']
2019-01-10 20:00:04,158 - root - INFO - ["Didn't find new approve images..."]
2019-01-10 20:00:04,159 - root - INFO - ['Done with SUCCSESS!!!']
2019-01-10 20:00:04,159 - root - INFO - ['------------------------------------']
2019-01-10 21:00:03,184 - root - INFO - ['Start NEW process!!!']
2019-01-10 21:00:03,184 - root - INFO - ['Get ids from Shutterstock...']
2019-01-10 21:00:04,092 - root - INFO - ['Get ids fron Redis...']
2019-01-10 21:00:04,093 - root - INFO - ["Didn't find new approve images..."]
2019-01-10 21:00:04,094 - root - INFO - ['Done with SUCCSESS!!!']
2019-01-10 21:00:04,094 - root - INFO - ['------------------------------------']
2019-01-10 22:00:02,626 - root - INFO - ['Start NEW process!!!']
2019-01-10 22:00:02,626 - root - INFO - ['Get ids from Shutterstock...']
2019-01-10 22:00:03,797 - root - INFO - ['Get ids fron Redis...']
2019-01-10 22:00:03,798 - root - INFO - ["Didn't find new approve images..."]
2019-01-10 22:00:03,799 - root - INFO - ['Done with SUCCSESS!!!']
2019-01-10 22:00:03,799 - root - INFO - ['------------------------------------']
2019-01-10 23:00:03,642 - root - INFO - ['Start NEW process!!!']
2019-01-10 23:00:03,642 - root - INFO - ['Get ids from Shutterstock...']
2019-01-10 23:00:04,575 - root - INFO - ['Get ids fron Redis...']
2019-01-10 23:00:04,577 - root - INFO - ["Didn't find new approve images..."]
2019-01-10 23:00:04,578 - root - INFO - ['Done with SUCCSESS!!!']
2019-01-10 23:00:04,578 - root - INFO - ['------------------------------------']
