{"level":"info","ts":1547126903.1181014,"caller":"pinterest-api-server/new_logger.go:31","msg":"Logger successful initialization"}
{"level":"info","ts":1547126903.1201577,"caller":"pinterest-api-server/config.go:32","msg":"Load config"}
{"level":"info","ts":1547126903.1201818,"caller":"pinterest-api-server/psql.go:27","msg":"host=postgres user=alex password=12345 dbname=pinterest sslmode=disable"}
{"level":"info","ts":1547126903.1202002,"caller":"pinterest-api-server/psql.go:33","msg":"Success connect to PSQL...host=postgres user=alex password=12345 dbname=pinterest sslmode=disable"}
{"level":"info","ts":1547126903.1229696,"caller":"pinterest-api-server/new_server.go:43","msg":"New server create"}
{"level":"info","ts":1547126903.1235542,"caller":"pinterest-api-server/middleware.go:19","msg":"Create routes"}
{"level":"info","ts":1547126952.48809,"caller":"pinterest-api-server/image.go:23","msg":"1030015450"}
{"level":"info","ts":1547126952.4894698,"caller":"pinterest-api-server/image.go:34","msg":"payload success"}
{"level":"info","ts":1547126990.3356278,"caller":"pinterest-api-server/image.go:23","msg":"1030015450"}
{"level":"info","ts":1547126990.3363733,"caller":"pinterest-api-server/image.go:34","msg":"payload success"}
{"level":"info","ts":1547127104.5686212,"caller":"pinterest-api-server/image.go:23","msg":"1030015450"}
{"level":"info","ts":1547127104.569267,"caller":"pinterest-api-server/image.go:34","msg":"payload success"}
{"level":"info","ts":1547127190.3249712,"caller":"pinterest-api-server/image.go:23","msg":"1091284988"}
{"level":"info","ts":1547127190.3256438,"caller":"pinterest-api-server/image.go:34","msg":"payload success"}
{"level":"info","ts":1547127223.9502199,"caller":"pinterest-api-server/image.go:23","msg":"1030015450"}
{"level":"info","ts":1547127223.95096,"caller":"pinterest-api-server/image.go:34","msg":"payload success"}
{"level":"info","ts":1547127942.5384173,"caller":"pinterest-api-server/image.go:23","msg":"677575888"}
{"level":"info","ts":1547127942.539642,"caller":"pinterest-api-server/image.go:34","msg":"payload success"}
{"level":"info","ts":1547127947.1291957,"caller":"pinterest-api-server/image.go:23","msg":"1030015450"}
{"level":"info","ts":1547127947.1298556,"caller":"pinterest-api-server/image.go:34","msg":"payload success"}
{"level":"info","ts":1547127984.263866,"caller":"pinterest-api-server/image.go:23","msg":"1089476381"}
{"level":"info","ts":1547127984.2645457,"caller":"pinterest-api-server/image.go:34","msg":"payload success"}
{"level":"info","ts":1547128073.970632,"caller":"pinterest-api-server/image.go:23","msg":"163615595"}
{"level":"info","ts":1547128073.9724586,"caller":"pinterest-api-server/image.go:34","msg":"payload success"}
{"level":"info","ts":1547129166.19589,"caller":"pinterest-api-server/image.go:23","msg":"236402659"}
{"level":"info","ts":1547129166.1972744,"caller":"pinterest-api-server/image.go:34","msg":"payload success"}
{"level":"info","ts":1547129436.5888383,"caller":"pinterest-api-server/image.go:23","msg":"1089476381"}
{"level":"info","ts":1547129436.5895,"caller":"pinterest-api-server/image.go:34","msg":"payload success"}
{"level":"info","ts":1547129768.8218098,"caller":"pinterest-api-server/image.go:23","msg":"hj_3455334"}
{"level":"info","ts":1547129768.8225448,"caller":"pinterest-api-server/image.go:34","msg":"payload success"}
{"level":"info","ts":1547129911.05985,"caller":"pinterest-api-server/image.go:23","msg":"1026828994"}
{"level":"info","ts":1547129911.0605094,"caller":"pinterest-api-server/image.go:34","msg":"payload success"}
{"level":"info","ts":1547130564.9114058,"caller":"pinterest-api-server/image.go:23","msg":"667626754"}
{"level":"info","ts":1547130564.913217,"caller":"pinterest-api-server/image.go:34","msg":"payload success"}
{"level":"info","ts":1547130789.2813623,"caller":"pinterest-api-server/image.go:23","msg":"1050576764"}
{"level":"info","ts":1547130789.2820537,"caller":"pinterest-api-server/image.go:34","msg":"payload success"}
{"level":"info","ts":1547131373.9311805,"caller":"pinterest-api-server/image.go:23","msg":"556530100"}
{"level":"info","ts":1547131373.9329531,"caller":"pinterest-api-server/image.go:34","msg":"payload success"}
{"level":"info","ts":1547132277.2484906,"caller":"pinterest-api-server/image.go:23","msg":"557865127"}
{"level":"info","ts":1547132277.2497785,"caller":"pinterest-api-server/image.go:34","msg":"payload success"}
{"level":"info","ts":1547132742.452565,"caller":"pinterest-api-server/image.go:23","msg":"616465028"}
{"level":"info","ts":1547132742.4537477,"caller":"pinterest-api-server/image.go:34","msg":"payload success"}
{"level":"info","ts":1547132940.6357746,"caller":"pinterest-api-server/image.go:23","msg":"519131740"}
{"level":"info","ts":1547132940.6364877,"caller":"pinterest-api-server/image.go:34","msg":"payload success"}
{"level":"info","ts":1547132943.3020132,"caller":"pinterest-api-server/image.go:23","msg":"616465028"}
{"level":"info","ts":1547132943.302705,"caller":"pinterest-api-server/image.go:34","msg":"payload success"}
{"level":"info","ts":1547132986.7291756,"caller":"pinterest-api-server/image.go:23","msg":"616465028"}
{"level":"info","ts":1547132986.7298517,"caller":"pinterest-api-server/image.go:34","msg":"payload success"}
{"level":"info","ts":1547133163.3821938,"caller":"pinterest-api-server/image.go:23","msg":"1026828994"}
{"level":"info","ts":1547133163.3828697,"caller":"pinterest-api-server/image.go:34","msg":"payload success"}
{"level":"info","ts":1547133192.4848466,"caller":"pinterest-api-server/image.go:23","msg":"791232835"}
{"level":"info","ts":1547133192.4855142,"caller":"pinterest-api-server/image.go:34","msg":"payload success"}
{"level":"info","ts":1547133633.6691973,"caller":"pinterest-api-server/image.go:23","msg":"563241346"}
{"level":"info","ts":1547133633.6698565,"caller":"pinterest-api-server/image.go:34","msg":"payload success"}
{"level":"info","ts":1547133969.1676357,"caller":"pinterest-api-server/image.go:23","msg":"502934398"}
{"level":"info","ts":1547133969.1692567,"caller":"pinterest-api-server/image.go:34","msg":"payload success"}
{"level":"info","ts":1547134583.0585465,"caller":"pinterest-api-server/image.go:23","msg":"791232835"}
{"level":"info","ts":1547134583.0592678,"caller":"pinterest-api-server/image.go:34","msg":"payload success"}
{"level":"info","ts":1547134877.904894,"caller":"pinterest-api-server/image.go:23","msg":"791232835"}
{"level":"info","ts":1547134877.9055974,"caller":"pinterest-api-server/image.go:34","msg":"payload success"}
{"level":"info","ts":1547134913.159147,"caller":"pinterest-api-server/image.go:23","msg":"791232835"}
{"level":"info","ts":1547134913.1598437,"caller":"pinterest-api-server/image.go:34","msg":"payload success"}
{"level":"info","ts":1547135200.2301683,"caller":"pinterest-api-server/image.go:23","msg":"792575314"}
{"level":"info","ts":1547135200.231432,"caller":"pinterest-api-server/image.go:34","msg":"payload success"}
{"level":"info","ts":1547135264.938902,"caller":"pinterest-api-server/image.go:23","msg":"1030015450"}
{"level":"info","ts":1547135264.939574,"caller":"pinterest-api-server/image.go:34","msg":"payload success"}
{"level":"info","ts":1547135508.839895,"caller":"pinterest-api-server/image.go:23","msg":"hj_3439748"}
{"level":"info","ts":1547135508.8410895,"caller":"pinterest-api-server/image.go:34","msg":"payload success"}
{"level":"info","ts":1547135559.015786,"caller":"pinterest-api-server/image.go:23","msg":"1030015450"}
{"level":"info","ts":1547135559.016434,"caller":"pinterest-api-server/image.go:34","msg":"payload success"}
{"level":"info","ts":1547135651.509858,"caller":"pinterest-api-server/image.go:23","msg":"1030015450"}
{"level":"info","ts":1547135651.5105245,"caller":"pinterest-api-server/image.go:34","msg":"payload success"}
{"level":"info","ts":1547135680.9584458,"caller":"pinterest-api-server/image.go:23","msg":"502934398"}
{"level":"info","ts":1547135680.9591367,"caller":"pinterest-api-server/image.go:34","msg":"payload success"}
{"level":"info","ts":1547135689.2746542,"caller":"pinterest-api-server/image.go:23","msg":"754939600"}
{"level":"info","ts":1547135689.2753417,"caller":"pinterest-api-server/image.go:34","msg":"payload success"}
{"level":"info","ts":1547136952.0574992,"caller":"pinterest-api-server/image.go:23","msg":"1091284988"}
{"level":"info","ts":1547136952.0581691,"caller":"pinterest-api-server/image.go:34","msg":"payload success"}
{"level":"info","ts":1547136979.7450354,"caller":"pinterest-api-server/image.go:23","msg":"1091284988"}
{"level":"info","ts":1547136979.7457173,"caller":"pinterest-api-server/image.go:34","msg":"payload success"}
{"level":"info","ts":1547137053.143504,"caller":"pinterest-api-server/image.go:23","msg":"1091284988"}
{"level":"info","ts":1547137053.1441648,"caller":"pinterest-api-server/image.go:34","msg":"payload success"}
{"level":"info","ts":1547137071.8119648,"caller":"pinterest-api-server/image.go:23","msg":"1030015450"}
{"level":"info","ts":1547137071.8127296,"caller":"pinterest-api-server/image.go:34","msg":"payload success"}
{"level":"info","ts":1547137081.9633727,"caller":"pinterest-api-server/image.go:23","msg":"1030015450"}
{"level":"info","ts":1547137081.9640543,"caller":"pinterest-api-server/image.go:34","msg":"payload success"}
{"level":"info","ts":1547137098.20948,"caller":"pinterest-api-server/image.go:23","msg":"1030015450"}
{"level":"info","ts":1547137098.2101614,"caller":"pinterest-api-server/image.go:34","msg":"payload success"}
{"level":"info","ts":1547137164.4257138,"caller":"pinterest-api-server/image.go:23","msg":"1091284988"}
{"level":"info","ts":1547137164.4263887,"caller":"pinterest-api-server/image.go:34","msg":"payload success"}
{"level":"info","ts":1547137304.4767027,"caller":"pinterest-api-server/image.go:23","msg":"1091284988"}
{"level":"info","ts":1547137304.4774907,"caller":"pinterest-api-server/image.go:34","msg":"payload success"}
{"level":"info","ts":1547137442.8280587,"caller":"pinterest-api-server/image.go:23","msg":"502934398"}
{"level":"info","ts":1547137442.828727,"caller":"pinterest-api-server/image.go:34","msg":"payload success"}
{"level":"info","ts":1547137815.546135,"caller":"pinterest-api-server/image.go:23","msg":"541879564"}
{"level":"info","ts":1547137815.546848,"caller":"pinterest-api-server/image.go:34","msg":"payload success"}
{"level":"info","ts":1547138260.6689937,"caller":"pinterest-api-server/image.go:23","msg":"541879564"}
{"level":"info","ts":1547138260.6696527,"caller":"pinterest-api-server/image.go:34","msg":"payload success"}
{"level":"info","ts":1547139120.3111236,"caller":"pinterest-api-server/image.go:23","msg":"1026828994"}
{"level":"info","ts":1547139120.3118577,"caller":"pinterest-api-server/image.go:34","msg":"payload success"}
{"level":"info","ts":1547139195.995601,"caller":"pinterest-api-server/image.go:23","msg":"1026828994"}
{"level":"info","ts":1547139195.996291,"caller":"pinterest-api-server/image.go:34","msg":"payload success"}
{"level":"info","ts":1547139692.0882463,"caller":"pinterest-api-server/image.go:23","msg":"1026828994"}
{"level":"info","ts":1547139692.0889518,"caller":"pinterest-api-server/image.go:34","msg":"payload success"}
{"level":"info","ts":1547140135.4963655,"caller":"pinterest-api-server/image.go:23","msg":"1030015450"}
{"level":"info","ts":1547140135.4970484,"caller":"pinterest-api-server/image.go:34","msg":"payload success"}
{"level":"info","ts":1547141141.4809265,"caller":"pinterest-api-server/image.go:23","msg":"549589684"}
{"level":"info","ts":1547141141.4822912,"caller":"pinterest-api-server/image.go:34","msg":"payload success"}
{"level":"info","ts":1547141634.3500059,"caller":"pinterest-api-server/image.go:23","msg":"1030015450"}
{"level":"info","ts":1547141634.3506682,"caller":"pinterest-api-server/image.go:34","msg":"payload success"}
{"level":"info","ts":1547141927.150628,"caller":"pinterest-api-server/image.go:23","msg":"1102245095"}
{"level":"info","ts":1547141927.1513362,"caller":"pinterest-api-server/image.go:34","msg":"payload success"}
{"level":"info","ts":1547142552.5523865,"caller":"pinterest-api-server/image.go:23","msg":"1030015450"}
{"level":"info","ts":1547142552.553049,"caller":"pinterest-api-server/image.go:34","msg":"payload success"}
{"level":"info","ts":1547144047.181623,"caller":"pinterest-api-server/image.go:23","msg":"1030015450"}
{"level":"info","ts":1547144047.1823142,"caller":"pinterest-api-server/image.go:34","msg":"payload success"}
{"level":"info","ts":1547145036.392924,"caller":"pinterest-api-server/image.go:23","msg":"650733763"}
{"level":"info","ts":1547145036.3941152,"caller":"pinterest-api-server/image.go:34","msg":"payload success"}
{"level":"info","ts":1547145053.1908274,"caller":"pinterest-api-server/image.go:23","msg":"650733763"}
{"level":"info","ts":1547145053.1915321,"caller":"pinterest-api-server/image.go:34","msg":"payload success"}
{"level":"info","ts":1547145732.644887,"caller":"pinterest-api-server/image.go:23","msg":"1089476381"}
{"level":"info","ts":1547145732.6455424,"caller":"pinterest-api-server/image.go:34","msg":"payload success"}
{"level":"info","ts":1547146077.1584015,"caller":"pinterest-api-server/image.go:23","msg":"502934143"}
{"level":"info","ts":1547146077.1590507,"caller":"pinterest-api-server/image.go:34","msg":"payload success"}
{"level":"info","ts":1547146217.6643107,"caller":"pinterest-api-server/image.go:23","msg":"1095533546"}
{"level":"info","ts":1547146217.6649957,"caller":"pinterest-api-server/image.go:34","msg":"payload success"}
{"level":"info","ts":1547146684.8191755,"caller":"pinterest-api-server/image.go:23","msg":"1102845074"}
{"level":"info","ts":1547146684.8198695,"caller":"pinterest-api-server/image.go:34","msg":"payload success"}
{"level":"info","ts":1547148074.5511014,"caller":"pinterest-api-server/image.go:23","msg":"hj_3434558"}
{"level":"info","ts":1547148074.5530488,"caller":"pinterest-api-server/image.go:34","msg":"payload success"}
{"level":"info","ts":1547148127.6260593,"caller":"pinterest-api-server/image.go:23","msg":"781768327"}
{"level":"info","ts":1547148127.6267757,"caller":"pinterest-api-server/image.go:34","msg":"payload success"}
{"level":"info","ts":1547149357.9620109,"caller":"pinterest-api-server/image.go:23","msg":"1138667171"}
{"level":"info","ts":1547149357.9635875,"caller":"pinterest-api-server/image.go:34","msg":"payload success"}
{"level":"info","ts":1547149815.0375097,"caller":"pinterest-api-server/image.go:23","msg":"1089476381"}
{"level":"info","ts":1547149815.038202,"caller":"pinterest-api-server/image.go:34","msg":"payload success"}
{"level":"info","ts":1547149822.1830847,"caller":"pinterest-api-server/image.go:23","msg":"1089476381"}
{"level":"info","ts":1547149822.1837885,"caller":"pinterest-api-server/image.go:34","msg":"payload success"}
{"level":"info","ts":1547149998.8558629,"caller":"pinterest-api-server/image.go:23","msg":"1030015450"}
{"level":"info","ts":1547149998.8565319,"caller":"pinterest-api-server/image.go:34","msg":"payload success"}
{"level":"info","ts":1547150751.6083744,"caller":"pinterest-api-server/image.go:23","msg":"1050684638"}
{"level":"info","ts":1547150751.6090858,"caller":"pinterest-api-server/image.go:34","msg":"payload success"}
{"level":"info","ts":1547151526.7285585,"caller":"pinterest-api-server/image.go:23","msg":"1030015450"}
{"level":"info","ts":1547151526.7292318,"caller":"pinterest-api-server/image.go:34","msg":"payload success"}
{"level":"info","ts":1547151618.625551,"caller":"pinterest-api-server/image.go:23","msg":"1030015450"}
{"level":"info","ts":1547151618.626241,"caller":"pinterest-api-server/image.go:34","msg":"payload success"}
{"level":"info","ts":1547152494.7027822,"caller":"pinterest-api-server/image.go:23","msg":"502934398"}
{"level":"info","ts":1547152494.7035692,"caller":"pinterest-api-server/image.go:34","msg":"payload success"}
{"level":"info","ts":1547152747.0299997,"caller":"pinterest-api-server/image.go:23","msg":"780812284"}
{"level":"info","ts":1547152747.0307026,"caller":"pinterest-api-server/image.go:34","msg":"payload success"}
{"level":"info","ts":1547153767.1415875,"caller":"pinterest-api-server/image.go:23","msg":"hj_3471938"}
{"level":"info","ts":1547153767.1428964,"caller":"pinterest-api-server/image.go:34","msg":"payload success"}
{"level":"info","ts":1547154766.5349221,"caller":"pinterest-api-server/image.go:23","msg":"502934398"}
{"level":"info","ts":1547154766.5356243,"caller":"pinterest-api-server/image.go:34","msg":"payload success"}
{"level":"info","ts":1547156282.2044928,"caller":"pinterest-api-server/image.go:23","msg":"1089476381"}
{"level":"info","ts":1547156282.2051976,"caller":"pinterest-api-server/image.go:34","msg":"payload success"}
{"level":"info","ts":1547156373.6711056,"caller":"pinterest-api-server/image.go:23","msg":"1089476381"}
{"level":"info","ts":1547156373.6717947,"caller":"pinterest-api-server/image.go:34","msg":"payload success"}
{"level":"info","ts":1547158189.306064,"caller":"pinterest-api-server/image.go:23","msg":"789161851"}
{"level":"info","ts":1547158189.3073058,"caller":"pinterest-api-server/image.go:34","msg":"payload success"}
{"level":"info","ts":1547158518.2881033,"caller":"pinterest-api-server/image.go:23","msg":"744171721"}
{"level":"info","ts":1547158518.2888331,"caller":"pinterest-api-server/image.go:34","msg":"payload success"}
{"level":"info","ts":1547158709.3776846,"caller":"pinterest-api-server/image.go:23","msg":"502934398"}
{"level":"info","ts":1547158709.3783681,"caller":"pinterest-api-server/image.go:34","msg":"payload success"}
{"level":"info","ts":1547158724.1660738,"caller":"pinterest-api-server/image.go:23","msg":"502934398"}
{"level":"info","ts":1547158724.166758,"caller":"pinterest-api-server/image.go:34","msg":"payload success"}
{"level":"info","ts":1547159988.2444136,"caller":"pinterest-api-server/image.go:23","msg":"772840111"}
{"level":"info","ts":1547159988.2450979,"caller":"pinterest-api-server/image.go:34","msg":"payload success"}
{"level":"info","ts":1547159998.94786,"caller":"pinterest-api-server/image.go:23","msg":"772840111"}
{"level":"info","ts":1547159998.9485261,"caller":"pinterest-api-server/image.go:34","msg":"payload success"}
{"level":"info","ts":1547160209.8197973,"caller":"pinterest-api-server/image.go:23","msg":"1030015450"}
{"level":"info","ts":1547160209.8204775,"caller":"pinterest-api-server/image.go:34","msg":"payload success"}
{"level":"info","ts":1547160239.5783515,"caller":"pinterest-api-server/image.go:23","msg":"1030015450"}
{"level":"info","ts":1547160239.5790749,"caller":"pinterest-api-server/image.go:34","msg":"payload success"}
{"level":"info","ts":1547160251.8848586,"caller":"pinterest-api-server/image.go:23","msg":"1030015450"}
{"level":"info","ts":1547160251.8855453,"caller":"pinterest-api-server/image.go:34","msg":"payload success"}
{"level":"info","ts":1547160260.4676685,"caller":"pinterest-api-server/image.go:23","msg":"1030015450"}
{"level":"info","ts":1547160260.4683423,"caller":"pinterest-api-server/image.go:34","msg":"payload success"}
{"level":"info","ts":1547160284.253943,"caller":"pinterest-api-server/image.go:23","msg":"1030015450"}
{"level":"info","ts":1547160284.2546031,"caller":"pinterest-api-server/image.go:34","msg":"payload success"}
{"level":"info","ts":1547160300.0143127,"caller":"pinterest-api-server/image.go:23","msg":"1030015450"}
{"level":"info","ts":1547160300.0149624,"caller":"pinterest-api-server/image.go:34","msg":"payload success"}
{"level":"info","ts":1547162126.0249279,"caller":"pinterest-api-server/image.go:23","msg":"1026828994"}
{"level":"info","ts":1547162126.0256019,"caller":"pinterest-api-server/image.go:34","msg":"payload success"}
{"level":"info","ts":1547162287.1712136,"caller":"pinterest-api-server/image.go:23","msg":"1030015450"}
{"level":"info","ts":1547162287.1718955,"caller":"pinterest-api-server/image.go:34","msg":"payload success"}
{"level":"info","ts":1547162572.0430324,"caller":"pinterest-api-server/image.go:23","msg":"1089476381"}
{"level":"info","ts":1547162572.0437343,"caller":"pinterest-api-server/image.go:34","msg":"payload success"}
{"level":"info","ts":1547162575.0416493,"caller":"pinterest-api-server/image.go:23","msg":"1089476381"}
{"level":"info","ts":1547162575.0422995,"caller":"pinterest-api-server/image.go:34","msg":"payload success"}
{"level":"info","ts":1547163309.3832223,"caller":"pinterest-api-server/image.go:23","msg":"hj_111389"}
{"level":"info","ts":1547163309.383934,"caller":"pinterest-api-server/image.go:34","msg":"payload success"}
{"level":"info","ts":1547163588.7042978,"caller":"pinterest-api-server/image.go:23","msg":"hj_87103"}
{"level":"info","ts":1547163588.7049627,"caller":"pinterest-api-server/image.go:34","msg":"payload success"}
{"level":"info","ts":1547164117.6876266,"caller":"pinterest-api-server/image.go:23","msg":"1050684638"}
{"level":"info","ts":1547164117.6883512,"caller":"pinterest-api-server/image.go:34","msg":"payload success"}
{"level":"info","ts":1547164168.2938995,"caller":"pinterest-api-server/image.go:23","msg":"207350878"}
{"level":"info","ts":1547164168.2945838,"caller":"pinterest-api-server/image.go:34","msg":"payload success"}
{"level":"info","ts":1547164278.3202465,"caller":"pinterest-api-server/image.go:23","msg":"hj_88639"}
{"level":"info","ts":1547164278.3209274,"caller":"pinterest-api-server/image.go:34","msg":"payload success"}
{"level":"info","ts":1547164317.6277885,"caller":"pinterest-api-server/image.go:23","msg":"hj_88639"}
{"level":"info","ts":1547164317.6284645,"caller":"pinterest-api-server/image.go:34","msg":"payload success"}
{"level":"info","ts":1547164367.7995853,"caller":"pinterest-api-server/image.go:23","msg":"1030831906"}
{"level":"info","ts":1547164367.8002894,"caller":"pinterest-api-server/image.go:34","msg":"payload success"}
{"level":"info","ts":1547164474.610817,"caller":"pinterest-api-server/image.go:23","msg":"1050576764"}
{"level":"info","ts":1547164474.6115096,"caller":"pinterest-api-server/image.go:34","msg":"payload success"}
{"level":"info","ts":1547164500.9140627,"caller":"pinterest-api-server/image.go:23","msg":"hj_88639"}
{"level":"info","ts":1547164500.9147358,"caller":"pinterest-api-server/image.go:34","msg":"payload success"}
{"level":"info","ts":1547164533.73938,"caller":"pinterest-api-server/image.go:23","msg":"hj_88639"}
{"level":"info","ts":1547164533.7401252,"caller":"pinterest-api-server/image.go:34","msg":"payload success"}
{"level":"info","ts":1547165383.6499407,"caller":"pinterest-api-server/image.go:23","msg":"1013824903"}
{"level":"info","ts":1547165383.6517808,"caller":"pinterest-api-server/image.go:34","msg":"payload success"}
{"level":"info","ts":1547165414.846447,"caller":"pinterest-api-server/image.go:23","msg":"1013824903"}
{"level":"info","ts":1547165414.8471365,"caller":"pinterest-api-server/image.go:34","msg":"payload success"}
{"level":"info","ts":1547166037.989742,"caller":"pinterest-api-server/image.go:23","msg":"1043987068"}
{"level":"info","ts":1547166037.9911542,"caller":"pinterest-api-server/image.go:34","msg":"payload success"}
{"level":"info","ts":1547166948.8984988,"caller":"pinterest-api-server/image.go:23","msg":"1030015450"}
{"level":"info","ts":1547166948.8992376,"caller":"pinterest-api-server/image.go:34","msg":"payload success"}
{"level":"info","ts":1547167216.6787796,"caller":"pinterest-api-server/image.go:23","msg":"1030015450"}
{"level":"info","ts":1547167216.6794643,"caller":"pinterest-api-server/image.go:34","msg":"payload success"}
{"level":"info","ts":1547167228.521829,"caller":"pinterest-api-server/image.go:23","msg":"1030015450"}
{"level":"info","ts":1547167228.5225139,"caller":"pinterest-api-server/image.go:34","msg":"payload success"}
{"level":"info","ts":1547168806.6227272,"caller":"pinterest-api-server/image.go:23","msg":"754939600"}
{"level":"info","ts":1547168806.6234105,"caller":"pinterest-api-server/image.go:34","msg":"payload success"}
{"level":"info","ts":1547170058.6430848,"caller":"pinterest-api-server/image.go:23","msg":"1095533546"}
{"level":"info","ts":1547170058.643766,"caller":"pinterest-api-server/image.go:34","msg":"payload success"}
{"level":"info","ts":1547170211.8589318,"caller":"pinterest-api-server/image.go:23","msg":"1030828105"}
{"level":"info","ts":1547170211.8596263,"caller":"pinterest-api-server/image.go:34","msg":"payload success"}
{"level":"info","ts":1547170620.735283,"caller":"pinterest-api-server/image.go:23","msg":"754939600"}
{"level":"info","ts":1547170620.735976,"caller":"pinterest-api-server/image.go:34","msg":"payload success"}
{"level":"info","ts":1547171417.7744858,"caller":"pinterest-api-server/image.go:23","msg":"538868422"}
{"level":"info","ts":1547171417.7752454,"caller":"pinterest-api-server/image.go:34","msg":"payload success"}
{"level":"info","ts":1547171425.0480418,"caller":"pinterest-api-server/image.go:23","msg":"1050576764"}
{"level":"info","ts":1547171425.0487275,"caller":"pinterest-api-server/image.go:34","msg":"payload success"}
{"level":"info","ts":1547171881.8600109,"caller":"pinterest-api-server/image.go:23","msg":"709503328"}
{"level":"info","ts":1547171881.8612144,"caller":"pinterest-api-server/image.go:34","msg":"payload success"}
{"level":"info","ts":1547172312.871162,"caller":"pinterest-api-server/image.go:23","msg":"1016772547"}
{"level":"info","ts":1547172312.8724017,"caller":"pinterest-api-server/image.go:34","msg":"payload success"}
{"level":"info","ts":1547172320.5089016,"caller":"pinterest-api-server/image.go:23","msg":"517433992"}
{"level":"info","ts":1547172320.5108135,"caller":"pinterest-api-server/image.go:34","msg":"payload success"}
{"level":"info","ts":1547172637.1970558,"caller":"pinterest-api-server/image.go:23","msg":"596674547"}
{"level":"info","ts":1547172637.1983628,"caller":"pinterest-api-server/image.go:34","msg":"payload success"}
{"level":"info","ts":1547173146.5266032,"caller":"pinterest-api-server/image.go:23","msg":"hj_3464305"}
{"level":"info","ts":1547173146.5273354,"caller":"pinterest-api-server/image.go:34","msg":"payload success"}
{"level":"info","ts":1547173836.5253663,"caller":"pinterest-api-server/image.go:23","msg":"610476617"}
{"level":"info","ts":1547173836.5281403,"caller":"pinterest-api-server/image.go:34","msg":"payload success"}
{"level":"info","ts":1547173888.9456866,"caller":"pinterest-api-server/image.go:23","msg":"596674547"}
{"level":"info","ts":1547173888.946358,"caller":"pinterest-api-server/image.go:34","msg":"payload success"}
{"level":"info","ts":1547174394.606036,"caller":"pinterest-api-server/image.go:23","msg":"1030831906"}
{"level":"info","ts":1547174394.6067164,"caller":"pinterest-api-server/image.go:34","msg":"payload success"}
{"level":"info","ts":1547174741.3092723,"caller":"pinterest-api-server/image.go:23","msg":"582866908"}
{"level":"info","ts":1547174741.309987,"caller":"pinterest-api-server/image.go:34","msg":"payload success"}
{"level":"info","ts":1547175108.2472656,"caller":"pinterest-api-server/image.go:23","msg":"1089476381"}
{"level":"info","ts":1547175108.2479634,"caller":"pinterest-api-server/image.go:34","msg":"payload success"}
{"level":"info","ts":1547175131.279515,"caller":"pinterest-api-server/image.go:23","msg":"1089476381"}
{"level":"info","ts":1547175131.280189,"caller":"pinterest-api-server/image.go:34","msg":"payload success"}
{"level":"info","ts":1547176805.0513806,"caller":"pinterest-api-server/image.go:23","msg":"754952800"}
{"level":"info","ts":1547176805.0526335,"caller":"pinterest-api-server/image.go:34","msg":"payload success"}
{"level":"info","ts":1547177149.9668393,"caller":"pinterest-api-server/image.go:23","msg":"579065422"}
{"level":"info","ts":1547177149.967541,"caller":"pinterest-api-server/image.go:34","msg":"payload success"}
{"level":"info","ts":1547178046.7790885,"caller":"pinterest-api-server/image.go:23","msg":"1089476381"}
{"level":"info","ts":1547178046.7797918,"caller":"pinterest-api-server/image.go:34","msg":"payload success"}
{"level":"info","ts":1547178320.868379,"caller":"pinterest-api-server/image.go:23","msg":"437931943"}
{"level":"info","ts":1547178320.869605,"caller":"pinterest-api-server/image.go:34","msg":"payload success"}
{"level":"info","ts":1547178975.7314875,"caller":"pinterest-api-server/image.go:23","msg":"1022200597"}
{"level":"info","ts":1547178975.7327127,"caller":"pinterest-api-server/image.go:34","msg":"payload success"}
{"level":"info","ts":1547179197.1627023,"caller":"pinterest-api-server/image.go:23","msg":"1022200597"}
{"level":"info","ts":1547179197.1634545,"caller":"pinterest-api-server/image.go:34","msg":"payload success"}
{"level":"info","ts":1547180059.7657936,"caller":"pinterest-api-server/image.go:23","msg":"384964411"}
{"level":"info","ts":1547180059.7670705,"caller":"pinterest-api-server/image.go:34","msg":"payload success"}
{"level":"info","ts":1547180246.71923,"caller":"pinterest-api-server/image.go:23","msg":"359080514"}
{"level":"info","ts":1547180246.7199714,"caller":"pinterest-api-server/image.go:34","msg":"payload success"}
{"level":"info","ts":1547180417.4456124,"caller":"pinterest-api-server/image.go:23","msg":"1087915073"}
{"level":"info","ts":1547180417.4469378,"caller":"pinterest-api-server/image.go:34","msg":"payload success"}
{"level":"info","ts":1547181219.2800477,"caller":"pinterest-api-server/image.go:23","msg":"1089476381"}
{"level":"info","ts":1547181219.2807312,"caller":"pinterest-api-server/image.go:34","msg":"payload success"}
{"level":"info","ts":1547182058.9490554,"caller":"pinterest-api-server/image.go:23","msg":"hj_50590"}
{"level":"info","ts":1547182058.949743,"caller":"pinterest-api-server/image.go:34","msg":"payload success"}
{"level":"info","ts":1547182097.5574064,"caller":"pinterest-api-server/image.go:23","msg":"551801767"}
{"level":"info","ts":1547182097.5586867,"caller":"pinterest-api-server/image.go:34","msg":"payload success"}
{"level":"info","ts":1547182120.6973708,"caller":"pinterest-api-server/image.go:23","msg":"1007291140"}
{"level":"info","ts":1547182120.6994224,"caller":"pinterest-api-server/image.go:34","msg":"payload success"}
{"level":"info","ts":1547183009.2604926,"caller":"pinterest-api-server/image.go:23","msg":"1026828994"}
{"level":"info","ts":1547183009.2611947,"caller":"pinterest-api-server/image.go:34","msg":"payload success"}
{"level":"info","ts":1547183016.3318298,"caller":"pinterest-api-server/image.go:23","msg":"1030828105"}
{"level":"info","ts":1547183016.3324745,"caller":"pinterest-api-server/image.go:34","msg":"payload success"}
{"level":"info","ts":1547183108.305648,"caller":"pinterest-api-server/image.go:23","msg":"1026828994"}
{"level":"info","ts":1547183108.3062959,"caller":"pinterest-api-server/image.go:34","msg":"payload success"}
{"level":"info","ts":1547183203.0246205,"caller":"pinterest-api-server/image.go:23","msg":"1026828994"}
{"level":"info","ts":1547183203.0253065,"caller":"pinterest-api-server/image.go:34","msg":"payload success"}
{"level":"info","ts":1547183204.8848157,"caller":"pinterest-api-server/image.go:23","msg":"1026828994"}
{"level":"info","ts":1547183204.8854773,"caller":"pinterest-api-server/image.go:34","msg":"payload success"}
{"level":"info","ts":1547183212.4648025,"caller":"pinterest-api-server/image.go:23","msg":"1026828994"}
{"level":"info","ts":1547183212.4654999,"caller":"pinterest-api-server/image.go:34","msg":"payload success"}
{"level":"info","ts":1547185409.5869734,"caller":"pinterest-api-server/image.go:23","msg":"1095533546"}
{"level":"info","ts":1547185409.5877287,"caller":"pinterest-api-server/image.go:34","msg":"payload success"}
{"level":"info","ts":1547185467.7680063,"caller":"pinterest-api-server/image.go:23","msg":"1095533546"}
{"level":"info","ts":1547185467.7687263,"caller":"pinterest-api-server/image.go:34","msg":"payload success"}
{"level":"info","ts":1547185945.4800482,"caller":"pinterest-api-server/image.go:23","msg":"hj_3485679"}
{"level":"info","ts":1547185945.4807293,"caller":"pinterest-api-server/image.go:34","msg":"payload success"}
{"level":"info","ts":1547186548.1741893,"caller":"pinterest-api-server/image.go:23","msg":"631584065"}
{"level":"info","ts":1547186548.175392,"caller":"pinterest-api-server/image.go:34","msg":"payload success"}
{"level":"info","ts":1547186581.4991589,"caller":"pinterest-api-server/image.go:23","msg":"677575888"}
{"level":"info","ts":1547186581.4998488,"caller":"pinterest-api-server/image.go:34","msg":"payload success"}
{"level":"info","ts":1547186610.883481,"caller":"pinterest-api-server/image.go:23","msg":"677575888"}
{"level":"info","ts":1547186610.8841515,"caller":"pinterest-api-server/image.go:34","msg":"payload success"}
{"level":"info","ts":1547187716.537162,"caller":"pinterest-api-server/image.go:23","msg":"590055431"}
{"level":"info","ts":1547187716.5393097,"caller":"pinterest-api-server/image.go:34","msg":"payload success"}
{"level":"info","ts":1547187730.7465065,"caller":"pinterest-api-server/image.go:23","msg":"590055431"}
{"level":"info","ts":1547187730.747154,"caller":"pinterest-api-server/image.go:34","msg":"payload success"}
{"level":"info","ts":1547188348.9383092,"caller":"pinterest-api-server/image.go:23","msg":"1030015450"}
{"level":"info","ts":1547188348.9405596,"caller":"pinterest-api-server/image.go:34","msg":"payload success"}
{"level":"info","ts":1547188467.000827,"caller":"pinterest-api-server/image.go:23","msg":"502934398"}
{"level":"info","ts":1547188467.0015552,"caller":"pinterest-api-server/image.go:34","msg":"payload success"}
{"level":"info","ts":1547189554.6719682,"caller":"pinterest-api-server/image.go:23","msg":"677575888"}
{"level":"info","ts":1547189554.6728122,"caller":"pinterest-api-server/image.go:34","msg":"payload success"}
{"level":"info","ts":1547190101.4125013,"caller":"pinterest-api-server/image.go:23","msg":"700801411"}
{"level":"info","ts":1547190101.414314,"caller":"pinterest-api-server/image.go:34","msg":"payload success"}
{"level":"info","ts":1547191168.667213,"caller":"pinterest-api-server/image.go:23","msg":"1051453658"}
{"level":"info","ts":1547191168.66785,"caller":"pinterest-api-server/image.go:34","msg":"payload success"}
{"level":"info","ts":1547191747.6448135,"caller":"pinterest-api-server/image.go:23","msg":"790390207"}
{"level":"info","ts":1547191747.6466615,"caller":"pinterest-api-server/image.go:34","msg":"payload success"}
{"level":"info","ts":1547191853.7635047,"caller":"pinterest-api-server/image.go:23","msg":"1051453658"}
{"level":"info","ts":1547191853.7642133,"caller":"pinterest-api-server/image.go:34","msg":"payload success"}
{"level":"info","ts":1547191946.1475563,"caller":"pinterest-api-server/image.go:23","msg":"1030015450"}
{"level":"info","ts":1547191946.148222,"caller":"pinterest-api-server/image.go:34","msg":"payload success"}
{"level":"info","ts":1547192419.7127943,"caller":"pinterest-api-server/image.go:23","msg":"1026828994"}
{"level":"info","ts":1547192419.7134836,"caller":"pinterest-api-server/image.go:34","msg":"payload success"}
{"level":"info","ts":1547192423.9689066,"caller":"pinterest-api-server/image.go:23","msg":"1089476381"}
{"level":"info","ts":1547192423.9696093,"caller":"pinterest-api-server/image.go:34","msg":"payload success"}
{"level":"info","ts":1547193265.343394,"caller":"pinterest-api-server/image.go:23","msg":"774288715"}
{"level":"info","ts":1547193265.3440456,"caller":"pinterest-api-server/image.go:34","msg":"payload success"}
{"level":"info","ts":1547194699.674504,"caller":"pinterest-api-server/image.go:23","msg":"1091284988"}
{"level":"info","ts":1547194699.6752505,"caller":"pinterest-api-server/image.go:34","msg":"payload success"}
{"level":"info","ts":1547194879.3308065,"caller":"pinterest-api-server/image.go:23","msg":"1030015450"}
{"level":"info","ts":1547194879.3315303,"caller":"pinterest-api-server/image.go:34","msg":"payload success"}
{"level":"info","ts":1547195089.1724913,"caller":"pinterest-api-server/image.go:23","msg":"677575888"}
{"level":"info","ts":1547195089.1731768,"caller":"pinterest-api-server/image.go:34","msg":"payload success"}
{"level":"info","ts":1547195846.8428235,"caller":"pinterest-api-server/image.go:23","msg":"1122161348"}
{"level":"info","ts":1547195846.843524,"caller":"pinterest-api-server/image.go:34","msg":"payload success"}
{"level":"info","ts":1547196009.2534282,"caller":"pinterest-api-server/image.go:23","msg":"1057307828"}
{"level":"info","ts":1547196009.254124,"caller":"pinterest-api-server/image.go:34","msg":"payload success"}
{"level":"info","ts":1547196121.237199,"caller":"pinterest-api-server/image.go:23","msg":"1030015450"}
{"level":"info","ts":1547196121.2378795,"caller":"pinterest-api-server/image.go:34","msg":"payload success"}
{"level":"info","ts":1547196603.8938198,"caller":"pinterest-api-server/image.go:23","msg":"713726992"}
{"level":"info","ts":1547196603.89519,"caller":"pinterest-api-server/image.go:34","msg":"payload success"}
{"level":"info","ts":1547197296.8917904,"caller":"pinterest-api-server/image.go:23","msg":"551801656"}
{"level":"info","ts":1547197296.8930821,"caller":"pinterest-api-server/image.go:34","msg":"payload success"}
{"level":"info","ts":1547197308.980484,"caller":"pinterest-api-server/image.go:23","msg":"551801656"}
{"level":"info","ts":1547197308.9811552,"caller":"pinterest-api-server/image.go:34","msg":"payload success"}
{"level":"info","ts":1547199404.6186638,"caller":"pinterest-api-server/image.go:23","msg":"207350878"}
{"level":"info","ts":1547199404.619346,"caller":"pinterest-api-server/image.go:34","msg":"payload success"}
{"level":"info","ts":1547199661.6801744,"caller":"pinterest-api-server/image.go:23","msg":"1080410702"}
{"level":"info","ts":1547199661.6817691,"caller":"pinterest-api-server/image.go:34","msg":"payload success"}
