{"level":"info","ts":1547201959.8139935,"caller":"pinterest-api-server/new_logger.go:31","msg":"Logger successful initialization"}
{"level":"info","ts":1547201959.8166826,"caller":"pinterest-api-server/config.go:32","msg":"Load config"}
{"level":"info","ts":1547201959.8167064,"caller":"pinterest-api-server/psql.go:27","msg":"host=postgres user=alex password=12345 dbname=pinterest sslmode=disable"}
{"level":"info","ts":1547201959.8167245,"caller":"pinterest-api-server/psql.go:33","msg":"Success connect to PSQL...host=postgres user=alex password=12345 dbname=pinterest sslmode=disable"}
{"level":"info","ts":1547201959.819589,"caller":"pinterest-api-server/new_server.go:43","msg":"New server create"}
{"level":"info","ts":1547201959.8196876,"caller":"pinterest-api-server/middleware.go:19","msg":"Create routes"}
{"level":"info","ts":1547202551.5733674,"caller":"pinterest-api-server/image.go:23","msg":"551801656"}
{"level":"info","ts":1547202551.5747414,"caller":"pinterest-api-server/image.go:34","msg":"payload success"}
{"level":"info","ts":1547202953.6143246,"caller":"pinterest-api-server/image.go:23","msg":"1036397296"}
{"level":"info","ts":1547202953.614995,"caller":"pinterest-api-server/image.go:34","msg":"payload success"}
{"level":"info","ts":1547203005.4643276,"caller":"pinterest-api-server/image.go:23","msg":"1036397296"}
{"level":"info","ts":1547203005.4650211,"caller":"pinterest-api-server/image.go:34","msg":"payload success"}
{"level":"info","ts":1547203470.3661685,"caller":"pinterest-api-server/image.go:23","msg":"1030015450"}
{"level":"info","ts":1547203470.3668895,"caller":"pinterest-api-server/image.go:34","msg":"payload success"}
{"level":"info","ts":1547203486.198282,"caller":"pinterest-api-server/image.go:23","msg":"1030015450"}
{"level":"info","ts":1547203486.198925,"caller":"pinterest-api-server/image.go:34","msg":"payload success"}
{"level":"info","ts":1547203540.1257045,"caller":"pinterest-api-server/image.go:23","msg":"1089476381"}
{"level":"info","ts":1547203540.1264112,"caller":"pinterest-api-server/image.go:34","msg":"payload success"}
{"level":"info","ts":1547203822.697086,"caller":"pinterest-api-server/image.go:23","msg":"551801656"}
{"level":"info","ts":1547203822.6977692,"caller":"pinterest-api-server/image.go:34","msg":"payload success"}
{"level":"info","ts":1547204858.1115854,"caller":"pinterest-api-server/image.go:23","msg":"626718473"}
{"level":"info","ts":1547204858.1123183,"caller":"pinterest-api-server/image.go:34","msg":"payload success"}
{"level":"info","ts":1547205272.8744617,"caller":"pinterest-api-server/image.go:23","msg":"558403582"}
{"level":"info","ts":1547205272.8750973,"caller":"pinterest-api-server/image.go:34","msg":"payload success"}
{"level":"info","ts":1547205281.3748262,"caller":"pinterest-api-server/image.go:23","msg":"558403582"}
{"level":"info","ts":1547205281.3754861,"caller":"pinterest-api-server/image.go:34","msg":"payload success"}
{"level":"info","ts":1547205291.7944405,"caller":"pinterest-api-server/image.go:23","msg":"558403582"}
{"level":"info","ts":1547205291.7951303,"caller":"pinterest-api-server/image.go:34","msg":"payload success"}
{"level":"info","ts":1547205519.7047477,"caller":"pinterest-api-server/image.go:23","msg":"546969775"}
{"level":"info","ts":1547205519.7054908,"caller":"pinterest-api-server/image.go:34","msg":"payload success"}
{"level":"info","ts":1547205851.6531208,"caller":"pinterest-api-server/image.go:23","msg":"546969775"}
{"level":"info","ts":1547205851.6538074,"caller":"pinterest-api-server/image.go:34","msg":"payload success"}
{"level":"info","ts":1547206056.4653506,"caller":"pinterest-api-server/image.go:23","msg":"1091284988"}
{"level":"info","ts":1547206056.4659903,"caller":"pinterest-api-server/image.go:34","msg":"payload success"}
{"level":"info","ts":1547206229.9171946,"caller":"pinterest-api-server/image.go:23","msg":"1036397296"}
{"level":"info","ts":1547206229.917875,"caller":"pinterest-api-server/image.go:34","msg":"payload success"}
{"level":"info","ts":1547206971.0668316,"caller":"pinterest-api-server/image.go:23","msg":"hj_3475818"}
{"level":"info","ts":1547206971.067517,"caller":"pinterest-api-server/image.go:34","msg":"payload success"}
{"level":"info","ts":1547208192.976404,"caller":"pinterest-api-server/image.go:23","msg":"1026828994"}
{"level":"info","ts":1547208192.9771004,"caller":"pinterest-api-server/image.go:34","msg":"payload success"}
{"level":"info","ts":1547208308.9484265,"caller":"pinterest-api-server/image.go:23","msg":"1102245095"}
{"level":"info","ts":1547208308.949109,"caller":"pinterest-api-server/image.go:34","msg":"payload success"}
{"level":"info","ts":1547208338.4901624,"caller":"pinterest-api-server/image.go:23","msg":"1102245095"}
{"level":"info","ts":1547208338.490856,"caller":"pinterest-api-server/image.go:34","msg":"payload success"}
{"level":"info","ts":1547208921.4683325,"caller":"pinterest-api-server/image.go:23","msg":"1030015450"}
{"level":"info","ts":1547208921.4689684,"caller":"pinterest-api-server/image.go:34","msg":"payload success"}
{"level":"info","ts":1547209158.0251465,"caller":"pinterest-api-server/image.go:23","msg":"1030015450"}
{"level":"info","ts":1547209158.0258396,"caller":"pinterest-api-server/image.go:34","msg":"payload success"}
{"level":"info","ts":1547209758.2573688,"caller":"pinterest-api-server/image.go:23","msg":"1091284988"}
{"level":"info","ts":1547209758.2580268,"caller":"pinterest-api-server/image.go:34","msg":"payload success"}
{"level":"info","ts":1547209852.1965117,"caller":"pinterest-api-server/image.go:23","msg":"1091284988"}
{"level":"info","ts":1547209852.197197,"caller":"pinterest-api-server/image.go:34","msg":"payload success"}
{"level":"info","ts":1547210104.6388028,"caller":"pinterest-api-server/image.go:23","msg":"773658706"}
{"level":"info","ts":1547210104.6394908,"caller":"pinterest-api-server/image.go:34","msg":"payload success"}
{"level":"info","ts":1547210739.9450715,"caller":"pinterest-api-server/image.go:23","msg":"780812284"}
{"level":"info","ts":1547210739.9458792,"caller":"pinterest-api-server/image.go:34","msg":"payload success"}
{"level":"info","ts":1547211033.2419035,"caller":"pinterest-api-server/image.go:23","msg":"hj_3475818"}
{"level":"info","ts":1547211033.2425818,"caller":"pinterest-api-server/image.go:34","msg":"payload success"}
{"level":"info","ts":1547211042.6029756,"caller":"pinterest-api-server/image.go:23","msg":"hj_3475818"}
{"level":"info","ts":1547211042.6036646,"caller":"pinterest-api-server/image.go:34","msg":"payload success"}
{"level":"info","ts":1547211047.3227322,"caller":"pinterest-api-server/image.go:23","msg":"hj_3475818"}
{"level":"info","ts":1547211047.3234298,"caller":"pinterest-api-server/image.go:34","msg":"payload success"}
{"level":"info","ts":1547211461.010976,"caller":"pinterest-api-server/image.go:23","msg":"416955823"}
{"level":"info","ts":1547211461.011679,"caller":"pinterest-api-server/image.go:34","msg":"payload success"}
{"level":"info","ts":1547211825.7411978,"caller":"pinterest-api-server/image.go:23","msg":"551653183"}
{"level":"info","ts":1547211825.7435327,"caller":"pinterest-api-server/image.go:34","msg":"payload success"}
{"level":"info","ts":1547211864.076666,"caller":"pinterest-api-server/image.go:23","msg":"584991622"}
{"level":"info","ts":1547211864.0773795,"caller":"pinterest-api-server/image.go:34","msg":"payload success"}
{"level":"info","ts":1547211962.6024752,"caller":"pinterest-api-server/image.go:23","msg":"584991622"}
{"level":"info","ts":1547211962.6031759,"caller":"pinterest-api-server/image.go:34","msg":"payload success"}
{"level":"info","ts":1547212190.0749478,"caller":"pinterest-api-server/image.go:23","msg":"1026828994"}
{"level":"info","ts":1547212190.075705,"caller":"pinterest-api-server/image.go:34","msg":"payload success"}
{"level":"info","ts":1547212362.7545733,"caller":"pinterest-api-server/image.go:23","msg":"751106311"}
{"level":"info","ts":1547212362.7553103,"caller":"pinterest-api-server/image.go:34","msg":"payload success"}
{"level":"info","ts":1547212409.831997,"caller":"pinterest-api-server/image.go:23","msg":"1089476381"}
{"level":"info","ts":1547212409.8327405,"caller":"pinterest-api-server/image.go:34","msg":"payload success"}
{"level":"info","ts":1547212431.2926242,"caller":"pinterest-api-server/image.go:23","msg":"1089476381"}
{"level":"info","ts":1547212431.2932947,"caller":"pinterest-api-server/image.go:34","msg":"payload success"}
{"level":"info","ts":1547212459.0565355,"caller":"pinterest-api-server/image.go:23","msg":"207350878"}
{"level":"info","ts":1547212459.0572321,"caller":"pinterest-api-server/image.go:34","msg":"payload success"}
{"level":"info","ts":1547212707.9492772,"caller":"pinterest-api-server/image.go:23","msg":"hj_3464311"}
{"level":"info","ts":1547212707.9499373,"caller":"pinterest-api-server/image.go:34","msg":"payload success"}
{"level":"info","ts":1547213011.6197014,"caller":"pinterest-api-server/image.go:23","msg":"1089476381"}
{"level":"info","ts":1547213011.6204,"caller":"pinterest-api-server/image.go:34","msg":"payload success"}
{"level":"info","ts":1547213184.8979983,"caller":"pinterest-api-server/image.go:23","msg":"1030015450"}
{"level":"info","ts":1547213184.8987014,"caller":"pinterest-api-server/image.go:34","msg":"payload success"}
{"level":"info","ts":1547213241.6852,"caller":"pinterest-api-server/image.go:23","msg":"1030015450"}
{"level":"info","ts":1547213241.6858685,"caller":"pinterest-api-server/image.go:34","msg":"payload success"}
{"level":"info","ts":1547213880.2978823,"caller":"pinterest-api-server/image.go:23","msg":"538868422"}
{"level":"info","ts":1547213880.2985656,"caller":"pinterest-api-server/image.go:34","msg":"payload success"}
{"level":"info","ts":1547214197.0430415,"caller":"pinterest-api-server/image.go:23","msg":"1030015450"}
{"level":"info","ts":1547214197.0437307,"caller":"pinterest-api-server/image.go:34","msg":"payload success"}
{"level":"info","ts":1547214305.105266,"caller":"pinterest-api-server/image.go:23","msg":"hj_3475818"}
{"level":"info","ts":1547214305.1059551,"caller":"pinterest-api-server/image.go:34","msg":"payload success"}
{"level":"info","ts":1547214321.1507945,"caller":"pinterest-api-server/image.go:23","msg":"hj_3475818"}
{"level":"info","ts":1547214321.1514792,"caller":"pinterest-api-server/image.go:34","msg":"payload success"}
{"level":"info","ts":1547214352.2989745,"caller":"pinterest-api-server/image.go:23","msg":"hj_3475818"}
{"level":"info","ts":1547214352.2996306,"caller":"pinterest-api-server/image.go:34","msg":"payload success"}
{"level":"info","ts":1547215097.3590567,"caller":"pinterest-api-server/image.go:23","msg":"1030015450"}
{"level":"info","ts":1547215097.359811,"caller":"pinterest-api-server/image.go:34","msg":"payload success"}
{"level":"info","ts":1547215220.8592072,"caller":"pinterest-api-server/image.go:23","msg":"1026828994"}
{"level":"info","ts":1547215220.8599055,"caller":"pinterest-api-server/image.go:34","msg":"payload success"}
{"level":"info","ts":1547215246.8780022,"caller":"pinterest-api-server/image.go:23","msg":"1026828994"}
{"level":"info","ts":1547215246.8786705,"caller":"pinterest-api-server/image.go:34","msg":"payload success"}
{"level":"info","ts":1547215262.7895255,"caller":"pinterest-api-server/image.go:23","msg":"780812284"}
{"level":"info","ts":1547215262.790236,"caller":"pinterest-api-server/image.go:34","msg":"payload success"}
{"level":"info","ts":1547215593.217072,"caller":"pinterest-api-server/image.go:23","msg":"517433992"}
{"level":"info","ts":1547215593.2177482,"caller":"pinterest-api-server/image.go:34","msg":"payload success"}
{"level":"info","ts":1547215638.3003044,"caller":"pinterest-api-server/image.go:23","msg":"hj_3462710"}
{"level":"info","ts":1547215638.3010213,"caller":"pinterest-api-server/image.go:34","msg":"payload success"}
{"level":"info","ts":1547217459.3097286,"caller":"pinterest-api-server/image.go:23","msg":"780812284"}
{"level":"info","ts":1547217459.3104098,"caller":"pinterest-api-server/image.go:34","msg":"payload success"}
{"level":"info","ts":1547217551.828743,"caller":"pinterest-api-server/image.go:23","msg":"1030015450"}
{"level":"info","ts":1547217551.829439,"caller":"pinterest-api-server/image.go:34","msg":"payload success"}
{"level":"info","ts":1547217692.5111651,"caller":"pinterest-api-server/image.go:23","msg":"1026828994"}
{"level":"info","ts":1547217692.5118585,"caller":"pinterest-api-server/image.go:34","msg":"payload success"}
{"level":"info","ts":1547218119.3864777,"caller":"pinterest-api-server/image.go:23","msg":"1030015450"}
{"level":"info","ts":1547218119.3871698,"caller":"pinterest-api-server/image.go:34","msg":"payload success"}
{"level":"info","ts":1547218176.804424,"caller":"pinterest-api-server/image.go:23","msg":"1030015450"}
{"level":"info","ts":1547218176.805105,"caller":"pinterest-api-server/image.go:34","msg":"payload success"}
{"level":"info","ts":1547218869.128352,"caller":"pinterest-api-server/image.go:23","msg":"563241346"}
{"level":"info","ts":1547218869.129042,"caller":"pinterest-api-server/image.go:34","msg":"payload success"}
{"level":"info","ts":1547219038.652585,"caller":"pinterest-api-server/image.go:23","msg":"hj_89288"}
{"level":"info","ts":1547219038.6539562,"caller":"pinterest-api-server/image.go:34","msg":"payload success"}
{"level":"info","ts":1547220458.2711546,"caller":"pinterest-api-server/image.go:23","msg":"772840111"}
{"level":"info","ts":1547220458.2718613,"caller":"pinterest-api-server/image.go:34","msg":"payload success"}
{"level":"info","ts":1547220858.6841083,"caller":"pinterest-api-server/image.go:23","msg":"349623329"}
{"level":"info","ts":1547220858.6847982,"caller":"pinterest-api-server/image.go:34","msg":"payload success"}
{"level":"info","ts":1547220883.0195115,"caller":"pinterest-api-server/image.go:23","msg":"521780257"}
{"level":"info","ts":1547220883.020755,"caller":"pinterest-api-server/image.go:34","msg":"payload success"}
{"level":"info","ts":1547220906.306976,"caller":"pinterest-api-server/image.go:23","msg":"349623329"}
{"level":"info","ts":1547220906.3076556,"caller":"pinterest-api-server/image.go:34","msg":"payload success"}
{"level":"info","ts":1547222323.8594484,"caller":"pinterest-api-server/image.go:23","msg":"hj_3482454"}
{"level":"info","ts":1547222323.860139,"caller":"pinterest-api-server/image.go:34","msg":"payload success"}
{"level":"info","ts":1547222457.1879756,"caller":"pinterest-api-server/image.go:23","msg":"1095533546"}
{"level":"info","ts":1547222457.1886718,"caller":"pinterest-api-server/image.go:34","msg":"payload success"}
{"level":"info","ts":1547225417.5547144,"caller":"pinterest-api-server/image.go:23","msg":"1091284988"}
{"level":"info","ts":1547225417.555435,"caller":"pinterest-api-server/image.go:34","msg":"payload success"}
{"level":"info","ts":1547227308.138638,"caller":"pinterest-api-server/image.go:23","msg":"1030015450"}
{"level":"info","ts":1547227308.1393132,"caller":"pinterest-api-server/image.go:34","msg":"payload success"}
{"level":"info","ts":1547228577.445268,"caller":"pinterest-api-server/image.go:23","msg":"1028841088"}
{"level":"info","ts":1547228577.4466245,"caller":"pinterest-api-server/image.go:34","msg":"payload success"}
{"level":"info","ts":1547228586.127395,"caller":"pinterest-api-server/image.go:23","msg":"1028841088"}
{"level":"info","ts":1547228586.1280808,"caller":"pinterest-api-server/image.go:34","msg":"payload success"}
{"level":"info","ts":1547229440.5872004,"caller":"pinterest-api-server/image.go:23","msg":"1043895637"}
{"level":"info","ts":1547229440.588594,"caller":"pinterest-api-server/image.go:34","msg":"payload success"}
{"level":"info","ts":1547229880.3477116,"caller":"pinterest-api-server/image.go:23","msg":"502934398"}
{"level":"info","ts":1547229880.34838,"caller":"pinterest-api-server/image.go:34","msg":"payload success"}
{"level":"info","ts":1547230945.3793788,"caller":"pinterest-api-server/image.go:23","msg":"1026828994"}
{"level":"info","ts":1547230945.3800244,"caller":"pinterest-api-server/image.go:34","msg":"payload success"}
{"level":"info","ts":1547231377.1657915,"caller":"pinterest-api-server/image.go:23","msg":"1030015450"}
{"level":"info","ts":1547231377.1665595,"caller":"pinterest-api-server/image.go:34","msg":"payload success"}
{"level":"info","ts":1547231733.5625324,"caller":"pinterest-api-server/image.go:23","msg":"1030015450"}
{"level":"info","ts":1547231733.5632584,"caller":"pinterest-api-server/image.go:34","msg":"payload success"}
{"level":"info","ts":1547231939.7747834,"caller":"pinterest-api-server/image.go:23","msg":"728149411"}
{"level":"info","ts":1547231939.7755432,"caller":"pinterest-api-server/image.go:34","msg":"payload success"}
{"level":"info","ts":1547232149.1218925,"caller":"pinterest-api-server/image.go:23","msg":"1102245095"}
{"level":"info","ts":1547232149.1225681,"caller":"pinterest-api-server/image.go:34","msg":"payload success"}
{"level":"info","ts":1547234735.9360394,"caller":"pinterest-api-server/image.go:23","msg":"1095533546"}
{"level":"info","ts":1547234735.936753,"caller":"pinterest-api-server/image.go:34","msg":"payload success"}
{"level":"info","ts":1547234736.9771166,"caller":"pinterest-api-server/image.go:23","msg":"1026828994"}
{"level":"info","ts":1547234736.977762,"caller":"pinterest-api-server/image.go:34","msg":"payload success"}
{"level":"info","ts":1547234788.0237045,"caller":"pinterest-api-server/image.go:23","msg":"1030831906"}
{"level":"info","ts":1547234788.024392,"caller":"pinterest-api-server/image.go:34","msg":"payload success"}
{"level":"info","ts":1547235983.5727205,"caller":"pinterest-api-server/image.go:23","msg":"hj_3486318"}
{"level":"info","ts":1547235983.573429,"caller":"pinterest-api-server/image.go:34","msg":"payload success"}
{"level":"info","ts":1547236206.285792,"caller":"pinterest-api-server/image.go:23","msg":"551801656"}
{"level":"info","ts":1547236206.286459,"caller":"pinterest-api-server/image.go:34","msg":"payload success"}
{"level":"info","ts":1547236470.3308969,"caller":"pinterest-api-server/image.go:23","msg":"1019190151"}
{"level":"info","ts":1547236470.3336377,"caller":"pinterest-api-server/image.go:34","msg":"payload success"}
{"level":"info","ts":1547237123.1035388,"caller":"pinterest-api-server/image.go:23","msg":"1030015450"}
{"level":"info","ts":1547237123.1042802,"caller":"pinterest-api-server/image.go:34","msg":"payload success"}
{"level":"info","ts":1547237653.7384613,"caller":"pinterest-api-server/image.go:23","msg":"425743153"}
{"level":"info","ts":1547237653.7402408,"caller":"pinterest-api-server/image.go:34","msg":"payload success"}
{"level":"info","ts":1547238173.6695352,"caller":"pinterest-api-server/image.go:23","msg":"1030015450"}
{"level":"info","ts":1547238173.6702473,"caller":"pinterest-api-server/image.go:34","msg":"payload success"}
{"level":"info","ts":1547238185.5501077,"caller":"pinterest-api-server/image.go:23","msg":"1030015450"}
{"level":"info","ts":1547238185.5507805,"caller":"pinterest-api-server/image.go:34","msg":"payload success"}
{"level":"info","ts":1547238571.9743657,"caller":"pinterest-api-server/image.go:23","msg":"780812284"}
{"level":"info","ts":1547238571.9750926,"caller":"pinterest-api-server/image.go:34","msg":"payload success"}
{"level":"info","ts":1547239588.1472442,"caller":"pinterest-api-server/image.go:23","msg":"1089476381"}
{"level":"info","ts":1547239588.1479208,"caller":"pinterest-api-server/image.go:34","msg":"payload success"}
{"level":"info","ts":1547240626.786007,"caller":"pinterest-api-server/image.go:23","msg":"hj_3455791"}
{"level":"info","ts":1547240626.7871854,"caller":"pinterest-api-server/image.go:34","msg":"payload success"}
{"level":"info","ts":1547240727.204233,"caller":"pinterest-api-server/image.go:23","msg":"1125840353"}
{"level":"info","ts":1547240727.204921,"caller":"pinterest-api-server/image.go:34","msg":"payload success"}
{"level":"info","ts":1547241128.0303385,"caller":"pinterest-api-server/image.go:23","msg":"1030015450"}
{"level":"info","ts":1547241128.0309846,"caller":"pinterest-api-server/image.go:34","msg":"payload success"}
{"level":"info","ts":1547241280.1233957,"caller":"pinterest-api-server/image.go:23","msg":"1030015450"}
{"level":"info","ts":1547241280.1240819,"caller":"pinterest-api-server/image.go:34","msg":"payload success"}
{"level":"info","ts":1547241303.0595157,"caller":"pinterest-api-server/image.go:23","msg":"1030015450"}
{"level":"info","ts":1547241303.0602033,"caller":"pinterest-api-server/image.go:34","msg":"payload success"}
{"level":"info","ts":1547241309.9838514,"caller":"pinterest-api-server/image.go:23","msg":"1030015450"}
{"level":"info","ts":1547241309.984517,"caller":"pinterest-api-server/image.go:34","msg":"payload success"}
{"level":"info","ts":1547241356.032903,"caller":"pinterest-api-server/image.go:23","msg":"1030015450"}
{"level":"info","ts":1547241356.0335922,"caller":"pinterest-api-server/image.go:34","msg":"payload success"}
{"level":"info","ts":1547241365.356666,"caller":"pinterest-api-server/image.go:23","msg":"1030015450"}
{"level":"info","ts":1547241365.3573472,"caller":"pinterest-api-server/image.go:34","msg":"payload success"}
{"level":"info","ts":1547241424.900286,"caller":"pinterest-api-server/image.go:23","msg":"1030015450"}
{"level":"info","ts":1547241424.9009616,"caller":"pinterest-api-server/image.go:34","msg":"payload success"}
{"level":"info","ts":1547241436.4677832,"caller":"pinterest-api-server/image.go:23","msg":"1030015450"}
{"level":"info","ts":1547241436.4684715,"caller":"pinterest-api-server/image.go:34","msg":"payload success"}
{"level":"info","ts":1547241627.2867486,"caller":"pinterest-api-server/image.go:23","msg":"1030831906"}
{"level":"info","ts":1547241627.2874289,"caller":"pinterest-api-server/image.go:34","msg":"payload success"}
{"level":"info","ts":1547242098.5310106,"caller":"pinterest-api-server/image.go:23","msg":"1050576764"}
{"level":"info","ts":1547242098.531684,"caller":"pinterest-api-server/image.go:34","msg":"payload success"}
{"level":"info","ts":1547242122.6472802,"caller":"pinterest-api-server/image.go:23","msg":"1050576764"}
{"level":"info","ts":1547242122.6479545,"caller":"pinterest-api-server/image.go:34","msg":"payload success"}
{"level":"info","ts":1547242261.7817218,"caller":"pinterest-api-server/image.go:23","msg":"704117587"}
{"level":"info","ts":1547242261.7824123,"caller":"pinterest-api-server/image.go:34","msg":"payload success"}
{"level":"info","ts":1547242262.0943775,"caller":"pinterest-api-server/image.go:23","msg":"1050684638"}
{"level":"info","ts":1547242262.0949748,"caller":"pinterest-api-server/image.go:34","msg":"payload success"}
{"level":"info","ts":1547242272.5650406,"caller":"pinterest-api-server/image.go:23","msg":"704117587"}
{"level":"info","ts":1547242272.5657034,"caller":"pinterest-api-server/image.go:34","msg":"payload success"}
{"level":"info","ts":1547242279.6159146,"caller":"pinterest-api-server/image.go:23","msg":"1050684638"}
{"level":"info","ts":1547242279.616614,"caller":"pinterest-api-server/image.go:34","msg":"payload success"}
{"level":"info","ts":1547242817.9126623,"caller":"pinterest-api-server/image.go:23","msg":"1030015450"}
{"level":"info","ts":1547242817.9133546,"caller":"pinterest-api-server/image.go:34","msg":"payload success"}
{"level":"info","ts":1547244181.11512,"caller":"pinterest-api-server/image.go:23","msg":"1091284988"}
{"level":"info","ts":1547244181.1157932,"caller":"pinterest-api-server/image.go:34","msg":"payload success"}
{"level":"info","ts":1547245158.6302128,"caller":"pinterest-api-server/image.go:23","msg":"hj_3475818"}
{"level":"info","ts":1547245158.630888,"caller":"pinterest-api-server/image.go:34","msg":"payload success"}
{"level":"info","ts":1547245613.303163,"caller":"pinterest-api-server/image.go:23","msg":"1026828994"}
{"level":"info","ts":1547245613.3038633,"caller":"pinterest-api-server/image.go:34","msg":"payload success"}
{"level":"info","ts":1547245860.585886,"caller":"pinterest-api-server/image.go:23","msg":"1138718978"}
{"level":"info","ts":1547245860.5873468,"caller":"pinterest-api-server/image.go:34","msg":"payload success"}
{"level":"info","ts":1547246918.5929925,"caller":"pinterest-api-server/image.go:23","msg":"323529248"}
{"level":"info","ts":1547246918.5947733,"caller":"pinterest-api-server/image.go:34","msg":"payload success"}
{"level":"info","ts":1547247232.5468972,"caller":"pinterest-api-server/image.go:23","msg":"1030015450"}
{"level":"info","ts":1547247232.5475903,"caller":"pinterest-api-server/image.go:34","msg":"payload success"}
{"level":"info","ts":1547247668.6336966,"caller":"pinterest-api-server/image.go:23","msg":"500062978"}
{"level":"info","ts":1547247668.6343744,"caller":"pinterest-api-server/image.go:34","msg":"payload success"}
{"level":"info","ts":1547248358.888873,"caller":"pinterest-api-server/image.go:23","msg":"1030015450"}
{"level":"info","ts":1547248358.8895655,"caller":"pinterest-api-server/image.go:34","msg":"payload success"}
{"level":"info","ts":1547248489.8999043,"caller":"pinterest-api-server/image.go:23","msg":"1091284988"}
{"level":"info","ts":1547248489.9006143,"caller":"pinterest-api-server/image.go:34","msg":"payload success"}
{"level":"info","ts":1547249565.800664,"caller":"pinterest-api-server/image.go:23","msg":"dt_112428964"}
{"level":"info","ts":1547249565.8025916,"caller":"pinterest-api-server/image.go:34","msg":"payload success"}
{"level":"info","ts":1547249654.1650622,"caller":"pinterest-api-server/image.go:23","msg":"1030015450"}
{"level":"info","ts":1547249654.1657367,"caller":"pinterest-api-server/image.go:34","msg":"payload success"}
{"level":"info","ts":1547249728.1318967,"caller":"pinterest-api-server/image.go:23","msg":"769376581"}
{"level":"info","ts":1547249728.1326146,"caller":"pinterest-api-server/image.go:34","msg":"payload success"}
{"level":"info","ts":1547250237.8246078,"caller":"pinterest-api-server/image.go:23","msg":"hj_3475818"}
{"level":"info","ts":1547250237.825293,"caller":"pinterest-api-server/image.go:34","msg":"payload success"}
{"level":"info","ts":1547252208.6352928,"caller":"pinterest-api-server/image.go:23","msg":"744171721"}
{"level":"info","ts":1547252208.6360593,"caller":"pinterest-api-server/image.go:34","msg":"payload success"}
{"level":"info","ts":1547252887.568535,"caller":"pinterest-api-server/image.go:23","msg":"774288715"}
{"level":"info","ts":1547252887.5692601,"caller":"pinterest-api-server/image.go:34","msg":"payload success"}
{"level":"info","ts":1547253133.1332173,"caller":"pinterest-api-server/image.go:23","msg":"502934398"}
{"level":"info","ts":1547253133.1338916,"caller":"pinterest-api-server/image.go:34","msg":"payload success"}
{"level":"info","ts":1547253675.903173,"caller":"pinterest-api-server/image.go:23","msg":"565889206"}
{"level":"info","ts":1547253675.9044302,"caller":"pinterest-api-server/image.go:34","msg":"payload success"}
{"level":"info","ts":1547254440.8707674,"caller":"pinterest-api-server/image.go:23","msg":"1102245095"}
{"level":"info","ts":1547254440.8714662,"caller":"pinterest-api-server/image.go:34","msg":"payload success"}
{"level":"info","ts":1547254672.9216025,"caller":"pinterest-api-server/image.go:23","msg":"1091284988"}
{"level":"info","ts":1547254672.9222717,"caller":"pinterest-api-server/image.go:34","msg":"payload success"}
{"level":"info","ts":1547255014.3796775,"caller":"pinterest-api-server/image.go:23","msg":"1051453658"}
{"level":"info","ts":1547255014.3803532,"caller":"pinterest-api-server/image.go:34","msg":"payload success"}
{"level":"info","ts":1547257229.4349544,"caller":"pinterest-api-server/image.go:23","msg":"485726038"}
{"level":"info","ts":1547257229.4356153,"caller":"pinterest-api-server/image.go:34","msg":"payload success"}
{"level":"info","ts":1547257934.5932262,"caller":"pinterest-api-server/image.go:23","msg":"662417128"}
{"level":"info","ts":1547257934.5950978,"caller":"pinterest-api-server/image.go:34","msg":"payload success"}
{"level":"info","ts":1547262939.8228354,"caller":"pinterest-api-server/image.go:23","msg":"hj_78509"}
{"level":"info","ts":1547262939.8258326,"caller":"pinterest-api-server/image.go:34","msg":"payload success"}
{"level":"info","ts":1547263085.9142866,"caller":"pinterest-api-server/image.go:23","msg":"hj_78509"}
{"level":"info","ts":1547263085.914949,"caller":"pinterest-api-server/image.go:34","msg":"payload success"}
{"level":"info","ts":1547263141.3421872,"caller":"pinterest-api-server/image.go:23","msg":"hj_78509"}
{"level":"info","ts":1547263141.3428528,"caller":"pinterest-api-server/image.go:34","msg":"payload success"}
{"level":"info","ts":1547263391.0911984,"caller":"pinterest-api-server/image.go:23","msg":"1026828994"}
{"level":"info","ts":1547263391.0918682,"caller":"pinterest-api-server/image.go:34","msg":"payload success"}
{"level":"info","ts":1547264029.2870052,"caller":"pinterest-api-server/image.go:23","msg":"1030015450"}
{"level":"info","ts":1547264029.2877202,"caller":"pinterest-api-server/image.go:34","msg":"payload success"}
{"level":"info","ts":1547264150.963744,"caller":"pinterest-api-server/image.go:23","msg":"1061366480"}
{"level":"info","ts":1547264150.9651144,"caller":"pinterest-api-server/image.go:34","msg":"payload success"}
{"level":"info","ts":1547265403.4421437,"caller":"pinterest-api-server/image.go:23","msg":"1026828994"}
{"level":"info","ts":1547265403.4427955,"caller":"pinterest-api-server/image.go:34","msg":"payload success"}
{"level":"info","ts":1547265474.0351253,"caller":"pinterest-api-server/image.go:23","msg":"1026828994"}
{"level":"info","ts":1547265474.0358331,"caller":"pinterest-api-server/image.go:34","msg":"payload success"}
{"level":"info","ts":1547266010.313783,"caller":"pinterest-api-server/image.go:23","msg":"541879564"}
{"level":"info","ts":1547266010.3144758,"caller":"pinterest-api-server/image.go:34","msg":"payload success"}
{"level":"info","ts":1547266490.0352776,"caller":"pinterest-api-server/image.go:23","msg":"559873456"}
{"level":"info","ts":1547266490.0359373,"caller":"pinterest-api-server/image.go:34","msg":"payload success"}
{"level":"info","ts":1547266979.229018,"caller":"pinterest-api-server/image.go:23","msg":"hj_97138"}
{"level":"info","ts":1547266979.2312539,"caller":"pinterest-api-server/image.go:34","msg":"payload success"}
{"level":"info","ts":1547267010.7866676,"caller":"pinterest-api-server/image.go:23","msg":"749589151"}
{"level":"info","ts":1547267010.787363,"caller":"pinterest-api-server/image.go:34","msg":"payload success"}
{"level":"info","ts":1547267639.8979428,"caller":"pinterest-api-server/image.go:23","msg":"710562058"}
{"level":"info","ts":1547267639.8998034,"caller":"pinterest-api-server/image.go:34","msg":"payload success"}
{"level":"info","ts":1547268371.0286386,"caller":"pinterest-api-server/image.go:23","msg":"285811610"}
{"level":"info","ts":1547268371.0293214,"caller":"pinterest-api-server/image.go:34","msg":"payload success"}
{"level":"info","ts":1547268373.6633272,"caller":"pinterest-api-server/image.go:23","msg":"1010282245"}
{"level":"info","ts":1547268373.6645744,"caller":"pinterest-api-server/image.go:34","msg":"payload success"}
{"level":"info","ts":1547268447.272206,"caller":"pinterest-api-server/image.go:23","msg":"645978913"}
{"level":"info","ts":1547268447.2734451,"caller":"pinterest-api-server/image.go:34","msg":"payload success"}
{"level":"info","ts":1547268617.8232656,"caller":"pinterest-api-server/image.go:23","msg":"1075858508"}
{"level":"info","ts":1547268617.823929,"caller":"pinterest-api-server/image.go:34","msg":"payload success"}
{"level":"info","ts":1547270040.632327,"caller":"pinterest-api-server/image.go:23","msg":"1091284988"}
{"level":"info","ts":1547270040.6330068,"caller":"pinterest-api-server/image.go:34","msg":"payload success"}
{"level":"info","ts":1547270221.83533,"caller":"pinterest-api-server/image.go:23","msg":"1026828994"}
{"level":"info","ts":1547270221.836001,"caller":"pinterest-api-server/image.go:34","msg":"payload success"}
{"level":"info","ts":1547270471.3333101,"caller":"pinterest-api-server/image.go:23","msg":"hj_105991"}
{"level":"info","ts":1547270471.3339968,"caller":"pinterest-api-server/image.go:34","msg":"payload success"}
{"level":"info","ts":1547270697.9309351,"caller":"pinterest-api-server/image.go:23","msg":"774288715"}
{"level":"info","ts":1547270697.9315856,"caller":"pinterest-api-server/image.go:34","msg":"payload success"}
{"level":"info","ts":1547270913.708688,"caller":"pinterest-api-server/image.go:23","msg":"1050684638"}
{"level":"info","ts":1547270913.7093573,"caller":"pinterest-api-server/image.go:34","msg":"payload success"}
{"level":"info","ts":1547271259.1109154,"caller":"pinterest-api-server/image.go:23","msg":"528699277"}
{"level":"info","ts":1547271259.1116035,"caller":"pinterest-api-server/image.go:34","msg":"payload success"}
{"level":"info","ts":1547271269.5558717,"caller":"pinterest-api-server/image.go:23","msg":"1030015450"}
{"level":"info","ts":1547271269.5566368,"caller":"pinterest-api-server/image.go:34","msg":"payload success"}
{"level":"info","ts":1547271298.380498,"caller":"pinterest-api-server/image.go:23","msg":"1030015450"}
{"level":"info","ts":1547271298.3812125,"caller":"pinterest-api-server/image.go:34","msg":"payload success"}
{"level":"info","ts":1547271358.6372912,"caller":"pinterest-api-server/image.go:23","msg":"528699277"}
{"level":"info","ts":1547271358.6380064,"caller":"pinterest-api-server/image.go:34","msg":"payload success"}
{"level":"info","ts":1547271527.8980768,"caller":"pinterest-api-server/image.go:23","msg":"772840111"}
{"level":"info","ts":1547271527.8987412,"caller":"pinterest-api-server/image.go:34","msg":"payload success"}
{"level":"info","ts":1547271550.2762616,"caller":"pinterest-api-server/image.go:23","msg":"hj_3434558"}
{"level":"info","ts":1547271550.276918,"caller":"pinterest-api-server/image.go:34","msg":"payload success"}
{"level":"info","ts":1547272026.8961582,"caller":"pinterest-api-server/image.go:23","msg":"37497178"}
{"level":"info","ts":1547272026.8968785,"caller":"pinterest-api-server/image.go:34","msg":"payload success"}
{"level":"info","ts":1547272077.9232423,"caller":"pinterest-api-server/image.go:23","msg":"248441050"}
{"level":"info","ts":1547272077.9239523,"caller":"pinterest-api-server/image.go:34","msg":"payload success"}
{"level":"info","ts":1547272826.962416,"caller":"pinterest-api-server/image.go:23","msg":"1030015450"}
{"level":"info","ts":1547272826.963114,"caller":"pinterest-api-server/image.go:34","msg":"payload success"}
{"level":"info","ts":1547273781.4981146,"caller":"pinterest-api-server/image.go:23","msg":"558403582"}
{"level":"info","ts":1547273781.4987848,"caller":"pinterest-api-server/image.go:34","msg":"payload success"}
{"level":"info","ts":1547274631.8274941,"caller":"pinterest-api-server/image.go:23","msg":"hj_3475818"}
{"level":"info","ts":1547274631.828279,"caller":"pinterest-api-server/image.go:34","msg":"payload success"}
{"level":"info","ts":1547274704.6284664,"caller":"pinterest-api-server/image.go:23","msg":"hj_3475818"}
{"level":"info","ts":1547274704.6291358,"caller":"pinterest-api-server/image.go:34","msg":"payload success"}
{"level":"info","ts":1547275451.9354024,"caller":"pinterest-api-server/image.go:23","msg":"751106311"}
{"level":"info","ts":1547275451.9360552,"caller":"pinterest-api-server/image.go:34","msg":"payload success"}
{"level":"info","ts":1547275650.1938336,"caller":"pinterest-api-server/image.go:23","msg":"1028213377"}
{"level":"info","ts":1547275650.1945422,"caller":"pinterest-api-server/image.go:34","msg":"payload success"}
{"level":"info","ts":1547275678.050349,"caller":"pinterest-api-server/image.go:23","msg":"1134961265"}
{"level":"info","ts":1547275678.051068,"caller":"pinterest-api-server/image.go:34","msg":"payload success"}
{"level":"info","ts":1547275987.4325254,"caller":"pinterest-api-server/image.go:23","msg":"497292439"}
{"level":"info","ts":1547275987.4332201,"caller":"pinterest-api-server/image.go:34","msg":"payload success"}
{"level":"info","ts":1547276018.1841073,"caller":"pinterest-api-server/image.go:23","msg":"604512527"}
{"level":"info","ts":1547276018.1853838,"caller":"pinterest-api-server/image.go:34","msg":"payload success"}
{"level":"info","ts":1547276156.3502874,"caller":"pinterest-api-server/image.go:23","msg":"33900679"}
{"level":"info","ts":1547276156.351021,"caller":"pinterest-api-server/image.go:34","msg":"payload success"}
{"level":"info","ts":1547276200.79762,"caller":"pinterest-api-server/image.go:23","msg":"1106163032"}
{"level":"info","ts":1547276200.7994492,"caller":"pinterest-api-server/image.go:34","msg":"payload success"}
{"level":"info","ts":1547276281.2903733,"caller":"pinterest-api-server/image.go:23","msg":"1058832425"}
{"level":"info","ts":1547276281.2910774,"caller":"pinterest-api-server/image.go:34","msg":"payload success"}
{"level":"info","ts":1547276321.0908923,"caller":"pinterest-api-server/image.go:23","msg":"568026898"}
{"level":"info","ts":1547276321.0916114,"caller":"pinterest-api-server/image.go:34","msg":"payload success"}
{"level":"info","ts":1547277031.0756578,"caller":"pinterest-api-server/image.go:23","msg":"506039623"}
{"level":"info","ts":1547277031.077568,"caller":"pinterest-api-server/image.go:34","msg":"payload success"}
{"level":"info","ts":1547277067.9502296,"caller":"pinterest-api-server/image.go:23","msg":"1055830085"}
{"level":"info","ts":1547277067.95157,"caller":"pinterest-api-server/image.go:34","msg":"payload success"}
{"level":"info","ts":1547277441.7790866,"caller":"pinterest-api-server/image.go:23","msg":"791232835"}
{"level":"info","ts":1547277441.7797773,"caller":"pinterest-api-server/image.go:34","msg":"payload success"}
{"level":"info","ts":1547279213.3812916,"caller":"pinterest-api-server/image.go:23","msg":"744171721"}
{"level":"info","ts":1547279213.3820322,"caller":"pinterest-api-server/image.go:34","msg":"payload success"}
{"level":"info","ts":1547280971.8073492,"caller":"pinterest-api-server/image.go:23","msg":"763049359"}
{"level":"info","ts":1547280971.808055,"caller":"pinterest-api-server/image.go:34","msg":"payload success"}
{"level":"info","ts":1547281271.0300636,"caller":"pinterest-api-server/image.go:23","msg":"546969775"}
{"level":"info","ts":1547281271.0307229,"caller":"pinterest-api-server/image.go:34","msg":"payload success"}
{"level":"info","ts":1547281272.1240435,"caller":"pinterest-api-server/image.go:23","msg":"546969775"}
{"level":"info","ts":1547281272.1246805,"caller":"pinterest-api-server/image.go:34","msg":"payload success"}
{"level":"info","ts":1547282862.2255168,"caller":"pinterest-api-server/image.go:23","msg":"1102245095"}
{"level":"info","ts":1547282862.226218,"caller":"pinterest-api-server/image.go:34","msg":"payload success"}
{"level":"info","ts":1547283390.8629677,"caller":"pinterest-api-server/image.go:23","msg":"565889206"}
{"level":"info","ts":1547283390.8636613,"caller":"pinterest-api-server/image.go:34","msg":"payload success"}
{"level":"info","ts":1547283659.7717123,"caller":"pinterest-api-server/image.go:23","msg":"560687620"}
{"level":"info","ts":1547283659.7734349,"caller":"pinterest-api-server/image.go:34","msg":"payload success"}
{"level":"info","ts":1547284318.3978727,"caller":"pinterest-api-server/image.go:23","msg":"560687620"}
{"level":"info","ts":1547284318.3985717,"caller":"pinterest-api-server/image.go:34","msg":"payload success"}
{"level":"info","ts":1547284563.1419191,"caller":"pinterest-api-server/image.go:23","msg":"541879564"}
{"level":"info","ts":1547284563.1426144,"caller":"pinterest-api-server/image.go:34","msg":"payload success"}
{"level":"info","ts":1547284696.9356406,"caller":"pinterest-api-server/image.go:23","msg":"539801251"}
{"level":"info","ts":1547284696.9369392,"caller":"pinterest-api-server/image.go:34","msg":"payload success"}
{"level":"info","ts":1547287158.2735374,"caller":"pinterest-api-server/image.go:23","msg":"hj_3475818"}
{"level":"info","ts":1547287158.2742307,"caller":"pinterest-api-server/image.go:34","msg":"payload success"}
{"level":"info","ts":1547287462.698443,"caller":"pinterest-api-server/image.go:23","msg":"1026828994"}
{"level":"info","ts":1547287462.6991339,"caller":"pinterest-api-server/image.go:34","msg":"payload success"}
{"level":"info","ts":1547287906.0201137,"caller":"pinterest-api-server/image.go:23","msg":"725576161"}
{"level":"info","ts":1547287906.0219562,"caller":"pinterest-api-server/image.go:34","msg":"payload success"}
{"level":"info","ts":1547288559.0164683,"caller":"pinterest-api-server/image.go:23","msg":"677575888"}
{"level":"info","ts":1547288559.0171213,"caller":"pinterest-api-server/image.go:34","msg":"payload success"}
{"level":"info","ts":1547289165.0441375,"caller":"pinterest-api-server/image.go:23","msg":"1026828994"}
{"level":"info","ts":1547289165.0447772,"caller":"pinterest-api-server/image.go:34","msg":"payload success"}
{"level":"info","ts":1547289671.3255038,"caller":"pinterest-api-server/image.go:23","msg":"590055431"}
{"level":"info","ts":1547289671.3262146,"caller":"pinterest-api-server/image.go:34","msg":"payload success"}
{"level":"info","ts":1547289786.425988,"caller":"pinterest-api-server/image.go:23","msg":"1044650656"}
{"level":"info","ts":1547289786.4266977,"caller":"pinterest-api-server/image.go:34","msg":"payload success"}
{"level":"info","ts":1547290342.8673546,"caller":"pinterest-api-server/image.go:23","msg":"450013861"}
{"level":"info","ts":1547290342.8688083,"caller":"pinterest-api-server/image.go:34","msg":"payload success"}
{"level":"info","ts":1547290388.3374887,"caller":"pinterest-api-server/image.go:23","msg":"1026828994"}
{"level":"info","ts":1547290388.3381813,"caller":"pinterest-api-server/image.go:34","msg":"payload success"}
{"level":"info","ts":1547290435.9353442,"caller":"pinterest-api-server/image.go:23","msg":"450013861"}
{"level":"info","ts":1547290435.9360666,"caller":"pinterest-api-server/image.go:34","msg":"payload success"}
{"level":"info","ts":1547290474.0770638,"caller":"pinterest-api-server/image.go:23","msg":"450013861"}
{"level":"info","ts":1547290474.0793638,"caller":"pinterest-api-server/image.go:34","msg":"payload success"}
{"level":"info","ts":1547290513.8090355,"caller":"pinterest-api-server/image.go:23","msg":"450013861"}
{"level":"info","ts":1547290513.8097293,"caller":"pinterest-api-server/image.go:34","msg":"payload success"}
{"level":"info","ts":1547290526.155076,"caller":"pinterest-api-server/image.go:23","msg":"450013861"}
{"level":"info","ts":1547290526.1557531,"caller":"pinterest-api-server/image.go:34","msg":"payload success"}
{"level":"info","ts":1547290910.4035776,"caller":"pinterest-api-server/image.go:23","msg":"1079157503"}
{"level":"info","ts":1547290910.4049094,"caller":"pinterest-api-server/image.go:34","msg":"payload success"}
{"level":"info","ts":1547291309.7541754,"caller":"pinterest-api-server/image.go:23","msg":"772840111"}
{"level":"info","ts":1547291309.7548594,"caller":"pinterest-api-server/image.go:34","msg":"payload success"}
{"level":"info","ts":1547291575.258821,"caller":"pinterest-api-server/image.go:23","msg":"780812284"}
{"level":"info","ts":1547291575.2595427,"caller":"pinterest-api-server/image.go:34","msg":"payload success"}
{"level":"info","ts":1547291778.6420472,"caller":"pinterest-api-server/image.go:23","msg":"502934143"}
{"level":"info","ts":1547291778.6427627,"caller":"pinterest-api-server/image.go:34","msg":"payload success"}
{"level":"info","ts":1547291834.8026574,"caller":"pinterest-api-server/image.go:23","msg":"1049513837"}
{"level":"info","ts":1547291834.8033957,"caller":"pinterest-api-server/image.go:34","msg":"payload success"}
{"level":"info","ts":1547291930.1231024,"caller":"pinterest-api-server/image.go:23","msg":"773658706"}
{"level":"info","ts":1547291930.123768,"caller":"pinterest-api-server/image.go:34","msg":"payload success"}
{"level":"info","ts":1547293189.8809,"caller":"pinterest-api-server/image.go:23","msg":"dt_43770840"}
{"level":"info","ts":1547293189.881589,"caller":"pinterest-api-server/image.go:34","msg":"payload success"}
{"level":"info","ts":1547293219.6399837,"caller":"pinterest-api-server/image.go:23","msg":"1030015450"}
{"level":"info","ts":1547293219.6406717,"caller":"pinterest-api-server/image.go:34","msg":"payload success"}
{"level":"info","ts":1547293478.1352096,"caller":"pinterest-api-server/image.go:23","msg":"584991622"}
{"level":"info","ts":1547293478.1358576,"caller":"pinterest-api-server/image.go:34","msg":"payload success"}
{"level":"info","ts":1547294795.64814,"caller":"pinterest-api-server/image.go:23","msg":"359080514"}
{"level":"info","ts":1547294795.6488822,"caller":"pinterest-api-server/image.go:34","msg":"payload success"}
{"level":"info","ts":1547295322.0875115,"caller":"pinterest-api-server/image.go:23","msg":"1026828994"}
{"level":"info","ts":1547295322.088218,"caller":"pinterest-api-server/image.go:34","msg":"payload success"}
{"level":"info","ts":1547295729.5627797,"caller":"pinterest-api-server/image.go:23","msg":"1114055219"}
{"level":"info","ts":1547295729.5646727,"caller":"pinterest-api-server/image.go:34","msg":"payload success"}
{"level":"info","ts":1547295844.0907989,"caller":"pinterest-api-server/image.go:23","msg":"1026828994"}
{"level":"info","ts":1547295844.0914814,"caller":"pinterest-api-server/image.go:34","msg":"payload success"}
{"level":"info","ts":1547298038.073039,"caller":"pinterest-api-server/image.go:23","msg":"1102245095"}
{"level":"info","ts":1547298038.0737314,"caller":"pinterest-api-server/image.go:34","msg":"payload success"}
{"level":"info","ts":1547298103.1590197,"caller":"pinterest-api-server/image.go:23","msg":"1102245095"}
{"level":"info","ts":1547298103.1597266,"caller":"pinterest-api-server/image.go:34","msg":"payload success"}
{"level":"info","ts":1547299722.390976,"caller":"pinterest-api-server/image.go:23","msg":"1137837548"}
{"level":"info","ts":1547299722.3921635,"caller":"pinterest-api-server/image.go:34","msg":"payload success"}
{"level":"info","ts":1547299815.4625628,"caller":"pinterest-api-server/image.go:23","msg":"1026828994"}
{"level":"info","ts":1547299815.4632597,"caller":"pinterest-api-server/image.go:34","msg":"payload success"}
{"level":"info","ts":1547300124.817193,"caller":"pinterest-api-server/image.go:23","msg":"1102245095"}
{"level":"info","ts":1547300124.817866,"caller":"pinterest-api-server/image.go:34","msg":"payload success"}
{"level":"info","ts":1547301009.8573394,"caller":"pinterest-api-server/image.go:23","msg":"1030015450"}
{"level":"info","ts":1547301009.8579955,"caller":"pinterest-api-server/image.go:34","msg":"payload success"}
{"level":"info","ts":1547302227.7575052,"caller":"pinterest-api-server/image.go:23","msg":"1057307828"}
{"level":"info","ts":1547302227.7624753,"caller":"pinterest-api-server/image.go:34","msg":"payload success"}
{"level":"info","ts":1547302243.5248792,"caller":"pinterest-api-server/image.go:23","msg":"1057307828"}
{"level":"info","ts":1547302243.5256019,"caller":"pinterest-api-server/image.go:34","msg":"payload success"}
{"level":"info","ts":1547303045.1958206,"caller":"pinterest-api-server/image.go:23","msg":"hj_3475818"}
{"level":"info","ts":1547303045.1966894,"caller":"pinterest-api-server/image.go:34","msg":"payload success"}
{"level":"info","ts":1547303599.508091,"caller":"pinterest-api-server/image.go:23","msg":"1049513837"}
{"level":"info","ts":1547303599.5087838,"caller":"pinterest-api-server/image.go:34","msg":"payload success"}
{"level":"info","ts":1547303664.6435406,"caller":"pinterest-api-server/image.go:23","msg":"1036858630"}
{"level":"info","ts":1547303664.6442497,"caller":"pinterest-api-server/image.go:34","msg":"payload success"}
{"level":"info","ts":1547303942.5392418,"caller":"pinterest-api-server/image.go:23","msg":"744171721"}
{"level":"info","ts":1547303942.5399187,"caller":"pinterest-api-server/image.go:34","msg":"payload success"}
{"level":"info","ts":1547304318.5575876,"caller":"pinterest-api-server/image.go:23","msg":"1030015450"}
{"level":"info","ts":1547304318.558255,"caller":"pinterest-api-server/image.go:34","msg":"payload success"}
{"level":"info","ts":1547304665.1395307,"caller":"pinterest-api-server/image.go:23","msg":"1109808812"}
{"level":"info","ts":1547304665.1407523,"caller":"pinterest-api-server/image.go:34","msg":"payload success"}
{"level":"info","ts":1547304665.4231753,"caller":"pinterest-api-server/image.go:23","msg":"1109808812"}
{"level":"info","ts":1547304665.4237664,"caller":"pinterest-api-server/image.go:34","msg":"payload success"}
{"level":"info","ts":1547305698.5357342,"caller":"pinterest-api-server/image.go:23","msg":"hj_3475818"}
{"level":"info","ts":1547305698.5364175,"caller":"pinterest-api-server/image.go:34","msg":"payload success"}
{"level":"info","ts":1547306073.1488066,"caller":"pinterest-api-server/image.go:23","msg":"500062978"}
{"level":"info","ts":1547306073.149455,"caller":"pinterest-api-server/image.go:34","msg":"payload success"}
{"level":"info","ts":1547306276.2885592,"caller":"pinterest-api-server/image.go:23","msg":"1030015450"}
{"level":"info","ts":1547306276.2892973,"caller":"pinterest-api-server/image.go:34","msg":"payload success"}
{"level":"info","ts":1547306607.960031,"caller":"pinterest-api-server/image.go:23","msg":"hj_80642"}
{"level":"info","ts":1547306607.960685,"caller":"pinterest-api-server/image.go:34","msg":"payload success"}
{"level":"info","ts":1547306632.8226433,"caller":"pinterest-api-server/image.go:23","msg":"1005717808"}
{"level":"info","ts":1547306632.8238761,"caller":"pinterest-api-server/image.go:34","msg":"payload success"}
{"level":"info","ts":1547306737.6256156,"caller":"pinterest-api-server/image.go:23","msg":"1032159703"}
{"level":"info","ts":1547306737.6282835,"caller":"pinterest-api-server/image.go:34","msg":"payload success"}
{"level":"info","ts":1547306899.0055356,"caller":"pinterest-api-server/image.go:23","msg":"1030015450"}
{"level":"info","ts":1547306899.0061991,"caller":"pinterest-api-server/image.go:34","msg":"payload success"}
{"level":"info","ts":1547307537.4454129,"caller":"pinterest-api-server/image.go:23","msg":"1079157503"}
{"level":"info","ts":1547307537.4461038,"caller":"pinterest-api-server/image.go:34","msg":"payload success"}
{"level":"info","ts":1547308484.2061753,"caller":"pinterest-api-server/image.go:23","msg":"1030015450"}
{"level":"info","ts":1547308484.2068596,"caller":"pinterest-api-server/image.go:34","msg":"payload success"}
{"level":"info","ts":1547308528.5992196,"caller":"pinterest-api-server/image.go:23","msg":"560687620"}
{"level":"info","ts":1547308528.599926,"caller":"pinterest-api-server/image.go:34","msg":"payload success"}
{"level":"info","ts":1547308547.7622583,"caller":"pinterest-api-server/image.go:23","msg":"541879564"}
{"level":"info","ts":1547308547.7630315,"caller":"pinterest-api-server/image.go:34","msg":"payload success"}
{"level":"info","ts":1547308567.9806995,"caller":"pinterest-api-server/image.go:23","msg":"hj_3475818"}
{"level":"info","ts":1547308567.9813955,"caller":"pinterest-api-server/image.go:34","msg":"payload success"}
{"level":"info","ts":1547308995.903208,"caller":"pinterest-api-server/image.go:23","msg":"1030015450"}
{"level":"info","ts":1547308995.903855,"caller":"pinterest-api-server/image.go:34","msg":"payload success"}
{"level":"info","ts":1547310469.5116897,"caller":"pinterest-api-server/image.go:23","msg":"1043895637"}
{"level":"info","ts":1547310469.512352,"caller":"pinterest-api-server/image.go:34","msg":"payload success"}
{"level":"info","ts":1547311038.9463756,"caller":"pinterest-api-server/image.go:23","msg":"1030015450"}
{"level":"info","ts":1547311038.9470928,"caller":"pinterest-api-server/image.go:34","msg":"payload success"}
{"level":"info","ts":1547311799.3716047,"caller":"pinterest-api-server/image.go:23","msg":"546969775"}
{"level":"info","ts":1547311799.3722477,"caller":"pinterest-api-server/image.go:34","msg":"payload success"}
{"level":"info","ts":1547312848.1495862,"caller":"pinterest-api-server/image.go:23","msg":"780812284"}
{"level":"info","ts":1547312848.1503003,"caller":"pinterest-api-server/image.go:34","msg":"payload success"}
{"level":"info","ts":1547313098.437964,"caller":"pinterest-api-server/image.go:23","msg":"780812284"}
{"level":"info","ts":1547313098.438681,"caller":"pinterest-api-server/image.go:34","msg":"payload success"}
{"level":"info","ts":1547313389.7744377,"caller":"pinterest-api-server/image.go:23","msg":"418754059"}
{"level":"info","ts":1547313389.7769723,"caller":"pinterest-api-server/image.go:34","msg":"payload success"}
{"level":"info","ts":1547313656.0971127,"caller":"pinterest-api-server/image.go:23","msg":"780812284"}
{"level":"info","ts":1547313656.097806,"caller":"pinterest-api-server/image.go:34","msg":"payload success"}
{"level":"info","ts":1547314926.5621502,"caller":"pinterest-api-server/image.go:23","msg":"1030015450"}
{"level":"info","ts":1547314926.5628827,"caller":"pinterest-api-server/image.go:34","msg":"payload success"}
{"level":"info","ts":1547314966.6800673,"caller":"pinterest-api-server/image.go:23","msg":"1050576764"}
{"level":"info","ts":1547314966.680743,"caller":"pinterest-api-server/image.go:34","msg":"payload success"}
{"level":"info","ts":1547316557.447328,"caller":"pinterest-api-server/image.go:23","msg":"541879564"}
{"level":"info","ts":1547316557.4480207,"caller":"pinterest-api-server/image.go:34","msg":"payload success"}
{"level":"info","ts":1547316586.208974,"caller":"pinterest-api-server/image.go:23","msg":"hj_3475818"}
{"level":"info","ts":1547316586.2096636,"caller":"pinterest-api-server/image.go:34","msg":"payload success"}
{"level":"info","ts":1547316767.7273033,"caller":"pinterest-api-server/image.go:23","msg":"1036858630"}
{"level":"info","ts":1547316767.7280016,"caller":"pinterest-api-server/image.go:34","msg":"payload success"}
{"level":"info","ts":1547316775.0953274,"caller":"pinterest-api-server/image.go:23","msg":"1036858630"}
{"level":"info","ts":1547316775.0959735,"caller":"pinterest-api-server/image.go:34","msg":"payload success"}
{"level":"info","ts":1547316779.1123655,"caller":"pinterest-api-server/image.go:23","msg":"1036858630"}
{"level":"info","ts":1547316779.113011,"caller":"pinterest-api-server/image.go:34","msg":"payload success"}
{"level":"info","ts":1547318048.775745,"caller":"pinterest-api-server/image.go:23","msg":"791232835"}
{"level":"info","ts":1547318048.776424,"caller":"pinterest-api-server/image.go:34","msg":"payload success"}
{"level":"info","ts":1547318116.5688174,"caller":"pinterest-api-server/image.go:23","msg":"1030015450"}
{"level":"info","ts":1547318116.5724695,"caller":"pinterest-api-server/image.go:34","msg":"payload success"}
{"level":"info","ts":1547319204.4568787,"caller":"pinterest-api-server/image.go:23","msg":"1036410745"}
{"level":"info","ts":1547319204.4584396,"caller":"pinterest-api-server/image.go:34","msg":"payload success"}
{"level":"info","ts":1547319220.207335,"caller":"pinterest-api-server/image.go:23","msg":"1036410745"}
{"level":"info","ts":1547319220.2088332,"caller":"pinterest-api-server/image.go:34","msg":"payload success"}
{"level":"info","ts":1547319729.2988732,"caller":"pinterest-api-server/image.go:23","msg":"hj_82342"}
{"level":"info","ts":1547319729.3002377,"caller":"pinterest-api-server/image.go:34","msg":"payload success"}
{"level":"info","ts":1547320540.2416975,"caller":"pinterest-api-server/image.go:23","msg":"1030015450"}
{"level":"info","ts":1547320540.2424235,"caller":"pinterest-api-server/image.go:34","msg":"payload success"}
{"level":"info","ts":1547320678.2997012,"caller":"pinterest-api-server/image.go:23","msg":"167486396"}
{"level":"info","ts":1547320678.3009686,"caller":"pinterest-api-server/image.go:34","msg":"payload success"}
{"level":"info","ts":1547321260.718811,"caller":"pinterest-api-server/image.go:23","msg":"1030015450"}
{"level":"info","ts":1547321260.7195046,"caller":"pinterest-api-server/image.go:34","msg":"payload success"}
{"level":"info","ts":1547321607.43816,"caller":"pinterest-api-server/image.go:23","msg":"hj_3475818"}
{"level":"info","ts":1547321607.4388168,"caller":"pinterest-api-server/image.go:34","msg":"payload success"}
{"level":"info","ts":1547323374.0764427,"caller":"pinterest-api-server/image.go:23","msg":"500062978"}
{"level":"info","ts":1547323374.0771601,"caller":"pinterest-api-server/image.go:34","msg":"payload success"}
{"level":"info","ts":1547323988.202755,"caller":"pinterest-api-server/image.go:23","msg":"1102245095"}
{"level":"info","ts":1547323988.2035134,"caller":"pinterest-api-server/image.go:34","msg":"payload success"}
{"level":"info","ts":1547324056.141158,"caller":"pinterest-api-server/image.go:23","msg":"1102245095"}
{"level":"info","ts":1547324056.1418414,"caller":"pinterest-api-server/image.go:34","msg":"payload success"}
{"level":"info","ts":1547324070.2169442,"caller":"pinterest-api-server/image.go:23","msg":"1102245095"}
{"level":"info","ts":1547324070.2176328,"caller":"pinterest-api-server/image.go:34","msg":"payload success"}
{"level":"info","ts":1547324205.3890188,"caller":"pinterest-api-server/image.go:23","msg":"1030828105"}
{"level":"info","ts":1547324205.38972,"caller":"pinterest-api-server/image.go:34","msg":"payload success"}
{"level":"info","ts":1547324439.602697,"caller":"pinterest-api-server/image.go:23","msg":"1026828994"}
{"level":"info","ts":1547324439.6033897,"caller":"pinterest-api-server/image.go:34","msg":"payload success"}
{"level":"info","ts":1547325251.253521,"caller":"pinterest-api-server/image.go:23","msg":"1030015450"}
{"level":"info","ts":1547325251.2542088,"caller":"pinterest-api-server/image.go:34","msg":"payload success"}
{"level":"info","ts":1547325297.0076177,"caller":"pinterest-api-server/image.go:23","msg":"1089476381"}
{"level":"info","ts":1547325297.0083032,"caller":"pinterest-api-server/image.go:34","msg":"payload success"}
{"level":"info","ts":1547325327.2020843,"caller":"pinterest-api-server/image.go:23","msg":"hj_3475818"}
{"level":"info","ts":1547325327.202798,"caller":"pinterest-api-server/image.go:34","msg":"payload success"}
{"level":"info","ts":1547325953.1870914,"caller":"pinterest-api-server/image.go:23","msg":"1030015450"}
{"level":"info","ts":1547325953.1877909,"caller":"pinterest-api-server/image.go:34","msg":"payload success"}
{"level":"info","ts":1547326695.7609448,"caller":"pinterest-api-server/image.go:23","msg":"1026828994"}
{"level":"info","ts":1547326695.761612,"caller":"pinterest-api-server/image.go:34","msg":"payload success"}
{"level":"info","ts":1547329008.6004612,"caller":"pinterest-api-server/image.go:23","msg":"774288715"}
{"level":"info","ts":1547329008.60118,"caller":"pinterest-api-server/image.go:34","msg":"payload success"}
{"level":"info","ts":1547329089.041459,"caller":"pinterest-api-server/image.go:23","msg":"652140706"}
{"level":"info","ts":1547329089.043466,"caller":"pinterest-api-server/image.go:34","msg":"payload success"}
{"level":"info","ts":1547329520.737371,"caller":"pinterest-api-server/image.go:23","msg":"1091284988"}
{"level":"info","ts":1547329520.7381144,"caller":"pinterest-api-server/image.go:34","msg":"payload success"}
{"level":"info","ts":1547329711.5191443,"caller":"pinterest-api-server/image.go:23","msg":"1026828994"}
{"level":"info","ts":1547329711.5198455,"caller":"pinterest-api-server/image.go:34","msg":"payload success"}
{"level":"info","ts":1547329718.7722032,"caller":"pinterest-api-server/image.go:23","msg":"1026828994"}
{"level":"info","ts":1547329718.7729113,"caller":"pinterest-api-server/image.go:34","msg":"payload success"}
{"level":"info","ts":1547330111.6639464,"caller":"pinterest-api-server/image.go:23","msg":"1091284988"}
{"level":"info","ts":1547330111.6646256,"caller":"pinterest-api-server/image.go:34","msg":"payload success"}
{"level":"info","ts":1547331147.6461136,"caller":"pinterest-api-server/image.go:23","msg":"1052186768"}
{"level":"info","ts":1547331147.6468387,"caller":"pinterest-api-server/image.go:34","msg":"payload success"}
{"level":"info","ts":1547331258.9280128,"caller":"pinterest-api-server/image.go:23","msg":"1030015450"}
{"level":"info","ts":1547331258.9287152,"caller":"pinterest-api-server/image.go:34","msg":"payload success"}
{"level":"info","ts":1547331765.049261,"caller":"pinterest-api-server/image.go:23","msg":"628358888"}
{"level":"info","ts":1547331765.0507417,"caller":"pinterest-api-server/image.go:34","msg":"payload success"}
{"level":"info","ts":1547331900.7226324,"caller":"pinterest-api-server/image.go:23","msg":"1050576764"}
{"level":"info","ts":1547331900.7233443,"caller":"pinterest-api-server/image.go:34","msg":"payload success"}
